Log file open, 04/29/19 00:54:11
LogWindows: Failed to load 'aqProf.dll' (GetLastError=126)
LogWindows: File 'aqProf.dll' does not exist
LogWindows: Failed to load 'VtuneApi.dll' (GetLastError=126)
LogWindows: File 'VtuneApi.dll' does not exist
LogWindows: Failed to load 'VtuneApi32e.dll' (GetLastError=126)
LogWindows: File 'VtuneApi32e.dll' does not exist
LogConsoleResponse: Display: Failed to find resolution value strings in scalability ini. Falling back to default.
LogInit: Display: Running engine for game: RTS_BaseBuilder
LogPakFile: Registered encryption key '00000000000000000000000000000000': 0 pak files mounted, 0 remain pending
LogPlatformFile: Not using cached read wrapper
LogTaskGraph: Started task graph with 5 named threads and 14 total threads with 3 sets of task threads.
LogStats: Stats thread started at 0.217985
LogD3D11RHI: Loaded GFSDK_Aftermath_Lib.x64.dll
LogWindows: Failed to load '../../../Engine/Binaries/ThirdParty/libsndfile/Win64/libsndfile-1.dll' (GetLastError=126)
LogWindows: File '../../../Engine/Binaries/ThirdParty/libsndfile/Win64/libsndfile-1.dll' does not exist
LogAudioMixer: Display: Failed to load Sound File dll
LogAudioEditor: Display: LibSoundFile failed to load. Importing audio will not work correctly.
LogICUInternationalization: ICU TimeZone Detection - Raw Offset: +0:00, Platform Override: ''
LogPluginManager: Mounting plugin Paper2D
LogPluginManager: Mounting plugin AISupport
LogPluginManager: Mounting plugin LightPropagationVolume
LogPluginManager: Mounting plugin ActorLayerUtilities
LogPluginManager: Mounting plugin AnimationSharing
LogPluginManager: Mounting plugin CLionSourceCodeAccess
LogPluginManager: Mounting plugin CodeLiteSourceCodeAccess
LogPluginManager: Mounting plugin GitSourceControl
LogPluginManager: Mounting plugin KDevelopSourceCodeAccess
LogPluginManager: Mounting plugin NullSourceCodeAccess
LogPluginManager: Mounting plugin PerforceSourceControl
LogPluginManager: Mounting plugin SubversionSourceControl
LogPluginManager: Mounting plugin UObjectPlugin
LogPluginManager: Mounting plugin VisualStudioCodeSourceCodeAccess
LogPluginManager: Mounting plugin VisualStudioSourceCodeAccess
LogPluginManager: Mounting plugin XCodeSourceCodeAccess
LogPluginManager: Mounting plugin AssetManagerEditor
LogPluginManager: Mounting plugin CryptoKeys
LogPluginManager: Mounting plugin DataValidation
LogPluginManager: Mounting plugin FacialAnimation
LogPluginManager: Mounting plugin GameplayTagsEditor
LogPluginManager: Mounting plugin MacGraphicsSwitching
LogPluginManager: Mounting plugin MaterialAnalyzer
LogPluginManager: Mounting plugin MobileLauncherProfileWizard
LogPluginManager: Mounting plugin PluginBrowser
LogPluginManager: Mounting plugin SpeedTreeImporter
LogPluginManager: Mounting plugin DatasmithContent
LogPluginManager: Mounting plugin VariantManagerContent
LogPluginManager: Mounting plugin AlembicImporter
LogPluginManager: Mounting plugin AppleImageUtils
LogPluginManager: Mounting plugin AppleVision
LogPluginManager: Mounting plugin BackChannel
LogPluginManager: Mounting plugin CharacterAI
LogPluginManager: Mounting plugin GeometryCache
LogPluginManager: Mounting plugin HTML5Networking
LogPluginManager: Mounting plugin ProxyLODPlugin
LogPluginManager: Mounting plugin SkeletalReduction
LogPluginManager: Mounting plugin MagicLeap
LogPluginManager: Mounting plugin MagicLeapMedia
LogPluginManager: Mounting plugin AndroidMedia
LogPluginManager: Mounting plugin AvfMedia
LogPluginManager: Mounting plugin ImgMedia
LogPluginManager: Mounting plugin LinearTimecode
LogPluginManager: Mounting plugin MediaCompositing
LogPluginManager: Mounting plugin MediaPlayerEditor
LogPluginManager: Mounting plugin WebMMedia
LogPluginManager: Mounting plugin WmfMedia
LogPluginManager: Mounting plugin TcpMessaging
LogPluginManager: Mounting plugin UdpMessaging
LogPluginManager: Mounting plugin ActorSequence
LogPluginManager: Mounting plugin LevelSequenceEditor
LogPluginManager: Mounting plugin MatineeToLevelSequence
LogPluginManager: Mounting plugin NetcodeUnitTest
LogPluginManager: Mounting plugin NUTUnrealEngine4
LogPluginManager: Mounting plugin OnlineSubsystemGooglePlay
LogPluginManager: Mounting plugin OnlineSubsystemIOS
LogPluginManager: Mounting plugin OnlineSubsystem
LogPluginManager: Mounting plugin OnlineSubsystemNull
LogPluginManager: Mounting plugin OnlineSubsystemUtils
LogPluginManager: Mounting plugin LauncherChunkInstaller
LogPluginManager: Mounting plugin AndroidDeviceProfileSelector
LogPluginManager: Mounting plugin AndroidMoviePlayer
LogPluginManager: Mounting plugin AndroidPermission
LogPluginManager: Mounting plugin AppleMoviePlayer
LogPluginManager: Mounting plugin ArchVisCharacter
LogPluginManager: Mounting plugin AudioCapture
LogPluginManager: Mounting plugin CableComponent
LogPluginManager: Mounting plugin CustomMeshComponent
LogPluginManager: Mounting plugin EditableMesh
LogPluginManager: Mounting plugin ExampleDeviceProfileSelector
LogPluginManager: Mounting plugin Firebase
LogPluginManager: Mounting plugin GoogleCloudMessaging
LogPluginManager: Mounting plugin IOSDeviceProfileSelector
LogPluginManager: Mounting plugin LinuxDeviceProfileSelector
LogPluginManager: Mounting plugin LocationServicesBPLibrary
LogPluginManager: Mounting plugin MobilePatchingUtils
LogPluginManager: Mounting plugin OculusVR
LogPluginManager: Mounting plugin PhysXVehicles
LogPluginManager: Mounting plugin ProceduralMeshComponent
LogPluginManager: Mounting plugin RuntimePhysXCooking
LogPluginManager: Mounting plugin SignificanceManager
LogPluginManager: Mounting plugin SteamVR
LogPluginManager: Mounting plugin WebMMoviePlayer
LogPluginManager: Mounting plugin WindowsMoviePlayer
LogInit: Using libcurl 7.55.1-DEV
LogInit:  - built for x86_64-pc-win32
LogInit:  - supports SSL with OpenSSL/1.1.1
LogInit:  - supports HTTP deflate (compression) using libz 1.2.8
LogInit:  - other features:
LogInit:      CURL_VERSION_SSL
LogInit:      CURL_VERSION_LIBZ
LogInit:      CURL_VERSION_IPV6
LogInit:      CURL_VERSION_ASYNCHDNS
LogInit:      CURL_VERSION_LARGEFILE
LogInit:      CURL_VERSION_IDN
LogInit:  CurlRequestOptions (configurable via config and command line):
LogInit:  - bVerifyPeer = true  - Libcurl will verify peer certificate
LogInit:  - bUseHttpProxy = false  - Libcurl will NOT use HTTP proxy
LogInit:  - bDontReuseConnections = false  - Libcurl will reuse connections
LogInit:  - MaxHostConnections = 16  - Libcurl will limit the number of connections to a host
LogInit:  - LocalHostAddr = Default
LogInit:  - BufferSize = 65536
LogInit: WinSock: version 1.1 (2.2), MaxSocks=32767, MaxUdp=65467
LogInit: Build: ++UE4+Release-4.22-CL-5660361
LogInit: Engine Version: 4.22.0-5660361+++UE4+Release-4.22
LogInit: Compatible Engine Version: 4.22.0-5660361+++UE4+Release-4.22
LogInit: Net CL: 5660361
LogInit: OS: Windows 10 (Release 1803) (), CPU:        Intel(R) Core(TM) i5-3570K CPU @ 3.40GHz, GPU: NVIDIA GeForce GTX 1060 6GB
LogInit: Compiled (64-bit): Mar 31 2019 02:05:09
LogInit: Compiled with Visual C++: 19.16.27025.01
LogInit: Build Configuration: Development
LogInit: Branch Name: ++UE4+Release-4.22
LogInit: Command Line:  -EpicPortal -epicusername=Gavstrav -epicuserid=9246de1311d945dbb853968dcdaa98ea -epiclocale=en-GB
LogInit: Base Directory: C:/Program Files/Epic Games/UE_4.22/Engine/Binaries/Win64/
LogInit: Installed Engine Build: 1
LogDevObjectVersion: Number of dev versions registered: 23
LogDevObjectVersion:   Dev-Blueprints (B0D832E4-1F89-4F0D-ACCF-7EB736FD4AA2): 10
LogDevObjectVersion:   Dev-Build (E1C64328-A22C-4D53-A36C-8E866417BD8C): 0
LogDevObjectVersion:   Dev-Core (375EC13C-06E4-48FB-B500-84F0262A717E): 3
LogDevObjectVersion:   Dev-Editor (E4B068ED-F494-42E9-A231-DA0B2E46BB41): 30
LogDevObjectVersion:   Dev-Framework (CFFC743F-43B0-4480-9391-14DF171D2073): 35
LogDevObjectVersion:   Dev-Mobile (B02B49B5-BB20-44E9-A304-32B752E40360): 2
LogDevObjectVersion:   Dev-Networking (A4E4105C-59A1-49B5-A7C5-40C4547EDFEE): 0
LogDevObjectVersion:   Dev-Online (39C831C9-5AE6-47DC-9A44-9C173E1C8E7C): 0
LogDevObjectVersion:   Dev-Physics (78F01B33-EBEA-4F98-B9B4-84EACCB95AA2): 0
LogDevObjectVersion:   Dev-Platform (6631380F-2D4D-43E0-8009-CF276956A95A): 0
LogDevObjectVersion:   Dev-Rendering (12F88B9F-8875-4AFC-A67C-D90C383ABD29): 28
LogDevObjectVersion:   Dev-Sequencer (7B5AE74C-D270-4C10-A958-57980B212A5A): 11
LogDevObjectVersion:   Dev-VR (D7296918-1DD6-4BDD-9DE2-64A83CC13884): 2
LogDevObjectVersion:   Dev-LoadTimes (C2A15278-BFE7-4AFE-6C17-90FF531DF755): 1
LogDevObjectVersion:   Private-Geometry (6EACA3D4-40EC-4CC1-B786-8BED09428FC5): 3
LogDevObjectVersion:   Dev-AnimPhys (29E575DD-E0A3-4627-9D10-D276232CDCEA): 17
LogDevObjectVersion:   Dev-Anim (AF43A65D-7FD3-4947-9873-3E8ED9C1BB05): 2
LogDevObjectVersion:   Dev-ReflectionCapture (6B266CEC-1EC7-4B8F-A30B-E4D90942FC07): 1
LogDevObjectVersion:   Dev-Automation (0DF73D61-A23F-47EA-B727-89E90C41499A): 1
LogDevObjectVersion:   FortniteMain (601D1886-AC64-4F84-AA16-D3DE0DEAC7D6): 25
LogDevObjectVersion:   Dev-Enterprise (9DFFBCD6-494F-0158-E221-12823C92A888): 6
LogDevObjectVersion:   Dev-Niagara (F2AED0AC-9AFE-416F-8664-AA7FFA26D6FC): 1
LogDevObjectVersion:   Dev-Destruction (174F1F0B-B4C6-45A5-B13F-2EE8D0FB917D): 2
LogInit: Presizing for max 16777216 objects, including 0 objects not considered by GC, pre-allocating 0 bytes for permanent pool.
LogInit: Object subsystem initialized
LogConfig: Setting CVar [[con.DebugEarlyDefault:1]]
LogConfig: Setting CVar [[r.setres:1280x720]]
[2019.04.28-23.54.11:515][  0]LogConfig: Setting CVar [[r.VSync:0]]
[2019.04.28-23.54.11:515][  0]LogConfig: Setting CVar [[r.RHICmdBypass:0]]
[2019.04.28-23.54.11:515][  0]LogConfig: Applying CVar settings from Section [/Script/Engine.RendererSettings] File [C:/Uni_Stuff/Year3/S2/GameplayMechanics/_Coursework/CMP302_GM/RTS_BaseBuilder/Saved/Config/Windows/Engine.ini]
[2019.04.28-23.54.11:515][  0]LogConfig: Setting CVar [[r.GPUCrashDebugging:0]]
[2019.04.28-23.54.11:515][  0]LogConfig: Applying CVar settings from Section [/Script/Engine.RendererOverrideSettings] File [C:/Uni_Stuff/Year3/S2/GameplayMechanics/_Coursework/CMP302_GM/RTS_BaseBuilder/Saved/Config/Windows/Engine.ini]
[2019.04.28-23.54.11:515][  0]LogConfig: Applying CVar settings from Section [/Script/Engine.StreamingSettings] File [C:/Uni_Stuff/Year3/S2/GameplayMechanics/_Coursework/CMP302_GM/RTS_BaseBuilder/Saved/Config/Windows/Engine.ini]
[2019.04.28-23.54.11:515][  0]LogConfig: Setting CVar [[s.MinBulkDataSizeForAsyncLoading:131072]]
[2019.04.28-23.54.11:515][  0]LogConfig: Setting CVar [[s.AsyncLoadingThreadEnabled:0]]
[2019.04.28-23.54.11:515][  0]LogConfig: Setting CVar [[s.EventDrivenLoaderEnabled:1]]
[2019.04.28-23.54.11:515][  0]LogConfig: Setting CVar [[s.WarnIfTimeLimitExceeded:0]]
[2019.04.28-23.54.11:515][  0]LogConfig: Setting CVar [[s.TimeLimitExceededMultiplier:1.5]]
[2019.04.28-23.54.11:515][  0]LogConfig: Setting CVar [[s.TimeLimitExceededMinTime:0.005]]
[2019.04.28-23.54.11:515][  0]LogConfig: Setting CVar [[s.UseBackgroundLevelStreaming:1]]
[2019.04.28-23.54.11:515][  0]LogConfig: Setting CVar [[s.PriorityAsyncLoadingExtraTime:15.0]]
[2019.04.28-23.54.11:515][  0]LogConfig: Setting CVar [[s.LevelStreamingActorsUpdateTimeLimit:5.0]]
[2019.04.28-23.54.11:515][  0]LogConfig: Setting CVar [[s.PriorityLevelStreamingActorsUpdateExtraTime:5.0]]
[2019.04.28-23.54.11:515][  0]LogConfig: Setting CVar [[s.LevelStreamingComponentsRegistrationGranularity:10]]
[2019.04.28-23.54.11:515][  0]LogConfig: Setting CVar [[s.UnregisterComponentsTimeLimit:1.0]]
[2019.04.28-23.54.11:515][  0]LogConfig: Setting CVar [[s.LevelStreamingComponentsUnregistrationGranularity:5]]
[2019.04.28-23.54.11:515][  0]LogConfig: Applying CVar settings from Section [/Script/Engine.GarbageCollectionSettings] File [C:/Uni_Stuff/Year3/S2/GameplayMechanics/_Coursework/CMP302_GM/RTS_BaseBuilder/Saved/Config/Windows/Engine.ini]
[2019.04.28-23.54.11:515][  0]LogConfig: Setting CVar [[gc.MaxObjectsNotConsideredByGC:1]]
[2019.04.28-23.54.11:515][  0]LogConfig: Setting CVar [[gc.SizeOfPermanentObjectPool:0]]
[2019.04.28-23.54.11:515][  0]LogConfig: Setting CVar [[gc.FlushStreamingOnGC:0]]
[2019.04.28-23.54.11:515][  0]LogConfig: Setting CVar [[gc.NumRetriesBeforeForcingGC:10]]
[2019.04.28-23.54.11:515][  0]LogConfig: Setting CVar [[gc.AllowParallelGC:1]]
[2019.04.28-23.54.11:515][  0]LogConfig: Setting CVar [[gc.TimeBetweenPurgingPendingKillObjects:61.1]]
[2019.04.28-23.54.11:515][  0]LogConfig: Setting CVar [[gc.MaxObjectsInEditor:16777216]]
[2019.04.28-23.54.11:515][  0]LogConfig: Setting CVar [[gc.IncrementalBeginDestroyEnabled:1]]
[2019.04.28-23.54.11:515][  0]LogConfig: Setting CVar [[gc.CreateGCClusters:1]]
[2019.04.28-23.54.11:515][  0]LogConfig: Setting CVar [[gc.MinGCClusterSize:5]]
[2019.04.28-23.54.11:515][  0]LogConfig: Setting CVar [[gc.ActorClusteringEnabled:0]]
[2019.04.28-23.54.11:515][  0]LogConfig: Setting CVar [[gc.BlueprintClusteringEnabled:0]]
[2019.04.28-23.54.11:515][  0]LogConfig: Setting CVar [[gc.UseDisregardForGCOnDedicatedServers:0]]
[2019.04.28-23.54.11:515][  0]LogConfig: Applying CVar settings from Section [/Script/Engine.NetworkSettings] File [C:/Uni_Stuff/Year3/S2/GameplayMechanics/_Coursework/CMP302_GM/RTS_BaseBuilder/Saved/Config/Windows/Engine.ini]
[2019.04.28-23.54.11:515][  0]LogConfig: Applying CVar settings from Section [/Script/UnrealEd.CookerSettings] File [C:/Uni_Stuff/Year3/S2/GameplayMechanics/_Coursework/CMP302_GM/RTS_BaseBuilder/Saved/Config/Windows/Engine.ini]
[2019.04.28-23.54.11:518][  0]LogConfig: Applying CVar settings from Section [ViewDistanceQuality@3] File [C:/Uni_Stuff/Year3/S2/GameplayMechanics/_Coursework/CMP302_GM/RTS_BaseBuilder/Saved/Config/Windows/Scalability.ini]
[2019.04.28-23.54.11:518][  0]LogConfig: Setting CVar [[r.SkeletalMeshLODBias:0]]
[2019.04.28-23.54.11:518][  0]LogConfig: Setting CVar [[r.ViewDistanceScale:1.0]]
[2019.04.28-23.54.11:518][  0]LogConfig: Applying CVar settings from Section [AntiAliasingQuality@3] File [C:/Uni_Stuff/Year3/S2/GameplayMechanics/_Coursework/CMP302_GM/RTS_BaseBuilder/Saved/Config/Windows/Scalability.ini]
[2019.04.28-23.54.11:518][  0]LogConfig: Setting CVar [[r.PostProcessAAQuality:4]]
[2019.04.28-23.54.11:518][  0]LogConfig: Applying CVar settings from Section [ShadowQuality@3] File [C:/Uni_Stuff/Year3/S2/GameplayMechanics/_Coursework/CMP302_GM/RTS_BaseBuilder/Saved/Config/Windows/Scalability.ini]
[2019.04.28-23.54.11:518][  0]LogConfig: Setting CVar [[r.LightFunctionQuality:1]]
[2019.04.28-23.54.11:518][  0]LogConfig: Setting CVar [[r.ShadowQuality:5]]
[2019.04.28-23.54.11:518][  0]LogConfig: Setting CVar [[r.Shadow.CSM.MaxCascades:10]]
[2019.04.28-23.54.11:519][  0]LogConfig: Setting CVar [[r.Shadow.MaxResolution:2048]]
[2019.04.28-23.54.11:519][  0]LogConfig: Setting CVar [[r.Shadow.MaxCSMResolution:2048]]
[2019.04.28-23.54.11:519][  0]LogConfig: Setting CVar [[r.Shadow.RadiusThreshold:0.01]]
[2019.04.28-23.54.11:519][  0]LogConfig: Setting CVar [[r.Shadow.DistanceScale:1.0]]
[2019.04.28-23.54.11:519][  0]LogConfig: Setting CVar [[r.Shadow.CSM.TransitionScale:1.0]]
[2019.04.28-23.54.11:519][  0]LogConfig: Setting CVar [[r.Shadow.PreShadowResolutionFactor:1.0]]
[2019.04.28-23.54.11:519][  0]LogConfig: Setting CVar [[r.DistanceFieldShadowing:1]]
[2019.04.28-23.54.11:519][  0]LogConfig: Setting CVar [[r.DistanceFieldAO:1]]
[2019.04.28-23.54.11:519][  0]LogConfig: Setting CVar [[r.AOQuality:2]]
[2019.04.28-23.54.11:519][  0]LogConfig: Setting CVar [[r.VolumetricFog:1]]
[2019.04.28-23.54.11:519][  0]LogConfig: Setting CVar [[r.VolumetricFog.GridPixelSize:8]]
[2019.04.28-23.54.11:519][  0]LogConfig: Setting CVar [[r.VolumetricFog.GridSizeZ:128]]
[2019.04.28-23.54.11:519][  0]LogConfig: Setting CVar [[r.VolumetricFog.HistoryMissSupersampleCount:4]]
[2019.04.28-23.54.11:519][  0]LogConfig: Setting CVar [[r.LightMaxDrawDistanceScale:1]]
[2019.04.28-23.54.11:519][  0]LogConfig: Setting CVar [[r.CapsuleShadows:1]]
[2019.04.28-23.54.11:519][  0]LogConfig: Applying CVar settings from Section [PostProcessQuality@3] File [C:/Uni_Stuff/Year3/S2/GameplayMechanics/_Coursework/CMP302_GM/RTS_BaseBuilder/Saved/Config/Windows/Scalability.ini]
[2019.04.28-23.54.11:519][  0]LogConfig: Setting CVar [[r.MotionBlurQuality:4]]
[2019.04.28-23.54.11:519][  0]LogConfig: Setting CVar [[r.AmbientOcclusionMipLevelFactor:0.4]]
[2019.04.28-23.54.11:519][  0]LogConfig: Setting CVar [[r.AmbientOcclusionMaxQuality:100]]
[2019.04.28-23.54.11:519][  0]LogConfig: Setting CVar [[r.AmbientOcclusionLevels:-1]]
[2019.04.28-23.54.11:519][  0]LogConfig: Setting CVar [[r.AmbientOcclusionRadiusScale:1.0]]
[2019.04.28-23.54.11:519][  0]LogConfig: Setting CVar [[r.DepthOfFieldQuality:2]]
[2019.04.28-23.54.11:519][  0]LogConfig: Setting CVar [[r.RenderTargetPoolMin:400]]
[2019.04.28-23.54.11:519][  0]LogConfig: Setting CVar [[r.LensFlareQuality:2]]
[2019.04.28-23.54.11:519][  0]LogConfig: Setting CVar [[r.SceneColorFringeQuality:1]]
[2019.04.28-23.54.11:519][  0]LogConfig: Setting CVar [[r.EyeAdaptationQuality:2]]
[2019.04.28-23.54.11:519][  0]LogConfig: Setting CVar [[r.BloomQuality:5]]
[2019.04.28-23.54.11:519][  0]LogConfig: Setting CVar [[r.FastBlurThreshold:100]]
[2019.04.28-23.54.11:519][  0]LogConfig: Setting CVar [[r.Upscale.Quality:3]]
[2019.04.28-23.54.11:519][  0]LogConfig: Setting CVar [[r.Tonemapper.GrainQuantization:1]]
[2019.04.28-23.54.11:519][  0]LogConfig: Setting CVar [[r.LightShaftQuality:1]]
[2019.04.28-23.54.11:519][  0]LogConfig: Setting CVar [[r.Filter.SizeScale:1]]
[2019.04.28-23.54.11:519][  0]LogConfig: Setting CVar [[r.Tonemapper.Quality:5]]
[2019.04.28-23.54.11:519][  0]LogConfig: Setting CVar [[r.DOF.Gather.AccumulatorQuality:1        ; higher gathering accumulator quality]]
[2019.04.28-23.54.11:519][  0]LogConfig: Setting CVar [[r.DOF.Gather.PostfilterMethod:1          ; Median3x3 postfilering method]]
[2019.04.28-23.54.11:519][  0]LogConfig: Setting CVar [[r.DOF.Gather.EnableBokehSettings:0       ; no bokeh simulation when gathering]]
[2019.04.28-23.54.11:519][  0]LogConfig: Setting CVar [[r.DOF.Gather.RingCount:4                 ; medium number of samples when gathering]]
[2019.04.28-23.54.11:519][  0]LogConfig: Setting CVar [[r.DOF.Scatter.ForegroundCompositing:1    ; additive foreground scattering]]
[2019.04.28-23.54.11:519][  0]LogConfig: Setting CVar [[r.DOF.Scatter.BackgroundCompositing:2    ; additive background scattering]]
[2019.04.28-23.54.11:519][  0]LogConfig: Setting CVar [[r.DOF.Scatter.EnableBokehSettings:1      ; bokeh simulation when scattering]]
[2019.04.28-23.54.11:519][  0]LogConfig: Setting CVar [[r.DOF.Scatter.MaxSpriteRatio:0.1         ; only a maximum of 10% of scattered bokeh]]
[2019.04.28-23.54.11:519][  0]LogConfig: Setting CVar [[r.DOF.Recombine.Quality:1                ; cheap slight out of focus]]
[2019.04.28-23.54.11:519][  0]LogConfig: Setting CVar [[r.DOF.Recombine.EnableBokehSettings:0    ; no bokeh simulation on slight out of focus]]
[2019.04.28-23.54.11:519][  0]LogConfig: Setting CVar [[r.DOF.TemporalAAQuality:1                ; more stable temporal accumulation]]
[2019.04.28-23.54.11:519][  0]LogConfig: Setting CVar [[r.DOF.Kernel.MaxForegroundRadius:0.025]]
[2019.04.28-23.54.11:519][  0]LogConfig: Setting CVar [[r.DOF.Kernel.MaxBackgroundRadius:0.025]]
[2019.04.28-23.54.11:519][  0]LogConfig: Applying CVar settings from Section [TextureQuality@3] File [C:/Uni_Stuff/Year3/S2/GameplayMechanics/_Coursework/CMP302_GM/RTS_BaseBuilder/Saved/Config/Windows/Scalability.ini]
[2019.04.28-23.54.11:519][  0]LogConfig: Setting CVar [[r.Streaming.MipBias:0]]
[2019.04.28-23.54.11:519][  0]LogConfig: Setting CVar [[r.Streaming.AmortizeCPUToGPUCopy:0]]
[2019.04.28-23.54.11:519][  0]LogConfig: Setting CVar [[r.Streaming.MaxNumTexturesToStreamPerFrame:0]]
[2019.04.28-23.54.11:519][  0]LogConfig: Setting CVar [[r.Streaming.Boost:1]]
[2019.04.28-23.54.11:519][  0]LogConfig: Setting CVar [[r.MaxAnisotropy:8]]
[2019.04.28-23.54.11:519][  0]LogConfig: Setting CVar [[r.Streaming.LimitPoolSizeToVRAM:0]]
[2019.04.28-23.54.11:519][  0]LogConfig: Setting CVar [[r.Streaming.PoolSize:1000]]
[2019.04.28-23.54.11:519][  0]LogConfig: Setting CVar [[r.Streaming.MaxEffectiveScreenSize:0]]
[2019.04.28-23.54.11:519][  0]LogConfig: Applying CVar settings from Section [EffectsQuality@3] File [C:/Uni_Stuff/Year3/S2/GameplayMechanics/_Coursework/CMP302_GM/RTS_BaseBuilder/Saved/Config/Windows/Scalability.ini]
[2019.04.28-23.54.11:519][  0]LogConfig: Setting CVar [[r.TranslucencyLightingVolumeDim:64]]
[2019.04.28-23.54.11:519][  0]LogConfig: Setting CVar [[r.RefractionQuality:2]]
[2019.04.28-23.54.11:519][  0]LogConfig: Setting CVar [[r.SSR.Quality:3]]
[2019.04.28-23.54.11:519][  0]LogConfig: Setting CVar [[r.SceneColorFormat:4]]
[2019.04.28-23.54.11:519][  0]LogConfig: Setting CVar [[r.DetailMode:2]]
[2019.04.28-23.54.11:519][  0]LogConfig: Setting CVar [[r.TranslucencyVolumeBlur:1]]
[2019.04.28-23.54.11:519][  0]LogConfig: Setting CVar [[r.MaterialQualityLevel:1 ; High quality]]
[2019.04.28-23.54.11:519][  0]LogConfig: Setting CVar [[r.SSS.Scale:1]]
[2019.04.28-23.54.11:519][  0]LogConfig: Setting CVar [[r.SSS.SampleSet:2]]
[2019.04.28-23.54.11:520][  0]LogConfig: Setting CVar [[r.SSS.Quality:1]]
[2019.04.28-23.54.11:520][  0]LogConfig: Setting CVar [[r.SSS.HalfRes:1]]
[2019.04.28-23.54.11:520][  0]LogConfig: Setting CVar [[r.EmitterSpawnRateScale:1.0]]
[2019.04.28-23.54.11:520][  0]LogConfig: Setting CVar [[r.ParticleLightQuality:2]]
[2019.04.28-23.54.11:520][  0]LogConfig: Applying CVar settings from Section [FoliageQuality@3] File [C:/Uni_Stuff/Year3/S2/GameplayMechanics/_Coursework/CMP302_GM/RTS_BaseBuilder/Saved/Config/Windows/Scalability.ini]
[2019.04.28-23.54.11:520][  0]LogConfig: Setting CVar [[foliage.DensityScale:1.0]]
[2019.04.28-23.54.11:520][  0]LogConfig: Setting CVar [[grass.DensityScale:1.0]]
[2019.04.28-23.54.11:520][  0]LogInit: Selected Device Profile: [Windows]
[2019.04.28-23.54.11:520][  0]LogInit: Applying CVar settings loaded from the selected device profile: [Windows]
[2019.04.28-23.54.11:539][  0]LogHAL: Display: Platform has ~ 16 GB [17136181248 / 17179869184 / 16], which maps to Larger [LargestMinGB=32, LargerMinGB=12, DefaultMinGB=8, SmallerMinGB=6, SmallestMinGB=0)
[2019.04.28-23.54.11:539][  0]LogConfig: Setting CVar [[r.Vulkan.UseRealUBs:0		; Required until we fix HLR fall-out]]
[2019.04.28-23.54.11:539][  0]LogInit: Going up to parent DeviceProfile []
[2019.04.28-23.54.11:539][  0]LogConfig: Applying CVar settings from Section [ViewDistanceQuality@3] File [C:/Uni_Stuff/Year3/S2/GameplayMechanics/_Coursework/CMP302_GM/RTS_BaseBuilder/Saved/Config/Windows/Scalability.ini]
[2019.04.28-23.54.11:539][  0]LogConfig: Setting CVar [[r.SkeletalMeshLODBias:0]]
[2019.04.28-23.54.11:539][  0]LogConfig: Setting CVar [[r.ViewDistanceScale:1.0]]
[2019.04.28-23.54.11:539][  0]LogConfig: Applying CVar settings from Section [AntiAliasingQuality@3] File [C:/Uni_Stuff/Year3/S2/GameplayMechanics/_Coursework/CMP302_GM/RTS_BaseBuilder/Saved/Config/Windows/Scalability.ini]
[2019.04.28-23.54.11:539][  0]LogConfig: Setting CVar [[r.PostProcessAAQuality:4]]
[2019.04.28-23.54.11:539][  0]LogConfig: Applying CVar settings from Section [ShadowQuality@3] File [C:/Uni_Stuff/Year3/S2/GameplayMechanics/_Coursework/CMP302_GM/RTS_BaseBuilder/Saved/Config/Windows/Scalability.ini]
[2019.04.28-23.54.11:539][  0]LogConfig: Setting CVar [[r.LightFunctionQuality:1]]
[2019.04.28-23.54.11:539][  0]LogConfig: Setting CVar [[r.ShadowQuality:5]]
[2019.04.28-23.54.11:539][  0]LogConfig: Setting CVar [[r.Shadow.CSM.MaxCascades:10]]
[2019.04.28-23.54.11:539][  0]LogConfig: Setting CVar [[r.Shadow.MaxResolution:2048]]
[2019.04.28-23.54.11:539][  0]LogConfig: Setting CVar [[r.Shadow.MaxCSMResolution:2048]]
[2019.04.28-23.54.11:539][  0]LogConfig: Setting CVar [[r.Shadow.RadiusThreshold:0.01]]
[2019.04.28-23.54.11:539][  0]LogConfig: Setting CVar [[r.Shadow.DistanceScale:1.0]]
[2019.04.28-23.54.11:539][  0]LogConfig: Setting CVar [[r.Shadow.CSM.TransitionScale:1.0]]
[2019.04.28-23.54.11:539][  0]LogConfig: Setting CVar [[r.Shadow.PreShadowResolutionFactor:1.0]]
[2019.04.28-23.54.11:539][  0]LogConfig: Setting CVar [[r.DistanceFieldShadowing:1]]
[2019.04.28-23.54.11:539][  0]LogConfig: Setting CVar [[r.DistanceFieldAO:1]]
[2019.04.28-23.54.11:539][  0]LogConfig: Setting CVar [[r.AOQuality:2]]
[2019.04.28-23.54.11:539][  0]LogConfig: Setting CVar [[r.VolumetricFog:1]]
[2019.04.28-23.54.11:539][  0]LogConfig: Setting CVar [[r.VolumetricFog.GridPixelSize:8]]
[2019.04.28-23.54.11:539][  0]LogConfig: Setting CVar [[r.VolumetricFog.GridSizeZ:128]]
[2019.04.28-23.54.11:540][  0]LogConfig: Setting CVar [[r.VolumetricFog.HistoryMissSupersampleCount:4]]
[2019.04.28-23.54.11:540][  0]LogConfig: Setting CVar [[r.LightMaxDrawDistanceScale:1]]
[2019.04.28-23.54.11:540][  0]LogConfig: Setting CVar [[r.CapsuleShadows:1]]
[2019.04.28-23.54.11:540][  0]LogConfig: Applying CVar settings from Section [PostProcessQuality@3] File [C:/Uni_Stuff/Year3/S2/GameplayMechanics/_Coursework/CMP302_GM/RTS_BaseBuilder/Saved/Config/Windows/Scalability.ini]
[2019.04.28-23.54.11:540][  0]LogConfig: Setting CVar [[r.MotionBlurQuality:4]]
[2019.04.28-23.54.11:540][  0]LogConfig: Setting CVar [[r.AmbientOcclusionMipLevelFactor:0.4]]
[2019.04.28-23.54.11:540][  0]LogConfig: Setting CVar [[r.AmbientOcclusionMaxQuality:100]]
[2019.04.28-23.54.11:540][  0]LogConfig: Setting CVar [[r.AmbientOcclusionLevels:-1]]
[2019.04.28-23.54.11:540][  0]LogConfig: Setting CVar [[r.AmbientOcclusionRadiusScale:1.0]]
[2019.04.28-23.54.11:540][  0]LogConfig: Setting CVar [[r.DepthOfFieldQuality:2]]
[2019.04.28-23.54.11:540][  0]LogConfig: Setting CVar [[r.RenderTargetPoolMin:400]]
[2019.04.28-23.54.11:540][  0]LogConfig: Setting CVar [[r.LensFlareQuality:2]]
[2019.04.28-23.54.11:540][  0]LogConfig: Setting CVar [[r.SceneColorFringeQuality:1]]
[2019.04.28-23.54.11:540][  0]LogConfig: Setting CVar [[r.EyeAdaptationQuality:2]]
[2019.04.28-23.54.11:540][  0]LogConfig: Setting CVar [[r.BloomQuality:5]]
[2019.04.28-23.54.11:540][  0]LogConfig: Setting CVar [[r.FastBlurThreshold:100]]
[2019.04.28-23.54.11:540][  0]LogConfig: Setting CVar [[r.Upscale.Quality:3]]
[2019.04.28-23.54.11:540][  0]LogConfig: Setting CVar [[r.Tonemapper.GrainQuantization:1]]
[2019.04.28-23.54.11:540][  0]LogConfig: Setting CVar [[r.LightShaftQuality:1]]
[2019.04.28-23.54.11:540][  0]LogConfig: Setting CVar [[r.Filter.SizeScale:1]]
[2019.04.28-23.54.11:540][  0]LogConfig: Setting CVar [[r.Tonemapper.Quality:5]]
[2019.04.28-23.54.11:540][  0]LogConfig: Setting CVar [[r.DOF.Gather.AccumulatorQuality:1        ; higher gathering accumulator quality]]
[2019.04.28-23.54.11:540][  0]LogConfig: Setting CVar [[r.DOF.Gather.PostfilterMethod:1          ; Median3x3 postfilering method]]
[2019.04.28-23.54.11:540][  0]LogConfig: Setting CVar [[r.DOF.Gather.EnableBokehSettings:0       ; no bokeh simulation when gathering]]
[2019.04.28-23.54.11:540][  0]LogConfig: Setting CVar [[r.DOF.Gather.RingCount:4                 ; medium number of samples when gathering]]
[2019.04.28-23.54.11:540][  0]LogConfig: Setting CVar [[r.DOF.Scatter.ForegroundCompositing:1    ; additive foreground scattering]]
[2019.04.28-23.54.11:540][  0]LogConfig: Setting CVar [[r.DOF.Scatter.BackgroundCompositing:2    ; additive background scattering]]
[2019.04.28-23.54.11:540][  0]LogConfig: Setting CVar [[r.DOF.Scatter.EnableBokehSettings:1      ; bokeh simulation when scattering]]
[2019.04.28-23.54.11:540][  0]LogConfig: Setting CVar [[r.DOF.Scatter.MaxSpriteRatio:0.1         ; only a maximum of 10% of scattered bokeh]]
[2019.04.28-23.54.11:540][  0]LogConfig: Setting CVar [[r.DOF.Recombine.Quality:1                ; cheap slight out of focus]]
[2019.04.28-23.54.11:540][  0]LogConfig: Setting CVar [[r.DOF.Recombine.EnableBokehSettings:0    ; no bokeh simulation on slight out of focus]]
[2019.04.28-23.54.11:540][  0]LogConfig: Setting CVar [[r.DOF.TemporalAAQuality:1                ; more stable temporal accumulation]]
[2019.04.28-23.54.11:540][  0]LogConfig: Setting CVar [[r.DOF.Kernel.MaxForegroundRadius:0.025]]
[2019.04.28-23.54.11:540][  0]LogConfig: Setting CVar [[r.DOF.Kernel.MaxBackgroundRadius:0.025]]
[2019.04.28-23.54.11:540][  0]LogConfig: Applying CVar settings from Section [TextureQuality@3] File [C:/Uni_Stuff/Year3/S2/GameplayMechanics/_Coursework/CMP302_GM/RTS_BaseBuilder/Saved/Config/Windows/Scalability.ini]
[2019.04.28-23.54.11:540][  0]LogConfig: Setting CVar [[r.Streaming.MipBias:0]]
[2019.04.28-23.54.11:540][  0]LogConfig: Setting CVar [[r.Streaming.AmortizeCPUToGPUCopy:0]]
[2019.04.28-23.54.11:540][  0]LogConfig: Setting CVar [[r.Streaming.MaxNumTexturesToStreamPerFrame:0]]
[2019.04.28-23.54.11:540][  0]LogConfig: Setting CVar [[r.Streaming.Boost:1]]
[2019.04.28-23.54.11:540][  0]LogConfig: Setting CVar [[r.MaxAnisotropy:8]]
[2019.04.28-23.54.11:540][  0]LogConfig: Setting CVar [[r.Streaming.LimitPoolSizeToVRAM:0]]
[2019.04.28-23.54.11:540][  0]LogConfig: Setting CVar [[r.Streaming.PoolSize:1000]]
[2019.04.28-23.54.11:540][  0]LogConfig: Setting CVar [[r.Streaming.MaxEffectiveScreenSize:0]]
[2019.04.28-23.54.11:540][  0]LogConfig: Applying CVar settings from Section [EffectsQuality@3] File [C:/Uni_Stuff/Year3/S2/GameplayMechanics/_Coursework/CMP302_GM/RTS_BaseBuilder/Saved/Config/Windows/Scalability.ini]
[2019.04.28-23.54.11:540][  0]LogConfig: Setting CVar [[r.TranslucencyLightingVolumeDim:64]]
[2019.04.28-23.54.11:540][  0]LogConfig: Setting CVar [[r.RefractionQuality:2]]
[2019.04.28-23.54.11:540][  0]LogConfig: Setting CVar [[r.SSR.Quality:3]]
[2019.04.28-23.54.11:540][  0]LogConfig: Setting CVar [[r.SceneColorFormat:4]]
[2019.04.28-23.54.11:540][  0]LogConfig: Setting CVar [[r.DetailMode:2]]
[2019.04.28-23.54.11:540][  0]LogConfig: Setting CVar [[r.TranslucencyVolumeBlur:1]]
[2019.04.28-23.54.11:540][  0]LogConfig: Setting CVar [[r.MaterialQualityLevel:1 ; High quality]]
[2019.04.28-23.54.11:540][  0]LogConfig: Setting CVar [[r.SSS.Scale:1]]
[2019.04.28-23.54.11:540][  0]LogConfig: Setting CVar [[r.SSS.SampleSet:2]]
[2019.04.28-23.54.11:540][  0]LogConfig: Setting CVar [[r.SSS.Quality:1]]
[2019.04.28-23.54.11:540][  0]LogConfig: Setting CVar [[r.SSS.HalfRes:1]]
[2019.04.28-23.54.11:540][  0]LogConfig: Setting CVar [[r.EmitterSpawnRateScale:1.0]]
[2019.04.28-23.54.11:540][  0]LogConfig: Setting CVar [[r.ParticleLightQuality:2]]
[2019.04.28-23.54.11:540][  0]LogConfig: Applying CVar settings from Section [FoliageQuality@3] File [C:/Uni_Stuff/Year3/S2/GameplayMechanics/_Coursework/CMP302_GM/RTS_BaseBuilder/Saved/Config/Windows/Scalability.ini]
[2019.04.28-23.54.11:540][  0]LogConfig: Setting CVar [[foliage.DensityScale:1.0]]
[2019.04.28-23.54.11:540][  0]LogConfig: Setting CVar [[grass.DensityScale:1.0]]
[2019.04.28-23.54.11:540][  0]LogConfig: Applying CVar settings from Section [Startup] File [../../../Engine/Config/ConsoleVariables.ini]
[2019.04.28-23.54.11:541][  0]LogConfig: Setting CVar [[net.UseAdaptiveNetUpdateFrequency:0]]
[2019.04.28-23.54.11:541][  0]LogConfig: Setting CVar [[p.chaos.AllowCreatePhysxBodies:1]]
[2019.04.28-23.54.11:541][  0]LogConfig: Applying CVar settings from Section [ConsoleVariables] File [C:/Uni_Stuff/Year3/S2/GameplayMechanics/_Coursework/CMP302_GM/RTS_BaseBuilder/Saved/Config/Windows/Engine.ini]
[2019.04.28-23.54.11:541][  0]LogInit: Computer: GAV-PC
[2019.04.28-23.54.11:541][  0]LogInit: User: GavinGeorge
[2019.04.28-23.54.11:541][  0]LogInit: CPU Page size=4096, Cores=4
[2019.04.28-23.54.11:541][  0]LogInit: High frequency timer resolution =3.323586 MHz
[2019.04.28-23.54.11:541][  0]LogMemory: Memory total: Physical=16.0GB (16GB approx)
[2019.04.28-23.54.11:541][  0]LogMemory: Platform Memory Stats for Windows
[2019.04.28-23.54.11:541][  0]LogMemory: Process Physical Memory: 97.71 MB used, 97.71 MB peak
[2019.04.28-23.54.11:541][  0]LogMemory: Process Virtual Memory: 92.03 MB used, 92.03 MB peak
[2019.04.28-23.54.11:541][  0]LogMemory: Physical Memory: 7404.88 MB used,  8937.46 MB free, 16342.34 MB total
[2019.04.28-23.54.11:541][  0]LogMemory: Virtual Memory: 4648.03 MB used,  134213080.00 MB free, 134217728.00 MB total
[2019.04.28-23.54.11:575][  0]LogInit: Using OS detected language (en-GB).
[2019.04.28-23.54.11:575][  0]LogInit: Using OS detected locale (en-GB).
[2019.04.28-23.54.11:577][  0]LogTextLocalizationManager: No specific localization for 'en-GB' exists, so the 'en' localization will be used.
[2019.04.28-23.54.11:790][  0]LogInit: Setting process to per monitor DPI aware
[2019.04.28-23.54.11:828][  0]LogSlate: New Slate User Created.  User Index 0, Is Virtual User: 0
[2019.04.28-23.54.11:828][  0]LogSlate: Slate User Registered.  User Index 0, Is Virtual User: 0
[2019.04.28-23.54.12:044][  0]LogHMD: Failed to initialize OpenVR with code 105
[2019.04.28-23.54.12:044][  0]LogD3D11RHI: D3D11 adapters:
[2019.04.28-23.54.12:129][  0]LogD3D11RHI:    0. 'NVIDIA GeForce GTX 1060 6GB' (Feature Level 11_0)
[2019.04.28-23.54.12:129][  0]LogD3D11RHI:       6052/0/8171 MB DedicatedVideo/DedicatedSystem/SharedSystem, Outputs:1, VendorId:0x10de
[2019.04.28-23.54.12:132][  0]LogD3D11RHI:    1. 'Microsoft Basic Render Driver' (Feature Level 11_0)
[2019.04.28-23.54.12:132][  0]LogD3D11RHI:       0/0/8171 MB DedicatedVideo/DedicatedSystem/SharedSystem, Outputs:0, VendorId:0x1414
[2019.04.28-23.54.12:132][  0]LogD3D11RHI: Chosen D3D11 Adapter: 0
[2019.04.28-23.54.12:141][  0]LogD3D11RHI: Creating new Direct3DDevice
[2019.04.28-23.54.12:141][  0]LogD3D11RHI:     GPU DeviceId: 0x1c03 (for the marketing name, search the web for "GPU Device Id")
[2019.04.28-23.54.12:141][  0]LogWindows: EnumDisplayDevices:
[2019.04.28-23.54.12:141][  0]LogWindows:    0. 'NVIDIA GeForce GTX 1060 6GB' (P:1 D:1)
[2019.04.28-23.54.12:142][  0]LogWindows:    1. 'NVIDIA GeForce GTX 1060 6GB' (P:0 D:0)
[2019.04.28-23.54.12:142][  0]LogWindows:    2. 'NVIDIA GeForce GTX 1060 6GB' (P:0 D:0)
[2019.04.28-23.54.12:142][  0]LogWindows:    3. 'NVIDIA GeForce GTX 1060 6GB' (P:0 D:0)
[2019.04.28-23.54.12:143][  0]LogWindows: DebugString: FoundDriverCount:4 
[2019.04.28-23.54.12:143][  0]LogD3D11RHI:     Adapter Name: NVIDIA GeForce GTX 1060 6GB
[2019.04.28-23.54.12:143][  0]LogD3D11RHI:   Driver Version: 425.31 (internal:25.21.14.2531, unified:425.31)
[2019.04.28-23.54.12:143][  0]LogD3D11RHI:      Driver Date: 4-9-2019
[2019.04.28-23.54.12:143][  0]LogRHI: Texture pool is 4236 MB (70% of 6052 MB)
[2019.04.28-23.54.12:203][  0]LogD3D11RHI: Async texture creation enabled
[2019.04.28-23.54.12:207][  0]LogRendererCore: FGlobalReadBuffer::InitRHI
[2019.04.28-23.54.12:208][  0]LogRendererCore: FGlobalReadBuffer::InitRHI
[2019.04.28-23.54.12:208][  0]LogRendererCore: FGlobalReadBuffer::InitRHI
[2019.04.28-23.54.12:216][  0]LogD3D11RHI: GPU Timing Frequency: 1000.000000 (Debug: 2 1)
[2019.04.28-23.54.12:629][  0]LogTemp: Display: Module 'AllDesktopTargetPlatform' loaded TargetPlatform 'AllDesktop'
[2019.04.28-23.54.12:649][  0]LogTemp: Display: Module 'MacClientTargetPlatform' loaded TargetPlatform 'MacClient'
[2019.04.28-23.54.12:668][  0]LogTemp: Display: Module 'MacNoEditorTargetPlatform' loaded TargetPlatform 'MacNoEditor'
[2019.04.28-23.54.12:686][  0]LogTemp: Display: Module 'MacServerTargetPlatform' loaded TargetPlatform 'MacServer'
[2019.04.28-23.54.12:706][  0]LogTemp: Display: Module 'MacTargetPlatform' loaded TargetPlatform 'Mac'
[2019.04.28-23.54.12:725][  0]LogTemp: Display: Module 'WindowsClientTargetPlatform' loaded TargetPlatform 'WindowsClient'
[2019.04.28-23.54.12:744][  0]LogTemp: Display: Module 'WindowsNoEditorTargetPlatform' loaded TargetPlatform 'WindowsNoEditor'
[2019.04.28-23.54.12:763][  0]LogTemp: Display: Module 'WindowsServerTargetPlatform' loaded TargetPlatform 'WindowsServer'
[2019.04.28-23.54.12:773][  0]LogTemp: Display: Module 'WindowsTargetPlatform' loaded TargetPlatform 'Windows'
[2019.04.28-23.54.12:879][  0]LogTemp: Display: Module 'AndroidTargetPlatform' loaded TargetPlatform 'Android'
[2019.04.28-23.54.12:879][  0]LogTemp: Display: Module 'AndroidTargetPlatform' loaded TargetPlatform 'Android_ASTC'
[2019.04.28-23.54.12:879][  0]LogTemp: Display: Module 'AndroidTargetPlatform' loaded TargetPlatform 'Android_ATC'
[2019.04.28-23.54.12:879][  0]LogTemp: Display: Module 'AndroidTargetPlatform' loaded TargetPlatform 'Android_DXT'
[2019.04.28-23.54.12:879][  0]LogTemp: Display: Module 'AndroidTargetPlatform' loaded TargetPlatform 'Android_ETC1'
[2019.04.28-23.54.12:879][  0]LogTemp: Display: Module 'AndroidTargetPlatform' loaded TargetPlatform 'Android_ETC1a'
[2019.04.28-23.54.12:879][  0]LogTemp: Display: Module 'AndroidTargetPlatform' loaded TargetPlatform 'Android_ETC2'
[2019.04.28-23.54.12:879][  0]LogTemp: Display: Module 'AndroidTargetPlatform' loaded TargetPlatform 'Android_PVRTC'
[2019.04.28-23.54.12:879][  0]LogTemp: Display: Module 'AndroidTargetPlatform' loaded TargetPlatform 'AndroidClient'
[2019.04.28-23.54.12:880][  0]LogTemp: Display: Module 'AndroidTargetPlatform' loaded TargetPlatform 'Android_ASTCClient'
[2019.04.28-23.54.12:880][  0]LogTemp: Display: Module 'AndroidTargetPlatform' loaded TargetPlatform 'Android_ATCClient'
[2019.04.28-23.54.12:880][  0]LogTemp: Display: Module 'AndroidTargetPlatform' loaded TargetPlatform 'Android_DXTClient'
[2019.04.28-23.54.12:880][  0]LogTemp: Display: Module 'AndroidTargetPlatform' loaded TargetPlatform 'Android_ETC1Client'
[2019.04.28-23.54.12:880][  0]LogTemp: Display: Module 'AndroidTargetPlatform' loaded TargetPlatform 'Android_ETC1aClient'
[2019.04.28-23.54.12:880][  0]LogTemp: Display: Module 'AndroidTargetPlatform' loaded TargetPlatform 'Android_ETC2Client'
[2019.04.28-23.54.12:880][  0]LogTemp: Display: Module 'AndroidTargetPlatform' loaded TargetPlatform 'Android_PVRTCClient'
[2019.04.28-23.54.12:880][  0]LogTemp: Display: Module 'AndroidTargetPlatform' loaded TargetPlatform 'Android_Multi'
[2019.04.28-23.54.12:880][  0]LogTemp: Display: Module 'AndroidTargetPlatform' loaded TargetPlatform 'Android_MultiClient'
[2019.04.28-23.54.12:882][  0]LogTemp: Display: Module 'HTML5TargetPlatform' loaded TargetPlatform 'HTML5'
[2019.04.28-23.54.12:939][  0]LogTemp: Display: Module 'IOSTargetPlatform' loaded TargetPlatform 'IOSClient'
[2019.04.28-23.54.12:939][  0]LogTemp: Display: Module 'IOSTargetPlatform' loaded TargetPlatform 'IOS'
[2019.04.28-23.54.12:969][  0]LogTemp: Display: Module 'TVOSTargetPlatform' loaded TargetPlatform 'TVOSClient'
[2019.04.28-23.54.12:969][  0]LogTemp: Display: Module 'TVOSTargetPlatform' loaded TargetPlatform 'TVOS'
[2019.04.28-23.54.12:985][  0]LogTemp: Display: Module 'LinuxClientTargetPlatform' loaded TargetPlatform 'LinuxClient'
[2019.04.28-23.54.13:001][  0]LogTemp: Display: Module 'LinuxNoEditorTargetPlatform' loaded TargetPlatform 'LinuxNoEditor'
[2019.04.28-23.54.13:016][  0]LogTemp: Display: Module 'LinuxServerTargetPlatform' loaded TargetPlatform 'LinuxServer'
[2019.04.28-23.54.13:032][  0]LogTemp: Display: Module 'LinuxTargetPlatform' loaded TargetPlatform 'Linux'
[2019.04.28-23.54.13:087][  0]LogTemp: Display: Module 'LuminTargetPlatform' loaded TargetPlatform 'Lumin'
[2019.04.28-23.54.13:087][  0]LogTemp: Display: Module 'LuminTargetPlatform' loaded TargetPlatform 'LuminClient'
[2019.04.28-23.54.13:087][  0]LogTargetPlatformManager: Display: Building Assets For Windows
[2019.04.28-23.54.13:101][  0]LogAudioDebug: Display: Lib vorbis DLL was dynamically loaded.
[2019.04.28-23.54.13:194][  0]LogShaderCompilers: Guid format shader working directory is -42 characters bigger than the processId version (../../../../../../Uni_Stuff/Year3/S2/GameplayMechanics/_Coursework/CMP302_GM/RTS_BaseBuilder/Intermediate/Shaders/WorkingDirectory/17264/).
[2019.04.28-23.54.13:194][  0]LogShaderCompilers: Cleaned the shader compiler working directory 'C:/Users/Roy George/AppData/Local/Temp/UnrealShaderWorkingDir/D5B101464B417F2E3AF5FDB8AD6B3872/'.
[2019.04.28-23.54.13:199][  0]LogXGEController: Cannot use XGE Controller as Incredibuild is not installed on this machine.
[2019.04.28-23.54.13:199][  0]LogShaderCompilers: Cannot use XGE Shader Compiler as Incredibuild is not installed on this machine.
[2019.04.28-23.54.13:199][  0]LogShaderCompilers: Display: Using Local Shader Compiler.
[2019.04.28-23.54.13:810][  0]LogDerivedDataCache: Display: Max Cache Size: 512 MB
[2019.04.28-23.54.13:893][  0]LogDerivedDataCache: Loaded boot cache 0.08s 75MB C:/Users/Roy George/AppData/Local/UnrealEngine/4.22/DerivedDataCache/Boot.ddc.
[2019.04.28-23.54.13:893][  0]LogDerivedDataCache: Display: Loaded Boot cache: C:/Users/Roy George/AppData/Local/UnrealEngine/4.22/DerivedDataCache/Boot.ddc
[2019.04.28-23.54.13:894][  0]LogDerivedDataCache: FDerivedDataBackendGraph:  Pak pak cache file ../../../../../../Uni_Stuff/Year3/S2/GameplayMechanics/_Coursework/CMP302_GM/RTS_BaseBuilder/DerivedDataCache/DDC.ddp not found, will not use a pak cache.
[2019.04.28-23.54.13:894][  0]LogDerivedDataCache: Unable to find inner node Pak for hierarchical cache Hierarchy.
[2019.04.28-23.54.13:894][  0]LogDerivedDataCache: FDerivedDataBackendGraph:  CompressedPak pak cache file ../../../../../../Uni_Stuff/Year3/S2/GameplayMechanics/_Coursework/CMP302_GM/RTS_BaseBuilder/DerivedDataCache/Compressed.ddp not found, will not use a pak cache.
[2019.04.28-23.54.13:894][  0]LogDerivedDataCache: Unable to find inner node CompressedPak for hierarchical cache Hierarchy.
[2019.04.28-23.54.13:907][  0]LogDerivedDataCache: Display: Pak cache opened for reading ../../../Engine/DerivedDataCache/Compressed.ddp.
[2019.04.28-23.54.13:907][  0]LogDerivedDataCache: FDerivedDataBackendGraph:  EnterprisePak pak cache file ../../../Enterprise/DerivedDataCache/Compressed.ddp not found, will not use a pak cache.
[2019.04.28-23.54.13:907][  0]LogDerivedDataCache: Unable to find inner node EnterprisePak for hierarchical cache Hierarchy.
[2019.04.28-23.54.13:919][  0]LogDerivedDataCache: Using Local data cache path C:/Users/Roy George/AppData/Local/UnrealEngine/Common/DerivedDataCache: Writable
[2019.04.28-23.54.13:919][  0]LogDerivedDataCache: Shared data cache path not found in *engine.ini, will not use an Shared cache.
[2019.04.28-23.54.13:919][  0]LogDerivedDataCache: Unable to find inner node Shared for hierarchical cache Hierarchy.
[2019.04.28-23.54.13:944][  0]LogMaterial: Verifying Global Shaders for PCD3D_SM5
[2019.04.28-23.54.13:945][  0]LogSlate: Using FreeType 2.6.0
[2019.04.28-23.54.13:946][  0]LogSlate: SlateFontServices - WITH_FREETYPE: 1, WITH_HARFBUZZ: 1
[2019.04.28-23.54.14:045][  0]LogAssetRegistry: FAssetRegistry took 0.0361 seconds to start up
[2019.04.28-23.54.14:476][  0]LogInit: Selected Device Profile: [Windows]
[2019.04.28-23.54.14:647][  0]LogMeshReduction: Using QuadricMeshReduction for automatic static mesh reduction
[2019.04.28-23.54.14:647][  0]LogMeshReduction: Using SimplygonMeshReduction for automatic skeletal mesh reduction
[2019.04.28-23.54.14:647][  0]LogMeshReduction: Using ProxyLODMeshReduction for automatic mesh merging
[2019.04.28-23.54.14:647][  0]LogMeshReduction: No distributed automatic mesh merging module available
[2019.04.28-23.54.14:647][  0]LogMeshMerging: No distributed automatic mesh merging module available
[2019.04.28-23.54.14:660][  0]LogNetVersion: RTS_BaseBuilder 1.0.0, NetCL: 5660361, EngineNetVer: 10, GameNetVer: 0 (Checksum: 1744979706)
[2019.04.28-23.54.15:223][  0]LogPackageLocalizationCache: Processed 10 localized package path(s) for 1 prioritized culture(s) in 0.061562 seconds
[2019.04.28-23.54.15:230][  0]LogUObjectArray: 42205 objects as part of root set at end of initial load.
[2019.04.28-23.54.15:230][  0]LogUObjectAllocator: 7325032 out of 0 bytes used by permanent object pool.
[2019.04.28-23.54.15:230][  0]LogUObjectArray: CloseDisregardForGC: 0/0 objects in disregard for GC pool
[2019.04.28-23.54.16:306][  0]LogTcpMessaging: Initializing TcpMessaging bridge
[2019.04.28-23.54.16:319][  0]LogUdpMessaging: Initializing bridge on interface 0.0.0.0:0 to multicast group 230.0.0.1:6666.
[2019.04.28-23.54.16:911][  0]SourceControl: Source control is disabled
[2019.04.28-23.54.16:911][  0]SourceControl: Source control is disabled
[2019.04.28-23.54.16:914][  0]SourceControl: Source control is disabled
[2019.04.28-23.54.16:915][  0]SourceControl: Source control is disabled
[2019.04.28-23.54.17:018][  0]LogAndroidPermission: UAndroidPermissionCallbackProxy::GetInstance
[2019.04.28-23.54.17:163][  0]LogOcInput: OculusInput pre-init called
[2019.04.28-23.54.17:966][  0]LogEngine: Initializing Engine...
[2019.04.28-23.54.17:971][  0]LogHMD: Failed to initialize OpenVR with code 105
[2019.04.28-23.54.17:973][  0]LogStats: UGameplayTagsManager::InitializeManager -  0.000 s
[2019.04.28-23.54.18:206][  0]LogInit: Initializing FReadOnlyCVARCache
[2019.04.28-23.54.18:231][  0]LogAIModule: Creating AISystem for world Untitled
[2019.04.28-23.54.18:401][  0]LogInit: XAudio2 using 'Headset Earphone (HyperX 7.1 Audio)' : 2 channels at 48 kHz using 16 bits per sample (channel mask 0x3)
[2019.04.28-23.54.18:418][  0]LogInit: FAudioDevice initialized.
[2019.04.28-23.54.18:418][  0]LogNetVersion: Set ProjectVersion to 1.0.0.0. Version Checksum will be recalculated on next use.
[2019.04.28-23.54.18:483][  0]LogDerivedDataCache: Saved boot cache 0.06s 75MB C:/Users/Roy George/AppData/Local/UnrealEngine/4.22/DerivedDataCache/Boot.ddc.
[2019.04.28-23.54.18:497][  0]LogInit: Texture streaming: Enabled
[2019.04.28-23.54.18:529][  0]LogEngineSessionManager: EngineSessionManager initialized
[2019.04.28-23.54.18:568][  0]LogInit: Transaction tracking system initialized
[2019.04.28-23.54.18:622][  0]BlueprintLog: New page: Editor Load
[2019.04.28-23.54.18:788][  0]LocalizationService: Localization service is disabled
[2019.04.28-23.54.18:918][  0]LogLinker: Warning: Asset '../../../../../../Uni_Stuff/Year3/S2/GameplayMechanics/_Coursework/CMP302_GM/RTS_BaseBuilder/Content/TopDownCPP/TopDownOverview.uasset' has been saved with empty engine version. The asset will be loaded but may be incompatible.
[2019.04.28-23.54.19:174][  0]LogFileCache: Scanning file cache for directory 'C:/Uni_Stuff/Year3/S2/GameplayMechanics/_Coursework/CMP302_GM/RTS_BaseBuilder/Content/' took 0.02s
[2019.04.28-23.54.19:174][  0]LogCook: Display: Max memory allowance for cook 16384mb min free memory 0mb
[2019.04.28-23.54.19:174][  0]LogCook: Display: Mobile HDR setting 1
[2019.04.28-23.54.19:429][  0]SourceControl: Source control is disabled
[2019.04.28-23.54.19:429][  0]Cmd: MAP LOAD FILE="../../../../../../Uni_Stuff/Year3/S2/GameplayMechanics/_Coursework/CMP302_GM/RTS_BaseBuilder/Content/DemoLevel.umap" TEMPLATE=0 SHOWPROGRESS=1 FEATURELEVEL=3
[2019.04.28-23.54.19:430][  0]LightingResults: New page: Lighting Build
[2019.04.28-23.54.19:435][  0]MapCheck: New page: Map Check
[2019.04.28-23.54.19:435][  0]LightingResults: New page: Lighting Build
[2019.04.28-23.54.19:461][  0]LogUObjectHash: Compacting FUObjectHashTables data took   2.40ms
[2019.04.28-23.54.20:427][  0]LogAIModule: Creating AISystem for world DemoLevel
[2019.04.28-23.54.21:816][  0]LogEditorServer: Finished looking for orphan Actors (0.000 secs)
[2019.04.28-23.54.21:878][  0]LogUObjectHash: Compacting FUObjectHashTables data took   0.58ms
[2019.04.28-23.54.21:879][  0]Cmd: MAP CHECKDEP NOCLEARLOG
[2019.04.28-23.54.21:879][  0]MapCheck: Map check complete: 0 Error(s), 0 Warning(s), took 0.235ms to complete.
[2019.04.28-23.54.21:879][  0]LogFileHelpers: Loading map 'DemoLevel' took 2.450
[2019.04.28-23.54.22:023][  0]LogSlate: Updating window title bar state: overlay mode, drag disabled, window buttons hidden, title bar hidden
[2019.04.28-23.54.22:033][  0]LogSlate: Updating window title bar state: overlay mode, drag disabled, window buttons hidden, title bar hidden
[2019.04.28-23.54.22:042][  0]LogSlate: Updating window title bar state: overlay mode, drag disabled, window buttons hidden, title bar hidden
[2019.04.28-23.54.22:051][  0]LogSlate: Updating window title bar state: overlay mode, drag disabled, window buttons hidden, title bar hidden
[2019.04.28-23.54.22:069][  0]LogCollectionManager: Loaded 0 collections in 0.003845 seconds
[2019.04.28-23.54.22:096][  0]LogFileCache: Scanning file cache for directory 'C:/Uni_Stuff/Year3/S2/GameplayMechanics/_Coursework/CMP302_GM/RTS_BaseBuilder/Saved/Collections/' took 0.01s
[2019.04.28-23.54.22:096][  0]LogFileCache: Scanning file cache for directory 'C:/Uni_Stuff/Year3/S2/GameplayMechanics/_Coursework/CMP302_GM/RTS_BaseBuilder/Content/Developers/GavinGeorge/Collections/' took 0.00s
[2019.04.28-23.54.22:096][  0]LogFileCache: Scanning file cache for directory 'C:/Uni_Stuff/Year3/S2/GameplayMechanics/_Coursework/CMP302_GM/RTS_BaseBuilder/Content/Collections/' took 0.00s
[2019.04.28-23.54.22:096][  0]LogCollectionManager: Rebuilt the GUID cache for 0 collections in 0.000000 seconds
[2019.04.28-23.54.22:111][  0]LogContentBrowser: Native class hierarchy populated in 0.0128 seconds. Added 2748 classes and 661 folders.
[2019.04.28-23.54.22:128][  0]LogContentBrowser: Native class hierarchy updated for 'WidgetCarousel' in 0.0011 seconds. Added 0 classes and 0 folders.
[2019.04.28-23.54.22:137][  0]LogPakFile: Registered encryption key '00000000000000000000000000000000': 0 pak files mounted, 0 remain pending
[2019.04.28-23.54.22:140][  0]LogPakFile: Registered encryption key '00000000000000000000000000000000': 0 pak files mounted, 0 remain pending
[2019.04.28-23.54.22:142][  0]LogPakFile: Registered encryption key '00000000000000000000000000000000': 0 pak files mounted, 0 remain pending
[2019.04.28-23.54.22:145][  0]LogPakFile: Registered encryption key '00000000000000000000000000000000': 0 pak files mounted, 0 remain pending
[2019.04.28-23.54.22:147][  0]LogPakFile: Registered encryption key '00000000000000000000000000000000': 0 pak files mounted, 0 remain pending
[2019.04.28-23.54.22:150][  0]LogPakFile: Registered encryption key '00000000000000000000000000000000': 0 pak files mounted, 0 remain pending
[2019.04.28-23.54.22:152][  0]LogPakFile: Registered encryption key '00000000000000000000000000000000': 0 pak files mounted, 0 remain pending
[2019.04.28-23.54.22:154][  0]LogPakFile: Registered encryption key '00000000000000000000000000000000': 0 pak files mounted, 0 remain pending
[2019.04.28-23.54.22:157][  0]LogPakFile: Registered encryption key '00000000000000000000000000000000': 0 pak files mounted, 0 remain pending
[2019.04.28-23.54.22:159][  0]LogPakFile: Registered encryption key '00000000000000000000000000000000': 0 pak files mounted, 0 remain pending
[2019.04.28-23.54.22:161][  0]LogPakFile: Registered encryption key '00000000000000000000000000000000': 0 pak files mounted, 0 remain pending
[2019.04.28-23.54.22:164][  0]LogPakFile: Registered encryption key '00000000000000000000000000000000': 0 pak files mounted, 0 remain pending
[2019.04.28-23.54.22:166][  0]LogPakFile: Registered encryption key '00000000000000000000000000000000': 0 pak files mounted, 0 remain pending
[2019.04.28-23.54.22:168][  0]LogPakFile: Registered encryption key '00000000000000000000000000000000': 0 pak files mounted, 0 remain pending
[2019.04.28-23.54.22:170][  0]LogPakFile: Registered encryption key '00000000000000000000000000000000': 0 pak files mounted, 0 remain pending
[2019.04.28-23.54.22:173][  0]LogPakFile: Registered encryption key '00000000000000000000000000000000': 0 pak files mounted, 0 remain pending
[2019.04.28-23.54.22:175][  0]LogPakFile: Registered encryption key '00000000000000000000000000000000': 0 pak files mounted, 0 remain pending
[2019.04.28-23.54.22:178][  0]LogPakFile: Registered encryption key '00000000000000000000000000000000': 0 pak files mounted, 0 remain pending
[2019.04.28-23.54.22:180][  0]LogPakFile: Registered encryption key '00000000000000000000000000000000': 0 pak files mounted, 0 remain pending
[2019.04.28-23.54.22:182][  0]LogPakFile: Registered encryption key '00000000000000000000000000000000': 0 pak files mounted, 0 remain pending
[2019.04.28-23.54.22:184][  0]LogPakFile: Registered encryption key '00000000000000000000000000000000': 0 pak files mounted, 0 remain pending
[2019.04.28-23.54.22:187][  0]LogPakFile: Registered encryption key '00000000000000000000000000000000': 0 pak files mounted, 0 remain pending
[2019.04.28-23.54.22:189][  0]LogPakFile: Registered encryption key '00000000000000000000000000000000': 0 pak files mounted, 0 remain pending
[2019.04.28-23.54.22:191][  0]LogPakFile: Registered encryption key '00000000000000000000000000000000': 0 pak files mounted, 0 remain pending
[2019.04.28-23.54.22:193][  0]LogPakFile: Registered encryption key '00000000000000000000000000000000': 0 pak files mounted, 0 remain pending
[2019.04.28-23.54.22:196][  0]LogPakFile: Registered encryption key '00000000000000000000000000000000': 0 pak files mounted, 0 remain pending
[2019.04.28-23.54.22:355][  0]LogContentBrowser: Native class hierarchy updated for 'AddContentDialog' in 0.0010 seconds. Added 0 classes and 0 folders.
[2019.04.28-23.54.22:369][  0]LogContentBrowser: Native class hierarchy updated for 'SceneOutliner' in 0.0010 seconds. Added 1 classes and 2 folders.
[2019.04.28-23.54.24:692][  0]LogSlate: Only BGRA pngs, bmps or icos are supported in by External Image Picker
[2019.04.28-23.54.24:722][  0]LogSlate: Took 0.000263 seconds to synchronously load lazily loaded font '../../../Engine/Content/Slate/Fonts/Roboto-Regular.ttf' (155K)
[2019.04.28-23.54.24:727][  0]LogSlate: Took 0.000219 seconds to synchronously load lazily loaded font '../../../Engine/Content/Slate/Fonts/Roboto-Bold.ttf' (160K)
[2019.04.28-23.54.24:734][  0]LogSlate: Took 0.001606 seconds to synchronously load lazily loaded font '../../../Engine/Content/Editor/Slate/Fonts/FontAwesome.ttf' (139K)
[2019.04.28-23.54.24:847][  0]LogRenderer: Reallocating scene render targets to support 1144x572 Format 10 NumSamples 1 (Frame:1).
[2019.04.28-23.54.24:944][  0]LogSlate: Took 0.002635 seconds to synchronously load lazily loaded font '../../../Engine/Content/Slate/Fonts/Roboto-Light.ttf' (167K)
[2019.04.28-23.54.25:036][  0]LogContentBrowser: Native class hierarchy updated for 'HierarchicalLODOutliner' in 0.0010 seconds. Added 0 classes and 0 folders.
[2019.04.28-23.54.25:037][  0]LogLoad: (Engine Initialization) Total time: 16.74 seconds
[2019.04.28-23.54.25:037][  0]LogLoad: (Engine Initialization) Total Blueprint compile time: 0.00 seconds
[2019.04.28-23.54.25:047][  0]LogWindowsTextInputMethodSystem: Display: IME system now deactivated.
[2019.04.28-23.54.25:119][  0]LogAssetRegistry: Asset discovery search completed in 11.0964 seconds
[2019.04.28-23.54.25:121][  0]LogCollectionManager: Rebuilt the object cache for 0 collections in 0.000000 seconds (found 0 objects)
[2019.04.28-23.54.25:121][  0]LogCollectionManager: Fixed up redirectors for 0 collections in 0.000072 seconds (updated 0 objects)
[2019.04.28-23.54.25:122][  0]LogContentStreaming: Texture pool size now 1000 MB
[2019.04.28-23.54.29:194][457]LogTemp: IOS device listing is disabled (to many failed attempts)!
[2019.04.28-23.55.52:147][988]LogEditorViewport: Clicking on Actor (LMB): Landscape (Landscape)
[2019.04.28-23.55.52:948][ 63]LogSlate: FSceneViewport::OnFocusLost() reason 0
[2019.04.28-23.55.53:032][ 73]LogTemp: Repeating last play command: Selected Viewport
[2019.04.28-23.55.53:049][ 73]LogBlueprintUserMessages: Early PlayInEditor Detection: Level '/Game/DemoLevel.DemoLevel:PersistentLevel' has LevelScriptBlueprint '/Game/DemoLevel.DemoLevel:PersistentLevel.DemoLevel' with GeneratedClass '/Game/DemoLevel.DemoLevel_C' with ClassGeneratedBy '/Game/DemoLevel.DemoLevel:PersistentLevel.DemoLevel'
[2019.04.28-23.55.53:049][ 73]LogPlayLevel: PlayLevel: No blueprints needed recompiling
[2019.04.28-23.55.53:051][ 73]PIE: New page: PIE session: DemoLevel (29 Apr 2019 01:55:53)
[2019.04.28-23.55.53:063][ 73]LogPlayLevel: Creating play world package: /Game/UEDPIE_0_DemoLevel
[2019.04.28-23.55.53:114][ 73]LogPlayLevel: PIE: StaticDuplicateObject took: (0.050821s)
[2019.04.28-23.55.53:115][ 73]LogAIModule: Creating AISystem for world DemoLevel
[2019.04.28-23.55.53:115][ 73]LogPlayLevel: PIE: World Init took: (0.000916s)
[2019.04.28-23.55.53:115][ 73]LogPlayLevel: PIE: Created PIE world by copying editor world from /Game/DemoLevel.DemoLevel to /Game/UEDPIE_0_DemoLevel.DemoLevel (0.052243s)
[2019.04.28-23.55.53:137][ 73]LogUObjectHash: Compacting FUObjectHashTables data took   1.21ms
[2019.04.28-23.55.53:167][ 73]LogInit: XAudio2 using 'Headset Earphone (HyperX 7.1 Audio)' : 2 channels at 48 kHz using 16 bits per sample (channel mask 0x3)
[2019.04.28-23.55.53:179][ 73]LogInit: FAudioDevice initialized.
[2019.04.28-23.55.53:221][ 73]LogLoad: Game class is 'GG_RTS_GameMode'
[2019.04.28-23.55.53:227][ 73]LogWorld: Bringing World /Game/UEDPIE_0_DemoLevel.DemoLevel up for play (max tick rate 0) at 2019.04.29-00.55.53
[2019.04.28-23.55.53:228][ 73]LogWorld: Bringing up level for play took: 0.006058
[2019.04.28-23.55.53:253][ 73]LogContentBrowser: Native class hierarchy updated for 'MovieSceneCapture' in 0.0010 seconds. Added 20 classes and 0 folders.
[2019.04.28-23.55.53:254][ 73]PIE: Play in editor start time for /Game/UEDPIE_0_DemoLevel -0.218
[2019.04.28-23.55.53:254][ 73]LogBlueprintUserMessages: Late PlayInEditor Detection: Level '/Game/DemoLevel.DemoLevel:PersistentLevel' has LevelScriptBlueprint '/Game/DemoLevel.DemoLevel:PersistentLevel.DemoLevel' with GeneratedClass '/Game/DemoLevel.DemoLevel_C' with ClassGeneratedBy '/Game/DemoLevel.DemoLevel:PersistentLevel.DemoLevel'
[2019.04.28-23.56.12:064][328]LogTemp: Warning: RESOURCE
[2019.04.28-23.56.14:827][659]LogTemp: Warning: RESOURCE
[2019.04.28-23.56.28:201][260]LogTemp: Warning: RESOURCE
[2019.04.28-23.56.39:535][619]LogTemp: Warning: BUILDING
[2019.04.28-23.56.52:197][138]LogTemp: Warning: RESOURCE
[2019.04.28-23.56.59:879][ 57]LogSlate: FSceneViewport::OnFocusLost() reason 0
[2019.04.29-00.03.23:577][465]LogSlate: FSceneViewport::OnFocusLost() reason 0
[2019.04.29-00.03.23:661][475]LogBlueprintUserMessages: Early EndPlayMap Detection: Level '/Game/DemoLevel.DemoLevel:PersistentLevel' has LevelScriptBlueprint '/Game/DemoLevel.DemoLevel:PersistentLevel.DemoLevel' with GeneratedClass '/Game/DemoLevel.DemoLevel_C' with ClassGeneratedBy '/Game/DemoLevel.DemoLevel:PersistentLevel.DemoLevel'
[2019.04.29-00.03.23:661][475]LogSlate: Updating window title bar state: overlay mode, drag disabled, window buttons hidden, title bar hidden
[2019.04.29-00.03.23:696][475]LogPlayLevel: Display: Shutting down PIE online subsystems
[2019.04.29-00.03.23:697][475]LogBlueprintUserMessages: Late EndPlayMap Detection: Level '/Game/DemoLevel.DemoLevel:PersistentLevel' has LevelScriptBlueprint '/Game/DemoLevel.DemoLevel:PersistentLevel.DemoLevel' with GeneratedClass '/Game/DemoLevel.DemoLevel_C' with ClassGeneratedBy '/Game/DemoLevel.DemoLevel:PersistentLevel.DemoLevel'
[2019.04.29-00.03.23:723][475]LogSlate: Updating window title bar state: overlay mode, drag disabled, window buttons hidden, title bar hidden
[2019.04.29-00.03.23:727][475]LogUObjectHash: Compacting FUObjectHashTables data took   1.80ms
[2019.04.29-00.03.23:760][478]LogPlayLevel: Display: Destroying online subsystem :Context_7
[2019.04.29-00.03.25:201][645]Candidate modules for hot reload:
[2019.04.29-00.03.25:202][645]  RTS_BaseBuilder
[2019.04.29-00.03.25:202][645]Launching UnrealBuildTool... [C:/Program Files/Epic Games/UE_4.22/Engine/Binaries/DotNET/UnrealBuildTool.exe  -ModuleWithSuffix=RTS_BaseBuilder,7538 Win64 Development -TargetType=Editor -Project="C:/Uni_Stuff/Year3/S2/GameplayMechanics/_Coursework/CMP302_GM/RTS_BaseBuilder/RTS_BaseBuilder.uproject" "C:/Uni_Stuff/Year3/S2/GameplayMechanics/_Coursework/CMP302_GM/RTS_BaseBuilder/RTS_BaseBuilder.uproject"  -IgnoreJunk]
[2019.04.29-00.03.25:206][645]Warning: Starting HotReload took  0.0s.
[2019.04.29-00.04.11:814][891]CompilerResultsLog: New page: Compilation - 29 Apr 2019 02:04:11
[2019.04.29-00.04.11:815][891]CompilerResultsLog: Creating makefile for RTS_BaseBuilderEditor (ini files are newer than makefile)
[2019.04.29-00.04.11:815][891]CompilerResultsLog: Parsing headers for RTS_BaseBuilderEditor
[2019.04.29-00.04.11:815][891]CompilerResultsLog:   Running UnrealHeaderTool "C:\Uni_Stuff\Year3\S2\GameplayMechanics\_Coursework\CMP302_GM\RTS_BaseBuilder\RTS_BaseBuilder.uproject" "C:\Uni_Stuff\Year3\S2\GameplayMechanics\_Coursework\CMP302_GM\RTS_BaseBuilder\Intermediate\Build\Win64\RTS_BaseBuilderEditor\Development\RTS_BaseBuilderEditor.uhtmanifest" -LogCmds="loginit warning, logexit warning, logdatabase error" -Unattended -WarningsAsErrors -installed
[2019.04.29-00.04.11:815][891]CompilerResultsLog: Reflection code generated for RTS_BaseBuilderEditor in 9.1857779 seconds
[2019.04.29-00.04.11:815][891]CompilerResultsLog: Using Visual Studio 2017 14.16.27023 toolchain (C:\Program Files (x86)\Microsoft Visual Studio\2017\Community\VC\Tools\MSVC\14.16.27023) and Windows 10.0.16299.0 SDK (C:\Program Files (x86)\Windows Kits\10).
[2019.04.29-00.04.11:815][891]CompilerResultsLog: Building 16 actions with 4 processes...
[2019.04.29-00.04.11:815][891]CompilerResultsLog:   [1/16] GG_RTS_Worker.gen.cpp
[2019.04.29-00.04.11:815][891]CompilerResultsLog:   [2/16] GG_RTS_PlayerController.gen.cpp
[2019.04.29-00.04.11:815][891]CompilerResultsLog:   [3/16] GG_RTS_HUD.gen.cpp
[2019.04.29-00.04.11:815][891]CompilerResultsLog:   [4/16] GG_RTS_Camera.gen.cpp
[2019.04.29-00.04.11:815][891]CompilerResultsLog:   [5/16] GG_RTS_CollectionTask.cpp
[2019.04.29-00.04.11:815][891]CompilerResultsLog:   [6/16] GG_RTS_ConstructionTask.cpp
[2019.04.29-00.04.11:815][891]CompilerResultsLog:   [7/16] GG_RTS_HUD.cpp
[2019.04.29-00.04.11:815][891]CompilerResultsLog:   [8/16] GG_RTS_Camera.cpp
[2019.04.29-00.04.11:815][891]CompilerResultsLog:   [9/16] GG_RTS_MovementTask.cpp
[2019.04.29-00.04.11:815][891]CompilerResultsLog:   [10/16] GG_RTS_UnitBuilding.cpp
[2019.04.29-00.04.11:815][891]CompilerResultsLog:   [11/16] GG_RTS_GameMode.cpp
[2019.04.29-00.04.11:815][891]CompilerResultsLog:   [12/16] GG_RTS_PlayerController.cpp
[2019.04.29-00.04.11:815][891]CompilerResultsLog:   [13/16] GG_RTS_Worker.cpp
[2019.04.29-00.04.11:815][891]CompilerResultsLog:   [14/16] UE4Editor-RTS_BaseBuilder-7538.lib
[2019.04.29-00.04.11:815][891]CompilerResultsLog:      Creating library C:\Uni_Stuff\Year3\S2\GameplayMechanics\_Coursework\CMP302_GM\RTS_BaseBuilder\Intermediate\Build\Win64\UE4Editor\Development\RTS_BaseBuilder\UE4Editor-RTS_BaseBuilder-7538.lib and object C:\Uni_Stuff\Year3\S2\GameplayMechanics\_Coursework\CMP302_GM\RTS_BaseBuilder\Intermediate\Build\Win64\UE4Editor\Development\RTS_BaseBuilder\UE4Editor-RTS_BaseBuilder-7538.exp
[2019.04.29-00.04.11:815][891]CompilerResultsLog:   [15/16] UE4Editor-RTS_BaseBuilder-7538.dll
[2019.04.29-00.04.11:815][891]CompilerResultsLog:      Creating library C:\Uni_Stuff\Year3\S2\GameplayMechanics\_Coursework\CMP302_GM\RTS_BaseBuilder\Intermediate\Build\Win64\UE4Editor\Development\RTS_BaseBuilder\UE4Editor-RTS_BaseBuilder-7538.suppressed.lib and object C:\Uni_Stuff\Year3\S2\GameplayMechanics\_Coursework\CMP302_GM\RTS_BaseBuilder\Intermediate\Build\Win64\UE4Editor\Development\RTS_BaseBuilder\UE4Editor-RTS_BaseBuilder-7538.suppressed.exp
[2019.04.29-00.04.11:815][891]CompilerResultsLog:   [16/16] RTS_BaseBuilderEditor.target
[2019.04.29-00.04.11:815][891]CompilerResultsLog: Total time in Parallel executor: 33.33 seconds
[2019.04.29-00.04.11:815][891]CompilerResultsLog: Total execution time: 46.50 seconds
[2019.04.29-00.04.11:815][891]LogMainFrame: MainFrame: Module compiling took 46.617 seconds
[2019.04.29-00.04.11:838][891]LogUObjectHash: Compacting FUObjectHashTables data took   0.60ms
[2019.04.29-00.04.11:874][891]LogClass: TaskStatus HotReload.
[2019.04.29-00.04.11:874][891]LogClass: Action HotReload.
[2019.04.29-00.04.11:874][891]LogClass: HUD_Element HotReload.
[2019.04.29-00.04.11:874][891]LogClass: QueuedUnit HotReload.
[2019.04.29-00.04.11:880][891]LogHotReload: Re-instancing GG_RTS_ResourceBuilding after hot-reload.
[2019.04.29-00.04.11:972][891]LogHotReload: Re-instancing GG_RTS_Stone after hot-reload.
[2019.04.29-00.04.12:061][891]LogHotReload: Re-instancing GG_RTS_UnitBuilding after hot-reload.
[2019.04.29-00.04.12:148][891]LogHotReload: Re-instancing GG_RTS_Wood after hot-reload.
[2019.04.29-00.04.12:247][891]LogHotReload: Re-instancing GG_RTS_Worker after hot-reload.
[2019.04.29-00.04.12:349][891]LogContentBrowser: Native class hierarchy updated for 'RTS_BaseBuilder' in 0.0011 seconds. Added 16 classes and 2 folders.
[2019.04.29-00.04.12:351][891]Display: HotReload successful (14 functions remapped  2 scriptstructs remapped)
[2019.04.29-00.04.12:444][891]LogUObjectHash: Compacting FUObjectHashTables data took   1.72ms
[2019.04.29-00.04.12:459][891]LogContentBrowser: Native class hierarchy populated in 0.0106 seconds. Added 2749 classes and 663 folders.
[2019.04.29-00.04.12:459][891]Display: HotReload took 47.3s.
[2019.04.29-00.04.27:901][737]LogTemp: Repeating last play command: Selected Viewport
[2019.04.29-00.04.27:919][737]LogBlueprintUserMessages: Early PlayInEditor Detection: Level '/Game/DemoLevel.DemoLevel:PersistentLevel' has LevelScriptBlueprint '/Game/DemoLevel.DemoLevel:PersistentLevel.DemoLevel' with GeneratedClass '/Game/DemoLevel.DemoLevel_C' with ClassGeneratedBy '/Game/DemoLevel.DemoLevel:PersistentLevel.DemoLevel'
[2019.04.29-00.04.27:919][737]LogPlayLevel: PlayLevel: No blueprints needed recompiling
[2019.04.29-00.04.27:919][737]PIE: New page: PIE session: DemoLevel (29 Apr 2019 02:04:27)
[2019.04.29-00.04.27:920][737]LogPlayLevel: Creating play world package: /Game/UEDPIE_0_DemoLevel
[2019.04.29-00.04.27:967][737]LogPlayLevel: PIE: StaticDuplicateObject took: (0.047250s)
[2019.04.29-00.04.27:967][737]LogAIModule: Creating AISystem for world DemoLevel
[2019.04.29-00.04.27:968][737]LogPlayLevel: PIE: World Init took: (0.000696s)
[2019.04.29-00.04.27:968][737]LogPlayLevel: PIE: Created PIE world by copying editor world from /Game/DemoLevel.DemoLevel to /Game/UEDPIE_0_DemoLevel.DemoLevel (0.048150s)
[2019.04.29-00.04.27:989][737]LogUObjectHash: Compacting FUObjectHashTables data took   1.23ms
[2019.04.29-00.04.28:020][737]LogInit: XAudio2 using 'Headset Earphone (HyperX 7.1 Audio)' : 2 channels at 48 kHz using 16 bits per sample (channel mask 0x3)
[2019.04.29-00.04.28:032][737]LogInit: FAudioDevice initialized.
[2019.04.29-00.04.28:059][737]LogLoad: Game class is 'GG_RTS_GameMode'
[2019.04.29-00.04.28:064][737]LogWorld: Bringing World /Game/UEDPIE_0_DemoLevel.DemoLevel up for play (max tick rate 0) at 2019.04.29-01.04.28
[2019.04.29-00.04.28:065][737]LogWorld: Bringing up level for play took: 0.005558
[2019.04.29-00.04.28:078][737]PIE: Play in editor start time for /Game/UEDPIE_0_DemoLevel 0.606
[2019.04.29-00.04.28:078][737]LogBlueprintUserMessages: Late PlayInEditor Detection: Level '/Game/DemoLevel.DemoLevel:PersistentLevel' has LevelScriptBlueprint '/Game/DemoLevel.DemoLevel:PersistentLevel.DemoLevel' with GeneratedClass '/Game/DemoLevel.DemoLevel_C' with ClassGeneratedBy '/Game/DemoLevel.DemoLevel:PersistentLevel.DemoLevel'
[2019.04.29-00.04.29:928][956]LogTemp: Warning: RESOURCE
[2019.04.29-00.04.34:570][513]LogTemp: Warning: BUILDING
[2019.04.29-00.04.40:781][258]LogTemp: Warning: BUILDING
[2019.04.29-00.04.52:894][711]LogTemp: Warning: RESOURCE
[2019.04.29-00.05.12:224][ 28]LogTemp: Warning: RESOURCE
[2019.04.29-00.05.24:004][441]LogTemp: Warning: RESOURCE
[2019.04.29-00.05.53:803][ 15]LogTemp: Warning: RESOURCE
[2019.04.29-00.06.12:139][ 19]LogWindows: Error: === Critical error: ===
[2019.04.29-00.06.12:139][ 19]LogWindows: Error: 
[2019.04.29-00.06.12:139][ 19]LogWindows: Error: Fatal error!
[2019.04.29-00.06.12:139][ 19]LogWindows: Error: 
[2019.04.29-00.06.12:139][ 19]LogWindows: Error: Unhandled Exception: EXCEPTION_ACCESS_VIOLATION 0x00000002
[2019.04.29-00.06.12:139][ 19]LogWindows: Error: 
[2019.04.29-00.06.12:139][ 19]LogWindows: Error: [Callstack] 0x0000000c00000002 UnknownFunction []
[2019.04.29-00.06.12:139][ 19]LogWindows: Error: [Callstack] 0x00007ffa53977ef5 UE4Editor-RTS_BaseBuilder-7538.dll!GG_RTS_CollectionTask::GatherResource() [c:\uni_stuff\year3\s2\gameplaymechanics\_coursework\cmp302_gm\rts_basebuilder\source\rts_basebuilder\gg_rts_collectiontask.cpp:35]
[2019.04.29-00.06.12:139][ 19]LogWindows: Error: [Callstack] 0x00007ffa5398219e UE4Editor-RTS_BaseBuilder-7538.dll!AGG_RTS_Worker::Tick() [c:\uni_stuff\year3\s2\gameplaymechanics\_coursework\cmp302_gm\rts_basebuilder\source\rts_basebuilder\gg_rts_worker.cpp:58]
[2019.04.29-00.06.12:139][ 19]LogWindows: Error: [Callstack] 0x00007ffa64ddfca2 UE4Editor-Engine.dll!UnknownFunction []
[2019.04.29-00.06.12:139][ 19]LogWindows: Error: [Callstack] 0x00007ffa64daaced UE4Editor-Engine.dll!UnknownFunction []
[2019.04.29-00.06.12:139][ 19]LogWindows: Error: [Callstack] 0x00007ffa65d629ac UE4Editor-Engine.dll!UnknownFunction []
[2019.04.29-00.06.12:139][ 19]LogWindows: Error: [Callstack] 0x00007ffa736122d8 UE4Editor-Core.dll!UnknownFunction []
[2019.04.29-00.06.12:139][ 19]LogWindows: Error: [Callstack] 0x00007ffa73612563 UE4Editor-Core.dll!UnknownFunction []
[2019.04.29-00.06.12:139][ 19]LogWindows: Error: [Callstack] 0x00007ffa73622309 UE4Editor-Core.dll!UnknownFunction []
[2019.04.29-00.06.12:139][ 19]LogWindows: Error: [Callstack] 0x00007ffa65dab0d3 UE4Editor-Engine.dll!UnknownFunction []
[2019.04.29-00.06.12:139][ 19]LogWindows: Error: [Callstack] 0x00007ffa65db7362 UE4Editor-Engine.dll!UnknownFunction []
[2019.04.29-00.06.12:139][ 19]LogWindows: Error: [Callstack] 0x00007ffa655d9b5f UE4Editor-Engine.dll!UnknownFunction []
[2019.04.29-00.06.12:139][ 19]LogWindows: Error: [Callstack] 0x00007ffa655e3d38 UE4Editor-Engine.dll!UnknownFunction []
[2019.04.29-00.06.12:139][ 19]LogWindows: Error: [Callstack] 0x00007ffa6c0a02c7 UE4Editor-UnrealEd.dll!UnknownFunction []
[2019.04.29-00.06.12:139][ 19]LogWindows: Error: [Callstack] 0x00007ffa6c8bc3d6 UE4Editor-UnrealEd.dll!UnknownFunction []
[2019.04.29-00.06.12:139][ 19]LogWindows: Error: [Callstack] 0x00007ff72d506bb1 UE4Editor.exe!UnknownFunction []
[2019.04.29-00.06.12:139][ 19]LogWindows: Error: [Callstack] 0x00007ff72d51554c UE4Editor.exe!UnknownFunction []
[2019.04.29-00.06.12:139][ 19]LogWindows: Error: [Callstack] 0x00007ff72d5155ca UE4Editor.exe!UnknownFunction []
[2019.04.29-00.06.12:139][ 19]LogWindows: Error: [Callstack] 0x00007ff72d52315c UE4Editor.exe!UnknownFunction []
[2019.04.29-00.06.12:139][ 19]LogWindows: Error: [Callstack] 0x00007ff72d525b7e UE4Editor.exe!UnknownFunction []
[2019.04.29-00.06.12:139][ 19]LogWindows: Error: [Callstack] 0x00007ffab5344034 KERNEL32.DLL!UnknownFunction []
[2019.04.29-00.06.12:139][ 19]LogWindows: Error: [Callstack] 0x00007ffab59f3691 ntdll.dll!UnknownFunction []
[2019.04.29-00.06.12:139][ 19]LogWindows: Error: 
[2019.04.29-00.06.12:159][ 19]LogExit: Executing StaticShutdownAfterError
[2019.04.29-00.06.12:162][ 19]LogWindows: FPlatformMisc::RequestExit(1)
[2019.04.29-00.06.12:173][ 19]Log file closed, 04/29/19 01:06:12
