Log file open, 04/29/19 01:07:03
LogWindows: Failed to load 'aqProf.dll' (GetLastError=126)
LogWindows: File 'aqProf.dll' does not exist
LogWindows: Failed to load 'VtuneApi.dll' (GetLastError=126)
LogWindows: File 'VtuneApi.dll' does not exist
LogWindows: Failed to load 'VtuneApi32e.dll' (GetLastError=126)
LogWindows: File 'VtuneApi32e.dll' does not exist
LogConsoleResponse: Display: Failed to find resolution value strings in scalability ini. Falling back to default.
LogInit: Display: Running engine for game: RTS_BaseBuilder
LogPakFile: Registered encryption key '00000000000000000000000000000000': 0 pak files mounted, 0 remain pending
LogPlatformFile: Not using cached read wrapper
LogTaskGraph: Started task graph with 5 named threads and 14 total threads with 3 sets of task threads.
LogStats: Stats thread started at 0.224912
LogD3D11RHI: Loaded GFSDK_Aftermath_Lib.x64.dll
LogWindows: Failed to load '../../../Engine/Binaries/ThirdParty/libsndfile/Win64/libsndfile-1.dll' (GetLastError=126)
LogWindows: File '../../../Engine/Binaries/ThirdParty/libsndfile/Win64/libsndfile-1.dll' does not exist
LogAudioMixer: Display: Failed to load Sound File dll
LogAudioEditor: Display: LibSoundFile failed to load. Importing audio will not work correctly.
LogICUInternationalization: ICU TimeZone Detection - Raw Offset: +0:00, Platform Override: ''
LogPluginManager: Mounting plugin Paper2D
LogPluginManager: Mounting plugin AISupport
LogPluginManager: Mounting plugin LightPropagationVolume
LogPluginManager: Mounting plugin ActorLayerUtilities
LogPluginManager: Mounting plugin AnimationSharing
LogPluginManager: Mounting plugin CLionSourceCodeAccess
LogPluginManager: Mounting plugin CodeLiteSourceCodeAccess
LogPluginManager: Mounting plugin GitSourceControl
LogPluginManager: Mounting plugin KDevelopSourceCodeAccess
LogPluginManager: Mounting plugin NullSourceCodeAccess
LogPluginManager: Mounting plugin PerforceSourceControl
LogPluginManager: Mounting plugin SubversionSourceControl
LogPluginManager: Mounting plugin UObjectPlugin
LogPluginManager: Mounting plugin VisualStudioCodeSourceCodeAccess
LogPluginManager: Mounting plugin VisualStudioSourceCodeAccess
LogPluginManager: Mounting plugin XCodeSourceCodeAccess
LogPluginManager: Mounting plugin AssetManagerEditor
LogPluginManager: Mounting plugin CryptoKeys
LogPluginManager: Mounting plugin DataValidation
LogPluginManager: Mounting plugin FacialAnimation
LogPluginManager: Mounting plugin GameplayTagsEditor
LogPluginManager: Mounting plugin MacGraphicsSwitching
LogPluginManager: Mounting plugin MaterialAnalyzer
LogPluginManager: Mounting plugin MobileLauncherProfileWizard
LogPluginManager: Mounting plugin PluginBrowser
LogPluginManager: Mounting plugin SpeedTreeImporter
LogPluginManager: Mounting plugin DatasmithContent
LogPluginManager: Mounting plugin VariantManagerContent
LogPluginManager: Mounting plugin AlembicImporter
LogPluginManager: Mounting plugin AppleImageUtils
LogPluginManager: Mounting plugin AppleVision
LogPluginManager: Mounting plugin BackChannel
LogPluginManager: Mounting plugin CharacterAI
LogPluginManager: Mounting plugin GeometryCache
LogPluginManager: Mounting plugin HTML5Networking
LogPluginManager: Mounting plugin ProxyLODPlugin
LogPluginManager: Mounting plugin SkeletalReduction
LogPluginManager: Mounting plugin MagicLeap
LogPluginManager: Mounting plugin MagicLeapMedia
LogPluginManager: Mounting plugin AndroidMedia
LogPluginManager: Mounting plugin AvfMedia
LogPluginManager: Mounting plugin ImgMedia
LogPluginManager: Mounting plugin LinearTimecode
LogPluginManager: Mounting plugin MediaCompositing
LogPluginManager: Mounting plugin MediaPlayerEditor
LogPluginManager: Mounting plugin WebMMedia
LogPluginManager: Mounting plugin WmfMedia
LogPluginManager: Mounting plugin TcpMessaging
LogPluginManager: Mounting plugin UdpMessaging
LogPluginManager: Mounting plugin ActorSequence
LogPluginManager: Mounting plugin LevelSequenceEditor
LogPluginManager: Mounting plugin MatineeToLevelSequence
LogPluginManager: Mounting plugin NetcodeUnitTest
LogPluginManager: Mounting plugin NUTUnrealEngine4
LogPluginManager: Mounting plugin OnlineSubsystemGooglePlay
LogPluginManager: Mounting plugin OnlineSubsystemIOS
LogPluginManager: Mounting plugin OnlineSubsystem
LogPluginManager: Mounting plugin OnlineSubsystemNull
LogPluginManager: Mounting plugin OnlineSubsystemUtils
LogPluginManager: Mounting plugin LauncherChunkInstaller
LogPluginManager: Mounting plugin AndroidDeviceProfileSelector
LogPluginManager: Mounting plugin AndroidMoviePlayer
LogPluginManager: Mounting plugin AndroidPermission
LogPluginManager: Mounting plugin AppleMoviePlayer
LogPluginManager: Mounting plugin ArchVisCharacter
LogPluginManager: Mounting plugin AudioCapture
LogPluginManager: Mounting plugin CableComponent
LogPluginManager: Mounting plugin CustomMeshComponent
LogPluginManager: Mounting plugin EditableMesh
LogPluginManager: Mounting plugin ExampleDeviceProfileSelector
LogPluginManager: Mounting plugin Firebase
LogPluginManager: Mounting plugin GoogleCloudMessaging
LogPluginManager: Mounting plugin IOSDeviceProfileSelector
LogPluginManager: Mounting plugin LinuxDeviceProfileSelector
LogPluginManager: Mounting plugin LocationServicesBPLibrary
LogPluginManager: Mounting plugin MobilePatchingUtils
LogPluginManager: Mounting plugin OculusVR
LogPluginManager: Mounting plugin PhysXVehicles
LogPluginManager: Mounting plugin ProceduralMeshComponent
LogPluginManager: Mounting plugin RuntimePhysXCooking
LogPluginManager: Mounting plugin SignificanceManager
LogPluginManager: Mounting plugin SteamVR
LogPluginManager: Mounting plugin WebMMoviePlayer
LogPluginManager: Mounting plugin WindowsMoviePlayer
LogInit: Using libcurl 7.55.1-DEV
LogInit:  - built for x86_64-pc-win32
LogInit:  - supports SSL with OpenSSL/1.1.1
LogInit:  - supports HTTP deflate (compression) using libz 1.2.8
LogInit:  - other features:
LogInit:      CURL_VERSION_SSL
LogInit:      CURL_VERSION_LIBZ
LogInit:      CURL_VERSION_IPV6
LogInit:      CURL_VERSION_ASYNCHDNS
LogInit:      CURL_VERSION_LARGEFILE
LogInit:      CURL_VERSION_IDN
LogInit:  CurlRequestOptions (configurable via config and command line):
LogInit:  - bVerifyPeer = true  - Libcurl will verify peer certificate
LogInit:  - bUseHttpProxy = false  - Libcurl will NOT use HTTP proxy
LogInit:  - bDontReuseConnections = false  - Libcurl will reuse connections
LogInit:  - MaxHostConnections = 16  - Libcurl will limit the number of connections to a host
LogInit:  - LocalHostAddr = Default
LogInit:  - BufferSize = 65536
LogInit: WinSock: version 1.1 (2.2), MaxSocks=32767, MaxUdp=65467
LogInit: Build: ++UE4+Release-4.22-CL-5660361
LogInit: Engine Version: 4.22.0-5660361+++UE4+Release-4.22
LogInit: Compatible Engine Version: 4.22.0-5660361+++UE4+Release-4.22
LogInit: Net CL: 5660361
LogInit: OS: Windows 10 (Release 1803) (), CPU:        Intel(R) Core(TM) i5-3570K CPU @ 3.40GHz, GPU: NVIDIA GeForce GTX 1060 6GB
LogInit: Compiled (64-bit): Mar 31 2019 02:05:09
LogInit: Compiled with Visual C++: 19.16.27025.01
LogInit: Build Configuration: Development
LogInit: Branch Name: ++UE4+Release-4.22
LogInit: Command Line:  -EpicPortal -epicusername=Gavstrav -epicuserid=9246de1311d945dbb853968dcdaa98ea -epiclocale=en-GB
LogInit: Base Directory: C:/Program Files/Epic Games/UE_4.22/Engine/Binaries/Win64/
LogInit: Installed Engine Build: 1
LogDevObjectVersion: Number of dev versions registered: 23
LogDevObjectVersion:   Dev-Blueprints (B0D832E4-1F89-4F0D-ACCF-7EB736FD4AA2): 10
LogDevObjectVersion:   Dev-Build (E1C64328-A22C-4D53-A36C-8E866417BD8C): 0
LogDevObjectVersion:   Dev-Core (375EC13C-06E4-48FB-B500-84F0262A717E): 3
LogDevObjectVersion:   Dev-Editor (E4B068ED-F494-42E9-A231-DA0B2E46BB41): 30
LogDevObjectVersion:   Dev-Framework (CFFC743F-43B0-4480-9391-14DF171D2073): 35
LogDevObjectVersion:   Dev-Mobile (B02B49B5-BB20-44E9-A304-32B752E40360): 2
LogDevObjectVersion:   Dev-Networking (A4E4105C-59A1-49B5-A7C5-40C4547EDFEE): 0
LogDevObjectVersion:   Dev-Online (39C831C9-5AE6-47DC-9A44-9C173E1C8E7C): 0
LogDevObjectVersion:   Dev-Physics (78F01B33-EBEA-4F98-B9B4-84EACCB95AA2): 0
LogDevObjectVersion:   Dev-Platform (6631380F-2D4D-43E0-8009-CF276956A95A): 0
LogDevObjectVersion:   Dev-Rendering (12F88B9F-8875-4AFC-A67C-D90C383ABD29): 28
LogDevObjectVersion:   Dev-Sequencer (7B5AE74C-D270-4C10-A958-57980B212A5A): 11
LogDevObjectVersion:   Dev-VR (D7296918-1DD6-4BDD-9DE2-64A83CC13884): 2
LogDevObjectVersion:   Dev-LoadTimes (C2A15278-BFE7-4AFE-6C17-90FF531DF755): 1
LogDevObjectVersion:   Private-Geometry (6EACA3D4-40EC-4CC1-B786-8BED09428FC5): 3
LogDevObjectVersion:   Dev-AnimPhys (29E575DD-E0A3-4627-9D10-D276232CDCEA): 17
LogDevObjectVersion:   Dev-Anim (AF43A65D-7FD3-4947-9873-3E8ED9C1BB05): 2
LogDevObjectVersion:   Dev-ReflectionCapture (6B266CEC-1EC7-4B8F-A30B-E4D90942FC07): 1
LogDevObjectVersion:   Dev-Automation (0DF73D61-A23F-47EA-B727-89E90C41499A): 1
LogDevObjectVersion:   FortniteMain (601D1886-AC64-4F84-AA16-D3DE0DEAC7D6): 25
LogDevObjectVersion:   Dev-Enterprise (9DFFBCD6-494F-0158-E221-12823C92A888): 6
LogDevObjectVersion:   Dev-Niagara (F2AED0AC-9AFE-416F-8664-AA7FFA26D6FC): 1
LogDevObjectVersion:   Dev-Destruction (174F1F0B-B4C6-45A5-B13F-2EE8D0FB917D): 2
LogInit: Presizing for max 16777216 objects, including 0 objects not considered by GC, pre-allocating 0 bytes for permanent pool.
LogInit: Object subsystem initialized
LogConfig: Setting CVar [[con.DebugEarlyDefault:1]]
LogConfig: Setting CVar [[r.setres:1280x720]]
[2019.04.29-00.07.04:287][  0]LogConfig: Setting CVar [[r.VSync:0]]
[2019.04.29-00.07.04:287][  0]LogConfig: Setting CVar [[r.RHICmdBypass:0]]
[2019.04.29-00.07.04:287][  0]LogConfig: Applying CVar settings from Section [/Script/Engine.RendererSettings] File [C:/Uni_Stuff/Year3/S2/GameplayMechanics/_Coursework/CMP302_GM/RTS_BaseBuilder/Saved/Config/Windows/Engine.ini]
[2019.04.29-00.07.04:288][  0]LogConfig: Setting CVar [[r.GPUCrashDebugging:0]]
[2019.04.29-00.07.04:288][  0]LogConfig: Applying CVar settings from Section [/Script/Engine.RendererOverrideSettings] File [C:/Uni_Stuff/Year3/S2/GameplayMechanics/_Coursework/CMP302_GM/RTS_BaseBuilder/Saved/Config/Windows/Engine.ini]
[2019.04.29-00.07.04:288][  0]LogConfig: Applying CVar settings from Section [/Script/Engine.StreamingSettings] File [C:/Uni_Stuff/Year3/S2/GameplayMechanics/_Coursework/CMP302_GM/RTS_BaseBuilder/Saved/Config/Windows/Engine.ini]
[2019.04.29-00.07.04:288][  0]LogConfig: Setting CVar [[s.MinBulkDataSizeForAsyncLoading:131072]]
[2019.04.29-00.07.04:288][  0]LogConfig: Setting CVar [[s.AsyncLoadingThreadEnabled:0]]
[2019.04.29-00.07.04:288][  0]LogConfig: Setting CVar [[s.EventDrivenLoaderEnabled:1]]
[2019.04.29-00.07.04:288][  0]LogConfig: Setting CVar [[s.WarnIfTimeLimitExceeded:0]]
[2019.04.29-00.07.04:288][  0]LogConfig: Setting CVar [[s.TimeLimitExceededMultiplier:1.5]]
[2019.04.29-00.07.04:288][  0]LogConfig: Setting CVar [[s.TimeLimitExceededMinTime:0.005]]
[2019.04.29-00.07.04:288][  0]LogConfig: Setting CVar [[s.UseBackgroundLevelStreaming:1]]
[2019.04.29-00.07.04:288][  0]LogConfig: Setting CVar [[s.PriorityAsyncLoadingExtraTime:15.0]]
[2019.04.29-00.07.04:288][  0]LogConfig: Setting CVar [[s.LevelStreamingActorsUpdateTimeLimit:5.0]]
[2019.04.29-00.07.04:288][  0]LogConfig: Setting CVar [[s.PriorityLevelStreamingActorsUpdateExtraTime:5.0]]
[2019.04.29-00.07.04:288][  0]LogConfig: Setting CVar [[s.LevelStreamingComponentsRegistrationGranularity:10]]
[2019.04.29-00.07.04:288][  0]LogConfig: Setting CVar [[s.UnregisterComponentsTimeLimit:1.0]]
[2019.04.29-00.07.04:288][  0]LogConfig: Setting CVar [[s.LevelStreamingComponentsUnregistrationGranularity:5]]
[2019.04.29-00.07.04:288][  0]LogConfig: Applying CVar settings from Section [/Script/Engine.GarbageCollectionSettings] File [C:/Uni_Stuff/Year3/S2/GameplayMechanics/_Coursework/CMP302_GM/RTS_BaseBuilder/Saved/Config/Windows/Engine.ini]
[2019.04.29-00.07.04:288][  0]LogConfig: Setting CVar [[gc.MaxObjectsNotConsideredByGC:1]]
[2019.04.29-00.07.04:288][  0]LogConfig: Setting CVar [[gc.SizeOfPermanentObjectPool:0]]
[2019.04.29-00.07.04:288][  0]LogConfig: Setting CVar [[gc.FlushStreamingOnGC:0]]
[2019.04.29-00.07.04:288][  0]LogConfig: Setting CVar [[gc.NumRetriesBeforeForcingGC:10]]
[2019.04.29-00.07.04:288][  0]LogConfig: Setting CVar [[gc.AllowParallelGC:1]]
[2019.04.29-00.07.04:288][  0]LogConfig: Setting CVar [[gc.TimeBetweenPurgingPendingKillObjects:61.1]]
[2019.04.29-00.07.04:288][  0]LogConfig: Setting CVar [[gc.MaxObjectsInEditor:16777216]]
[2019.04.29-00.07.04:288][  0]LogConfig: Setting CVar [[gc.IncrementalBeginDestroyEnabled:1]]
[2019.04.29-00.07.04:288][  0]LogConfig: Setting CVar [[gc.CreateGCClusters:1]]
[2019.04.29-00.07.04:288][  0]LogConfig: Setting CVar [[gc.MinGCClusterSize:5]]
[2019.04.29-00.07.04:288][  0]LogConfig: Setting CVar [[gc.ActorClusteringEnabled:0]]
[2019.04.29-00.07.04:288][  0]LogConfig: Setting CVar [[gc.BlueprintClusteringEnabled:0]]
[2019.04.29-00.07.04:288][  0]LogConfig: Setting CVar [[gc.UseDisregardForGCOnDedicatedServers:0]]
[2019.04.29-00.07.04:288][  0]LogConfig: Applying CVar settings from Section [/Script/Engine.NetworkSettings] File [C:/Uni_Stuff/Year3/S2/GameplayMechanics/_Coursework/CMP302_GM/RTS_BaseBuilder/Saved/Config/Windows/Engine.ini]
[2019.04.29-00.07.04:288][  0]LogConfig: Applying CVar settings from Section [/Script/UnrealEd.CookerSettings] File [C:/Uni_Stuff/Year3/S2/GameplayMechanics/_Coursework/CMP302_GM/RTS_BaseBuilder/Saved/Config/Windows/Engine.ini]
[2019.04.29-00.07.04:291][  0]LogConfig: Applying CVar settings from Section [ViewDistanceQuality@3] File [C:/Uni_Stuff/Year3/S2/GameplayMechanics/_Coursework/CMP302_GM/RTS_BaseBuilder/Saved/Config/Windows/Scalability.ini]
[2019.04.29-00.07.04:291][  0]LogConfig: Setting CVar [[r.SkeletalMeshLODBias:0]]
[2019.04.29-00.07.04:291][  0]LogConfig: Setting CVar [[r.ViewDistanceScale:1.0]]
[2019.04.29-00.07.04:291][  0]LogConfig: Applying CVar settings from Section [AntiAliasingQuality@3] File [C:/Uni_Stuff/Year3/S2/GameplayMechanics/_Coursework/CMP302_GM/RTS_BaseBuilder/Saved/Config/Windows/Scalability.ini]
[2019.04.29-00.07.04:291][  0]LogConfig: Setting CVar [[r.PostProcessAAQuality:4]]
[2019.04.29-00.07.04:291][  0]LogConfig: Applying CVar settings from Section [ShadowQuality@3] File [C:/Uni_Stuff/Year3/S2/GameplayMechanics/_Coursework/CMP302_GM/RTS_BaseBuilder/Saved/Config/Windows/Scalability.ini]
[2019.04.29-00.07.04:291][  0]LogConfig: Setting CVar [[r.LightFunctionQuality:1]]
[2019.04.29-00.07.04:291][  0]LogConfig: Setting CVar [[r.ShadowQuality:5]]
[2019.04.29-00.07.04:291][  0]LogConfig: Setting CVar [[r.Shadow.CSM.MaxCascades:10]]
[2019.04.29-00.07.04:291][  0]LogConfig: Setting CVar [[r.Shadow.MaxResolution:2048]]
[2019.04.29-00.07.04:291][  0]LogConfig: Setting CVar [[r.Shadow.MaxCSMResolution:2048]]
[2019.04.29-00.07.04:291][  0]LogConfig: Setting CVar [[r.Shadow.RadiusThreshold:0.01]]
[2019.04.29-00.07.04:291][  0]LogConfig: Setting CVar [[r.Shadow.DistanceScale:1.0]]
[2019.04.29-00.07.04:291][  0]LogConfig: Setting CVar [[r.Shadow.CSM.TransitionScale:1.0]]
[2019.04.29-00.07.04:291][  0]LogConfig: Setting CVar [[r.Shadow.PreShadowResolutionFactor:1.0]]
[2019.04.29-00.07.04:291][  0]LogConfig: Setting CVar [[r.DistanceFieldShadowing:1]]
[2019.04.29-00.07.04:291][  0]LogConfig: Setting CVar [[r.DistanceFieldAO:1]]
[2019.04.29-00.07.04:291][  0]LogConfig: Setting CVar [[r.AOQuality:2]]
[2019.04.29-00.07.04:291][  0]LogConfig: Setting CVar [[r.VolumetricFog:1]]
[2019.04.29-00.07.04:291][  0]LogConfig: Setting CVar [[r.VolumetricFog.GridPixelSize:8]]
[2019.04.29-00.07.04:291][  0]LogConfig: Setting CVar [[r.VolumetricFog.GridSizeZ:128]]
[2019.04.29-00.07.04:291][  0]LogConfig: Setting CVar [[r.VolumetricFog.HistoryMissSupersampleCount:4]]
[2019.04.29-00.07.04:291][  0]LogConfig: Setting CVar [[r.LightMaxDrawDistanceScale:1]]
[2019.04.29-00.07.04:292][  0]LogConfig: Setting CVar [[r.CapsuleShadows:1]]
[2019.04.29-00.07.04:292][  0]LogConfig: Applying CVar settings from Section [PostProcessQuality@3] File [C:/Uni_Stuff/Year3/S2/GameplayMechanics/_Coursework/CMP302_GM/RTS_BaseBuilder/Saved/Config/Windows/Scalability.ini]
[2019.04.29-00.07.04:292][  0]LogConfig: Setting CVar [[r.MotionBlurQuality:4]]
[2019.04.29-00.07.04:292][  0]LogConfig: Setting CVar [[r.AmbientOcclusionMipLevelFactor:0.4]]
[2019.04.29-00.07.04:292][  0]LogConfig: Setting CVar [[r.AmbientOcclusionMaxQuality:100]]
[2019.04.29-00.07.04:292][  0]LogConfig: Setting CVar [[r.AmbientOcclusionLevels:-1]]
[2019.04.29-00.07.04:292][  0]LogConfig: Setting CVar [[r.AmbientOcclusionRadiusScale:1.0]]
[2019.04.29-00.07.04:292][  0]LogConfig: Setting CVar [[r.DepthOfFieldQuality:2]]
[2019.04.29-00.07.04:292][  0]LogConfig: Setting CVar [[r.RenderTargetPoolMin:400]]
[2019.04.29-00.07.04:292][  0]LogConfig: Setting CVar [[r.LensFlareQuality:2]]
[2019.04.29-00.07.04:292][  0]LogConfig: Setting CVar [[r.SceneColorFringeQuality:1]]
[2019.04.29-00.07.04:292][  0]LogConfig: Setting CVar [[r.EyeAdaptationQuality:2]]
[2019.04.29-00.07.04:292][  0]LogConfig: Setting CVar [[r.BloomQuality:5]]
[2019.04.29-00.07.04:292][  0]LogConfig: Setting CVar [[r.FastBlurThreshold:100]]
[2019.04.29-00.07.04:292][  0]LogConfig: Setting CVar [[r.Upscale.Quality:3]]
[2019.04.29-00.07.04:292][  0]LogConfig: Setting CVar [[r.Tonemapper.GrainQuantization:1]]
[2019.04.29-00.07.04:292][  0]LogConfig: Setting CVar [[r.LightShaftQuality:1]]
[2019.04.29-00.07.04:292][  0]LogConfig: Setting CVar [[r.Filter.SizeScale:1]]
[2019.04.29-00.07.04:292][  0]LogConfig: Setting CVar [[r.Tonemapper.Quality:5]]
[2019.04.29-00.07.04:292][  0]LogConfig: Setting CVar [[r.DOF.Gather.AccumulatorQuality:1        ; higher gathering accumulator quality]]
[2019.04.29-00.07.04:292][  0]LogConfig: Setting CVar [[r.DOF.Gather.PostfilterMethod:1          ; Median3x3 postfilering method]]
[2019.04.29-00.07.04:292][  0]LogConfig: Setting CVar [[r.DOF.Gather.EnableBokehSettings:0       ; no bokeh simulation when gathering]]
[2019.04.29-00.07.04:292][  0]LogConfig: Setting CVar [[r.DOF.Gather.RingCount:4                 ; medium number of samples when gathering]]
[2019.04.29-00.07.04:292][  0]LogConfig: Setting CVar [[r.DOF.Scatter.ForegroundCompositing:1    ; additive foreground scattering]]
[2019.04.29-00.07.04:292][  0]LogConfig: Setting CVar [[r.DOF.Scatter.BackgroundCompositing:2    ; additive background scattering]]
[2019.04.29-00.07.04:292][  0]LogConfig: Setting CVar [[r.DOF.Scatter.EnableBokehSettings:1      ; bokeh simulation when scattering]]
[2019.04.29-00.07.04:292][  0]LogConfig: Setting CVar [[r.DOF.Scatter.MaxSpriteRatio:0.1         ; only a maximum of 10% of scattered bokeh]]
[2019.04.29-00.07.04:292][  0]LogConfig: Setting CVar [[r.DOF.Recombine.Quality:1                ; cheap slight out of focus]]
[2019.04.29-00.07.04:292][  0]LogConfig: Setting CVar [[r.DOF.Recombine.EnableBokehSettings:0    ; no bokeh simulation on slight out of focus]]
[2019.04.29-00.07.04:292][  0]LogConfig: Setting CVar [[r.DOF.TemporalAAQuality:1                ; more stable temporal accumulation]]
[2019.04.29-00.07.04:292][  0]LogConfig: Setting CVar [[r.DOF.Kernel.MaxForegroundRadius:0.025]]
[2019.04.29-00.07.04:292][  0]LogConfig: Setting CVar [[r.DOF.Kernel.MaxBackgroundRadius:0.025]]
[2019.04.29-00.07.04:292][  0]LogConfig: Applying CVar settings from Section [TextureQuality@3] File [C:/Uni_Stuff/Year3/S2/GameplayMechanics/_Coursework/CMP302_GM/RTS_BaseBuilder/Saved/Config/Windows/Scalability.ini]
[2019.04.29-00.07.04:292][  0]LogConfig: Setting CVar [[r.Streaming.MipBias:0]]
[2019.04.29-00.07.04:292][  0]LogConfig: Setting CVar [[r.Streaming.AmortizeCPUToGPUCopy:0]]
[2019.04.29-00.07.04:292][  0]LogConfig: Setting CVar [[r.Streaming.MaxNumTexturesToStreamPerFrame:0]]
[2019.04.29-00.07.04:292][  0]LogConfig: Setting CVar [[r.Streaming.Boost:1]]
[2019.04.29-00.07.04:292][  0]LogConfig: Setting CVar [[r.MaxAnisotropy:8]]
[2019.04.29-00.07.04:292][  0]LogConfig: Setting CVar [[r.Streaming.LimitPoolSizeToVRAM:0]]
[2019.04.29-00.07.04:292][  0]LogConfig: Setting CVar [[r.Streaming.PoolSize:1000]]
[2019.04.29-00.07.04:292][  0]LogConfig: Setting CVar [[r.Streaming.MaxEffectiveScreenSize:0]]
[2019.04.29-00.07.04:292][  0]LogConfig: Applying CVar settings from Section [EffectsQuality@3] File [C:/Uni_Stuff/Year3/S2/GameplayMechanics/_Coursework/CMP302_GM/RTS_BaseBuilder/Saved/Config/Windows/Scalability.ini]
[2019.04.29-00.07.04:292][  0]LogConfig: Setting CVar [[r.TranslucencyLightingVolumeDim:64]]
[2019.04.29-00.07.04:292][  0]LogConfig: Setting CVar [[r.RefractionQuality:2]]
[2019.04.29-00.07.04:292][  0]LogConfig: Setting CVar [[r.SSR.Quality:3]]
[2019.04.29-00.07.04:292][  0]LogConfig: Setting CVar [[r.SceneColorFormat:4]]
[2019.04.29-00.07.04:292][  0]LogConfig: Setting CVar [[r.DetailMode:2]]
[2019.04.29-00.07.04:292][  0]LogConfig: Setting CVar [[r.TranslucencyVolumeBlur:1]]
[2019.04.29-00.07.04:292][  0]LogConfig: Setting CVar [[r.MaterialQualityLevel:1 ; High quality]]
[2019.04.29-00.07.04:292][  0]LogConfig: Setting CVar [[r.SSS.Scale:1]]
[2019.04.29-00.07.04:292][  0]LogConfig: Setting CVar [[r.SSS.SampleSet:2]]
[2019.04.29-00.07.04:292][  0]LogConfig: Setting CVar [[r.SSS.Quality:1]]
[2019.04.29-00.07.04:292][  0]LogConfig: Setting CVar [[r.SSS.HalfRes:1]]
[2019.04.29-00.07.04:292][  0]LogConfig: Setting CVar [[r.EmitterSpawnRateScale:1.0]]
[2019.04.29-00.07.04:292][  0]LogConfig: Setting CVar [[r.ParticleLightQuality:2]]
[2019.04.29-00.07.04:292][  0]LogConfig: Applying CVar settings from Section [FoliageQuality@3] File [C:/Uni_Stuff/Year3/S2/GameplayMechanics/_Coursework/CMP302_GM/RTS_BaseBuilder/Saved/Config/Windows/Scalability.ini]
[2019.04.29-00.07.04:293][  0]LogConfig: Setting CVar [[foliage.DensityScale:1.0]]
[2019.04.29-00.07.04:293][  0]LogConfig: Setting CVar [[grass.DensityScale:1.0]]
[2019.04.29-00.07.04:293][  0]LogInit: Selected Device Profile: [Windows]
[2019.04.29-00.07.04:293][  0]LogInit: Applying CVar settings loaded from the selected device profile: [Windows]
[2019.04.29-00.07.04:308][  0]LogHAL: Display: Platform has ~ 16 GB [17136181248 / 17179869184 / 16], which maps to Larger [LargestMinGB=32, LargerMinGB=12, DefaultMinGB=8, SmallerMinGB=6, SmallestMinGB=0)
[2019.04.29-00.07.04:308][  0]LogConfig: Setting CVar [[r.Vulkan.UseRealUBs:0		; Required until we fix HLR fall-out]]
[2019.04.29-00.07.04:308][  0]LogInit: Going up to parent DeviceProfile []
[2019.04.29-00.07.04:308][  0]LogConfig: Applying CVar settings from Section [ViewDistanceQuality@3] File [C:/Uni_Stuff/Year3/S2/GameplayMechanics/_Coursework/CMP302_GM/RTS_BaseBuilder/Saved/Config/Windows/Scalability.ini]
[2019.04.29-00.07.04:308][  0]LogConfig: Setting CVar [[r.SkeletalMeshLODBias:0]]
[2019.04.29-00.07.04:308][  0]LogConfig: Setting CVar [[r.ViewDistanceScale:1.0]]
[2019.04.29-00.07.04:308][  0]LogConfig: Applying CVar settings from Section [AntiAliasingQuality@3] File [C:/Uni_Stuff/Year3/S2/GameplayMechanics/_Coursework/CMP302_GM/RTS_BaseBuilder/Saved/Config/Windows/Scalability.ini]
[2019.04.29-00.07.04:308][  0]LogConfig: Setting CVar [[r.PostProcessAAQuality:4]]
[2019.04.29-00.07.04:308][  0]LogConfig: Applying CVar settings from Section [ShadowQuality@3] File [C:/Uni_Stuff/Year3/S2/GameplayMechanics/_Coursework/CMP302_GM/RTS_BaseBuilder/Saved/Config/Windows/Scalability.ini]
[2019.04.29-00.07.04:308][  0]LogConfig: Setting CVar [[r.LightFunctionQuality:1]]
[2019.04.29-00.07.04:308][  0]LogConfig: Setting CVar [[r.ShadowQuality:5]]
[2019.04.29-00.07.04:308][  0]LogConfig: Setting CVar [[r.Shadow.CSM.MaxCascades:10]]
[2019.04.29-00.07.04:308][  0]LogConfig: Setting CVar [[r.Shadow.MaxResolution:2048]]
[2019.04.29-00.07.04:308][  0]LogConfig: Setting CVar [[r.Shadow.MaxCSMResolution:2048]]
[2019.04.29-00.07.04:308][  0]LogConfig: Setting CVar [[r.Shadow.RadiusThreshold:0.01]]
[2019.04.29-00.07.04:308][  0]LogConfig: Setting CVar [[r.Shadow.DistanceScale:1.0]]
[2019.04.29-00.07.04:308][  0]LogConfig: Setting CVar [[r.Shadow.CSM.TransitionScale:1.0]]
[2019.04.29-00.07.04:308][  0]LogConfig: Setting CVar [[r.Shadow.PreShadowResolutionFactor:1.0]]
[2019.04.29-00.07.04:308][  0]LogConfig: Setting CVar [[r.DistanceFieldShadowing:1]]
[2019.04.29-00.07.04:308][  0]LogConfig: Setting CVar [[r.DistanceFieldAO:1]]
[2019.04.29-00.07.04:308][  0]LogConfig: Setting CVar [[r.AOQuality:2]]
[2019.04.29-00.07.04:308][  0]LogConfig: Setting CVar [[r.VolumetricFog:1]]
[2019.04.29-00.07.04:308][  0]LogConfig: Setting CVar [[r.VolumetricFog.GridPixelSize:8]]
[2019.04.29-00.07.04:308][  0]LogConfig: Setting CVar [[r.VolumetricFog.GridSizeZ:128]]
[2019.04.29-00.07.04:308][  0]LogConfig: Setting CVar [[r.VolumetricFog.HistoryMissSupersampleCount:4]]
[2019.04.29-00.07.04:308][  0]LogConfig: Setting CVar [[r.LightMaxDrawDistanceScale:1]]
[2019.04.29-00.07.04:308][  0]LogConfig: Setting CVar [[r.CapsuleShadows:1]]
[2019.04.29-00.07.04:308][  0]LogConfig: Applying CVar settings from Section [PostProcessQuality@3] File [C:/Uni_Stuff/Year3/S2/GameplayMechanics/_Coursework/CMP302_GM/RTS_BaseBuilder/Saved/Config/Windows/Scalability.ini]
[2019.04.29-00.07.04:308][  0]LogConfig: Setting CVar [[r.MotionBlurQuality:4]]
[2019.04.29-00.07.04:308][  0]LogConfig: Setting CVar [[r.AmbientOcclusionMipLevelFactor:0.4]]
[2019.04.29-00.07.04:308][  0]LogConfig: Setting CVar [[r.AmbientOcclusionMaxQuality:100]]
[2019.04.29-00.07.04:308][  0]LogConfig: Setting CVar [[r.AmbientOcclusionLevels:-1]]
[2019.04.29-00.07.04:308][  0]LogConfig: Setting CVar [[r.AmbientOcclusionRadiusScale:1.0]]
[2019.04.29-00.07.04:308][  0]LogConfig: Setting CVar [[r.DepthOfFieldQuality:2]]
[2019.04.29-00.07.04:308][  0]LogConfig: Setting CVar [[r.RenderTargetPoolMin:400]]
[2019.04.29-00.07.04:308][  0]LogConfig: Setting CVar [[r.LensFlareQuality:2]]
[2019.04.29-00.07.04:308][  0]LogConfig: Setting CVar [[r.SceneColorFringeQuality:1]]
[2019.04.29-00.07.04:308][  0]LogConfig: Setting CVar [[r.EyeAdaptationQuality:2]]
[2019.04.29-00.07.04:308][  0]LogConfig: Setting CVar [[r.BloomQuality:5]]
[2019.04.29-00.07.04:308][  0]LogConfig: Setting CVar [[r.FastBlurThreshold:100]]
[2019.04.29-00.07.04:308][  0]LogConfig: Setting CVar [[r.Upscale.Quality:3]]
[2019.04.29-00.07.04:308][  0]LogConfig: Setting CVar [[r.Tonemapper.GrainQuantization:1]]
[2019.04.29-00.07.04:309][  0]LogConfig: Setting CVar [[r.LightShaftQuality:1]]
[2019.04.29-00.07.04:309][  0]LogConfig: Setting CVar [[r.Filter.SizeScale:1]]
[2019.04.29-00.07.04:309][  0]LogConfig: Setting CVar [[r.Tonemapper.Quality:5]]
[2019.04.29-00.07.04:309][  0]LogConfig: Setting CVar [[r.DOF.Gather.AccumulatorQuality:1        ; higher gathering accumulator quality]]
[2019.04.29-00.07.04:309][  0]LogConfig: Setting CVar [[r.DOF.Gather.PostfilterMethod:1          ; Median3x3 postfilering method]]
[2019.04.29-00.07.04:309][  0]LogConfig: Setting CVar [[r.DOF.Gather.EnableBokehSettings:0       ; no bokeh simulation when gathering]]
[2019.04.29-00.07.04:309][  0]LogConfig: Setting CVar [[r.DOF.Gather.RingCount:4                 ; medium number of samples when gathering]]
[2019.04.29-00.07.04:309][  0]LogConfig: Setting CVar [[r.DOF.Scatter.ForegroundCompositing:1    ; additive foreground scattering]]
[2019.04.29-00.07.04:309][  0]LogConfig: Setting CVar [[r.DOF.Scatter.BackgroundCompositing:2    ; additive background scattering]]
[2019.04.29-00.07.04:309][  0]LogConfig: Setting CVar [[r.DOF.Scatter.EnableBokehSettings:1      ; bokeh simulation when scattering]]
[2019.04.29-00.07.04:309][  0]LogConfig: Setting CVar [[r.DOF.Scatter.MaxSpriteRatio:0.1         ; only a maximum of 10% of scattered bokeh]]
[2019.04.29-00.07.04:309][  0]LogConfig: Setting CVar [[r.DOF.Recombine.Quality:1                ; cheap slight out of focus]]
[2019.04.29-00.07.04:309][  0]LogConfig: Setting CVar [[r.DOF.Recombine.EnableBokehSettings:0    ; no bokeh simulation on slight out of focus]]
[2019.04.29-00.07.04:309][  0]LogConfig: Setting CVar [[r.DOF.TemporalAAQuality:1                ; more stable temporal accumulation]]
[2019.04.29-00.07.04:309][  0]LogConfig: Setting CVar [[r.DOF.Kernel.MaxForegroundRadius:0.025]]
[2019.04.29-00.07.04:309][  0]LogConfig: Setting CVar [[r.DOF.Kernel.MaxBackgroundRadius:0.025]]
[2019.04.29-00.07.04:309][  0]LogConfig: Applying CVar settings from Section [TextureQuality@3] File [C:/Uni_Stuff/Year3/S2/GameplayMechanics/_Coursework/CMP302_GM/RTS_BaseBuilder/Saved/Config/Windows/Scalability.ini]
[2019.04.29-00.07.04:309][  0]LogConfig: Setting CVar [[r.Streaming.MipBias:0]]
[2019.04.29-00.07.04:309][  0]LogConfig: Setting CVar [[r.Streaming.AmortizeCPUToGPUCopy:0]]
[2019.04.29-00.07.04:309][  0]LogConfig: Setting CVar [[r.Streaming.MaxNumTexturesToStreamPerFrame:0]]
[2019.04.29-00.07.04:309][  0]LogConfig: Setting CVar [[r.Streaming.Boost:1]]
[2019.04.29-00.07.04:309][  0]LogConfig: Setting CVar [[r.MaxAnisotropy:8]]
[2019.04.29-00.07.04:309][  0]LogConfig: Setting CVar [[r.Streaming.LimitPoolSizeToVRAM:0]]
[2019.04.29-00.07.04:309][  0]LogConfig: Setting CVar [[r.Streaming.PoolSize:1000]]
[2019.04.29-00.07.04:309][  0]LogConfig: Setting CVar [[r.Streaming.MaxEffectiveScreenSize:0]]
[2019.04.29-00.07.04:309][  0]LogConfig: Applying CVar settings from Section [EffectsQuality@3] File [C:/Uni_Stuff/Year3/S2/GameplayMechanics/_Coursework/CMP302_GM/RTS_BaseBuilder/Saved/Config/Windows/Scalability.ini]
[2019.04.29-00.07.04:309][  0]LogConfig: Setting CVar [[r.TranslucencyLightingVolumeDim:64]]
[2019.04.29-00.07.04:309][  0]LogConfig: Setting CVar [[r.RefractionQuality:2]]
[2019.04.29-00.07.04:309][  0]LogConfig: Setting CVar [[r.SSR.Quality:3]]
[2019.04.29-00.07.04:309][  0]LogConfig: Setting CVar [[r.SceneColorFormat:4]]
[2019.04.29-00.07.04:309][  0]LogConfig: Setting CVar [[r.DetailMode:2]]
[2019.04.29-00.07.04:309][  0]LogConfig: Setting CVar [[r.TranslucencyVolumeBlur:1]]
[2019.04.29-00.07.04:309][  0]LogConfig: Setting CVar [[r.MaterialQualityLevel:1 ; High quality]]
[2019.04.29-00.07.04:309][  0]LogConfig: Setting CVar [[r.SSS.Scale:1]]
[2019.04.29-00.07.04:309][  0]LogConfig: Setting CVar [[r.SSS.SampleSet:2]]
[2019.04.29-00.07.04:309][  0]LogConfig: Setting CVar [[r.SSS.Quality:1]]
[2019.04.29-00.07.04:309][  0]LogConfig: Setting CVar [[r.SSS.HalfRes:1]]
[2019.04.29-00.07.04:309][  0]LogConfig: Setting CVar [[r.EmitterSpawnRateScale:1.0]]
[2019.04.29-00.07.04:309][  0]LogConfig: Setting CVar [[r.ParticleLightQuality:2]]
[2019.04.29-00.07.04:309][  0]LogConfig: Applying CVar settings from Section [FoliageQuality@3] File [C:/Uni_Stuff/Year3/S2/GameplayMechanics/_Coursework/CMP302_GM/RTS_BaseBuilder/Saved/Config/Windows/Scalability.ini]
[2019.04.29-00.07.04:309][  0]LogConfig: Setting CVar [[foliage.DensityScale:1.0]]
[2019.04.29-00.07.04:309][  0]LogConfig: Setting CVar [[grass.DensityScale:1.0]]
[2019.04.29-00.07.04:309][  0]LogConfig: Applying CVar settings from Section [Startup] File [../../../Engine/Config/ConsoleVariables.ini]
[2019.04.29-00.07.04:310][  0]LogConfig: Setting CVar [[net.UseAdaptiveNetUpdateFrequency:0]]
[2019.04.29-00.07.04:310][  0]LogConfig: Setting CVar [[p.chaos.AllowCreatePhysxBodies:1]]
[2019.04.29-00.07.04:310][  0]LogConfig: Applying CVar settings from Section [ConsoleVariables] File [C:/Uni_Stuff/Year3/S2/GameplayMechanics/_Coursework/CMP302_GM/RTS_BaseBuilder/Saved/Config/Windows/Engine.ini]
[2019.04.29-00.07.04:310][  0]LogInit: Computer: GAV-PC
[2019.04.29-00.07.04:310][  0]LogInit: User: GavinGeorge
[2019.04.29-00.07.04:310][  0]LogInit: CPU Page size=4096, Cores=4
[2019.04.29-00.07.04:310][  0]LogInit: High frequency timer resolution =3.323586 MHz
[2019.04.29-00.07.04:310][  0]LogMemory: Memory total: Physical=16.0GB (16GB approx)
[2019.04.29-00.07.04:310][  0]LogMemory: Platform Memory Stats for Windows
[2019.04.29-00.07.04:310][  0]LogMemory: Process Physical Memory: 96.57 MB used, 96.57 MB peak
[2019.04.29-00.07.04:310][  0]LogMemory: Process Virtual Memory: 92.20 MB used, 92.20 MB peak
[2019.04.29-00.07.04:310][  0]LogMemory: Physical Memory: 7397.45 MB used,  8944.88 MB free, 16342.34 MB total
[2019.04.29-00.07.04:310][  0]LogMemory: Virtual Memory: 4648.03 MB used,  134213080.00 MB free, 134217728.00 MB total
[2019.04.29-00.07.04:344][  0]LogInit: Using OS detected language (en-GB).
[2019.04.29-00.07.04:344][  0]LogInit: Using OS detected locale (en-GB).
[2019.04.29-00.07.04:346][  0]LogTextLocalizationManager: No specific localization for 'en-GB' exists, so the 'en' localization will be used.
[2019.04.29-00.07.04:551][  0]LogInit: Setting process to per monitor DPI aware
[2019.04.29-00.07.04:589][  0]LogSlate: New Slate User Created.  User Index 0, Is Virtual User: 0
[2019.04.29-00.07.04:590][  0]LogSlate: Slate User Registered.  User Index 0, Is Virtual User: 0
[2019.04.29-00.07.04:805][  0]LogHMD: Failed to initialize OpenVR with code 105
[2019.04.29-00.07.04:805][  0]LogD3D11RHI: D3D11 adapters:
[2019.04.29-00.07.04:896][  0]LogD3D11RHI:    0. 'NVIDIA GeForce GTX 1060 6GB' (Feature Level 11_0)
[2019.04.29-00.07.04:896][  0]LogD3D11RHI:       6052/0/8171 MB DedicatedVideo/DedicatedSystem/SharedSystem, Outputs:1, VendorId:0x10de
[2019.04.29-00.07.04:899][  0]LogD3D11RHI:    1. 'Microsoft Basic Render Driver' (Feature Level 11_0)
[2019.04.29-00.07.04:899][  0]LogD3D11RHI:       0/0/8171 MB DedicatedVideo/DedicatedSystem/SharedSystem, Outputs:0, VendorId:0x1414
[2019.04.29-00.07.04:899][  0]LogD3D11RHI: Chosen D3D11 Adapter: 0
[2019.04.29-00.07.04:909][  0]LogD3D11RHI: Creating new Direct3DDevice
[2019.04.29-00.07.04:909][  0]LogD3D11RHI:     GPU DeviceId: 0x1c03 (for the marketing name, search the web for "GPU Device Id")
[2019.04.29-00.07.04:909][  0]LogWindows: EnumDisplayDevices:
[2019.04.29-00.07.04:909][  0]LogWindows:    0. 'NVIDIA GeForce GTX 1060 6GB' (P:1 D:1)
[2019.04.29-00.07.04:910][  0]LogWindows:    1. 'NVIDIA GeForce GTX 1060 6GB' (P:0 D:0)
[2019.04.29-00.07.04:910][  0]LogWindows:    2. 'NVIDIA GeForce GTX 1060 6GB' (P:0 D:0)
[2019.04.29-00.07.04:910][  0]LogWindows:    3. 'NVIDIA GeForce GTX 1060 6GB' (P:0 D:0)
[2019.04.29-00.07.04:911][  0]LogWindows: DebugString: FoundDriverCount:4 
[2019.04.29-00.07.04:911][  0]LogD3D11RHI:     Adapter Name: NVIDIA GeForce GTX 1060 6GB
[2019.04.29-00.07.04:911][  0]LogD3D11RHI:   Driver Version: 425.31 (internal:25.21.14.2531, unified:425.31)
[2019.04.29-00.07.04:911][  0]LogD3D11RHI:      Driver Date: 4-9-2019
[2019.04.29-00.07.04:911][  0]LogRHI: Texture pool is 4236 MB (70% of 6052 MB)
[2019.04.29-00.07.04:974][  0]LogD3D11RHI: Async texture creation enabled
[2019.04.29-00.07.04:979][  0]LogRendererCore: FGlobalReadBuffer::InitRHI
[2019.04.29-00.07.04:979][  0]LogRendererCore: FGlobalReadBuffer::InitRHI
[2019.04.29-00.07.04:979][  0]LogRendererCore: FGlobalReadBuffer::InitRHI
[2019.04.29-00.07.04:988][  0]LogD3D11RHI: GPU Timing Frequency: 1000.000000 (Debug: 2 1)
[2019.04.29-00.07.05:400][  0]LogTemp: Display: Module 'AllDesktopTargetPlatform' loaded TargetPlatform 'AllDesktop'
[2019.04.29-00.07.05:419][  0]LogTemp: Display: Module 'MacClientTargetPlatform' loaded TargetPlatform 'MacClient'
[2019.04.29-00.07.05:438][  0]LogTemp: Display: Module 'MacNoEditorTargetPlatform' loaded TargetPlatform 'MacNoEditor'
[2019.04.29-00.07.05:457][  0]LogTemp: Display: Module 'MacServerTargetPlatform' loaded TargetPlatform 'MacServer'
[2019.04.29-00.07.05:476][  0]LogTemp: Display: Module 'MacTargetPlatform' loaded TargetPlatform 'Mac'
[2019.04.29-00.07.05:494][  0]LogTemp: Display: Module 'WindowsClientTargetPlatform' loaded TargetPlatform 'WindowsClient'
[2019.04.29-00.07.05:514][  0]LogTemp: Display: Module 'WindowsNoEditorTargetPlatform' loaded TargetPlatform 'WindowsNoEditor'
[2019.04.29-00.07.05:533][  0]LogTemp: Display: Module 'WindowsServerTargetPlatform' loaded TargetPlatform 'WindowsServer'
[2019.04.29-00.07.05:544][  0]LogTemp: Display: Module 'WindowsTargetPlatform' loaded TargetPlatform 'Windows'
[2019.04.29-00.07.05:648][  0]LogTemp: Display: Module 'AndroidTargetPlatform' loaded TargetPlatform 'Android'
[2019.04.29-00.07.05:648][  0]LogTemp: Display: Module 'AndroidTargetPlatform' loaded TargetPlatform 'Android_ASTC'
[2019.04.29-00.07.05:648][  0]LogTemp: Display: Module 'AndroidTargetPlatform' loaded TargetPlatform 'Android_ATC'
[2019.04.29-00.07.05:648][  0]LogTemp: Display: Module 'AndroidTargetPlatform' loaded TargetPlatform 'Android_DXT'
[2019.04.29-00.07.05:648][  0]LogTemp: Display: Module 'AndroidTargetPlatform' loaded TargetPlatform 'Android_ETC1'
[2019.04.29-00.07.05:648][  0]LogTemp: Display: Module 'AndroidTargetPlatform' loaded TargetPlatform 'Android_ETC1a'
[2019.04.29-00.07.05:648][  0]LogTemp: Display: Module 'AndroidTargetPlatform' loaded TargetPlatform 'Android_ETC2'
[2019.04.29-00.07.05:648][  0]LogTemp: Display: Module 'AndroidTargetPlatform' loaded TargetPlatform 'Android_PVRTC'
[2019.04.29-00.07.05:648][  0]LogTemp: Display: Module 'AndroidTargetPlatform' loaded TargetPlatform 'AndroidClient'
[2019.04.29-00.07.05:648][  0]LogTemp: Display: Module 'AndroidTargetPlatform' loaded TargetPlatform 'Android_ASTCClient'
[2019.04.29-00.07.05:648][  0]LogTemp: Display: Module 'AndroidTargetPlatform' loaded TargetPlatform 'Android_ATCClient'
[2019.04.29-00.07.05:648][  0]LogTemp: Display: Module 'AndroidTargetPlatform' loaded TargetPlatform 'Android_DXTClient'
[2019.04.29-00.07.05:648][  0]LogTemp: Display: Module 'AndroidTargetPlatform' loaded TargetPlatform 'Android_ETC1Client'
[2019.04.29-00.07.05:648][  0]LogTemp: Display: Module 'AndroidTargetPlatform' loaded TargetPlatform 'Android_ETC1aClient'
[2019.04.29-00.07.05:648][  0]LogTemp: Display: Module 'AndroidTargetPlatform' loaded TargetPlatform 'Android_ETC2Client'
[2019.04.29-00.07.05:648][  0]LogTemp: Display: Module 'AndroidTargetPlatform' loaded TargetPlatform 'Android_PVRTCClient'
[2019.04.29-00.07.05:648][  0]LogTemp: Display: Module 'AndroidTargetPlatform' loaded TargetPlatform 'Android_Multi'
[2019.04.29-00.07.05:648][  0]LogTemp: Display: Module 'AndroidTargetPlatform' loaded TargetPlatform 'Android_MultiClient'
[2019.04.29-00.07.05:650][  0]LogTemp: Display: Module 'HTML5TargetPlatform' loaded TargetPlatform 'HTML5'
[2019.04.29-00.07.05:706][  0]LogTemp: Display: Module 'IOSTargetPlatform' loaded TargetPlatform 'IOSClient'
[2019.04.29-00.07.05:706][  0]LogTemp: Display: Module 'IOSTargetPlatform' loaded TargetPlatform 'IOS'
[2019.04.29-00.07.05:736][  0]LogTemp: Display: Module 'TVOSTargetPlatform' loaded TargetPlatform 'TVOSClient'
[2019.04.29-00.07.05:736][  0]LogTemp: Display: Module 'TVOSTargetPlatform' loaded TargetPlatform 'TVOS'
[2019.04.29-00.07.05:753][  0]LogTemp: Display: Module 'LinuxClientTargetPlatform' loaded TargetPlatform 'LinuxClient'
[2019.04.29-00.07.05:769][  0]LogTemp: Display: Module 'LinuxNoEditorTargetPlatform' loaded TargetPlatform 'LinuxNoEditor'
[2019.04.29-00.07.05:784][  0]LogTemp: Display: Module 'LinuxServerTargetPlatform' loaded TargetPlatform 'LinuxServer'
[2019.04.29-00.07.05:801][  0]LogTemp: Display: Module 'LinuxTargetPlatform' loaded TargetPlatform 'Linux'
[2019.04.29-00.07.05:856][  0]LogTemp: Display: Module 'LuminTargetPlatform' loaded TargetPlatform 'Lumin'
[2019.04.29-00.07.05:856][  0]LogTemp: Display: Module 'LuminTargetPlatform' loaded TargetPlatform 'LuminClient'
[2019.04.29-00.07.05:857][  0]LogTargetPlatformManager: Display: Building Assets For Windows
[2019.04.29-00.07.05:871][  0]LogAudioDebug: Display: Lib vorbis DLL was dynamically loaded.
[2019.04.29-00.07.05:968][  0]LogShaderCompilers: Guid format shader working directory is -41 characters bigger than the processId version (../../../../../../Uni_Stuff/Year3/S2/GameplayMechanics/_Coursework/CMP302_GM/RTS_BaseBuilder/Intermediate/Shaders/WorkingDirectory/9524/).
[2019.04.29-00.07.05:969][  0]LogShaderCompilers: Cleaned the shader compiler working directory 'C:/Users/Roy George/AppData/Local/Temp/UnrealShaderWorkingDir/438E72DA4CB7233BA84F6092880D28A4/'.
[2019.04.29-00.07.05:974][  0]LogXGEController: Cannot use XGE Controller as Incredibuild is not installed on this machine.
[2019.04.29-00.07.05:974][  0]LogShaderCompilers: Cannot use XGE Shader Compiler as Incredibuild is not installed on this machine.
[2019.04.29-00.07.05:974][  0]LogShaderCompilers: Display: Using Local Shader Compiler.
[2019.04.29-00.07.06:582][  0]LogDerivedDataCache: Display: Max Cache Size: 512 MB
[2019.04.29-00.07.06:662][  0]LogDerivedDataCache: Loaded boot cache 0.08s 75MB C:/Users/Roy George/AppData/Local/UnrealEngine/4.22/DerivedDataCache/Boot.ddc.
[2019.04.29-00.07.06:662][  0]LogDerivedDataCache: Display: Loaded Boot cache: C:/Users/Roy George/AppData/Local/UnrealEngine/4.22/DerivedDataCache/Boot.ddc
[2019.04.29-00.07.06:662][  0]LogDerivedDataCache: FDerivedDataBackendGraph:  Pak pak cache file ../../../../../../Uni_Stuff/Year3/S2/GameplayMechanics/_Coursework/CMP302_GM/RTS_BaseBuilder/DerivedDataCache/DDC.ddp not found, will not use a pak cache.
[2019.04.29-00.07.06:662][  0]LogDerivedDataCache: Unable to find inner node Pak for hierarchical cache Hierarchy.
[2019.04.29-00.07.06:662][  0]LogDerivedDataCache: FDerivedDataBackendGraph:  CompressedPak pak cache file ../../../../../../Uni_Stuff/Year3/S2/GameplayMechanics/_Coursework/CMP302_GM/RTS_BaseBuilder/DerivedDataCache/Compressed.ddp not found, will not use a pak cache.
[2019.04.29-00.07.06:662][  0]LogDerivedDataCache: Unable to find inner node CompressedPak for hierarchical cache Hierarchy.
[2019.04.29-00.07.06:675][  0]LogDerivedDataCache: Display: Pak cache opened for reading ../../../Engine/DerivedDataCache/Compressed.ddp.
[2019.04.29-00.07.06:675][  0]LogDerivedDataCache: FDerivedDataBackendGraph:  EnterprisePak pak cache file ../../../Enterprise/DerivedDataCache/Compressed.ddp not found, will not use a pak cache.
[2019.04.29-00.07.06:675][  0]LogDerivedDataCache: Unable to find inner node EnterprisePak for hierarchical cache Hierarchy.
[2019.04.29-00.07.06:687][  0]LogDerivedDataCache: Using Local data cache path C:/Users/Roy George/AppData/Local/UnrealEngine/Common/DerivedDataCache: Writable
[2019.04.29-00.07.06:687][  0]LogDerivedDataCache: Shared data cache path not found in *engine.ini, will not use an Shared cache.
[2019.04.29-00.07.06:687][  0]LogDerivedDataCache: Unable to find inner node Shared for hierarchical cache Hierarchy.
[2019.04.29-00.07.06:713][  0]LogMaterial: Verifying Global Shaders for PCD3D_SM5
[2019.04.29-00.07.06:715][  0]LogSlate: Using FreeType 2.6.0
[2019.04.29-00.07.06:715][  0]LogSlate: SlateFontServices - WITH_FREETYPE: 1, WITH_HARFBUZZ: 1
[2019.04.29-00.07.06:816][  0]LogAssetRegistry: FAssetRegistry took 0.0360 seconds to start up
[2019.04.29-00.07.07:250][  0]LogInit: Selected Device Profile: [Windows]
[2019.04.29-00.07.07:423][  0]LogMeshReduction: Using QuadricMeshReduction for automatic static mesh reduction
[2019.04.29-00.07.07:423][  0]LogMeshReduction: Using SimplygonMeshReduction for automatic skeletal mesh reduction
[2019.04.29-00.07.07:423][  0]LogMeshReduction: Using ProxyLODMeshReduction for automatic mesh merging
[2019.04.29-00.07.07:423][  0]LogMeshReduction: No distributed automatic mesh merging module available
[2019.04.29-00.07.07:423][  0]LogMeshMerging: No distributed automatic mesh merging module available
[2019.04.29-00.07.07:435][  0]LogNetVersion: RTS_BaseBuilder 1.0.0, NetCL: 5660361, EngineNetVer: 10, GameNetVer: 0 (Checksum: 1744979706)
[2019.04.29-00.07.07:920][  0]LogPackageLocalizationCache: Processed 10 localized package path(s) for 1 prioritized culture(s) in 0.050899 seconds
[2019.04.29-00.07.07:932][  0]LogUObjectArray: 42205 objects as part of root set at end of initial load.
[2019.04.29-00.07.07:932][  0]LogUObjectAllocator: 7325032 out of 0 bytes used by permanent object pool.
[2019.04.29-00.07.07:932][  0]LogUObjectArray: CloseDisregardForGC: 0/0 objects in disregard for GC pool
[2019.04.29-00.07.08:972][  0]LogTcpMessaging: Initializing TcpMessaging bridge
[2019.04.29-00.07.08:986][  0]LogUdpMessaging: Initializing bridge on interface 0.0.0.0:0 to multicast group 230.0.0.1:6666.
[2019.04.29-00.07.09:365][  0]SourceControl: Source control is disabled
[2019.04.29-00.07.09:365][  0]SourceControl: Source control is disabled
[2019.04.29-00.07.09:368][  0]SourceControl: Source control is disabled
[2019.04.29-00.07.09:369][  0]SourceControl: Source control is disabled
[2019.04.29-00.07.09:473][  0]LogAndroidPermission: UAndroidPermissionCallbackProxy::GetInstance
[2019.04.29-00.07.09:616][  0]LogOcInput: OculusInput pre-init called
[2019.04.29-00.07.10:404][  0]LogEngine: Initializing Engine...
[2019.04.29-00.07.10:410][  0]LogHMD: Failed to initialize OpenVR with code 105
[2019.04.29-00.07.10:411][  0]LogStats: UGameplayTagsManager::InitializeManager -  0.000 s
[2019.04.29-00.07.10:648][  0]LogInit: Initializing FReadOnlyCVARCache
[2019.04.29-00.07.10:673][  0]LogAIModule: Creating AISystem for world Untitled
[2019.04.29-00.07.10:851][  0]LogInit: XAudio2 using 'Headset Earphone (HyperX 7.1 Audio)' : 2 channels at 48 kHz using 16 bits per sample (channel mask 0x3)
[2019.04.29-00.07.10:867][  0]LogInit: FAudioDevice initialized.
[2019.04.29-00.07.10:868][  0]LogNetVersion: Set ProjectVersion to 1.0.0.0. Version Checksum will be recalculated on next use.
[2019.04.29-00.07.10:928][  0]LogDerivedDataCache: Saved boot cache 0.06s 75MB C:/Users/Roy George/AppData/Local/UnrealEngine/4.22/DerivedDataCache/Boot.ddc.
[2019.04.29-00.07.10:942][  0]LogInit: Texture streaming: Enabled
[2019.04.29-00.07.10:973][  0]LogEngineSessionManager: EngineSessionManager initialized
[2019.04.29-00.07.11:009][  0]LogInit: Transaction tracking system initialized
[2019.04.29-00.07.11:060][  0]BlueprintLog: New page: Editor Load
[2019.04.29-00.07.11:211][  0]LocalizationService: Localization service is disabled
[2019.04.29-00.07.11:339][  0]LogLinker: Warning: Asset '../../../../../../Uni_Stuff/Year3/S2/GameplayMechanics/_Coursework/CMP302_GM/RTS_BaseBuilder/Content/TopDownCPP/TopDownOverview.uasset' has been saved with empty engine version. The asset will be loaded but may be incompatible.
[2019.04.29-00.07.11:596][  0]LogFileCache: Scanning file cache for directory 'C:/Uni_Stuff/Year3/S2/GameplayMechanics/_Coursework/CMP302_GM/RTS_BaseBuilder/Content/' took 0.02s
[2019.04.29-00.07.11:596][  0]LogCook: Display: Max memory allowance for cook 16384mb min free memory 0mb
[2019.04.29-00.07.11:596][  0]LogCook: Display: Mobile HDR setting 1
[2019.04.29-00.07.11:849][  0]SourceControl: Source control is disabled
[2019.04.29-00.07.11:849][  0]Cmd: MAP LOAD FILE="../../../../../../Uni_Stuff/Year3/S2/GameplayMechanics/_Coursework/CMP302_GM/RTS_BaseBuilder/Content/DemoLevel.umap" TEMPLATE=0 SHOWPROGRESS=1 FEATURELEVEL=3
[2019.04.29-00.07.11:850][  0]LightingResults: New page: Lighting Build
[2019.04.29-00.07.11:855][  0]MapCheck: New page: Map Check
[2019.04.29-00.07.11:855][  0]LightingResults: New page: Lighting Build
[2019.04.29-00.07.11:879][  0]LogUObjectHash: Compacting FUObjectHashTables data took   2.29ms
[2019.04.29-00.07.12:022][  0]LogAIModule: Creating AISystem for world DemoLevel
[2019.04.29-00.07.12:089][  0]LogEditorServer: Finished looking for orphan Actors (0.000 secs)
[2019.04.29-00.07.12:152][  0]LogUObjectHash: Compacting FUObjectHashTables data took   0.58ms
[2019.04.29-00.07.12:152][  0]Cmd: MAP CHECKDEP NOCLEARLOG
[2019.04.29-00.07.12:153][  0]MapCheck: Map check complete: 0 Error(s), 0 Warning(s), took 0.188ms to complete.
[2019.04.29-00.07.12:153][  0]LogFileHelpers: Loading map 'DemoLevel' took 0.303
[2019.04.29-00.07.12:285][  0]LogSlate: Updating window title bar state: overlay mode, drag disabled, window buttons hidden, title bar hidden
[2019.04.29-00.07.12:294][  0]LogSlate: Updating window title bar state: overlay mode, drag disabled, window buttons hidden, title bar hidden
[2019.04.29-00.07.12:303][  0]LogSlate: Updating window title bar state: overlay mode, drag disabled, window buttons hidden, title bar hidden
[2019.04.29-00.07.12:313][  0]LogSlate: Updating window title bar state: overlay mode, drag disabled, window buttons hidden, title bar hidden
[2019.04.29-00.07.12:325][  0]LogCollectionManager: Loaded 0 collections in 0.004412 seconds
[2019.04.29-00.07.12:344][  0]LogFileCache: Scanning file cache for directory 'C:/Uni_Stuff/Year3/S2/GameplayMechanics/_Coursework/CMP302_GM/RTS_BaseBuilder/Saved/Collections/' took 0.01s
[2019.04.29-00.07.12:345][  0]LogFileCache: Scanning file cache for directory 'C:/Uni_Stuff/Year3/S2/GameplayMechanics/_Coursework/CMP302_GM/RTS_BaseBuilder/Content/Developers/GavinGeorge/Collections/' took 0.00s
[2019.04.29-00.07.12:345][  0]LogFileCache: Scanning file cache for directory 'C:/Uni_Stuff/Year3/S2/GameplayMechanics/_Coursework/CMP302_GM/RTS_BaseBuilder/Content/Collections/' took 0.00s
[2019.04.29-00.07.12:345][  0]LogCollectionManager: Rebuilt the GUID cache for 0 collections in 0.000000 seconds
[2019.04.29-00.07.12:357][  0]LogContentBrowser: Native class hierarchy populated in 0.0124 seconds. Added 2748 classes and 661 folders.
[2019.04.29-00.07.12:370][  0]LogContentBrowser: Native class hierarchy updated for 'WidgetCarousel' in 0.0009 seconds. Added 0 classes and 0 folders.
[2019.04.29-00.07.12:372][  0]LogPakFile: Registered encryption key '00000000000000000000000000000000': 0 pak files mounted, 0 remain pending
[2019.04.29-00.07.12:373][  0]LogPakFile: Registered encryption key '00000000000000000000000000000000': 0 pak files mounted, 0 remain pending
[2019.04.29-00.07.12:373][  0]LogPakFile: Registered encryption key '00000000000000000000000000000000': 0 pak files mounted, 0 remain pending
[2019.04.29-00.07.12:374][  0]LogPakFile: Registered encryption key '00000000000000000000000000000000': 0 pak files mounted, 0 remain pending
[2019.04.29-00.07.12:375][  0]LogPakFile: Registered encryption key '00000000000000000000000000000000': 0 pak files mounted, 0 remain pending
[2019.04.29-00.07.12:375][  0]LogPakFile: Registered encryption key '00000000000000000000000000000000': 0 pak files mounted, 0 remain pending
[2019.04.29-00.07.12:376][  0]LogPakFile: Registered encryption key '00000000000000000000000000000000': 0 pak files mounted, 0 remain pending
[2019.04.29-00.07.12:376][  0]LogPakFile: Registered encryption key '00000000000000000000000000000000': 0 pak files mounted, 0 remain pending
[2019.04.29-00.07.12:377][  0]LogPakFile: Registered encryption key '00000000000000000000000000000000': 0 pak files mounted, 0 remain pending
[2019.04.29-00.07.12:378][  0]LogPakFile: Registered encryption key '00000000000000000000000000000000': 0 pak files mounted, 0 remain pending
[2019.04.29-00.07.12:378][  0]LogPakFile: Registered encryption key '00000000000000000000000000000000': 0 pak files mounted, 0 remain pending
[2019.04.29-00.07.12:379][  0]LogPakFile: Registered encryption key '00000000000000000000000000000000': 0 pak files mounted, 0 remain pending
[2019.04.29-00.07.12:379][  0]LogPakFile: Registered encryption key '00000000000000000000000000000000': 0 pak files mounted, 0 remain pending
[2019.04.29-00.07.12:380][  0]LogPakFile: Registered encryption key '00000000000000000000000000000000': 0 pak files mounted, 0 remain pending
[2019.04.29-00.07.12:381][  0]LogPakFile: Registered encryption key '00000000000000000000000000000000': 0 pak files mounted, 0 remain pending
[2019.04.29-00.07.12:381][  0]LogPakFile: Registered encryption key '00000000000000000000000000000000': 0 pak files mounted, 0 remain pending
[2019.04.29-00.07.12:382][  0]LogPakFile: Registered encryption key '00000000000000000000000000000000': 0 pak files mounted, 0 remain pending
[2019.04.29-00.07.12:383][  0]LogPakFile: Registered encryption key '00000000000000000000000000000000': 0 pak files mounted, 0 remain pending
[2019.04.29-00.07.12:383][  0]LogPakFile: Registered encryption key '00000000000000000000000000000000': 0 pak files mounted, 0 remain pending
[2019.04.29-00.07.12:384][  0]LogPakFile: Registered encryption key '00000000000000000000000000000000': 0 pak files mounted, 0 remain pending
[2019.04.29-00.07.12:384][  0]LogPakFile: Registered encryption key '00000000000000000000000000000000': 0 pak files mounted, 0 remain pending
[2019.04.29-00.07.12:385][  0]LogPakFile: Registered encryption key '00000000000000000000000000000000': 0 pak files mounted, 0 remain pending
[2019.04.29-00.07.12:386][  0]LogPakFile: Registered encryption key '00000000000000000000000000000000': 0 pak files mounted, 0 remain pending
[2019.04.29-00.07.12:386][  0]LogPakFile: Registered encryption key '00000000000000000000000000000000': 0 pak files mounted, 0 remain pending
[2019.04.29-00.07.12:387][  0]LogPakFile: Registered encryption key '00000000000000000000000000000000': 0 pak files mounted, 0 remain pending
[2019.04.29-00.07.12:388][  0]LogPakFile: Registered encryption key '00000000000000000000000000000000': 0 pak files mounted, 0 remain pending
[2019.04.29-00.07.12:456][  0]LogContentBrowser: Native class hierarchy updated for 'AddContentDialog' in 0.0009 seconds. Added 0 classes and 0 folders.
[2019.04.29-00.07.12:467][  0]LogContentBrowser: Native class hierarchy updated for 'SceneOutliner' in 0.0010 seconds. Added 1 classes and 2 folders.
[2019.04.29-00.07.14:592][  0]LogSlate: Only BGRA pngs, bmps or icos are supported in by External Image Picker
[2019.04.29-00.07.14:618][  0]LogSlate: Took 0.000240 seconds to synchronously load lazily loaded font '../../../Engine/Content/Slate/Fonts/Roboto-Regular.ttf' (155K)
[2019.04.29-00.07.14:620][  0]LogSlate: Took 0.000199 seconds to synchronously load lazily loaded font '../../../Engine/Content/Slate/Fonts/Roboto-Bold.ttf' (160K)
[2019.04.29-00.07.14:626][  0]LogSlate: Took 0.000221 seconds to synchronously load lazily loaded font '../../../Engine/Content/Editor/Slate/Fonts/FontAwesome.ttf' (139K)
[2019.04.29-00.07.14:721][  0]LogRenderer: Reallocating scene render targets to support 1144x572 Format 10 NumSamples 1 (Frame:1).
[2019.04.29-00.07.14:821][  0]LogSlate: Took 0.000223 seconds to synchronously load lazily loaded font '../../../Engine/Content/Slate/Fonts/Roboto-Light.ttf' (167K)
[2019.04.29-00.07.14:921][  0]LogContentBrowser: Native class hierarchy updated for 'HierarchicalLODOutliner' in 0.0011 seconds. Added 0 classes and 0 folders.
[2019.04.29-00.07.14:922][  0]LogLoad: (Engine Initialization) Total time: 13.78 seconds
[2019.04.29-00.07.14:922][  0]LogLoad: (Engine Initialization) Total Blueprint compile time: 0.00 seconds
[2019.04.29-00.07.14:932][  0]LogWindowsTextInputMethodSystem: Display: IME system now deactivated.
[2019.04.29-00.07.15:032][  0]LogAssetRegistry: Asset discovery search completed in 8.2388 seconds
[2019.04.29-00.07.15:035][  0]LogCollectionManager: Rebuilt the object cache for 0 collections in 0.000000 seconds (found 0 objects)
[2019.04.29-00.07.15:035][  0]LogCollectionManager: Fixed up redirectors for 0 collections in 0.000085 seconds (updated 0 objects)
[2019.04.29-00.07.15:036][  0]LogContentStreaming: Texture pool size now 1000 MB
[2019.04.29-00.07.17:793][311]LogSlate: FSceneViewport::OnFocusLost() reason 0
[2019.04.29-00.07.18:043][341]LogTemp: Repeating last play command: Selected Viewport
[2019.04.29-00.07.18:058][341]LogBlueprintUserMessages: Early PlayInEditor Detection: Level '/Game/DemoLevel.DemoLevel:PersistentLevel' has LevelScriptBlueprint '/Game/DemoLevel.DemoLevel:PersistentLevel.DemoLevel' with GeneratedClass '/Game/DemoLevel.DemoLevel_C' with ClassGeneratedBy '/Game/DemoLevel.DemoLevel:PersistentLevel.DemoLevel'
[2019.04.29-00.07.18:058][341]LogPlayLevel: PlayLevel: No blueprints needed recompiling
[2019.04.29-00.07.18:059][341]PIE: New page: PIE session: DemoLevel (29 Apr 2019 02:07:18)
[2019.04.29-00.07.18:071][341]LogPlayLevel: Creating play world package: /Game/UEDPIE_0_DemoLevel
[2019.04.29-00.07.18:123][341]LogPlayLevel: PIE: StaticDuplicateObject took: (0.051762s)
[2019.04.29-00.07.18:124][341]LogAIModule: Creating AISystem for world DemoLevel
[2019.04.29-00.07.18:124][341]LogPlayLevel: PIE: World Init took: (0.000727s)
[2019.04.29-00.07.18:124][341]LogPlayLevel: PIE: Created PIE world by copying editor world from /Game/DemoLevel.DemoLevel to /Game/UEDPIE_0_DemoLevel.DemoLevel (0.053016s)
[2019.04.29-00.07.18:147][341]LogUObjectHash: Compacting FUObjectHashTables data took   1.11ms
[2019.04.29-00.07.18:179][341]LogInit: XAudio2 using 'Headset Earphone (HyperX 7.1 Audio)' : 2 channels at 48 kHz using 16 bits per sample (channel mask 0x3)
[2019.04.29-00.07.18:191][341]LogInit: FAudioDevice initialized.
[2019.04.29-00.07.18:235][341]LogLoad: Game class is 'GG_RTS_GameMode'
[2019.04.29-00.07.18:240][341]LogWorld: Bringing World /Game/UEDPIE_0_DemoLevel.DemoLevel up for play (max tick rate 0) at 2019.04.29-01.07.18
[2019.04.29-00.07.18:242][341]LogWorld: Bringing up level for play took: 0.006126
[2019.04.29-00.07.18:265][341]LogContentBrowser: Native class hierarchy updated for 'MovieSceneCapture' in 0.0010 seconds. Added 20 classes and 0 folders.
[2019.04.29-00.07.18:266][341]PIE: Play in editor start time for /Game/UEDPIE_0_DemoLevel 0.794
[2019.04.29-00.07.18:267][341]LogBlueprintUserMessages: Late PlayInEditor Detection: Level '/Game/DemoLevel.DemoLevel:PersistentLevel' has LevelScriptBlueprint '/Game/DemoLevel.DemoLevel:PersistentLevel.DemoLevel' with GeneratedClass '/Game/DemoLevel.DemoLevel_C' with ClassGeneratedBy '/Game/DemoLevel.DemoLevel:PersistentLevel.DemoLevel'
[2019.04.29-00.07.21:956][782]LogTemp: IOS device listing is disabled (to many failed attempts)!
[2019.04.29-00.07.22:410][836]LogTemp: Warning: RESOURCE
[2019.04.29-00.07.25:870][251]LogTemp: Warning: BUILDING
[2019.04.29-00.07.29:362][670]LogTemp: Warning: RESOURCE
[2019.04.29-00.07.30:754][837]LogTemp: Warning: RESOURCE
[2019.04.29-00.07.47:474][843]LogTemp: Warning: RESOURCE
[2019.04.29-00.08.33:740][386]LogTemp: Warning: RESOURCE
[2019.04.29-00.08.48:269][129]LogTemp: Warning: RESOURCE
[2019.04.29-00.08.48:828][196]LogTemp: Warning: RESOURCE
[2019.04.29-00.08.56:522][119]LogTemp: Warning: RESOURCE
[2019.04.29-00.09.48:855][395]LogSlate: FSceneViewport::OnFocusLost() reason 0
[2019.04.29-00.09.48:939][405]LogBlueprintUserMessages: Early EndPlayMap Detection: Level '/Game/DemoLevel.DemoLevel:PersistentLevel' has LevelScriptBlueprint '/Game/DemoLevel.DemoLevel:PersistentLevel.DemoLevel' with GeneratedClass '/Game/DemoLevel.DemoLevel_C' with ClassGeneratedBy '/Game/DemoLevel.DemoLevel:PersistentLevel.DemoLevel'
[2019.04.29-00.09.48:939][405]LogSlate: Updating window title bar state: overlay mode, drag disabled, window buttons hidden, title bar hidden
[2019.04.29-00.09.48:970][405]LogPlayLevel: Display: Shutting down PIE online subsystems
[2019.04.29-00.09.48:971][405]LogBlueprintUserMessages: Late EndPlayMap Detection: Level '/Game/DemoLevel.DemoLevel:PersistentLevel' has LevelScriptBlueprint '/Game/DemoLevel.DemoLevel:PersistentLevel.DemoLevel' with GeneratedClass '/Game/DemoLevel.DemoLevel_C' with ClassGeneratedBy '/Game/DemoLevel.DemoLevel:PersistentLevel.DemoLevel'
[2019.04.29-00.09.48:997][405]LogSlate: Updating window title bar state: overlay mode, drag disabled, window buttons hidden, title bar hidden
[2019.04.29-00.09.49:002][405]LogUObjectHash: Compacting FUObjectHashTables data took   1.79ms
[2019.04.29-00.09.49:041][409]LogPlayLevel: Display: Destroying online subsystem :Context_7
[2019.04.29-00.09.56:659][311]LogSlate: FSceneViewport::OnFocusLost() reason 0
[2019.04.29-00.10.00:464][748]Cmd: EDIT COPY
[2019.04.29-00.10.01:355][853]Cmd: EDIT PASTE
[2019.04.29-00.10.30:595][ 94]LogEditorViewport: Clicking on Actor (LMB): Landscape (Landscape)
[2019.04.29-00.10.33:572][425]LogEditorViewport: Clicking on Actor (LMB): GG_RTS_Stone (GG_RTS_Stone10)
[2019.04.29-00.10.35:208][608]Cmd: EDIT COPY
[2019.04.29-00.10.35:564][649]Cmd: EDIT PASTE
[2019.04.29-00.10.38:269][960]LogEditorViewport: Clicking on Actor (LMB): GG_RTS_Stone (GG_RTS_Stone11)
[2019.04.29-00.10.39:879][143]LogEditorViewport: Clicking on Actor (LMB): Landscape (Landscape)
[2019.04.29-00.10.42:522][445]LogSlate: FSceneViewport::OnFocusLost() reason 2
[2019.04.29-00.10.43:840][577]LogUObjectHash: Compacting FUObjectHashTables data took   1.41ms
[2019.04.29-00.10.43:846][577]LogSlate: Took 0.000223 seconds to synchronously load lazily loaded font '../../../Engine/Content/Slate/Fonts/Roboto-Light.ttf' (167K)
[2019.04.29-00.10.43:848][577]LogSlate: FSceneViewport::OnFocusLost() reason 2
[2019.04.29-00.10.43:881][577]LogUObjectHash: Compacting FUObjectHashTables data took   0.59ms
[2019.04.29-00.10.44:302][577]LogSavePackage: Moving '../../../../../../Uni_Stuff/Year3/S2/GameplayMechanics/_Coursework/CMP302_GM/RTS_BaseBuilder/Saved/DemoLevelBC63CF7F46B276487D8E4595662B723E.tmp' to '../../../../../../Uni_Stuff/Year3/S2/GameplayMechanics/_Coursework/CMP302_GM/RTS_BaseBuilder/Content/DemoLevel.umap'
[2019.04.29-00.10.44:341][577]LogFileHelpers: Saving map 'DemoLevel' took 0.486
[2019.04.29-00.10.47:616][934]LogEditorViewport: Clicking on Actor (LMB): Landscape (Landscape)
[2019.04.29-00.10.48:137][993]LogEditorViewport: Clicking on Actor (LMB): GG_RTS_ResourceBuilding (GG_RTS_ResourceBuilding2)
[2019.04.29-00.10.48:944][ 81]LogSlate: FSceneViewport::OnFocusLost() reason 0
[2019.04.29-00.10.49:027][ 91]LogTemp: Repeating last play command: Selected Viewport
[2019.04.29-00.10.49:043][ 91]LogBlueprintUserMessages: Early PlayInEditor Detection: Level '/Game/DemoLevel.DemoLevel:PersistentLevel' has LevelScriptBlueprint '/Game/DemoLevel.DemoLevel:PersistentLevel.DemoLevel' with GeneratedClass '/Game/DemoLevel.DemoLevel_C' with ClassGeneratedBy '/Game/DemoLevel.DemoLevel:PersistentLevel.DemoLevel'
[2019.04.29-00.10.49:043][ 91]LogPlayLevel: PlayLevel: No blueprints needed recompiling
[2019.04.29-00.10.49:043][ 91]PIE: New page: PIE session: DemoLevel (29 Apr 2019 02:10:49)
[2019.04.29-00.10.49:043][ 91]LogPlayLevel: Creating play world package: /Game/UEDPIE_0_DemoLevel
[2019.04.29-00.10.49:091][ 91]LogPlayLevel: PIE: StaticDuplicateObject took: (0.048033s)
[2019.04.29-00.10.49:092][ 91]LogAIModule: Creating AISystem for world DemoLevel
[2019.04.29-00.10.49:092][ 91]LogPlayLevel: PIE: World Init took: (0.000712s)
[2019.04.29-00.10.49:092][ 91]LogPlayLevel: PIE: Created PIE world by copying editor world from /Game/DemoLevel.DemoLevel to /Game/UEDPIE_0_DemoLevel.DemoLevel (0.048933s)
[2019.04.29-00.10.49:116][ 91]LogUObjectHash: Compacting FUObjectHashTables data took   1.97ms
[2019.04.29-00.10.49:145][ 91]LogInit: XAudio2 using 'Headset Earphone (HyperX 7.1 Audio)' : 2 channels at 48 kHz using 16 bits per sample (channel mask 0x3)
[2019.04.29-00.10.49:156][ 91]LogInit: FAudioDevice initialized.
[2019.04.29-00.10.49:185][ 91]LogLoad: Game class is 'GG_RTS_GameMode'
[2019.04.29-00.10.49:192][ 91]LogWorld: Bringing World /Game/UEDPIE_0_DemoLevel.DemoLevel up for play (max tick rate 0) at 2019.04.29-01.10.49
[2019.04.29-00.10.49:193][ 91]LogWorld: Bringing up level for play took: 0.006980
[2019.04.29-00.10.49:206][ 91]PIE: Play in editor start time for /Game/UEDPIE_0_DemoLevel -0.266
[2019.04.29-00.10.49:206][ 91]LogBlueprintUserMessages: Late PlayInEditor Detection: Level '/Game/DemoLevel.DemoLevel:PersistentLevel' has LevelScriptBlueprint '/Game/DemoLevel.DemoLevel:PersistentLevel.DemoLevel' with GeneratedClass '/Game/DemoLevel.DemoLevel_C' with ClassGeneratedBy '/Game/DemoLevel.DemoLevel:PersistentLevel.DemoLevel'
[2019.04.29-00.10.53:437][597]LogTemp: Warning: BUILDING
[2019.04.29-00.10.58:663][224]LogTemp: Warning: RESOURCE
[2019.04.29-00.11.07:964][340]LogTemp: Warning: BUILDING
[2019.04.29-00.11.12:190][847]LogTemp: Warning: BUILDING
[2019.04.29-00.11.12:582][894]LogTemp: Warning: BUILDING
[2019.04.29-00.11.18:141][561]LogTemp: Warning: RESOURCE
[2019.04.29-00.11.24:804][358]LogTemp: Warning: RESOURCE
[2019.04.29-00.11.41:203][323]LogTemp: Warning: BUILDING
[2019.04.29-00.11.56:940][211]LogTemp: Warning: RESOURCE
[2019.04.29-00.12.14:246][287]LogTemp: Warning: RESOURCE
[2019.04.29-00.12.51:124][709]LogTemp: Warning: RESOURCE
[2019.04.29-00.12.53:911][ 43]LogTemp: Warning: RESOURCE
[2019.04.29-00.12.54:553][120]LogTemp: Warning: RESOURCE
[2019.04.29-00.12.56:746][383]LogTemp: Warning: RESOURCE
[2019.04.29-00.12.59:122][668]LogTemp: Warning: RESOURCE
[2019.04.29-00.13.02:456][ 68]LogTemp: Warning: RESOURCE
[2019.04.29-00.13.03:140][150]LogTemp: Warning: RESOURCE
[2019.04.29-00.13.15:186][595]LogCharacterMovement: GG_RTS_Worker_25 is stuck and failed to move! Velocity: X=-12.56 Y=-11.55 Z=0.00 Location: X=1111.77 Y=-1444.22 Z=-1.85 Normal: X=0.69 Y=0.73 Z=0.00 PenetrationDepth:0.000 Actor:GG_RTS_Worker_5 Component:CollisionCylinder BoneName:None (0 other events since notify)
[2019.04.29-00.13.23:163][552]LogTemp: Warning: RESOURCE
[2019.04.29-00.13.24:411][699]LogTemp: Warning: RESOURCE
[2019.04.29-00.13.26:595][961]LogTemp: Warning: RESOURCE
[2019.04.29-00.13.26:979][  7]LogTemp: Warning: RESOURCE
[2019.04.29-00.13.50:062][776]LogTemp: Warning: BUILDING
[2019.04.29-00.14.10:063][176]LogSlate: FSceneViewport::OnFocusLost() reason 0
[2019.04.29-00.14.10:115][182]LogBlueprintUserMessages: Early EndPlayMap Detection: Level '/Game/DemoLevel.DemoLevel:PersistentLevel' has LevelScriptBlueprint '/Game/DemoLevel.DemoLevel:PersistentLevel.DemoLevel' with GeneratedClass '/Game/DemoLevel.DemoLevel_C' with ClassGeneratedBy '/Game/DemoLevel.DemoLevel:PersistentLevel.DemoLevel'
[2019.04.29-00.14.10:115][182]LogSlate: Updating window title bar state: overlay mode, drag disabled, window buttons hidden, title bar hidden
[2019.04.29-00.14.10:150][182]LogPlayLevel: Display: Shutting down PIE online subsystems
[2019.04.29-00.14.10:151][182]LogBlueprintUserMessages: Late EndPlayMap Detection: Level '/Game/DemoLevel.DemoLevel:PersistentLevel' has LevelScriptBlueprint '/Game/DemoLevel.DemoLevel:PersistentLevel.DemoLevel' with GeneratedClass '/Game/DemoLevel.DemoLevel_C' with ClassGeneratedBy '/Game/DemoLevel.DemoLevel:PersistentLevel.DemoLevel'
[2019.04.29-00.14.10:177][182]LogSlate: Updating window title bar state: overlay mode, drag disabled, window buttons hidden, title bar hidden
[2019.04.29-00.14.10:181][182]LogUObjectHash: Compacting FUObjectHashTables data took   1.44ms
[2019.04.29-00.14.10:225][185]LogPlayLevel: Display: Destroying online subsystem :Context_8
[2019.04.29-00.14.13:621][586]LogSlate: FSceneViewport::OnFocusLost() reason 2
[2019.04.29-00.14.14:626][702]LogUObjectHash: Compacting FUObjectHashTables data took   0.59ms
[2019.04.29-00.14.20:588][416]LogSlate: FSceneViewport::OnFocusLost() reason 0
[2019.04.29-00.14.20:663][425]LogTemp: Repeating last play command: Selected Viewport
[2019.04.29-00.14.20:679][425]LogBlueprintUserMessages: Early PlayInEditor Detection: Level '/Game/DemoLevel.DemoLevel:PersistentLevel' has LevelScriptBlueprint '/Game/DemoLevel.DemoLevel:PersistentLevel.DemoLevel' with GeneratedClass '/Game/DemoLevel.DemoLevel_C' with ClassGeneratedBy '/Game/DemoLevel.DemoLevel:PersistentLevel.DemoLevel'
[2019.04.29-00.14.20:680][425]LogPlayLevel: PlayLevel: No blueprints needed recompiling
[2019.04.29-00.14.20:680][425]PIE: New page: PIE session: DemoLevel (29 Apr 2019 02:14:20)
[2019.04.29-00.14.20:680][425]LogPlayLevel: Creating play world package: /Game/UEDPIE_0_DemoLevel
[2019.04.29-00.14.20:729][425]LogPlayLevel: PIE: StaticDuplicateObject took: (0.048646s)
[2019.04.29-00.14.20:729][425]LogAIModule: Creating AISystem for world DemoLevel
[2019.04.29-00.14.20:729][425]LogPlayLevel: PIE: World Init took: (0.000665s)
[2019.04.29-00.14.20:729][425]LogPlayLevel: PIE: Created PIE world by copying editor world from /Game/DemoLevel.DemoLevel to /Game/UEDPIE_0_DemoLevel.DemoLevel (0.049486s)
[2019.04.29-00.14.20:752][425]LogUObjectHash: Compacting FUObjectHashTables data took   1.13ms
[2019.04.29-00.14.20:780][425]LogInit: XAudio2 using 'Headset Earphone (HyperX 7.1 Audio)' : 2 channels at 48 kHz using 16 bits per sample (channel mask 0x3)
[2019.04.29-00.14.20:792][425]LogInit: FAudioDevice initialized.
[2019.04.29-00.14.20:822][425]LogLoad: Game class is 'GG_RTS_GameMode'
[2019.04.29-00.14.20:828][425]LogWorld: Bringing World /Game/UEDPIE_0_DemoLevel.DemoLevel up for play (max tick rate 0) at 2019.04.29-01.14.20
[2019.04.29-00.14.20:829][425]LogWorld: Bringing up level for play took: 0.006658
[2019.04.29-00.14.20:842][425]PIE: Play in editor start time for /Game/UEDPIE_0_DemoLevel -0.63
[2019.04.29-00.14.20:842][425]LogBlueprintUserMessages: Late PlayInEditor Detection: Level '/Game/DemoLevel.DemoLevel:PersistentLevel' has LevelScriptBlueprint '/Game/DemoLevel.DemoLevel:PersistentLevel.DemoLevel' with GeneratedClass '/Game/DemoLevel.DemoLevel_C' with ClassGeneratedBy '/Game/DemoLevel.DemoLevel:PersistentLevel.DemoLevel'
[2019.04.29-00.14.22:368][606]LogTemp: Warning: RESOURCE
[2019.04.29-00.14.26:127][ 57]LogTemp: Warning: BUILDING
[2019.04.29-00.14.27:986][280]LogTemp: Warning: BUILDING
[2019.04.29-00.14.35:096][133]LogTemp: Warning: RESOURCE
[2019.04.29-00.14.39:577][668]LogTemp: Warning: RESOURCE
[2019.04.29-00.14.40:610][792]LogTemp: Warning: RESOURCE
[2019.04.29-00.14.55:940][631]LogTemp: Warning: RESOURCE
[2019.04.29-00.14.57:582][828]LogTemp: Warning: RESOURCE
[2019.04.29-00.15.03:725][565]LogTemp: Warning: RESOURCE
[2019.04.29-00.15.06:176][859]LogTemp: Warning: RESOURCE
[2019.04.29-00.15.08:703][162]LogTemp: Warning: RESOURCE
[2019.04.29-00.15.18:644][355]LogTemp: Warning: RESOURCE
[2019.04.29-00.15.40:980][841]LogWindows: Error: === Critical error: ===
[2019.04.29-00.15.40:980][841]LogWindows: Error: 
[2019.04.29-00.15.40:980][841]LogWindows: Error: Fatal error!
[2019.04.29-00.15.40:980][841]LogWindows: Error: 
[2019.04.29-00.15.40:980][841]LogWindows: Error: Unhandled Exception: EXCEPTION_ACCESS_VIOLATION reading address 0xffffffff
[2019.04.29-00.15.40:980][841]LogWindows: Error: 
[2019.04.29-00.15.40:980][841]LogWindows: Error: [Callstack] 0x00007ffa5ab67eef UE4Editor-RTS_BaseBuilder-7538.dll!GG_RTS_CollectionTask::GatherResource() [c:\uni_stuff\year3\s2\gameplaymechanics\_coursework\cmp302_gm\rts_basebuilder\source\rts_basebuilder\gg_rts_collectiontask.cpp:35]
[2019.04.29-00.15.40:980][841]LogWindows: Error: [Callstack] 0x00007ffa5ab7219e UE4Editor-RTS_BaseBuilder-7538.dll!AGG_RTS_Worker::Tick() [c:\uni_stuff\year3\s2\gameplaymechanics\_coursework\cmp302_gm\rts_basebuilder\source\rts_basebuilder\gg_rts_worker.cpp:58]
[2019.04.29-00.15.40:980][841]LogWindows: Error: [Callstack] 0x00007ffa64ddfca2 UE4Editor-Engine.dll!UnknownFunction []
[2019.04.29-00.15.40:980][841]LogWindows: Error: [Callstack] 0x00007ffa64daaced UE4Editor-Engine.dll!UnknownFunction []
[2019.04.29-00.15.40:980][841]LogWindows: Error: [Callstack] 0x00007ffa65d629ac UE4Editor-Engine.dll!UnknownFunction []
[2019.04.29-00.15.40:980][841]LogWindows: Error: [Callstack] 0x00007ffa736122d8 UE4Editor-Core.dll!UnknownFunction []
[2019.04.29-00.15.40:980][841]LogWindows: Error: [Callstack] 0x00007ffa73612563 UE4Editor-Core.dll!UnknownFunction []
[2019.04.29-00.15.40:980][841]LogWindows: Error: [Callstack] 0x00007ffa73622309 UE4Editor-Core.dll!UnknownFunction []
[2019.04.29-00.15.40:980][841]LogWindows: Error: [Callstack] 0x00007ffa65dab0d3 UE4Editor-Engine.dll!UnknownFunction []
[2019.04.29-00.15.40:980][841]LogWindows: Error: [Callstack] 0x00007ffa65db7362 UE4Editor-Engine.dll!UnknownFunction []
[2019.04.29-00.15.40:980][841]LogWindows: Error: [Callstack] 0x00007ffa655d9b5f UE4Editor-Engine.dll!UnknownFunction []
[2019.04.29-00.15.40:980][841]LogWindows: Error: [Callstack] 0x00007ffa655e3d38 UE4Editor-Engine.dll!UnknownFunction []
[2019.04.29-00.15.40:980][841]LogWindows: Error: [Callstack] 0x00007ffa6c0a02c7 UE4Editor-UnrealEd.dll!UnknownFunction []
[2019.04.29-00.15.40:980][841]LogWindows: Error: [Callstack] 0x00007ffa6c8bc3d6 UE4Editor-UnrealEd.dll!UnknownFunction []
[2019.04.29-00.15.40:980][841]LogWindows: Error: [Callstack] 0x00007ff72d506bb1 UE4Editor.exe!UnknownFunction []
[2019.04.29-00.15.40:980][841]LogWindows: Error: [Callstack] 0x00007ff72d51554c UE4Editor.exe!UnknownFunction []
[2019.04.29-00.15.40:980][841]LogWindows: Error: [Callstack] 0x00007ff72d5155ca UE4Editor.exe!UnknownFunction []
[2019.04.29-00.15.40:980][841]LogWindows: Error: [Callstack] 0x00007ff72d52315c UE4Editor.exe!UnknownFunction []
[2019.04.29-00.15.40:980][841]LogWindows: Error: [Callstack] 0x00007ff72d525b7e UE4Editor.exe!UnknownFunction []
[2019.04.29-00.15.40:980][841]LogWindows: Error: [Callstack] 0x00007ffab5344034 KERNEL32.DLL!UnknownFunction []
[2019.04.29-00.15.40:980][841]LogWindows: Error: [Callstack] 0x00007ffab59f3691 ntdll.dll!UnknownFunction []
[2019.04.29-00.15.40:980][841]LogWindows: Error: 
[2019.04.29-00.15.41:001][841]LogExit: Executing StaticShutdownAfterError
[2019.04.29-00.15.41:004][841]LogWindows: FPlatformMisc::RequestExit(1)
[2019.04.29-00.15.41:015][841]Log file closed, 04/29/19 01:15:41
