Log file open, 05/02/19 17:47:06
LogWindows: Failed to load 'aqProf.dll' (GetLastError=126)
LogWindows: File 'aqProf.dll' does not exist
LogWindows: Failed to load 'VtuneApi.dll' (GetLastError=126)
LogWindows: File 'VtuneApi.dll' does not exist
LogWindows: Failed to load 'VtuneApi32e.dll' (GetLastError=126)
LogWindows: File 'VtuneApi32e.dll' does not exist
LogConsoleResponse: Display: Failed to find resolution value strings in scalability ini. Falling back to default.
LogInit: Display: Running engine for game: RTS_BaseBuilder
LogPakFile: Registered encryption key '00000000000000000000000000000000': 0 pak files mounted, 0 remain pending
LogPlatformFile: Not using cached read wrapper
LogTaskGraph: Started task graph with 5 named threads and 14 total threads with 3 sets of task threads.
LogStats: Stats thread started at 0.217385
LogD3D11RHI: Loaded GFSDK_Aftermath_Lib.x64.dll
LogWindows: Failed to load '../../../Engine/Binaries/ThirdParty/libsndfile/Win64/libsndfile-1.dll' (GetLastError=126)
LogWindows: File '../../../Engine/Binaries/ThirdParty/libsndfile/Win64/libsndfile-1.dll' does not exist
LogAudioMixer: Display: Failed to load Sound File dll
LogAudioEditor: Display: LibSoundFile failed to load. Importing audio will not work correctly.
LogICUInternationalization: ICU TimeZone Detection - Raw Offset: +0:00, Platform Override: ''
LogPluginManager: Mounting plugin Paper2D
LogPluginManager: Mounting plugin AISupport
LogPluginManager: Mounting plugin LightPropagationVolume
LogPluginManager: Mounting plugin ActorLayerUtilities
LogPluginManager: Mounting plugin AnimationSharing
LogPluginManager: Mounting plugin CLionSourceCodeAccess
LogPluginManager: Mounting plugin CodeLiteSourceCodeAccess
LogPluginManager: Mounting plugin GitSourceControl
LogPluginManager: Mounting plugin KDevelopSourceCodeAccess
LogPluginManager: Mounting plugin NullSourceCodeAccess
LogPluginManager: Mounting plugin PerforceSourceControl
LogPluginManager: Mounting plugin SubversionSourceControl
LogPluginManager: Mounting plugin UObjectPlugin
LogPluginManager: Mounting plugin VisualStudioCodeSourceCodeAccess
LogPluginManager: Mounting plugin VisualStudioSourceCodeAccess
LogPluginManager: Mounting plugin XCodeSourceCodeAccess
LogPluginManager: Mounting plugin AssetManagerEditor
LogPluginManager: Mounting plugin CryptoKeys
LogPluginManager: Mounting plugin DataValidation
LogPluginManager: Mounting plugin FacialAnimation
LogPluginManager: Mounting plugin GameplayTagsEditor
LogPluginManager: Mounting plugin MacGraphicsSwitching
LogPluginManager: Mounting plugin MaterialAnalyzer
LogPluginManager: Mounting plugin MobileLauncherProfileWizard
LogPluginManager: Mounting plugin PluginBrowser
LogPluginManager: Mounting plugin SpeedTreeImporter
LogPluginManager: Mounting plugin DatasmithContent
LogPluginManager: Mounting plugin VariantManagerContent
LogPluginManager: Mounting plugin AlembicImporter
LogPluginManager: Mounting plugin AppleImageUtils
LogPluginManager: Mounting plugin AppleVision
LogPluginManager: Mounting plugin BackChannel
LogPluginManager: Mounting plugin CharacterAI
LogPluginManager: Mounting plugin GeometryCache
LogPluginManager: Mounting plugin HTML5Networking
LogPluginManager: Mounting plugin ProxyLODPlugin
LogPluginManager: Mounting plugin SkeletalReduction
LogPluginManager: Mounting plugin MagicLeap
LogPluginManager: Mounting plugin MagicLeapMedia
LogPluginManager: Mounting plugin AndroidMedia
LogPluginManager: Mounting plugin AvfMedia
LogPluginManager: Mounting plugin ImgMedia
LogPluginManager: Mounting plugin LinearTimecode
LogPluginManager: Mounting plugin MediaCompositing
LogPluginManager: Mounting plugin MediaPlayerEditor
LogPluginManager: Mounting plugin WebMMedia
LogPluginManager: Mounting plugin WmfMedia
LogPluginManager: Mounting plugin TcpMessaging
LogPluginManager: Mounting plugin UdpMessaging
LogPluginManager: Mounting plugin ActorSequence
LogPluginManager: Mounting plugin LevelSequenceEditor
LogPluginManager: Mounting plugin MatineeToLevelSequence
LogPluginManager: Mounting plugin NetcodeUnitTest
LogPluginManager: Mounting plugin NUTUnrealEngine4
LogPluginManager: Mounting plugin OnlineSubsystemGooglePlay
LogPluginManager: Mounting plugin OnlineSubsystemIOS
LogPluginManager: Mounting plugin OnlineSubsystem
LogPluginManager: Mounting plugin OnlineSubsystemNull
LogPluginManager: Mounting plugin OnlineSubsystemUtils
LogPluginManager: Mounting plugin LauncherChunkInstaller
LogPluginManager: Mounting plugin AndroidDeviceProfileSelector
LogPluginManager: Mounting plugin AndroidMoviePlayer
LogPluginManager: Mounting plugin AndroidPermission
LogPluginManager: Mounting plugin AppleMoviePlayer
LogPluginManager: Mounting plugin ArchVisCharacter
LogPluginManager: Mounting plugin AudioCapture
LogPluginManager: Mounting plugin CableComponent
LogPluginManager: Mounting plugin CustomMeshComponent
LogPluginManager: Mounting plugin EditableMesh
LogPluginManager: Mounting plugin ExampleDeviceProfileSelector
LogPluginManager: Mounting plugin Firebase
LogPluginManager: Mounting plugin GoogleCloudMessaging
LogPluginManager: Mounting plugin IOSDeviceProfileSelector
LogPluginManager: Mounting plugin LinuxDeviceProfileSelector
LogPluginManager: Mounting plugin LocationServicesBPLibrary
LogPluginManager: Mounting plugin MobilePatchingUtils
LogPluginManager: Mounting plugin OculusVR
LogPluginManager: Mounting plugin PhysXVehicles
LogPluginManager: Mounting plugin ProceduralMeshComponent
LogPluginManager: Mounting plugin RuntimePhysXCooking
LogPluginManager: Mounting plugin SignificanceManager
LogPluginManager: Mounting plugin SteamVR
LogPluginManager: Mounting plugin WebMMoviePlayer
LogPluginManager: Mounting plugin WindowsMoviePlayer
LogInit: Using libcurl 7.55.1-DEV
LogInit:  - built for x86_64-pc-win32
LogInit:  - supports SSL with OpenSSL/1.1.1
LogInit:  - supports HTTP deflate (compression) using libz 1.2.8
LogInit:  - other features:
LogInit:      CURL_VERSION_SSL
LogInit:      CURL_VERSION_LIBZ
LogInit:      CURL_VERSION_IPV6
LogInit:      CURL_VERSION_ASYNCHDNS
LogInit:      CURL_VERSION_LARGEFILE
LogInit:      CURL_VERSION_IDN
LogInit:  CurlRequestOptions (configurable via config and command line):
LogInit:  - bVerifyPeer = true  - Libcurl will verify peer certificate
LogInit:  - bUseHttpProxy = false  - Libcurl will NOT use HTTP proxy
LogInit:  - bDontReuseConnections = false  - Libcurl will reuse connections
LogInit:  - MaxHostConnections = 16  - Libcurl will limit the number of connections to a host
LogInit:  - LocalHostAddr = Default
LogInit:  - BufferSize = 65536
LogInit: WinSock: version 1.1 (2.2), MaxSocks=32767, MaxUdp=65467
LogInit: Build: ++UE4+Release-4.22-CL-5660361
LogInit: Engine Version: 4.22.0-5660361+++UE4+Release-4.22
LogInit: Compatible Engine Version: 4.22.0-5660361+++UE4+Release-4.22
LogInit: Net CL: 5660361
LogInit: OS: Windows 10 (Release 1803) (), CPU:        Intel(R) Core(TM) i5-3570K CPU @ 3.40GHz, GPU: NVIDIA GeForce GTX 1060 6GB
LogInit: Compiled (64-bit): Mar 31 2019 02:05:09
LogInit: Compiled with Visual C++: 19.16.27025.01
LogInit: Build Configuration: Development
LogInit: Branch Name: ++UE4+Release-4.22
LogInit: Command Line: 
LogInit: Base Directory: C:/Program Files/Epic Games/UE_4.22/Engine/Binaries/Win64/
LogInit: Installed Engine Build: 1
LogDevObjectVersion: Number of dev versions registered: 23
LogDevObjectVersion:   Dev-Blueprints (B0D832E4-1F89-4F0D-ACCF-7EB736FD4AA2): 10
LogDevObjectVersion:   Dev-Build (E1C64328-A22C-4D53-A36C-8E866417BD8C): 0
LogDevObjectVersion:   Dev-Core (375EC13C-06E4-48FB-B500-84F0262A717E): 3
LogDevObjectVersion:   Dev-Editor (E4B068ED-F494-42E9-A231-DA0B2E46BB41): 30
LogDevObjectVersion:   Dev-Framework (CFFC743F-43B0-4480-9391-14DF171D2073): 35
LogDevObjectVersion:   Dev-Mobile (B02B49B5-BB20-44E9-A304-32B752E40360): 2
LogDevObjectVersion:   Dev-Networking (A4E4105C-59A1-49B5-A7C5-40C4547EDFEE): 0
LogDevObjectVersion:   Dev-Online (39C831C9-5AE6-47DC-9A44-9C173E1C8E7C): 0
LogDevObjectVersion:   Dev-Physics (78F01B33-EBEA-4F98-B9B4-84EACCB95AA2): 0
LogDevObjectVersion:   Dev-Platform (6631380F-2D4D-43E0-8009-CF276956A95A): 0
LogDevObjectVersion:   Dev-Rendering (12F88B9F-8875-4AFC-A67C-D90C383ABD29): 28
LogDevObjectVersion:   Dev-Sequencer (7B5AE74C-D270-4C10-A958-57980B212A5A): 11
LogDevObjectVersion:   Dev-VR (D7296918-1DD6-4BDD-9DE2-64A83CC13884): 2
LogDevObjectVersion:   Dev-LoadTimes (C2A15278-BFE7-4AFE-6C17-90FF531DF755): 1
LogDevObjectVersion:   Private-Geometry (6EACA3D4-40EC-4CC1-B786-8BED09428FC5): 3
LogDevObjectVersion:   Dev-AnimPhys (29E575DD-E0A3-4627-9D10-D276232CDCEA): 17
LogDevObjectVersion:   Dev-Anim (AF43A65D-7FD3-4947-9873-3E8ED9C1BB05): 2
LogDevObjectVersion:   Dev-ReflectionCapture (6B266CEC-1EC7-4B8F-A30B-E4D90942FC07): 1
LogDevObjectVersion:   Dev-Automation (0DF73D61-A23F-47EA-B727-89E90C41499A): 1
LogDevObjectVersion:   FortniteMain (601D1886-AC64-4F84-AA16-D3DE0DEAC7D6): 25
LogDevObjectVersion:   Dev-Enterprise (9DFFBCD6-494F-0158-E221-12823C92A888): 6
LogDevObjectVersion:   Dev-Niagara (F2AED0AC-9AFE-416F-8664-AA7FFA26D6FC): 1
LogDevObjectVersion:   Dev-Destruction (174F1F0B-B4C6-45A5-B13F-2EE8D0FB917D): 2
LogInit: Presizing for max 16777216 objects, including 0 objects not considered by GC, pre-allocating 0 bytes for permanent pool.
LogInit: Object subsystem initialized
LogConfig: Setting CVar [[con.DebugEarlyDefault:1]]
LogConfig: Setting CVar [[r.setres:1280x720]]
[2019.05.02-16.47.06:690][  0]LogConfig: Setting CVar [[r.VSync:0]]
[2019.05.02-16.47.06:690][  0]LogConfig: Setting CVar [[r.RHICmdBypass:0]]
[2019.05.02-16.47.06:690][  0]LogConfig: Applying CVar settings from Section [/Script/Engine.RendererSettings] File [C:/Uni_Stuff/Year3/S2/GameplayMechanics/_Coursework/CMP302_GM/RTS_BaseBuilder/Saved/Config/Windows/Engine.ini]
[2019.05.02-16.47.06:690][  0]LogConfig: Setting CVar [[r.GPUCrashDebugging:0]]
[2019.05.02-16.47.06:691][  0]LogConfig: Applying CVar settings from Section [/Script/Engine.RendererOverrideSettings] File [C:/Uni_Stuff/Year3/S2/GameplayMechanics/_Coursework/CMP302_GM/RTS_BaseBuilder/Saved/Config/Windows/Engine.ini]
[2019.05.02-16.47.06:691][  0]LogConfig: Applying CVar settings from Section [/Script/Engine.StreamingSettings] File [C:/Uni_Stuff/Year3/S2/GameplayMechanics/_Coursework/CMP302_GM/RTS_BaseBuilder/Saved/Config/Windows/Engine.ini]
[2019.05.02-16.47.06:691][  0]LogConfig: Setting CVar [[s.MinBulkDataSizeForAsyncLoading:131072]]
[2019.05.02-16.47.06:691][  0]LogConfig: Setting CVar [[s.AsyncLoadingThreadEnabled:0]]
[2019.05.02-16.47.06:691][  0]LogConfig: Setting CVar [[s.EventDrivenLoaderEnabled:1]]
[2019.05.02-16.47.06:691][  0]LogConfig: Setting CVar [[s.WarnIfTimeLimitExceeded:0]]
[2019.05.02-16.47.06:691][  0]LogConfig: Setting CVar [[s.TimeLimitExceededMultiplier:1.5]]
[2019.05.02-16.47.06:691][  0]LogConfig: Setting CVar [[s.TimeLimitExceededMinTime:0.005]]
[2019.05.02-16.47.06:691][  0]LogConfig: Setting CVar [[s.UseBackgroundLevelStreaming:1]]
[2019.05.02-16.47.06:691][  0]LogConfig: Setting CVar [[s.PriorityAsyncLoadingExtraTime:15.0]]
[2019.05.02-16.47.06:691][  0]LogConfig: Setting CVar [[s.LevelStreamingActorsUpdateTimeLimit:5.0]]
[2019.05.02-16.47.06:691][  0]LogConfig: Setting CVar [[s.PriorityLevelStreamingActorsUpdateExtraTime:5.0]]
[2019.05.02-16.47.06:691][  0]LogConfig: Setting CVar [[s.LevelStreamingComponentsRegistrationGranularity:10]]
[2019.05.02-16.47.06:691][  0]LogConfig: Setting CVar [[s.UnregisterComponentsTimeLimit:1.0]]
[2019.05.02-16.47.06:691][  0]LogConfig: Setting CVar [[s.LevelStreamingComponentsUnregistrationGranularity:5]]
[2019.05.02-16.47.06:691][  0]LogConfig: Applying CVar settings from Section [/Script/Engine.GarbageCollectionSettings] File [C:/Uni_Stuff/Year3/S2/GameplayMechanics/_Coursework/CMP302_GM/RTS_BaseBuilder/Saved/Config/Windows/Engine.ini]
[2019.05.02-16.47.06:691][  0]LogConfig: Setting CVar [[gc.MaxObjectsNotConsideredByGC:1]]
[2019.05.02-16.47.06:691][  0]LogConfig: Setting CVar [[gc.SizeOfPermanentObjectPool:0]]
[2019.05.02-16.47.06:691][  0]LogConfig: Setting CVar [[gc.FlushStreamingOnGC:0]]
[2019.05.02-16.47.06:691][  0]LogConfig: Setting CVar [[gc.NumRetriesBeforeForcingGC:10]]
[2019.05.02-16.47.06:691][  0]LogConfig: Setting CVar [[gc.AllowParallelGC:1]]
[2019.05.02-16.47.06:691][  0]LogConfig: Setting CVar [[gc.TimeBetweenPurgingPendingKillObjects:61.1]]
[2019.05.02-16.47.06:691][  0]LogConfig: Setting CVar [[gc.MaxObjectsInEditor:16777216]]
[2019.05.02-16.47.06:691][  0]LogConfig: Setting CVar [[gc.IncrementalBeginDestroyEnabled:1]]
[2019.05.02-16.47.06:691][  0]LogConfig: Setting CVar [[gc.CreateGCClusters:1]]
[2019.05.02-16.47.06:691][  0]LogConfig: Setting CVar [[gc.MinGCClusterSize:5]]
[2019.05.02-16.47.06:691][  0]LogConfig: Setting CVar [[gc.ActorClusteringEnabled:0]]
[2019.05.02-16.47.06:691][  0]LogConfig: Setting CVar [[gc.BlueprintClusteringEnabled:0]]
[2019.05.02-16.47.06:691][  0]LogConfig: Setting CVar [[gc.UseDisregardForGCOnDedicatedServers:0]]
[2019.05.02-16.47.06:691][  0]LogConfig: Applying CVar settings from Section [/Script/Engine.NetworkSettings] File [C:/Uni_Stuff/Year3/S2/GameplayMechanics/_Coursework/CMP302_GM/RTS_BaseBuilder/Saved/Config/Windows/Engine.ini]
[2019.05.02-16.47.06:691][  0]LogConfig: Applying CVar settings from Section [/Script/UnrealEd.CookerSettings] File [C:/Uni_Stuff/Year3/S2/GameplayMechanics/_Coursework/CMP302_GM/RTS_BaseBuilder/Saved/Config/Windows/Engine.ini]
[2019.05.02-16.47.06:694][  0]LogConfig: Applying CVar settings from Section [ViewDistanceQuality@3] File [C:/Uni_Stuff/Year3/S2/GameplayMechanics/_Coursework/CMP302_GM/RTS_BaseBuilder/Saved/Config/Windows/Scalability.ini]
[2019.05.02-16.47.06:694][  0]LogConfig: Setting CVar [[r.SkeletalMeshLODBias:0]]
[2019.05.02-16.47.06:694][  0]LogConfig: Setting CVar [[r.ViewDistanceScale:1.0]]
[2019.05.02-16.47.06:694][  0]LogConfig: Applying CVar settings from Section [AntiAliasingQuality@3] File [C:/Uni_Stuff/Year3/S2/GameplayMechanics/_Coursework/CMP302_GM/RTS_BaseBuilder/Saved/Config/Windows/Scalability.ini]
[2019.05.02-16.47.06:694][  0]LogConfig: Setting CVar [[r.PostProcessAAQuality:4]]
[2019.05.02-16.47.06:694][  0]LogConfig: Applying CVar settings from Section [ShadowQuality@3] File [C:/Uni_Stuff/Year3/S2/GameplayMechanics/_Coursework/CMP302_GM/RTS_BaseBuilder/Saved/Config/Windows/Scalability.ini]
[2019.05.02-16.47.06:694][  0]LogConfig: Setting CVar [[r.LightFunctionQuality:1]]
[2019.05.02-16.47.06:694][  0]LogConfig: Setting CVar [[r.ShadowQuality:5]]
[2019.05.02-16.47.06:694][  0]LogConfig: Setting CVar [[r.Shadow.CSM.MaxCascades:10]]
[2019.05.02-16.47.06:694][  0]LogConfig: Setting CVar [[r.Shadow.MaxResolution:2048]]
[2019.05.02-16.47.06:694][  0]LogConfig: Setting CVar [[r.Shadow.MaxCSMResolution:2048]]
[2019.05.02-16.47.06:694][  0]LogConfig: Setting CVar [[r.Shadow.RadiusThreshold:0.01]]
[2019.05.02-16.47.06:694][  0]LogConfig: Setting CVar [[r.Shadow.DistanceScale:1.0]]
[2019.05.02-16.47.06:694][  0]LogConfig: Setting CVar [[r.Shadow.CSM.TransitionScale:1.0]]
[2019.05.02-16.47.06:694][  0]LogConfig: Setting CVar [[r.Shadow.PreShadowResolutionFactor:1.0]]
[2019.05.02-16.47.06:694][  0]LogConfig: Setting CVar [[r.DistanceFieldShadowing:1]]
[2019.05.02-16.47.06:694][  0]LogConfig: Setting CVar [[r.DistanceFieldAO:1]]
[2019.05.02-16.47.06:694][  0]LogConfig: Setting CVar [[r.AOQuality:2]]
[2019.05.02-16.47.06:694][  0]LogConfig: Setting CVar [[r.VolumetricFog:1]]
[2019.05.02-16.47.06:694][  0]LogConfig: Setting CVar [[r.VolumetricFog.GridPixelSize:8]]
[2019.05.02-16.47.06:694][  0]LogConfig: Setting CVar [[r.VolumetricFog.GridSizeZ:128]]
[2019.05.02-16.47.06:694][  0]LogConfig: Setting CVar [[r.VolumetricFog.HistoryMissSupersampleCount:4]]
[2019.05.02-16.47.06:694][  0]LogConfig: Setting CVar [[r.LightMaxDrawDistanceScale:1]]
[2019.05.02-16.47.06:694][  0]LogConfig: Setting CVar [[r.CapsuleShadows:1]]
[2019.05.02-16.47.06:694][  0]LogConfig: Applying CVar settings from Section [PostProcessQuality@3] File [C:/Uni_Stuff/Year3/S2/GameplayMechanics/_Coursework/CMP302_GM/RTS_BaseBuilder/Saved/Config/Windows/Scalability.ini]
[2019.05.02-16.47.06:694][  0]LogConfig: Setting CVar [[r.MotionBlurQuality:4]]
[2019.05.02-16.47.06:694][  0]LogConfig: Setting CVar [[r.AmbientOcclusionMipLevelFactor:0.4]]
[2019.05.02-16.47.06:694][  0]LogConfig: Setting CVar [[r.AmbientOcclusionMaxQuality:100]]
[2019.05.02-16.47.06:694][  0]LogConfig: Setting CVar [[r.AmbientOcclusionLevels:-1]]
[2019.05.02-16.47.06:694][  0]LogConfig: Setting CVar [[r.AmbientOcclusionRadiusScale:1.0]]
[2019.05.02-16.47.06:694][  0]LogConfig: Setting CVar [[r.DepthOfFieldQuality:2]]
[2019.05.02-16.47.06:694][  0]LogConfig: Setting CVar [[r.RenderTargetPoolMin:400]]
[2019.05.02-16.47.06:694][  0]LogConfig: Setting CVar [[r.LensFlareQuality:2]]
[2019.05.02-16.47.06:695][  0]LogConfig: Setting CVar [[r.SceneColorFringeQuality:1]]
[2019.05.02-16.47.06:695][  0]LogConfig: Setting CVar [[r.EyeAdaptationQuality:2]]
[2019.05.02-16.47.06:695][  0]LogConfig: Setting CVar [[r.BloomQuality:5]]
[2019.05.02-16.47.06:695][  0]LogConfig: Setting CVar [[r.FastBlurThreshold:100]]
[2019.05.02-16.47.06:695][  0]LogConfig: Setting CVar [[r.Upscale.Quality:3]]
[2019.05.02-16.47.06:695][  0]LogConfig: Setting CVar [[r.Tonemapper.GrainQuantization:1]]
[2019.05.02-16.47.06:695][  0]LogConfig: Setting CVar [[r.LightShaftQuality:1]]
[2019.05.02-16.47.06:695][  0]LogConfig: Setting CVar [[r.Filter.SizeScale:1]]
[2019.05.02-16.47.06:695][  0]LogConfig: Setting CVar [[r.Tonemapper.Quality:5]]
[2019.05.02-16.47.06:695][  0]LogConfig: Setting CVar [[r.DOF.Gather.AccumulatorQuality:1        ; higher gathering accumulator quality]]
[2019.05.02-16.47.06:695][  0]LogConfig: Setting CVar [[r.DOF.Gather.PostfilterMethod:1          ; Median3x3 postfilering method]]
[2019.05.02-16.47.06:695][  0]LogConfig: Setting CVar [[r.DOF.Gather.EnableBokehSettings:0       ; no bokeh simulation when gathering]]
[2019.05.02-16.47.06:695][  0]LogConfig: Setting CVar [[r.DOF.Gather.RingCount:4                 ; medium number of samples when gathering]]
[2019.05.02-16.47.06:695][  0]LogConfig: Setting CVar [[r.DOF.Scatter.ForegroundCompositing:1    ; additive foreground scattering]]
[2019.05.02-16.47.06:695][  0]LogConfig: Setting CVar [[r.DOF.Scatter.BackgroundCompositing:2    ; additive background scattering]]
[2019.05.02-16.47.06:695][  0]LogConfig: Setting CVar [[r.DOF.Scatter.EnableBokehSettings:1      ; bokeh simulation when scattering]]
[2019.05.02-16.47.06:695][  0]LogConfig: Setting CVar [[r.DOF.Scatter.MaxSpriteRatio:0.1         ; only a maximum of 10% of scattered bokeh]]
[2019.05.02-16.47.06:695][  0]LogConfig: Setting CVar [[r.DOF.Recombine.Quality:1                ; cheap slight out of focus]]
[2019.05.02-16.47.06:695][  0]LogConfig: Setting CVar [[r.DOF.Recombine.EnableBokehSettings:0    ; no bokeh simulation on slight out of focus]]
[2019.05.02-16.47.06:695][  0]LogConfig: Setting CVar [[r.DOF.TemporalAAQuality:1                ; more stable temporal accumulation]]
[2019.05.02-16.47.06:695][  0]LogConfig: Setting CVar [[r.DOF.Kernel.MaxForegroundRadius:0.025]]
[2019.05.02-16.47.06:695][  0]LogConfig: Setting CVar [[r.DOF.Kernel.MaxBackgroundRadius:0.025]]
[2019.05.02-16.47.06:695][  0]LogConfig: Applying CVar settings from Section [TextureQuality@3] File [C:/Uni_Stuff/Year3/S2/GameplayMechanics/_Coursework/CMP302_GM/RTS_BaseBuilder/Saved/Config/Windows/Scalability.ini]
[2019.05.02-16.47.06:695][  0]LogConfig: Setting CVar [[r.Streaming.MipBias:0]]
[2019.05.02-16.47.06:695][  0]LogConfig: Setting CVar [[r.Streaming.AmortizeCPUToGPUCopy:0]]
[2019.05.02-16.47.06:695][  0]LogConfig: Setting CVar [[r.Streaming.MaxNumTexturesToStreamPerFrame:0]]
[2019.05.02-16.47.06:695][  0]LogConfig: Setting CVar [[r.Streaming.Boost:1]]
[2019.05.02-16.47.06:695][  0]LogConfig: Setting CVar [[r.MaxAnisotropy:8]]
[2019.05.02-16.47.06:695][  0]LogConfig: Setting CVar [[r.Streaming.LimitPoolSizeToVRAM:0]]
[2019.05.02-16.47.06:695][  0]LogConfig: Setting CVar [[r.Streaming.PoolSize:1000]]
[2019.05.02-16.47.06:695][  0]LogConfig: Setting CVar [[r.Streaming.MaxEffectiveScreenSize:0]]
[2019.05.02-16.47.06:695][  0]LogConfig: Applying CVar settings from Section [EffectsQuality@3] File [C:/Uni_Stuff/Year3/S2/GameplayMechanics/_Coursework/CMP302_GM/RTS_BaseBuilder/Saved/Config/Windows/Scalability.ini]
[2019.05.02-16.47.06:695][  0]LogConfig: Setting CVar [[r.TranslucencyLightingVolumeDim:64]]
[2019.05.02-16.47.06:695][  0]LogConfig: Setting CVar [[r.RefractionQuality:2]]
[2019.05.02-16.47.06:695][  0]LogConfig: Setting CVar [[r.SSR.Quality:3]]
[2019.05.02-16.47.06:695][  0]LogConfig: Setting CVar [[r.SceneColorFormat:4]]
[2019.05.02-16.47.06:695][  0]LogConfig: Setting CVar [[r.DetailMode:2]]
[2019.05.02-16.47.06:695][  0]LogConfig: Setting CVar [[r.TranslucencyVolumeBlur:1]]
[2019.05.02-16.47.06:695][  0]LogConfig: Setting CVar [[r.MaterialQualityLevel:1 ; High quality]]
[2019.05.02-16.47.06:695][  0]LogConfig: Setting CVar [[r.SSS.Scale:1]]
[2019.05.02-16.47.06:695][  0]LogConfig: Setting CVar [[r.SSS.SampleSet:2]]
[2019.05.02-16.47.06:695][  0]LogConfig: Setting CVar [[r.SSS.Quality:1]]
[2019.05.02-16.47.06:695][  0]LogConfig: Setting CVar [[r.SSS.HalfRes:1]]
[2019.05.02-16.47.06:695][  0]LogConfig: Setting CVar [[r.EmitterSpawnRateScale:1.0]]
[2019.05.02-16.47.06:695][  0]LogConfig: Setting CVar [[r.ParticleLightQuality:2]]
[2019.05.02-16.47.06:695][  0]LogConfig: Applying CVar settings from Section [FoliageQuality@3] File [C:/Uni_Stuff/Year3/S2/GameplayMechanics/_Coursework/CMP302_GM/RTS_BaseBuilder/Saved/Config/Windows/Scalability.ini]
[2019.05.02-16.47.06:695][  0]LogConfig: Setting CVar [[foliage.DensityScale:1.0]]
[2019.05.02-16.47.06:695][  0]LogConfig: Setting CVar [[grass.DensityScale:1.0]]
[2019.05.02-16.47.06:695][  0]LogInit: Selected Device Profile: [Windows]
[2019.05.02-16.47.06:695][  0]LogInit: Applying CVar settings loaded from the selected device profile: [Windows]
[2019.05.02-16.47.06:713][  0]LogHAL: Display: Platform has ~ 16 GB [17136181248 / 17179869184 / 16], which maps to Larger [LargestMinGB=32, LargerMinGB=12, DefaultMinGB=8, SmallerMinGB=6, SmallestMinGB=0)
[2019.05.02-16.47.06:713][  0]LogConfig: Setting CVar [[r.Vulkan.UseRealUBs:0		; Required until we fix HLR fall-out]]
[2019.05.02-16.47.06:713][  0]LogInit: Going up to parent DeviceProfile []
[2019.05.02-16.47.06:713][  0]LogConfig: Applying CVar settings from Section [ViewDistanceQuality@3] File [C:/Uni_Stuff/Year3/S2/GameplayMechanics/_Coursework/CMP302_GM/RTS_BaseBuilder/Saved/Config/Windows/Scalability.ini]
[2019.05.02-16.47.06:714][  0]LogConfig: Setting CVar [[r.SkeletalMeshLODBias:0]]
[2019.05.02-16.47.06:714][  0]LogConfig: Setting CVar [[r.ViewDistanceScale:1.0]]
[2019.05.02-16.47.06:714][  0]LogConfig: Applying CVar settings from Section [AntiAliasingQuality@3] File [C:/Uni_Stuff/Year3/S2/GameplayMechanics/_Coursework/CMP302_GM/RTS_BaseBuilder/Saved/Config/Windows/Scalability.ini]
[2019.05.02-16.47.06:714][  0]LogConfig: Setting CVar [[r.PostProcessAAQuality:4]]
[2019.05.02-16.47.06:714][  0]LogConfig: Applying CVar settings from Section [ShadowQuality@3] File [C:/Uni_Stuff/Year3/S2/GameplayMechanics/_Coursework/CMP302_GM/RTS_BaseBuilder/Saved/Config/Windows/Scalability.ini]
[2019.05.02-16.47.06:714][  0]LogConfig: Setting CVar [[r.LightFunctionQuality:1]]
[2019.05.02-16.47.06:714][  0]LogConfig: Setting CVar [[r.ShadowQuality:5]]
[2019.05.02-16.47.06:714][  0]LogConfig: Setting CVar [[r.Shadow.CSM.MaxCascades:10]]
[2019.05.02-16.47.06:714][  0]LogConfig: Setting CVar [[r.Shadow.MaxResolution:2048]]
[2019.05.02-16.47.06:714][  0]LogConfig: Setting CVar [[r.Shadow.MaxCSMResolution:2048]]
[2019.05.02-16.47.06:714][  0]LogConfig: Setting CVar [[r.Shadow.RadiusThreshold:0.01]]
[2019.05.02-16.47.06:714][  0]LogConfig: Setting CVar [[r.Shadow.DistanceScale:1.0]]
[2019.05.02-16.47.06:714][  0]LogConfig: Setting CVar [[r.Shadow.CSM.TransitionScale:1.0]]
[2019.05.02-16.47.06:714][  0]LogConfig: Setting CVar [[r.Shadow.PreShadowResolutionFactor:1.0]]
[2019.05.02-16.47.06:714][  0]LogConfig: Setting CVar [[r.DistanceFieldShadowing:1]]
[2019.05.02-16.47.06:714][  0]LogConfig: Setting CVar [[r.DistanceFieldAO:1]]
[2019.05.02-16.47.06:714][  0]LogConfig: Setting CVar [[r.AOQuality:2]]
[2019.05.02-16.47.06:714][  0]LogConfig: Setting CVar [[r.VolumetricFog:1]]
[2019.05.02-16.47.06:714][  0]LogConfig: Setting CVar [[r.VolumetricFog.GridPixelSize:8]]
[2019.05.02-16.47.06:714][  0]LogConfig: Setting CVar [[r.VolumetricFog.GridSizeZ:128]]
[2019.05.02-16.47.06:714][  0]LogConfig: Setting CVar [[r.VolumetricFog.HistoryMissSupersampleCount:4]]
[2019.05.02-16.47.06:714][  0]LogConfig: Setting CVar [[r.LightMaxDrawDistanceScale:1]]
[2019.05.02-16.47.06:714][  0]LogConfig: Setting CVar [[r.CapsuleShadows:1]]
[2019.05.02-16.47.06:714][  0]LogConfig: Applying CVar settings from Section [PostProcessQuality@3] File [C:/Uni_Stuff/Year3/S2/GameplayMechanics/_Coursework/CMP302_GM/RTS_BaseBuilder/Saved/Config/Windows/Scalability.ini]
[2019.05.02-16.47.06:714][  0]LogConfig: Setting CVar [[r.MotionBlurQuality:4]]
[2019.05.02-16.47.06:714][  0]LogConfig: Setting CVar [[r.AmbientOcclusionMipLevelFactor:0.4]]
[2019.05.02-16.47.06:714][  0]LogConfig: Setting CVar [[r.AmbientOcclusionMaxQuality:100]]
[2019.05.02-16.47.06:714][  0]LogConfig: Setting CVar [[r.AmbientOcclusionLevels:-1]]
[2019.05.02-16.47.06:714][  0]LogConfig: Setting CVar [[r.AmbientOcclusionRadiusScale:1.0]]
[2019.05.02-16.47.06:714][  0]LogConfig: Setting CVar [[r.DepthOfFieldQuality:2]]
[2019.05.02-16.47.06:714][  0]LogConfig: Setting CVar [[r.RenderTargetPoolMin:400]]
[2019.05.02-16.47.06:714][  0]LogConfig: Setting CVar [[r.LensFlareQuality:2]]
[2019.05.02-16.47.06:714][  0]LogConfig: Setting CVar [[r.SceneColorFringeQuality:1]]
[2019.05.02-16.47.06:714][  0]LogConfig: Setting CVar [[r.EyeAdaptationQuality:2]]
[2019.05.02-16.47.06:714][  0]LogConfig: Setting CVar [[r.BloomQuality:5]]
[2019.05.02-16.47.06:714][  0]LogConfig: Setting CVar [[r.FastBlurThreshold:100]]
[2019.05.02-16.47.06:714][  0]LogConfig: Setting CVar [[r.Upscale.Quality:3]]
[2019.05.02-16.47.06:714][  0]LogConfig: Setting CVar [[r.Tonemapper.GrainQuantization:1]]
[2019.05.02-16.47.06:714][  0]LogConfig: Setting CVar [[r.LightShaftQuality:1]]
[2019.05.02-16.47.06:714][  0]LogConfig: Setting CVar [[r.Filter.SizeScale:1]]
[2019.05.02-16.47.06:714][  0]LogConfig: Setting CVar [[r.Tonemapper.Quality:5]]
[2019.05.02-16.47.06:714][  0]LogConfig: Setting CVar [[r.DOF.Gather.AccumulatorQuality:1        ; higher gathering accumulator quality]]
[2019.05.02-16.47.06:714][  0]LogConfig: Setting CVar [[r.DOF.Gather.PostfilterMethod:1          ; Median3x3 postfilering method]]
[2019.05.02-16.47.06:714][  0]LogConfig: Setting CVar [[r.DOF.Gather.EnableBokehSettings:0       ; no bokeh simulation when gathering]]
[2019.05.02-16.47.06:714][  0]LogConfig: Setting CVar [[r.DOF.Gather.RingCount:4                 ; medium number of samples when gathering]]
[2019.05.02-16.47.06:714][  0]LogConfig: Setting CVar [[r.DOF.Scatter.ForegroundCompositing:1    ; additive foreground scattering]]
[2019.05.02-16.47.06:714][  0]LogConfig: Setting CVar [[r.DOF.Scatter.BackgroundCompositing:2    ; additive background scattering]]
[2019.05.02-16.47.06:714][  0]LogConfig: Setting CVar [[r.DOF.Scatter.EnableBokehSettings:1      ; bokeh simulation when scattering]]
[2019.05.02-16.47.06:714][  0]LogConfig: Setting CVar [[r.DOF.Scatter.MaxSpriteRatio:0.1         ; only a maximum of 10% of scattered bokeh]]
[2019.05.02-16.47.06:714][  0]LogConfig: Setting CVar [[r.DOF.Recombine.Quality:1                ; cheap slight out of focus]]
[2019.05.02-16.47.06:714][  0]LogConfig: Setting CVar [[r.DOF.Recombine.EnableBokehSettings:0    ; no bokeh simulation on slight out of focus]]
[2019.05.02-16.47.06:714][  0]LogConfig: Setting CVar [[r.DOF.TemporalAAQuality:1                ; more stable temporal accumulation]]
[2019.05.02-16.47.06:714][  0]LogConfig: Setting CVar [[r.DOF.Kernel.MaxForegroundRadius:0.025]]
[2019.05.02-16.47.06:714][  0]LogConfig: Setting CVar [[r.DOF.Kernel.MaxBackgroundRadius:0.025]]
[2019.05.02-16.47.06:714][  0]LogConfig: Applying CVar settings from Section [TextureQuality@3] File [C:/Uni_Stuff/Year3/S2/GameplayMechanics/_Coursework/CMP302_GM/RTS_BaseBuilder/Saved/Config/Windows/Scalability.ini]
[2019.05.02-16.47.06:714][  0]LogConfig: Setting CVar [[r.Streaming.MipBias:0]]
[2019.05.02-16.47.06:714][  0]LogConfig: Setting CVar [[r.Streaming.AmortizeCPUToGPUCopy:0]]
[2019.05.02-16.47.06:714][  0]LogConfig: Setting CVar [[r.Streaming.MaxNumTexturesToStreamPerFrame:0]]
[2019.05.02-16.47.06:714][  0]LogConfig: Setting CVar [[r.Streaming.Boost:1]]
[2019.05.02-16.47.06:714][  0]LogConfig: Setting CVar [[r.MaxAnisotropy:8]]
[2019.05.02-16.47.06:714][  0]LogConfig: Setting CVar [[r.Streaming.LimitPoolSizeToVRAM:0]]
[2019.05.02-16.47.06:714][  0]LogConfig: Setting CVar [[r.Streaming.PoolSize:1000]]
[2019.05.02-16.47.06:714][  0]LogConfig: Setting CVar [[r.Streaming.MaxEffectiveScreenSize:0]]
[2019.05.02-16.47.06:715][  0]LogConfig: Applying CVar settings from Section [EffectsQuality@3] File [C:/Uni_Stuff/Year3/S2/GameplayMechanics/_Coursework/CMP302_GM/RTS_BaseBuilder/Saved/Config/Windows/Scalability.ini]
[2019.05.02-16.47.06:715][  0]LogConfig: Setting CVar [[r.TranslucencyLightingVolumeDim:64]]
[2019.05.02-16.47.06:715][  0]LogConfig: Setting CVar [[r.RefractionQuality:2]]
[2019.05.02-16.47.06:715][  0]LogConfig: Setting CVar [[r.SSR.Quality:3]]
[2019.05.02-16.47.06:715][  0]LogConfig: Setting CVar [[r.SceneColorFormat:4]]
[2019.05.02-16.47.06:715][  0]LogConfig: Setting CVar [[r.DetailMode:2]]
[2019.05.02-16.47.06:715][  0]LogConfig: Setting CVar [[r.TranslucencyVolumeBlur:1]]
[2019.05.02-16.47.06:715][  0]LogConfig: Setting CVar [[r.MaterialQualityLevel:1 ; High quality]]
[2019.05.02-16.47.06:715][  0]LogConfig: Setting CVar [[r.SSS.Scale:1]]
[2019.05.02-16.47.06:715][  0]LogConfig: Setting CVar [[r.SSS.SampleSet:2]]
[2019.05.02-16.47.06:715][  0]LogConfig: Setting CVar [[r.SSS.Quality:1]]
[2019.05.02-16.47.06:715][  0]LogConfig: Setting CVar [[r.SSS.HalfRes:1]]
[2019.05.02-16.47.06:715][  0]LogConfig: Setting CVar [[r.EmitterSpawnRateScale:1.0]]
[2019.05.02-16.47.06:715][  0]LogConfig: Setting CVar [[r.ParticleLightQuality:2]]
[2019.05.02-16.47.06:715][  0]LogConfig: Applying CVar settings from Section [FoliageQuality@3] File [C:/Uni_Stuff/Year3/S2/GameplayMechanics/_Coursework/CMP302_GM/RTS_BaseBuilder/Saved/Config/Windows/Scalability.ini]
[2019.05.02-16.47.06:715][  0]LogConfig: Setting CVar [[foliage.DensityScale:1.0]]
[2019.05.02-16.47.06:715][  0]LogConfig: Setting CVar [[grass.DensityScale:1.0]]
[2019.05.02-16.47.06:715][  0]LogConfig: Applying CVar settings from Section [Startup] File [../../../Engine/Config/ConsoleVariables.ini]
[2019.05.02-16.47.06:715][  0]LogConfig: Setting CVar [[net.UseAdaptiveNetUpdateFrequency:0]]
[2019.05.02-16.47.06:715][  0]LogConfig: Setting CVar [[p.chaos.AllowCreatePhysxBodies:1]]
[2019.05.02-16.47.06:715][  0]LogConfig: Applying CVar settings from Section [ConsoleVariables] File [C:/Uni_Stuff/Year3/S2/GameplayMechanics/_Coursework/CMP302_GM/RTS_BaseBuilder/Saved/Config/Windows/Engine.ini]
[2019.05.02-16.47.06:715][  0]LogInit: Computer: GAV-PC
[2019.05.02-16.47.06:715][  0]LogInit: User: GavinGeorge
[2019.05.02-16.47.06:715][  0]LogInit: CPU Page size=4096, Cores=4
[2019.05.02-16.47.06:715][  0]LogInit: High frequency timer resolution =3.323586 MHz
[2019.05.02-16.47.06:715][  0]LogMemory: Memory total: Physical=16.0GB (16GB approx)
[2019.05.02-16.47.06:715][  0]LogMemory: Platform Memory Stats for Windows
[2019.05.02-16.47.06:716][  0]LogMemory: Process Physical Memory: 96.62 MB used, 96.62 MB peak
[2019.05.02-16.47.06:716][  0]LogMemory: Process Virtual Memory: 91.98 MB used, 91.98 MB peak
[2019.05.02-16.47.06:716][  0]LogMemory: Physical Memory: 6192.65 MB used,  10149.68 MB free, 16342.34 MB total
[2019.05.02-16.47.06:716][  0]LogMemory: Virtual Memory: 4648.03 MB used,  134213080.00 MB free, 134217728.00 MB total
[2019.05.02-16.47.06:749][  0]LogInit: Using OS detected language (en-GB).
[2019.05.02-16.47.06:749][  0]LogInit: Using OS detected locale (en-GB).
[2019.05.02-16.47.06:750][  0]LogTextLocalizationManager: No specific localization for 'en-GB' exists, so the 'en' localization will be used.
[2019.05.02-16.47.06:943][  0]LogInit: Setting process to per monitor DPI aware
[2019.05.02-16.47.06:982][  0]LogSlate: New Slate User Created.  User Index 0, Is Virtual User: 0
[2019.05.02-16.47.06:982][  0]LogSlate: Slate User Registered.  User Index 0, Is Virtual User: 0
[2019.05.02-16.47.07:195][  0]LogHMD: Failed to initialize OpenVR with code 105
[2019.05.02-16.47.07:195][  0]LogD3D11RHI: D3D11 adapters:
[2019.05.02-16.47.07:278][  0]LogD3D11RHI:    0. 'NVIDIA GeForce GTX 1060 6GB' (Feature Level 11_0)
[2019.05.02-16.47.07:279][  0]LogD3D11RHI:       6052/0/8171 MB DedicatedVideo/DedicatedSystem/SharedSystem, Outputs:1, VendorId:0x10de
[2019.05.02-16.47.07:281][  0]LogD3D11RHI:    1. 'Microsoft Basic Render Driver' (Feature Level 11_0)
[2019.05.02-16.47.07:281][  0]LogD3D11RHI:       0/0/8171 MB DedicatedVideo/DedicatedSystem/SharedSystem, Outputs:0, VendorId:0x1414
[2019.05.02-16.47.07:281][  0]LogD3D11RHI: Chosen D3D11 Adapter: 0
[2019.05.02-16.47.07:290][  0]LogD3D11RHI: Creating new Direct3DDevice
[2019.05.02-16.47.07:290][  0]LogD3D11RHI:     GPU DeviceId: 0x1c03 (for the marketing name, search the web for "GPU Device Id")
[2019.05.02-16.47.07:290][  0]LogWindows: EnumDisplayDevices:
[2019.05.02-16.47.07:290][  0]LogWindows:    0. 'NVIDIA GeForce GTX 1060 6GB' (P:1 D:1)
[2019.05.02-16.47.07:290][  0]LogWindows:    1. 'NVIDIA GeForce GTX 1060 6GB' (P:0 D:0)
[2019.05.02-16.47.07:291][  0]LogWindows:    2. 'NVIDIA GeForce GTX 1060 6GB' (P:0 D:0)
[2019.05.02-16.47.07:291][  0]LogWindows:    3. 'NVIDIA GeForce GTX 1060 6GB' (P:0 D:0)
[2019.05.02-16.47.07:291][  0]LogWindows: DebugString: FoundDriverCount:4 
[2019.05.02-16.47.07:291][  0]LogD3D11RHI:     Adapter Name: NVIDIA GeForce GTX 1060 6GB
[2019.05.02-16.47.07:291][  0]LogD3D11RHI:   Driver Version: 425.31 (internal:25.21.14.2531, unified:425.31)
[2019.05.02-16.47.07:291][  0]LogD3D11RHI:      Driver Date: 4-9-2019
[2019.05.02-16.47.07:291][  0]LogRHI: Texture pool is 4236 MB (70% of 6052 MB)
[2019.05.02-16.47.07:352][  0]LogD3D11RHI: Async texture creation enabled
[2019.05.02-16.47.07:357][  0]LogRendererCore: FGlobalReadBuffer::InitRHI
[2019.05.02-16.47.07:357][  0]LogRendererCore: FGlobalReadBuffer::InitRHI
[2019.05.02-16.47.07:357][  0]LogRendererCore: FGlobalReadBuffer::InitRHI
[2019.05.02-16.47.07:366][  0]LogD3D11RHI: GPU Timing Frequency: 1000.000000 (Debug: 2 1)
[2019.05.02-16.47.07:757][  0]LogTemp: Display: Module 'AllDesktopTargetPlatform' loaded TargetPlatform 'AllDesktop'
[2019.05.02-16.47.07:775][  0]LogTemp: Display: Module 'MacClientTargetPlatform' loaded TargetPlatform 'MacClient'
[2019.05.02-16.47.07:794][  0]LogTemp: Display: Module 'MacNoEditorTargetPlatform' loaded TargetPlatform 'MacNoEditor'
[2019.05.02-16.47.07:813][  0]LogTemp: Display: Module 'MacServerTargetPlatform' loaded TargetPlatform 'MacServer'
[2019.05.02-16.47.07:832][  0]LogTemp: Display: Module 'MacTargetPlatform' loaded TargetPlatform 'Mac'
[2019.05.02-16.47.07:850][  0]LogTemp: Display: Module 'WindowsClientTargetPlatform' loaded TargetPlatform 'WindowsClient'
[2019.05.02-16.47.07:870][  0]LogTemp: Display: Module 'WindowsNoEditorTargetPlatform' loaded TargetPlatform 'WindowsNoEditor'
[2019.05.02-16.47.07:890][  0]LogTemp: Display: Module 'WindowsServerTargetPlatform' loaded TargetPlatform 'WindowsServer'
[2019.05.02-16.47.07:900][  0]LogTemp: Display: Module 'WindowsTargetPlatform' loaded TargetPlatform 'Windows'
[2019.05.02-16.47.08:002][  0]LogTemp: Display: Module 'AndroidTargetPlatform' loaded TargetPlatform 'Android'
[2019.05.02-16.47.08:002][  0]LogTemp: Display: Module 'AndroidTargetPlatform' loaded TargetPlatform 'Android_ASTC'
[2019.05.02-16.47.08:002][  0]LogTemp: Display: Module 'AndroidTargetPlatform' loaded TargetPlatform 'Android_ATC'
[2019.05.02-16.47.08:002][  0]LogTemp: Display: Module 'AndroidTargetPlatform' loaded TargetPlatform 'Android_DXT'
[2019.05.02-16.47.08:002][  0]LogTemp: Display: Module 'AndroidTargetPlatform' loaded TargetPlatform 'Android_ETC1'
[2019.05.02-16.47.08:002][  0]LogTemp: Display: Module 'AndroidTargetPlatform' loaded TargetPlatform 'Android_ETC1a'
[2019.05.02-16.47.08:002][  0]LogTemp: Display: Module 'AndroidTargetPlatform' loaded TargetPlatform 'Android_ETC2'
[2019.05.02-16.47.08:002][  0]LogTemp: Display: Module 'AndroidTargetPlatform' loaded TargetPlatform 'Android_PVRTC'
[2019.05.02-16.47.08:002][  0]LogTemp: Display: Module 'AndroidTargetPlatform' loaded TargetPlatform 'AndroidClient'
[2019.05.02-16.47.08:002][  0]LogTemp: Display: Module 'AndroidTargetPlatform' loaded TargetPlatform 'Android_ASTCClient'
[2019.05.02-16.47.08:002][  0]LogTemp: Display: Module 'AndroidTargetPlatform' loaded TargetPlatform 'Android_ATCClient'
[2019.05.02-16.47.08:002][  0]LogTemp: Display: Module 'AndroidTargetPlatform' loaded TargetPlatform 'Android_DXTClient'
[2019.05.02-16.47.08:002][  0]LogTemp: Display: Module 'AndroidTargetPlatform' loaded TargetPlatform 'Android_ETC1Client'
[2019.05.02-16.47.08:002][  0]LogTemp: Display: Module 'AndroidTargetPlatform' loaded TargetPlatform 'Android_ETC1aClient'
[2019.05.02-16.47.08:002][  0]LogTemp: Display: Module 'AndroidTargetPlatform' loaded TargetPlatform 'Android_ETC2Client'
[2019.05.02-16.47.08:002][  0]LogTemp: Display: Module 'AndroidTargetPlatform' loaded TargetPlatform 'Android_PVRTCClient'
[2019.05.02-16.47.08:002][  0]LogTemp: Display: Module 'AndroidTargetPlatform' loaded TargetPlatform 'Android_Multi'
[2019.05.02-16.47.08:002][  0]LogTemp: Display: Module 'AndroidTargetPlatform' loaded TargetPlatform 'Android_MultiClient'
[2019.05.02-16.47.08:005][  0]LogTemp: Display: Module 'HTML5TargetPlatform' loaded TargetPlatform 'HTML5'
[2019.05.02-16.47.08:062][  0]LogTemp: Display: Module 'IOSTargetPlatform' loaded TargetPlatform 'IOSClient'
[2019.05.02-16.47.08:062][  0]LogTemp: Display: Module 'IOSTargetPlatform' loaded TargetPlatform 'IOS'
[2019.05.02-16.47.08:091][  0]LogTemp: Display: Module 'TVOSTargetPlatform' loaded TargetPlatform 'TVOSClient'
[2019.05.02-16.47.08:091][  0]LogTemp: Display: Module 'TVOSTargetPlatform' loaded TargetPlatform 'TVOS'
[2019.05.02-16.47.08:106][  0]LogTemp: Display: Module 'LinuxClientTargetPlatform' loaded TargetPlatform 'LinuxClient'
[2019.05.02-16.47.08:121][  0]LogTemp: Display: Module 'LinuxNoEditorTargetPlatform' loaded TargetPlatform 'LinuxNoEditor'
[2019.05.02-16.47.08:136][  0]LogTemp: Display: Module 'LinuxServerTargetPlatform' loaded TargetPlatform 'LinuxServer'
[2019.05.02-16.47.08:152][  0]LogTemp: Display: Module 'LinuxTargetPlatform' loaded TargetPlatform 'Linux'
[2019.05.02-16.47.08:205][  0]LogTemp: Display: Module 'LuminTargetPlatform' loaded TargetPlatform 'Lumin'
[2019.05.02-16.47.08:205][  0]LogTemp: Display: Module 'LuminTargetPlatform' loaded TargetPlatform 'LuminClient'
[2019.05.02-16.47.08:206][  0]LogTargetPlatformManager: Display: Building Assets For Windows
[2019.05.02-16.47.08:219][  0]LogAudioDebug: Display: Lib vorbis DLL was dynamically loaded.
[2019.05.02-16.47.08:309][  0]LogShaderCompilers: Guid format shader working directory is -42 characters bigger than the processId version (../../../../../../Uni_Stuff/Year3/S2/GameplayMechanics/_Coursework/CMP302_GM/RTS_BaseBuilder/Intermediate/Shaders/WorkingDirectory/18772/).
[2019.05.02-16.47.08:310][  0]LogShaderCompilers: Cleaned the shader compiler working directory 'C:/Users/Roy George/AppData/Local/Temp/UnrealShaderWorkingDir/D6846B5D4C23DC820302BFAE1509012E/'.
[2019.05.02-16.47.08:314][  0]LogXGEController: Cannot use XGE Controller as Incredibuild is not installed on this machine.
[2019.05.02-16.47.08:314][  0]LogShaderCompilers: Cannot use XGE Shader Compiler as Incredibuild is not installed on this machine.
[2019.05.02-16.47.08:314][  0]LogShaderCompilers: Display: Using Local Shader Compiler.
[2019.05.02-16.47.08:908][  0]LogDerivedDataCache: Display: Max Cache Size: 512 MB
[2019.05.02-16.47.08:989][  0]LogDerivedDataCache: Loaded boot cache 0.08s 71MB C:/Users/Roy George/AppData/Local/UnrealEngine/4.22/DerivedDataCache/Boot.ddc.
[2019.05.02-16.47.08:989][  0]LogDerivedDataCache: Display: Loaded Boot cache: C:/Users/Roy George/AppData/Local/UnrealEngine/4.22/DerivedDataCache/Boot.ddc
[2019.05.02-16.47.08:989][  0]LogDerivedDataCache: FDerivedDataBackendGraph:  Pak pak cache file ../../../../../../Uni_Stuff/Year3/S2/GameplayMechanics/_Coursework/CMP302_GM/RTS_BaseBuilder/DerivedDataCache/DDC.ddp not found, will not use a pak cache.
[2019.05.02-16.47.08:989][  0]LogDerivedDataCache: Unable to find inner node Pak for hierarchical cache Hierarchy.
[2019.05.02-16.47.08:989][  0]LogDerivedDataCache: FDerivedDataBackendGraph:  CompressedPak pak cache file ../../../../../../Uni_Stuff/Year3/S2/GameplayMechanics/_Coursework/CMP302_GM/RTS_BaseBuilder/DerivedDataCache/Compressed.ddp not found, will not use a pak cache.
[2019.05.02-16.47.08:989][  0]LogDerivedDataCache: Unable to find inner node CompressedPak for hierarchical cache Hierarchy.
[2019.05.02-16.47.09:002][  0]LogDerivedDataCache: Display: Pak cache opened for reading ../../../Engine/DerivedDataCache/Compressed.ddp.
[2019.05.02-16.47.09:002][  0]LogDerivedDataCache: FDerivedDataBackendGraph:  EnterprisePak pak cache file ../../../Enterprise/DerivedDataCache/Compressed.ddp not found, will not use a pak cache.
[2019.05.02-16.47.09:002][  0]LogDerivedDataCache: Unable to find inner node EnterprisePak for hierarchical cache Hierarchy.
[2019.05.02-16.47.09:014][  0]LogDerivedDataCache: Using Local data cache path C:/Users/Roy George/AppData/Local/UnrealEngine/Common/DerivedDataCache: Writable
[2019.05.02-16.47.09:014][  0]LogDerivedDataCache: Shared data cache path not found in *engine.ini, will not use an Shared cache.
[2019.05.02-16.47.09:014][  0]LogDerivedDataCache: Unable to find inner node Shared for hierarchical cache Hierarchy.
[2019.05.02-16.47.09:039][  0]LogMaterial: Verifying Global Shaders for PCD3D_SM5
[2019.05.02-16.47.09:040][  0]LogSlate: Using FreeType 2.6.0
[2019.05.02-16.47.09:041][  0]LogSlate: SlateFontServices - WITH_FREETYPE: 1, WITH_HARFBUZZ: 1
[2019.05.02-16.47.09:136][  0]LogAssetRegistry: FAssetRegistry took 0.0356 seconds to start up
[2019.05.02-16.47.09:559][  0]LogInit: Selected Device Profile: [Windows]
[2019.05.02-16.47.09:728][  0]LogMeshReduction: Using QuadricMeshReduction for automatic static mesh reduction
[2019.05.02-16.47.09:728][  0]LogMeshReduction: Using SimplygonMeshReduction for automatic skeletal mesh reduction
[2019.05.02-16.47.09:728][  0]LogMeshReduction: Using ProxyLODMeshReduction for automatic mesh merging
[2019.05.02-16.47.09:728][  0]LogMeshReduction: No distributed automatic mesh merging module available
[2019.05.02-16.47.09:728][  0]LogMeshMerging: No distributed automatic mesh merging module available
[2019.05.02-16.47.09:740][  0]LogNetVersion: RTS_BaseBuilder 1.0.0, NetCL: 5660361, EngineNetVer: 10, GameNetVer: 0 (Checksum: 1744979706)
[2019.05.02-16.47.10:205][  0]LogPackageLocalizationCache: Processed 10 localized package path(s) for 1 prioritized culture(s) in 0.049711 seconds
[2019.05.02-16.47.10:211][  0]LogUObjectArray: 42205 objects as part of root set at end of initial load.
[2019.05.02-16.47.10:211][  0]LogUObjectAllocator: 7325032 out of 0 bytes used by permanent object pool.
[2019.05.02-16.47.10:211][  0]LogUObjectArray: CloseDisregardForGC: 0/0 objects in disregard for GC pool
[2019.05.02-16.47.11:234][  0]LogTcpMessaging: Initializing TcpMessaging bridge
[2019.05.02-16.47.11:248][  0]LogUdpMessaging: Initializing bridge on interface 0.0.0.0:0 to multicast group 230.0.0.1:6666.
[2019.05.02-16.47.11:884][  0]SourceControl: Source control is disabled
[2019.05.02-16.47.11:885][  0]SourceControl: Source control is disabled
[2019.05.02-16.47.11:887][  0]SourceControl: Source control is disabled
[2019.05.02-16.47.11:889][  0]SourceControl: Source control is disabled
[2019.05.02-16.47.11:988][  0]LogAndroidPermission: UAndroidPermissionCallbackProxy::GetInstance
[2019.05.02-16.47.12:132][  0]LogOcInput: OculusInput pre-init called
[2019.05.02-16.47.12:932][  0]LogEngine: Initializing Engine...
[2019.05.02-16.47.12:937][  0]LogHMD: Failed to initialize OpenVR with code 105
[2019.05.02-16.47.12:938][  0]LogStats: UGameplayTagsManager::InitializeManager -  0.000 s
[2019.05.02-16.47.13:166][  0]LogInit: Initializing FReadOnlyCVARCache
[2019.05.02-16.47.13:191][  0]LogAIModule: Creating AISystem for world Untitled
[2019.05.02-16.47.13:299][  0]LogInit: XAudio2 using 'Headset Earphone (HyperX 7.1 Audio)' : 2 channels at 48 kHz using 16 bits per sample (channel mask 0x3)
[2019.05.02-16.47.13:323][  0]LogInit: FAudioDevice initialized.
[2019.05.02-16.47.13:323][  0]LogNetVersion: Set ProjectVersion to 1.0.0.0. Version Checksum will be recalculated on next use.
[2019.05.02-16.47.13:387][  0]LogDerivedDataCache: Saved boot cache 0.06s 75MB C:/Users/Roy George/AppData/Local/UnrealEngine/4.22/DerivedDataCache/Boot.ddc.
[2019.05.02-16.47.13:405][  0]LogInit: Texture streaming: Enabled
[2019.05.02-16.47.13:436][  0]LogEngineSessionManager: EngineSessionManager initialized
[2019.05.02-16.47.13:475][  0]LogInit: Transaction tracking system initialized
[2019.05.02-16.47.13:528][  0]BlueprintLog: New page: Editor Load
[2019.05.02-16.47.13:677][  0]LocalizationService: Localization service is disabled
[2019.05.02-16.47.13:814][  0]LogLinker: Warning: Asset '../../../../../../Uni_Stuff/Year3/S2/GameplayMechanics/_Coursework/CMP302_GM/RTS_BaseBuilder/Content/TopDownCPP/TopDownOverview.uasset' has been saved with empty engine version. The asset will be loaded but may be incompatible.
[2019.05.02-16.47.14:066][  0]LogFileCache: Scanning file cache for directory 'C:/Uni_Stuff/Year3/S2/GameplayMechanics/_Coursework/CMP302_GM/RTS_BaseBuilder/Content/' took 0.03s
[2019.05.02-16.47.14:066][  0]LogCook: Display: Max memory allowance for cook 16384mb min free memory 0mb
[2019.05.02-16.47.14:066][  0]LogCook: Display: Mobile HDR setting 1
[2019.05.02-16.47.14:311][  0]SourceControl: Source control is disabled
[2019.05.02-16.47.14:311][  0]Cmd: MAP LOAD FILE="../../../../../../Uni_Stuff/Year3/S2/GameplayMechanics/_Coursework/CMP302_GM/RTS_BaseBuilder/Content/DemoLevel.umap" TEMPLATE=0 SHOWPROGRESS=1 FEATURELEVEL=3
[2019.05.02-16.47.14:316][  0]LightingResults: New page: Lighting Build
[2019.05.02-16.47.14:321][  0]MapCheck: New page: Map Check
[2019.05.02-16.47.14:321][  0]LightingResults: New page: Lighting Build
[2019.05.02-16.47.14:346][  0]LogUObjectHash: Compacting FUObjectHashTables data took   2.33ms
[2019.05.02-16.47.15:188][  0]LogAIModule: Creating AISystem for world DemoLevel
[2019.05.02-16.47.16:536][  0]LogEditorServer: Finished looking for orphan Actors (0.000 secs)
[2019.05.02-16.47.16:598][  0]LogUObjectHash: Compacting FUObjectHashTables data took   0.57ms
[2019.05.02-16.47.16:598][  0]Cmd: MAP CHECKDEP NOCLEARLOG
[2019.05.02-16.47.16:598][  0]MapCheck: Map check complete: 0 Error(s), 0 Warning(s), took 0.227ms to complete.
[2019.05.02-16.47.16:598][  0]LogFileHelpers: Loading map 'DemoLevel' took 2.288
[2019.05.02-16.47.16:721][  0]LogSlate: Updating window title bar state: overlay mode, drag disabled, window buttons hidden, title bar hidden
[2019.05.02-16.47.16:730][  0]LogSlate: Updating window title bar state: overlay mode, drag disabled, window buttons hidden, title bar hidden
[2019.05.02-16.47.16:739][  0]LogSlate: Updating window title bar state: overlay mode, drag disabled, window buttons hidden, title bar hidden
[2019.05.02-16.47.16:748][  0]LogSlate: Updating window title bar state: overlay mode, drag disabled, window buttons hidden, title bar hidden
[2019.05.02-16.47.16:759][  0]LogCollectionManager: Loaded 0 collections in 0.004156 seconds
[2019.05.02-16.47.16:779][  0]LogFileCache: Scanning file cache for directory 'C:/Uni_Stuff/Year3/S2/GameplayMechanics/_Coursework/CMP302_GM/RTS_BaseBuilder/Saved/Collections/' took 0.01s
[2019.05.02-16.47.16:779][  0]LogFileCache: Scanning file cache for directory 'C:/Uni_Stuff/Year3/S2/GameplayMechanics/_Coursework/CMP302_GM/RTS_BaseBuilder/Content/Developers/GavinGeorge/Collections/' took 0.00s
[2019.05.02-16.47.16:779][  0]LogFileCache: Scanning file cache for directory 'C:/Uni_Stuff/Year3/S2/GameplayMechanics/_Coursework/CMP302_GM/RTS_BaseBuilder/Content/Collections/' took 0.00s
[2019.05.02-16.47.16:779][  0]LogCollectionManager: Rebuilt the GUID cache for 0 collections in 0.000000 seconds
[2019.05.02-16.47.16:792][  0]LogContentBrowser: Native class hierarchy populated in 0.0128 seconds. Added 2748 classes and 661 folders.
[2019.05.02-16.47.16:805][  0]LogContentBrowser: Native class hierarchy updated for 'WidgetCarousel' in 0.0012 seconds. Added 0 classes and 0 folders.
[2019.05.02-16.47.16:807][  0]LogPakFile: Registered encryption key '00000000000000000000000000000000': 0 pak files mounted, 0 remain pending
[2019.05.02-16.47.16:808][  0]LogPakFile: Registered encryption key '00000000000000000000000000000000': 0 pak files mounted, 0 remain pending
[2019.05.02-16.47.16:808][  0]LogPakFile: Registered encryption key '00000000000000000000000000000000': 0 pak files mounted, 0 remain pending
[2019.05.02-16.47.16:809][  0]LogPakFile: Registered encryption key '00000000000000000000000000000000': 0 pak files mounted, 0 remain pending
[2019.05.02-16.47.16:809][  0]LogPakFile: Registered encryption key '00000000000000000000000000000000': 0 pak files mounted, 0 remain pending
[2019.05.02-16.47.16:810][  0]LogPakFile: Registered encryption key '00000000000000000000000000000000': 0 pak files mounted, 0 remain pending
[2019.05.02-16.47.16:811][  0]LogPakFile: Registered encryption key '00000000000000000000000000000000': 0 pak files mounted, 0 remain pending
[2019.05.02-16.47.16:811][  0]LogPakFile: Registered encryption key '00000000000000000000000000000000': 0 pak files mounted, 0 remain pending
[2019.05.02-16.47.16:812][  0]LogPakFile: Registered encryption key '00000000000000000000000000000000': 0 pak files mounted, 0 remain pending
[2019.05.02-16.47.16:812][  0]LogPakFile: Registered encryption key '00000000000000000000000000000000': 0 pak files mounted, 0 remain pending
[2019.05.02-16.47.16:813][  0]LogPakFile: Registered encryption key '00000000000000000000000000000000': 0 pak files mounted, 0 remain pending
[2019.05.02-16.47.16:814][  0]LogPakFile: Registered encryption key '00000000000000000000000000000000': 0 pak files mounted, 0 remain pending
[2019.05.02-16.47.16:814][  0]LogPakFile: Registered encryption key '00000000000000000000000000000000': 0 pak files mounted, 0 remain pending
[2019.05.02-16.47.16:815][  0]LogPakFile: Registered encryption key '00000000000000000000000000000000': 0 pak files mounted, 0 remain pending
[2019.05.02-16.47.16:815][  0]LogPakFile: Registered encryption key '00000000000000000000000000000000': 0 pak files mounted, 0 remain pending
[2019.05.02-16.47.16:816][  0]LogPakFile: Registered encryption key '00000000000000000000000000000000': 0 pak files mounted, 0 remain pending
[2019.05.02-16.47.16:817][  0]LogPakFile: Registered encryption key '00000000000000000000000000000000': 0 pak files mounted, 0 remain pending
[2019.05.02-16.47.16:817][  0]LogPakFile: Registered encryption key '00000000000000000000000000000000': 0 pak files mounted, 0 remain pending
[2019.05.02-16.47.16:818][  0]LogPakFile: Registered encryption key '00000000000000000000000000000000': 0 pak files mounted, 0 remain pending
[2019.05.02-16.47.16:819][  0]LogPakFile: Registered encryption key '00000000000000000000000000000000': 0 pak files mounted, 0 remain pending
[2019.05.02-16.47.16:819][  0]LogPakFile: Registered encryption key '00000000000000000000000000000000': 0 pak files mounted, 0 remain pending
[2019.05.02-16.47.16:820][  0]LogPakFile: Registered encryption key '00000000000000000000000000000000': 0 pak files mounted, 0 remain pending
[2019.05.02-16.47.16:821][  0]LogPakFile: Registered encryption key '00000000000000000000000000000000': 0 pak files mounted, 0 remain pending
[2019.05.02-16.47.16:821][  0]LogPakFile: Registered encryption key '00000000000000000000000000000000': 0 pak files mounted, 0 remain pending
[2019.05.02-16.47.16:822][  0]LogPakFile: Registered encryption key '00000000000000000000000000000000': 0 pak files mounted, 0 remain pending
[2019.05.02-16.47.16:823][  0]LogPakFile: Registered encryption key '00000000000000000000000000000000': 0 pak files mounted, 0 remain pending
[2019.05.02-16.47.16:891][  0]LogContentBrowser: Native class hierarchy updated for 'AddContentDialog' in 0.0013 seconds. Added 0 classes and 0 folders.
[2019.05.02-16.47.16:902][  0]LogContentBrowser: Native class hierarchy updated for 'SceneOutliner' in 0.0013 seconds. Added 1 classes and 2 folders.
[2019.05.02-16.47.18:712][  0]LogSlate: Only BGRA pngs, bmps or icos are supported in by External Image Picker
[2019.05.02-16.47.18:738][  0]LogSlate: Took 0.000216 seconds to synchronously load lazily loaded font '../../../Engine/Content/Slate/Fonts/Roboto-Regular.ttf' (155K)
[2019.05.02-16.47.18:740][  0]LogSlate: Took 0.000188 seconds to synchronously load lazily loaded font '../../../Engine/Content/Slate/Fonts/Roboto-Bold.ttf' (160K)
[2019.05.02-16.47.18:756][  0]LogSlate: Took 0.000222 seconds to synchronously load lazily loaded font '../../../Engine/Content/Editor/Slate/Fonts/FontAwesome.ttf' (139K)
[2019.05.02-16.47.18:841][  0]LogRenderer: Reallocating scene render targets to support 1144x572 Format 10 NumSamples 1 (Frame:1).
[2019.05.02-16.47.18:937][  0]LogSlate: Took 0.000228 seconds to synchronously load lazily loaded font '../../../Engine/Content/Slate/Fonts/Roboto-Light.ttf' (167K)
[2019.05.02-16.47.19:030][  0]LogContentBrowser: Native class hierarchy updated for 'HierarchicalLODOutliner' in 0.0013 seconds. Added 0 classes and 0 folders.
[2019.05.02-16.47.19:030][  0]LogLoad: (Engine Initialization) Total time: 15.44 seconds
[2019.05.02-16.47.19:030][  0]LogLoad: (Engine Initialization) Total Blueprint compile time: 0.00 seconds
[2019.05.02-16.47.19:040][  0]LogWindowsTextInputMethodSystem: Display: IME system now deactivated.
[2019.05.02-16.47.19:107][  0]LogAssetRegistry: Asset discovery search completed in 9.9944 seconds
[2019.05.02-16.47.19:109][  0]LogCollectionManager: Rebuilt the object cache for 0 collections in 0.000000 seconds (found 0 objects)
[2019.05.02-16.47.19:109][  0]LogCollectionManager: Fixed up redirectors for 0 collections in 0.000053 seconds (updated 0 objects)
[2019.05.02-16.47.19:111][  0]LogContentStreaming: Texture pool size now 1000 MB
[2019.05.02-16.47.24:318][608]LogTemp: IOS device listing is disabled (to many failed attempts)!
[2019.05.02-16.47.34:440][820]LogSlate: FSceneViewport::OnFocusLost() reason 0
[2019.05.02-16.47.34:603][833]LogRenderer: Reallocating scene render targets to support 1164x572 Format 10 NumSamples 1 (Frame:1825).
[2019.05.02-16.47.34:663][834]LogRenderer: Reallocating scene render targets to support 1220x572 Format 10 NumSamples 1 (Frame:1827).
[2019.05.02-16.47.34:718][835]LogRenderer: Reallocating scene render targets to support 1276x572 Format 10 NumSamples 1 (Frame:1829).
[2019.05.02-16.47.34:766][836]LogRenderer: Reallocating scene render targets to support 1280x572 Format 10 NumSamples 1 (Frame:1831).
[2019.05.02-16.47.34:816][837]LogRenderer: Reallocating scene render targets to support 1284x572 Format 10 NumSamples 1 (Frame:1833).
[2019.05.02-16.47.34:868][838]LogRenderer: Reallocating scene render targets to support 1288x572 Format 10 NumSamples 1 (Frame:1835).
[2019.05.02-16.47.34:917][839]LogRenderer: Reallocating scene render targets to support 1320x572 Format 10 NumSamples 1 (Frame:1837).
[2019.05.02-16.47.34:968][840]LogRenderer: Reallocating scene render targets to support 1356x572 Format 10 NumSamples 1 (Frame:1839).
[2019.05.02-16.47.35:033][841]LogRenderer: Reallocating scene render targets to support 1396x572 Format 10 NumSamples 1 (Frame:1841).
[2019.05.02-16.47.37:326][105]LogRenderer: Reallocating scene render targets to support 1400x572 Format 10 NumSamples 1 (Frame:2062).
[2019.05.02-16.47.37:378][106]LogRenderer: Reallocating scene render targets to support 1412x572 Format 10 NumSamples 1 (Frame:2064).
[2019.05.02-16.47.37:435][106]LogRenderer: Reallocating scene render targets to support 1444x572 Format 10 NumSamples 1 (Frame:2066).
[2019.05.02-16.47.37:497][107]LogRenderer: Reallocating scene render targets to support 1536x572 Format 10 NumSamples 1 (Frame:2068).
[2019.05.02-16.47.37:560][109]LogRenderer: Reallocating scene render targets to support 1596x572 Format 10 NumSamples 1 (Frame:2070).
[2019.05.02-16.47.37:613][110]LogRenderer: Reallocating scene render targets to support 1624x572 Format 10 NumSamples 1 (Frame:2072).
[2019.05.02-16.47.37:669][111]LogRenderer: Reallocating scene render targets to support 1680x572 Format 10 NumSamples 1 (Frame:2074).
[2019.05.02-16.47.37:722][112]LogRenderer: Reallocating scene render targets to support 1752x572 Format 10 NumSamples 1 (Frame:2076).
[2019.05.02-16.47.37:774][113]LogRenderer: Reallocating scene render targets to support 1832x572 Format 10 NumSamples 1 (Frame:2078).
[2019.05.02-16.47.37:838][114]LogRenderer: Reallocating scene render targets to support 1868x572 Format 10 NumSamples 1 (Frame:2080).
[2019.05.02-16.47.40:299][343]LogRenderer: Reallocating scene render targets to support 1868x576 Format 10 NumSamples 1 (Frame:2233).
[2019.05.02-16.47.40:350][344]LogRenderer: Reallocating scene render targets to support 1868x584 Format 10 NumSamples 1 (Frame:2235).
[2019.05.02-16.47.40:406][345]LogRenderer: Reallocating scene render targets to support 1868x616 Format 10 NumSamples 1 (Frame:2237).
[2019.05.02-16.47.40:460][346]LogRenderer: Reallocating scene render targets to support 1868x660 Format 10 NumSamples 1 (Frame:2239).
[2019.05.02-16.47.40:514][347]LogRenderer: Reallocating scene render targets to support 1868x716 Format 10 NumSamples 1 (Frame:2241).
[2019.05.02-16.47.40:566][348]LogRenderer: Reallocating scene render targets to support 1868x760 Format 10 NumSamples 1 (Frame:2243).
[2019.05.02-16.47.40:619][349]LogRenderer: Reallocating scene render targets to support 1868x796 Format 10 NumSamples 1 (Frame:2245).
[2019.05.02-16.47.40:674][350]LogRenderer: Reallocating scene render targets to support 1868x840 Format 10 NumSamples 1 (Frame:2247).
[2019.05.02-16.47.40:728][351]LogRenderer: Reallocating scene render targets to support 1868x872 Format 10 NumSamples 1 (Frame:2249).
[2019.05.02-16.47.40:780][352]LogRenderer: Reallocating scene render targets to support 1868x896 Format 10 NumSamples 1 (Frame:2251).
[2019.05.02-16.48.14:607][769]LogEditorViewport: Clicking on Actor (LMB): Landscape (Landscape)
[2019.05.02-16.48.20:863][507]LogSlate: FSceneViewport::OnFocusLost() reason 0
[2019.05.02-16.48.20:947][517]LogTemp: Repeating last play command: Selected Viewport
[2019.05.02-16.48.20:962][517]LogBlueprintUserMessages: Early PlayInEditor Detection: Level '/Game/DemoLevel.DemoLevel:PersistentLevel' has LevelScriptBlueprint '/Game/DemoLevel.DemoLevel:PersistentLevel.DemoLevel' with GeneratedClass '/Game/DemoLevel.DemoLevel_C' with ClassGeneratedBy '/Game/DemoLevel.DemoLevel:PersistentLevel.DemoLevel'
[2019.05.02-16.48.20:962][517]LogPlayLevel: PlayLevel: No blueprints needed recompiling
[2019.05.02-16.48.20:963][517]PIE: New page: PIE session: DemoLevel (2 May 2019 18:48:20)
[2019.05.02-16.48.20:976][517]LogPlayLevel: Creating play world package: /Game/UEDPIE_0_DemoLevel
[2019.05.02-16.48.21:029][517]LogPlayLevel: PIE: StaticDuplicateObject took: (0.053583s)
[2019.05.02-16.48.21:030][517]LogAIModule: Creating AISystem for world DemoLevel
[2019.05.02-16.48.21:030][517]LogPlayLevel: PIE: World Init took: (0.000834s)
[2019.05.02-16.48.21:030][517]LogPlayLevel: PIE: Created PIE world by copying editor world from /Game/DemoLevel.DemoLevel to /Game/UEDPIE_0_DemoLevel.DemoLevel (0.054924s)
[2019.05.02-16.48.21:052][517]LogUObjectHash: Compacting FUObjectHashTables data took   1.12ms
[2019.05.02-16.48.21:080][517]LogInit: XAudio2 using 'Headset Earphone (HyperX 7.1 Audio)' : 2 channels at 48 kHz using 16 bits per sample (channel mask 0x3)
[2019.05.02-16.48.21:092][517]LogInit: FAudioDevice initialized.
[2019.05.02-16.48.21:136][517]LogLoad: Game class is 'GG_RTS_GameMode'
[2019.05.02-16.48.21:142][517]LogWorld: Bringing World /Game/UEDPIE_0_DemoLevel.DemoLevel up for play (max tick rate 0) at 2019.05.02-17.48.21
[2019.05.02-16.48.21:144][517]LogWorld: Bringing up level for play took: 0.006642
[2019.05.02-16.48.21:168][517]LogContentBrowser: Native class hierarchy updated for 'MovieSceneCapture' in 0.0013 seconds. Added 20 classes and 0 folders.
[2019.05.02-16.48.21:168][517]PIE: Play in editor start time for /Game/UEDPIE_0_DemoLevel 0.016
[2019.05.02-16.48.21:169][517]LogBlueprintUserMessages: Late PlayInEditor Detection: Level '/Game/DemoLevel.DemoLevel:PersistentLevel' has LevelScriptBlueprint '/Game/DemoLevel.DemoLevel:PersistentLevel.DemoLevel' with GeneratedClass '/Game/DemoLevel.DemoLevel_C' with ClassGeneratedBy '/Game/DemoLevel.DemoLevel:PersistentLevel.DemoLevel'
[2019.05.02-16.49.09:259][ 38]LogSlate: FSceneViewport::OnFocusLost() reason 0
[2019.05.02-16.49.39:378][690]LogSlate: FSceneViewport::OnFocusLost() reason 0
[2019.05.02-16.50.09:616][217]LogSlate: FSceneViewport::OnFocusLost() reason 0
[2019.05.02-16.50.09:692][226]LogBlueprintUserMessages: Early EndPlayMap Detection: Level '/Game/DemoLevel.DemoLevel:PersistentLevel' has LevelScriptBlueprint '/Game/DemoLevel.DemoLevel:PersistentLevel.DemoLevel' with GeneratedClass '/Game/DemoLevel.DemoLevel_C' with ClassGeneratedBy '/Game/DemoLevel.DemoLevel:PersistentLevel.DemoLevel'
[2019.05.02-16.50.09:693][226]LogSlate: Updating window title bar state: overlay mode, drag disabled, window buttons hidden, title bar hidden
[2019.05.02-16.50.09:726][226]LogPlayLevel: Display: Shutting down PIE online subsystems
[2019.05.02-16.50.09:726][226]LogBlueprintUserMessages: Late EndPlayMap Detection: Level '/Game/DemoLevel.DemoLevel:PersistentLevel' has LevelScriptBlueprint '/Game/DemoLevel.DemoLevel:PersistentLevel.DemoLevel' with GeneratedClass '/Game/DemoLevel.DemoLevel_C' with ClassGeneratedBy '/Game/DemoLevel.DemoLevel:PersistentLevel.DemoLevel'
[2019.05.02-16.50.09:753][226]LogSlate: Updating window title bar state: overlay mode, drag disabled, window buttons hidden, title bar hidden
[2019.05.02-16.50.09:757][226]LogUObjectHash: Compacting FUObjectHashTables data took   1.56ms
[2019.05.02-16.50.09:833][228]LogPlayLevel: Display: Destroying online subsystem :Context_7
[2019.05.02-16.50.10:391][295]LogTemp: Repeating last play command: Selected Viewport
[2019.05.02-16.50.10:406][295]LogBlueprintUserMessages: Early PlayInEditor Detection: Level '/Game/DemoLevel.DemoLevel:PersistentLevel' has LevelScriptBlueprint '/Game/DemoLevel.DemoLevel:PersistentLevel.DemoLevel' with GeneratedClass '/Game/DemoLevel.DemoLevel_C' with ClassGeneratedBy '/Game/DemoLevel.DemoLevel:PersistentLevel.DemoLevel'
[2019.05.02-16.50.10:406][295]LogPlayLevel: PlayLevel: No blueprints needed recompiling
[2019.05.02-16.50.10:406][295]PIE: New page: PIE session: DemoLevel (2 May 2019 18:50:10)
[2019.05.02-16.50.10:407][295]LogPlayLevel: Creating play world package: /Game/UEDPIE_0_DemoLevel
[2019.05.02-16.50.10:456][295]LogPlayLevel: PIE: StaticDuplicateObject took: (0.049694s)
[2019.05.02-16.50.10:457][295]LogAIModule: Creating AISystem for world DemoLevel
[2019.05.02-16.50.10:457][295]LogPlayLevel: PIE: World Init took: (0.000681s)
[2019.05.02-16.50.10:457][295]LogPlayLevel: PIE: Created PIE world by copying editor world from /Game/DemoLevel.DemoLevel to /Game/UEDPIE_0_DemoLevel.DemoLevel (0.050696s)
[2019.05.02-16.50.10:480][295]LogUObjectHash: Compacting FUObjectHashTables data took   1.15ms
[2019.05.02-16.50.10:509][295]LogInit: XAudio2 using 'Headset Earphone (HyperX 7.1 Audio)' : 2 channels at 48 kHz using 16 bits per sample (channel mask 0x3)
[2019.05.02-16.50.10:520][295]LogInit: FAudioDevice initialized.
[2019.05.02-16.50.10:552][295]LogLoad: Game class is 'GG_RTS_GameMode'
[2019.05.02-16.50.10:558][295]LogWorld: Bringing World /Game/UEDPIE_0_DemoLevel.DemoLevel up for play (max tick rate 0) at 2019.05.02-17.50.10
[2019.05.02-16.50.10:559][295]LogWorld: Bringing up level for play took: 0.005923
[2019.05.02-16.50.10:572][295]PIE: Play in editor start time for /Game/UEDPIE_0_DemoLevel -0.581
[2019.05.02-16.50.10:572][295]LogBlueprintUserMessages: Late PlayInEditor Detection: Level '/Game/DemoLevel.DemoLevel:PersistentLevel' has LevelScriptBlueprint '/Game/DemoLevel.DemoLevel:PersistentLevel.DemoLevel' with GeneratedClass '/Game/DemoLevel.DemoLevel_C' with ClassGeneratedBy '/Game/DemoLevel.DemoLevel:PersistentLevel.DemoLevel'
[2019.05.02-16.52.35:660][323]LogSlate: FSceneViewport::OnFocusLost() reason 0
[2019.05.02-16.52.39:005][640]LogSlate: FSceneViewport::OnFocusLost() reason 0
[2019.05.02-16.52.54:669][433]LogSlate: FSceneViewport::OnFocusLost() reason 0
[2019.05.02-16.55.45:382][417]LogSlate: FSceneViewport::OnFocusLost() reason 0
[2019.05.02-16.55.45:458][426]LogBlueprintUserMessages: Early EndPlayMap Detection: Level '/Game/DemoLevel.DemoLevel:PersistentLevel' has LevelScriptBlueprint '/Game/DemoLevel.DemoLevel:PersistentLevel.DemoLevel' with GeneratedClass '/Game/DemoLevel.DemoLevel_C' with ClassGeneratedBy '/Game/DemoLevel.DemoLevel:PersistentLevel.DemoLevel'
[2019.05.02-16.55.45:458][426]LogSlate: Updating window title bar state: overlay mode, drag disabled, window buttons hidden, title bar hidden
[2019.05.02-16.55.45:489][426]LogPlayLevel: Display: Shutting down PIE online subsystems
[2019.05.02-16.55.45:490][426]LogBlueprintUserMessages: Late EndPlayMap Detection: Level '/Game/DemoLevel.DemoLevel:PersistentLevel' has LevelScriptBlueprint '/Game/DemoLevel.DemoLevel:PersistentLevel.DemoLevel' with GeneratedClass '/Game/DemoLevel.DemoLevel_C' with ClassGeneratedBy '/Game/DemoLevel.DemoLevel:PersistentLevel.DemoLevel'
[2019.05.02-16.55.45:515][426]LogSlate: Updating window title bar state: overlay mode, drag disabled, window buttons hidden, title bar hidden
[2019.05.02-16.55.45:518][426]LogUObjectHash: Compacting FUObjectHashTables data took   1.32ms
[2019.05.02-16.55.45:564][430]LogPlayLevel: Display: Destroying online subsystem :Context_8
[2019.05.02-16.55.46:198][506]LogTemp: Repeating last play command: Selected Viewport
[2019.05.02-16.55.46:213][506]LogBlueprintUserMessages: Early PlayInEditor Detection: Level '/Game/DemoLevel.DemoLevel:PersistentLevel' has LevelScriptBlueprint '/Game/DemoLevel.DemoLevel:PersistentLevel.DemoLevel' with GeneratedClass '/Game/DemoLevel.DemoLevel_C' with ClassGeneratedBy '/Game/DemoLevel.DemoLevel:PersistentLevel.DemoLevel'
[2019.05.02-16.55.46:213][506]LogPlayLevel: PlayLevel: No blueprints needed recompiling
[2019.05.02-16.55.46:213][506]PIE: New page: PIE session: DemoLevel (2 May 2019 18:55:46)
[2019.05.02-16.55.46:213][506]LogPlayLevel: Creating play world package: /Game/UEDPIE_0_DemoLevel
[2019.05.02-16.55.46:263][506]LogPlayLevel: PIE: StaticDuplicateObject took: (0.049348s)
[2019.05.02-16.55.46:263][506]LogAIModule: Creating AISystem for world DemoLevel
[2019.05.02-16.55.46:264][506]LogPlayLevel: PIE: World Init took: (0.000771s)
[2019.05.02-16.55.46:264][506]LogPlayLevel: PIE: Created PIE world by copying editor world from /Game/DemoLevel.DemoLevel to /Game/UEDPIE_0_DemoLevel.DemoLevel (0.050294s)
[2019.05.02-16.55.46:286][506]LogUObjectHash: Compacting FUObjectHashTables data took   1.09ms
[2019.05.02-16.55.46:314][506]LogInit: XAudio2 using 'Headset Earphone (HyperX 7.1 Audio)' : 2 channels at 48 kHz using 16 bits per sample (channel mask 0x3)
[2019.05.02-16.55.46:325][506]LogInit: FAudioDevice initialized.
[2019.05.02-16.55.46:357][506]LogLoad: Game class is 'GG_RTS_GameMode'
[2019.05.02-16.55.46:363][506]LogWorld: Bringing World /Game/UEDPIE_0_DemoLevel.DemoLevel up for play (max tick rate 0) at 2019.05.02-17.55.46
[2019.05.02-16.55.46:364][506]LogWorld: Bringing up level for play took: 0.006181
[2019.05.02-16.55.46:377][506]PIE: Play in editor start time for /Game/UEDPIE_0_DemoLevel -0.776
[2019.05.02-16.55.46:377][506]LogBlueprintUserMessages: Late PlayInEditor Detection: Level '/Game/DemoLevel.DemoLevel:PersistentLevel' has LevelScriptBlueprint '/Game/DemoLevel.DemoLevel:PersistentLevel.DemoLevel' with GeneratedClass '/Game/DemoLevel.DemoLevel_C' with ClassGeneratedBy '/Game/DemoLevel.DemoLevel:PersistentLevel.DemoLevel'
[2019.05.02-16.56.30:842][839]LogSlate: FSceneViewport::OnFocusLost() reason 0
[2019.05.02-16.56.30:934][850]LogBlueprintUserMessages: Early EndPlayMap Detection: Level '/Game/DemoLevel.DemoLevel:PersistentLevel' has LevelScriptBlueprint '/Game/DemoLevel.DemoLevel:PersistentLevel.DemoLevel' with GeneratedClass '/Game/DemoLevel.DemoLevel_C' with ClassGeneratedBy '/Game/DemoLevel.DemoLevel:PersistentLevel.DemoLevel'
[2019.05.02-16.56.30:935][850]LogSlate: Updating window title bar state: overlay mode, drag disabled, window buttons hidden, title bar hidden
[2019.05.02-16.56.30:966][850]LogPlayLevel: Display: Shutting down PIE online subsystems
[2019.05.02-16.56.30:967][850]LogBlueprintUserMessages: Late EndPlayMap Detection: Level '/Game/DemoLevel.DemoLevel:PersistentLevel' has LevelScriptBlueprint '/Game/DemoLevel.DemoLevel:PersistentLevel.DemoLevel' with GeneratedClass '/Game/DemoLevel.DemoLevel_C' with ClassGeneratedBy '/Game/DemoLevel.DemoLevel:PersistentLevel.DemoLevel'
[2019.05.02-16.56.30:994][850]LogSlate: Updating window title bar state: overlay mode, drag disabled, window buttons hidden, title bar hidden
[2019.05.02-16.56.30:997][850]LogUObjectHash: Compacting FUObjectHashTables data took   1.42ms
[2019.05.02-16.56.31:062][852]LogPlayLevel: Display: Destroying online subsystem :Context_9
[2019.05.02-16.56.32:444][980]LogSlate: Took 0.000231 seconds to synchronously load lazily loaded font '../../../Engine/Content/Slate/Fonts/Roboto-Light.ttf' (167K)
[2019.05.02-16.56.38:870][642]LogSlate: FSceneViewport::OnFocusLost() reason 0
[2019.05.02-16.56.38:945][651]LogTemp: Repeating last play command: Selected Viewport
[2019.05.02-16.56.38:961][651]LogBlueprintUserMessages: Early PlayInEditor Detection: Level '/Game/DemoLevel.DemoLevel:PersistentLevel' has LevelScriptBlueprint '/Game/DemoLevel.DemoLevel:PersistentLevel.DemoLevel' with GeneratedClass '/Game/DemoLevel.DemoLevel_C' with ClassGeneratedBy '/Game/DemoLevel.DemoLevel:PersistentLevel.DemoLevel'
[2019.05.02-16.56.38:961][651]LogPlayLevel: PlayLevel: No blueprints needed recompiling
[2019.05.02-16.56.38:961][651]PIE: New page: PIE session: DemoLevel (2 May 2019 18:56:38)
[2019.05.02-16.56.38:961][651]LogPlayLevel: Creating play world package: /Game/UEDPIE_0_DemoLevel
[2019.05.02-16.56.39:014][651]LogPlayLevel: PIE: StaticDuplicateObject took: (0.053358s)
[2019.05.02-16.56.39:015][651]LogAIModule: Creating AISystem for world DemoLevel
[2019.05.02-16.56.39:015][651]LogPlayLevel: PIE: World Init took: (0.000684s)
[2019.05.02-16.56.39:015][651]LogPlayLevel: PIE: Created PIE world by copying editor world from /Game/DemoLevel.DemoLevel to /Game/UEDPIE_0_DemoLevel.DemoLevel (0.054223s)
[2019.05.02-16.56.39:039][651]LogUObjectHash: Compacting FUObjectHashTables data took   1.11ms
[2019.05.02-16.56.39:066][651]LogInit: XAudio2 using 'Headset Earphone (HyperX 7.1 Audio)' : 2 channels at 48 kHz using 16 bits per sample (channel mask 0x3)
[2019.05.02-16.56.39:078][651]LogInit: FAudioDevice initialized.
[2019.05.02-16.56.39:107][651]LogLoad: Game class is 'GG_RTS_GameMode'
[2019.05.02-16.56.39:113][651]LogWorld: Bringing World /Game/UEDPIE_0_DemoLevel.DemoLevel up for play (max tick rate 0) at 2019.05.02-17.56.39
[2019.05.02-16.56.39:114][651]LogWorld: Bringing up level for play took: 0.006361
[2019.05.02-16.56.39:127][651]PIE: Play in editor start time for /Game/UEDPIE_0_DemoLevel -0.026
[2019.05.02-16.56.39:127][651]LogBlueprintUserMessages: Late PlayInEditor Detection: Level '/Game/DemoLevel.DemoLevel:PersistentLevel' has LevelScriptBlueprint '/Game/DemoLevel.DemoLevel:PersistentLevel.DemoLevel' with GeneratedClass '/Game/DemoLevel.DemoLevel_C' with ClassGeneratedBy '/Game/DemoLevel.DemoLevel:PersistentLevel.DemoLevel'
[2019.05.02-16.56.45:665][432]LogSlate: FSceneViewport::OnFocusLost() reason 0
[2019.05.02-16.56.51:691][874]LogSlate: FSceneViewport::OnFocusLost() reason 0
[2019.05.02-16.57.19:340][153]LogTemp: Warning: BUILDING
[2019.05.02-16.57.43:764][ 34]LogSlate: FSceneViewport::OnFocusLost() reason 0
[2019.05.02-16.58.19:589][310]LogBlueprintUserMessages: Early EndPlayMap Detection: Level '/Game/DemoLevel.DemoLevel:PersistentLevel' has LevelScriptBlueprint '/Game/DemoLevel.DemoLevel:PersistentLevel.DemoLevel' with GeneratedClass '/Game/DemoLevel.DemoLevel_C' with ClassGeneratedBy '/Game/DemoLevel.DemoLevel:PersistentLevel.DemoLevel'
[2019.05.02-16.58.19:589][310]LogSlate: Updating window title bar state: overlay mode, drag disabled, window buttons hidden, title bar hidden
[2019.05.02-16.58.19:622][310]LogPlayLevel: Display: Shutting down PIE online subsystems
[2019.05.02-16.58.19:622][310]LogBlueprintUserMessages: Late EndPlayMap Detection: Level '/Game/DemoLevel.DemoLevel:PersistentLevel' has LevelScriptBlueprint '/Game/DemoLevel.DemoLevel:PersistentLevel.DemoLevel' with GeneratedClass '/Game/DemoLevel.DemoLevel_C' with ClassGeneratedBy '/Game/DemoLevel.DemoLevel:PersistentLevel.DemoLevel'
[2019.05.02-16.58.19:647][310]LogSlate: Updating window title bar state: overlay mode, drag disabled, window buttons hidden, title bar hidden
[2019.05.02-16.58.19:651][310]LogUObjectHash: Compacting FUObjectHashTables data took   1.38ms
[2019.05.02-16.58.19:692][313]LogPlayLevel: Display: Destroying online subsystem :Context_10
[2019.05.02-16.58.24:233][782]LogSlate: FSceneViewport::OnFocusLost() reason 0
[2019.05.02-16.58.24:308][791]LogTemp: Repeating last play command: Selected Viewport
[2019.05.02-16.58.24:323][791]LogBlueprintUserMessages: Early PlayInEditor Detection: Level '/Game/DemoLevel.DemoLevel:PersistentLevel' has LevelScriptBlueprint '/Game/DemoLevel.DemoLevel:PersistentLevel.DemoLevel' with GeneratedClass '/Game/DemoLevel.DemoLevel_C' with ClassGeneratedBy '/Game/DemoLevel.DemoLevel:PersistentLevel.DemoLevel'
[2019.05.02-16.58.24:323][791]LogPlayLevel: PlayLevel: No blueprints needed recompiling
[2019.05.02-16.58.24:323][791]PIE: New page: PIE session: DemoLevel (2 May 2019 18:58:24)
[2019.05.02-16.58.24:323][791]LogPlayLevel: Creating play world package: /Game/UEDPIE_0_DemoLevel
[2019.05.02-16.58.24:369][791]LogPlayLevel: PIE: StaticDuplicateObject took: (0.046444s)
[2019.05.02-16.58.24:370][791]LogAIModule: Creating AISystem for world DemoLevel
[2019.05.02-16.58.24:370][791]LogPlayLevel: PIE: World Init took: (0.000618s)
[2019.05.02-16.58.24:370][791]LogPlayLevel: PIE: Created PIE world by copying editor world from /Game/DemoLevel.DemoLevel to /Game/UEDPIE_0_DemoLevel.DemoLevel (0.047232s)
[2019.05.02-16.58.24:393][791]LogUObjectHash: Compacting FUObjectHashTables data took   1.10ms
[2019.05.02-16.58.24:420][791]LogInit: XAudio2 using 'Headset Earphone (HyperX 7.1 Audio)' : 2 channels at 48 kHz using 16 bits per sample (channel mask 0x3)
[2019.05.02-16.58.24:432][791]LogInit: FAudioDevice initialized.
[2019.05.02-16.58.24:458][791]LogLoad: Game class is 'GG_RTS_GameMode'
[2019.05.02-16.58.24:464][791]LogWorld: Bringing World /Game/UEDPIE_0_DemoLevel.DemoLevel up for play (max tick rate 0) at 2019.05.02-17.58.24
[2019.05.02-16.58.24:465][791]LogWorld: Bringing up level for play took: 0.006062
[2019.05.02-16.58.24:478][791]PIE: Play in editor start time for /Game/UEDPIE_0_DemoLevel -0.674
[2019.05.02-16.58.24:478][791]LogBlueprintUserMessages: Late PlayInEditor Detection: Level '/Game/DemoLevel.DemoLevel:PersistentLevel' has LevelScriptBlueprint '/Game/DemoLevel.DemoLevel:PersistentLevel.DemoLevel' with GeneratedClass '/Game/DemoLevel.DemoLevel_C' with ClassGeneratedBy '/Game/DemoLevel.DemoLevel:PersistentLevel.DemoLevel'
[2019.05.02-16.58.47:386][533]LogSlate: FSceneViewport::OnFocusLost() reason 0
[2019.05.02-16.59.18:536][933]LogTemp: Warning: BUILDING
[2019.05.02-17.00.10:682][ 96]LogTemp: Warning: RESOURCE
[2019.05.02-17.00.12:265][286]LogTemp: Warning: RESOURCE
[2019.05.02-17.00.55:764][501]LogTemp: Warning: RESOURCE
[2019.05.02-17.01.34:388][ 79]LogSlate: FSceneViewport::OnFocusLost() reason 0
[2019.05.02-17.02.40:677][706]LogSlate: FSceneViewport::OnFocusLost() reason 0
[2019.05.02-17.02.45:288][ 27]LogWindows: Error: === Critical error: ===
[2019.05.02-17.02.45:288][ 27]LogWindows: Error: 
[2019.05.02-17.02.45:288][ 27]LogWindows: Error: Fatal error!
[2019.05.02-17.02.45:288][ 27]LogWindows: Error: 
[2019.05.02-17.02.45:288][ 27]LogWindows: Error: Unhandled Exception: EXCEPTION_ACCESS_VIOLATION reading address 0xffffffff
[2019.05.02-17.02.45:288][ 27]LogWindows: Error: 
[2019.05.02-17.02.45:288][ 27]LogWindows: Error: [Callstack] 0x00007ffa5a248467 UE4Editor-RTS_BaseBuilder.dll!GG_RTS_CollectionTask::DepositResource() [c:\uni_stuff\year3\s2\gameplaymechanics\_coursework\cmp302_gm\rts_basebuilder\source\rts_basebuilder\gg_rts_collectiontask.cpp:113]
[2019.05.02-17.02.45:288][ 27]LogWindows: Error: [Callstack] 0x00007ffa5a25310e UE4Editor-RTS_BaseBuilder.dll!AGG_RTS_Worker::Tick() [c:\uni_stuff\year3\s2\gameplaymechanics\_coursework\cmp302_gm\rts_basebuilder\source\rts_basebuilder\gg_rts_worker.cpp:58]
[2019.05.02-17.02.45:288][ 27]LogWindows: Error: [Callstack] 0x00007ffa6872fca2 UE4Editor-Engine.dll!UnknownFunction []
[2019.05.02-17.02.45:288][ 27]LogWindows: Error: [Callstack] 0x00007ffa686faced UE4Editor-Engine.dll!UnknownFunction []
[2019.05.02-17.02.45:288][ 27]LogWindows: Error: [Callstack] 0x00007ffa696b29ac UE4Editor-Engine.dll!UnknownFunction []
[2019.05.02-17.02.45:288][ 27]LogWindows: Error: [Callstack] 0x00007ffa728222d8 UE4Editor-Core.dll!UnknownFunction []
[2019.05.02-17.02.45:288][ 27]LogWindows: Error: [Callstack] 0x00007ffa72822563 UE4Editor-Core.dll!UnknownFunction []
[2019.05.02-17.02.45:288][ 27]LogWindows: Error: [Callstack] 0x00007ffa72832309 UE4Editor-Core.dll!UnknownFunction []
[2019.05.02-17.02.45:288][ 27]LogWindows: Error: [Callstack] 0x00007ffa696fb0d3 UE4Editor-Engine.dll!UnknownFunction []
[2019.05.02-17.02.45:288][ 27]LogWindows: Error: [Callstack] 0x00007ffa69707362 UE4Editor-Engine.dll!UnknownFunction []
[2019.05.02-17.02.45:288][ 27]LogWindows: Error: [Callstack] 0x00007ffa68f29b5f UE4Editor-Engine.dll!UnknownFunction []
[2019.05.02-17.02.45:288][ 27]LogWindows: Error: [Callstack] 0x00007ffa68f33d38 UE4Editor-Engine.dll!UnknownFunction []
[2019.05.02-17.02.45:288][ 27]LogWindows: Error: [Callstack] 0x00007ffa6bd202c7 UE4Editor-UnrealEd.dll!UnknownFunction []
[2019.05.02-17.02.45:288][ 27]LogWindows: Error: [Callstack] 0x00007ffa6c53c3d6 UE4Editor-UnrealEd.dll!UnknownFunction []
[2019.05.02-17.02.45:288][ 27]LogWindows: Error: [Callstack] 0x00007ff7e0f06bb1 UE4Editor.exe!UnknownFunction []
[2019.05.02-17.02.45:288][ 27]LogWindows: Error: [Callstack] 0x00007ff7e0f1554c UE4Editor.exe!UnknownFunction []
[2019.05.02-17.02.45:288][ 27]LogWindows: Error: [Callstack] 0x00007ff7e0f155ca UE4Editor.exe!UnknownFunction []
[2019.05.02-17.02.45:288][ 27]LogWindows: Error: [Callstack] 0x00007ff7e0f2315c UE4Editor.exe!UnknownFunction []
[2019.05.02-17.02.45:288][ 27]LogWindows: Error: [Callstack] 0x00007ff7e0f25b7e UE4Editor.exe!UnknownFunction []
[2019.05.02-17.02.45:288][ 27]LogWindows: Error: [Callstack] 0x00007ffab5344034 KERNEL32.DLL!UnknownFunction []
[2019.05.02-17.02.45:288][ 27]LogWindows: Error: [Callstack] 0x00007ffab59f3691 ntdll.dll!UnknownFunction []
[2019.05.02-17.02.45:288][ 27]LogWindows: Error: 
[2019.05.02-17.02.45:359][ 27]LogExit: Executing StaticShutdownAfterError
[2019.05.02-17.02.45:362][ 27]LogWindows: FPlatformMisc::RequestExit(1)
[2019.05.02-17.02.45:371][ 27]Log file closed, 05/02/19 18:02:45
