Log file open, 03/09/19 19:53:43
LogWindows: Failed to load 'aqProf.dll' (GetLastError=126)
LogWindows: File 'aqProf.dll' does not exist
LogWindows: Failed to load 'VtuneApi.dll' (GetLastError=126)
LogWindows: File 'VtuneApi.dll' does not exist
LogWindows: Failed to load 'VtuneApi32e.dll' (GetLastError=126)
LogWindows: File 'VtuneApi32e.dll' does not exist
LogInit: Display: Running engine for game: CMP302_Coursework
LogPlatformFile: Not using cached read wrapper
LogInit: Display: RandInit(130949620) SRandInit(130949620).
LogInit: Read version file with build ID '3944462'
LogInit: Overriding engine version to CL 4033788, compatible CL 3944462
LogInit: Registered custom module enumerator with build ID '3944462'
LogTaskGraph: Started task graph with 5 named threads and 14 total threads with 3 sets of task threads.
LogStats: Stats thread started at 0.249298
LogD3D11RHI: Aftermath initialized
LogICUInternationalization: Display: ICU TimeZone Detection - Raw Offset: +0:00, Platform Override: ''
LogPluginManager: Mounting plugin Paper2D
LogPluginManager: Mounting plugin LiveLink
LogPluginManager: Mounting plugin LightPropagationVolume
LogPluginManager: Mounting plugin CLionSourceCodeAccess
LogPluginManager: Mounting plugin CodeLiteSourceCodeAccess
LogPluginManager: Mounting plugin GitSourceControl
LogPluginManager: Mounting plugin KDevelopSourceCodeAccess
LogPluginManager: Mounting plugin NullSourceCodeAccess
LogPluginManager: Mounting plugin PerforceSourceControl
LogPluginManager: Mounting plugin SubversionSourceControl
LogPluginManager: Mounting plugin UObjectPlugin
LogPluginManager: Mounting plugin VisualStudioCodeSourceCodeAccess
LogPluginManager: Mounting plugin VisualStudioSourceCodeAccess
LogPluginManager: Mounting plugin XCodeSourceCodeAccess
LogPluginManager: Mounting plugin AssetManagerEditor
LogPluginManager: Mounting plugin CryptoKeys
LogPluginManager: Mounting plugin DataValidation
LogPluginManager: Mounting plugin FacialAnimation
LogPluginManager: Mounting plugin GameplayTagsEditor
LogPluginManager: Mounting plugin MobileLauncherProfileWizard
LogPluginManager: Mounting plugin PluginBrowser
LogPluginManager: Mounting plugin SpeedTreeImporter
LogPluginManager: Mounting plugin DatasmithContent
LogPluginManager: Mounting plugin AlembicImporter
LogPluginManager: Mounting plugin CharacterAI
LogPluginManager: Mounting plugin HTML5Networking
LogPluginManager: Mounting plugin AndroidMedia
LogPluginManager: Mounting plugin AvfMedia
LogPluginManager: Mounting plugin ImgMedia
LogPluginManager: Mounting plugin LinearTimecode
LogPluginManager: Mounting plugin MediaCompositing
LogPluginManager: Mounting plugin MediaPlayerEditor
LogPluginManager: Mounting plugin WmfMedia
LogPluginManager: Mounting plugin TcpMessaging
LogPluginManager: Mounting plugin UdpMessaging
LogPluginManager: Mounting plugin ActorSequence
LogPluginManager: Mounting plugin LevelSequenceEditor
LogPluginManager: Mounting plugin MatineeToLevelSequence
LogPluginManager: Mounting plugin NetcodeUnitTest
LogPluginManager: Mounting plugin NUTUnrealEngine4
LogPluginManager: Mounting plugin OnlineSubsystemGooglePlay
LogPluginManager: Mounting plugin OnlineSubsystemIOS
LogPluginManager: Mounting plugin OnlineSubsystem
LogPluginManager: Mounting plugin OnlineSubsystemNull
LogPluginManager: Mounting plugin OnlineSubsystemUtils
LogPluginManager: Mounting plugin AndroidDeviceProfileSelector
LogPluginManager: Mounting plugin AndroidMoviePlayer
LogPluginManager: Mounting plugin AndroidPermission
LogPluginManager: Mounting plugin AppleARKit
LogPluginManager: Mounting plugin AppleMoviePlayer
LogPluginManager: Mounting plugin ArchVisCharacter
LogPluginManager: Mounting plugin AudioCapture
LogPluginManager: Mounting plugin CableComponent
LogPluginManager: Mounting plugin CustomMeshComponent
LogPluginManager: Mounting plugin ExampleDeviceProfileSelector
LogPluginManager: Mounting plugin GoogleCloudMessaging
LogPluginManager: Mounting plugin ImmediatePhysics
LogPluginManager: Mounting plugin IOSDeviceProfileSelector
LogPluginManager: Mounting plugin LinuxDeviceProfileSelector
LogPluginManager: Mounting plugin LocationServicesBPLibrary
LogPluginManager: Mounting plugin MobilePatchingUtils
LogPluginManager: Mounting plugin OculusVR
LogPluginManager: Plugin shader directory ../../../Engine/Plugins/Runtime/Oculus/OculusVR/Shaders found
LogPluginManager: Mapping shader source directory ../../../Engine/Plugins/Runtime/Oculus/OculusVR/Shaders to virtual directory /Plugin/OculusVR
LogPluginManager: Mounting plugin PhysXVehicles
LogPluginManager: Mounting plugin ProceduralMeshComponent
LogPluginManager: Mounting plugin RuntimePhysXCooking
LogPluginManager: Mounting plugin SteamVR
LogPluginManager: Mounting plugin WindowsMoviePlayer
LogStreaming: Display: Took  0.190s to configure plugins.
LogModuleManager: Display: Found up-to-date module file ../../../../../../Uni_Stuff/Year3/S2/GameplayMechanics/_Coursework/CMP302_Coursework/CMP302_Coursework/Binaries/Win64/UE4Editor-CMP302_Coursework.dll (API version 3944462).
LogModuleManager: Display: Found up-to-date module file ../../../Engine/Plugins/2D/Paper2D/Binaries/Win64/UE4Editor-Paper2D.dll (API version 3944462).
LogModuleManager: Display: Found up-to-date module file ../../../Engine/Plugins/2D/Paper2D/Binaries/Win64/UE4Editor-Paper2DEditor.dll (API version 3944462).
LogModuleManager: Display: Found up-to-date module file ../../../Engine/Plugins/2D/Paper2D/Binaries/Win64/UE4Editor-PaperSpriteSheetImporter.dll (API version 3944462).
LogModuleManager: Display: Found up-to-date module file ../../../Engine/Plugins/2D/Paper2D/Binaries/Win64/UE4Editor-PaperTiledImporter.dll (API version 3944462).
LogModuleManager: Display: Found up-to-date module file ../../../Engine/Plugins/2D/Paper2D/Binaries/Win64/UE4Editor-SmartSnapping.dll (API version 3944462).
LogModuleManager: Display: Found up-to-date module file ../../../Engine/Plugins/Animation/LiveLink/Binaries/Win64/UE4Editor-LiveLink.dll (API version 3944462).
LogModuleManager: Display: Found up-to-date module file ../../../Engine/Plugins/Animation/LiveLink/Binaries/Win64/UE4Editor-LiveLinkEditor.dll (API version 3944462).
LogModuleManager: Display: Found up-to-date module file ../../../Engine/Plugins/Blendables/LightPropagationVolume/Binaries/Win64/UE4Editor-LightPropagationVolumeRuntime.dll (API version 3944462).
LogModuleManager: Display: Found up-to-date module file ../../../Engine/Plugins/Blendables/LightPropagationVolume/Binaries/Win64/UE4Editor-LightPropagationVolumeEditor.dll (API version 3944462).
LogModuleManager: Display: Found up-to-date module file ../../../Engine/Plugins/Developer/CLionSourceCodeAccess/Binaries/Win64/UE4Editor-CLionSourceCodeAccess.dll (API version 3944462).
LogModuleManager: Display: Found up-to-date module file ../../../Engine/Plugins/Developer/GitSourceControl/Binaries/Win64/UE4Editor-GitSourceControl.dll (API version 3944462).
LogModuleManager: Display: Found up-to-date module file ../../../Engine/Plugins/Developer/PerforceSourceControl/Binaries/Win64/UE4Editor-PerforceSourceControl.dll (API version 3944462).
LogModuleManager: Display: Found up-to-date module file ../../../Engine/Plugins/Developer/SubversionSourceControl/Binaries/Win64/UE4Editor-SubversionSourceControl.dll (API version 3944462).
LogModuleManager: Display: Found up-to-date module file ../../../Engine/Plugins/Developer/UObjectPlugin/Binaries/Win64/UE4Editor-UObjectPlugin.dll (API version 3944462).
LogModuleManager: Display: Found up-to-date module file ../../../Engine/Plugins/Developer/VisualStudioCodeSourceCodeAccess/Binaries/Win64/UE4Editor-VisualStudioCodeSourceCodeAccess.dll (API version 3944462).
LogModuleManager: Display: Found up-to-date module file ../../../Engine/Plugins/Developer/VisualStudioSourceCodeAccess/Binaries/Win64/UE4Editor-VisualStudioSourceCodeAccess.dll (API version 3944462).
LogModuleManager: Display: Found up-to-date module file ../../../Engine/Plugins/Editor/AssetManagerEditor/Binaries/Win64/UE4Editor-AssetManagerEditor.dll (API version 3944462).
LogModuleManager: Display: Found up-to-date module file ../../../Engine/Plugins/Editor/CryptoKeys/Binaries/Win64/UE4Editor-CryptoKeys.dll (API version 3944462).
LogModuleManager: Display: Found up-to-date module file ../../../Engine/Plugins/Editor/CryptoKeys/Binaries/Win64/UE4Editor-CryptoKeysOpenSSL.dll (API version 3944462).
LogModuleManager: Display: Found up-to-date module file ../../../Engine/Plugins/Editor/DataValidation/Binaries/Win64/UE4Editor-DataValidation.dll (API version 3944462).
LogModuleManager: Display: Found up-to-date module file ../../../Engine/Plugins/Editor/FacialAnimation/Binaries/Win64/UE4Editor-FacialAnimation.dll (API version 3944462).
LogModuleManager: Display: Found up-to-date module file ../../../Engine/Plugins/Editor/FacialAnimation/Binaries/Win64/UE4Editor-FacialAnimationEditor.dll (API version 3944462).
LogModuleManager: Display: Found up-to-date module file ../../../Engine/Plugins/Editor/GameplayTagsEditor/Binaries/Win64/UE4Editor-GameplayTagsEditor.dll (API version 3944462).
LogModuleManager: Display: Found up-to-date module file ../../../Engine/Plugins/Editor/MobileLauncherProfileWizard/Binaries/Win64/UE4Editor-MobileLauncherProfileWizard.dll (API version 3944462).
LogModuleManager: Display: Found up-to-date module file ../../../Engine/Plugins/Editor/PluginBrowser/Binaries/Win64/UE4Editor-PluginBrowser.dll (API version 3944462).
LogModuleManager: Display: Found up-to-date module file ../../../Engine/Plugins/Editor/SpeedTreeImporter/Binaries/Win64/UE4Editor-SpeedTreeImporter.dll (API version 3944462).
LogModuleManager: Display: Found up-to-date module file ../../../Engine/Plugins/Enterprise/DatasmithContent/Binaries/Win64/UE4Editor-DatasmithContent.dll (API version 3944462).
LogModuleManager: Display: Found up-to-date module file ../../../Engine/Plugins/Experimental/AlembicImporter/Binaries/Win64/UE4Editor-AlembicImporter.dll (API version 3944462).
LogModuleManager: Display: Found up-to-date module file ../../../Engine/Plugins/Experimental/AlembicImporter/Binaries/Win64/UE4Editor-AlembicLibrary.dll (API version 3944462).
LogModuleManager: Display: Found up-to-date module file ../../../Engine/Plugins/Experimental/CharacterAI/Binaries/Win64/UE4Editor-CharacterAI.dll (API version 3944462).
LogModuleManager: Display: Found up-to-date module file ../../../Engine/Plugins/Experimental/HTML5Networking/Binaries/Win64/UE4Editor-HTML5Networking.dll (API version 3944462).
LogModuleManager: Display: Found up-to-date module file ../../../Engine/Plugins/Media/AndroidMedia/Binaries/Win64/UE4Editor-AndroidMediaEditor.dll (API version 3944462).
LogModuleManager: Display: Found up-to-date module file ../../../Engine/Plugins/Media/AndroidMedia/Binaries/Win64/UE4Editor-AndroidMediaFactory.dll (API version 3944462).
LogModuleManager: Display: Found up-to-date module file ../../../Engine/Plugins/Media/AvfMedia/Binaries/Win64/UE4Editor-AvfMediaEditor.dll (API version 3944462).
LogModuleManager: Display: Found up-to-date module file ../../../Engine/Plugins/Media/AvfMedia/Binaries/Win64/UE4Editor-AvfMediaFactory.dll (API version 3944462).
LogModuleManager: Display: Found up-to-date module file ../../../Engine/Plugins/Media/AvfMedia/Binaries/Win64/UE4Editor-AvfMediaFactory.dll (API version 3944462).
LogModuleManager: Display: Found up-to-date module file ../../../Engine/Plugins/Media/ImgMedia/Binaries/Win64/UE4Editor-ImgMedia.dll (API version 3944462).
LogModuleManager: Display: Found up-to-date module file ../../../Engine/Plugins/Media/ImgMedia/Binaries/Win64/UE4Editor-ImgMediaEditor.dll (API version 3944462).
LogModuleManager: Display: Found up-to-date module file ../../../Engine/Plugins/Media/ImgMedia/Binaries/Win64/UE4Editor-ImgMediaFactory.dll (API version 3944462).
LogModuleManager: Display: Found up-to-date module file ../../../Engine/Plugins/Media/ImgMedia/Binaries/Win64/UE4Editor-ImgMediaFactory.dll (API version 3944462).
LogModuleManager: Display: Found up-to-date module file ../../../Engine/Plugins/Media/ImgMedia/Binaries/Win64/UE4Editor-OpenExrWrapper.dll (API version 3944462).
LogModuleManager: Display: Found up-to-date module file ../../../Engine/Plugins/Media/LinearTimecode/Binaries/Win64/UE4Editor-LinearTimecode.dll (API version 3944462).
LogModuleManager: Display: Found up-to-date module file ../../../Engine/Plugins/Media/MediaCompositing/Binaries/Win64/UE4Editor-MediaCompositing.dll (API version 3944462).
LogModuleManager: Display: Found up-to-date module file ../../../Engine/Plugins/Media/MediaCompositing/Binaries/Win64/UE4Editor-MediaCompositingEditor.dll (API version 3944462).
LogModuleManager: Display: Found up-to-date module file ../../../Engine/Plugins/Media/MediaPlayerEditor/Binaries/Win64/UE4Editor-MediaPlayerEditor.dll (API version 3944462).
LogModuleManager: Display: Found up-to-date module file ../../../Engine/Plugins/Media/WmfMedia/Binaries/Win64/UE4Editor-WmfMedia.dll (API version 3944462).
LogModuleManager: Display: Found up-to-date module file ../../../Engine/Plugins/Media/WmfMedia/Binaries/Win64/UE4Editor-WmfMediaEditor.dll (API version 3944462).
LogModuleManager: Display: Found up-to-date module file ../../../Engine/Plugins/Media/WmfMedia/Binaries/Win64/UE4Editor-WmfMediaFactory.dll (API version 3944462).
LogModuleManager: Display: Found up-to-date module file ../../../Engine/Plugins/Media/WmfMedia/Binaries/Win64/UE4Editor-WmfMediaFactory.dll (API version 3944462).
LogModuleManager: Display: Found up-to-date module file ../../../Engine/Plugins/Messaging/TcpMessaging/Binaries/Win64/UE4Editor-TcpMessaging.dll (API version 3944462).
LogModuleManager: Display: Found up-to-date module file ../../../Engine/Plugins/Messaging/UdpMessaging/Binaries/Win64/UE4Editor-UdpMessaging.dll (API version 3944462).
LogModuleManager: Display: Found up-to-date module file ../../../Engine/Plugins/MovieScene/ActorSequence/Binaries/Win64/UE4Editor-ActorSequence.dll (API version 3944462).
LogModuleManager: Display: Found up-to-date module file ../../../Engine/Plugins/MovieScene/LevelSequenceEditor/Binaries/Win64/UE4Editor-LevelSequenceEditor.dll (API version 3944462).
LogModuleManager: Display: Found up-to-date module file ../../../Engine/Plugins/MovieScene/MatineeToLevelSequence/Binaries/Win64/UE4Editor-MatineeToLevelSequence.dll (API version 3944462).
LogModuleManager: Display: Found up-to-date module file ../../../Engine/Plugins/NetcodeUnitTest/NetcodeUnitTest/Binaries/Win64/UE4Editor-NetcodeUnitTest.dll (API version 3944462).
LogModuleManager: Display: Found up-to-date module file ../../../Engine/Plugins/NetcodeUnitTest/NUTUnrealEngine4/Binaries/Win64/UE4Editor-NUTUnrealEngine4.dll (API version 3944462).
LogModuleManager: Display: Found up-to-date module file ../../../Engine/Plugins/Online/OnlineSubsystem/Binaries/Win64/UE4Editor-OnlineSubsystem.dll (API version 3944462).
LogModuleManager: Display: Found up-to-date module file ../../../Engine/Plugins/Online/OnlineSubsystemNull/Binaries/Win64/UE4Editor-OnlineSubsystemNull.dll (API version 3944462).
LogModuleManager: Display: Found up-to-date module file ../../../Engine/Plugins/Online/OnlineSubsystemUtils/Binaries/Win64/UE4Editor-OnlineSubsystemUtils.dll (API version 3944462).
LogModuleManager: Display: Found up-to-date module file ../../../Engine/Plugins/Online/OnlineSubsystemUtils/Binaries/Win64/UE4Editor-OnlineBlueprintSupport.dll (API version 3944462).
LogModuleManager: Display: Found up-to-date module file ../../../Engine/Plugins/Runtime/AndroidDeviceProfileSelector/Binaries/Win64/UE4Editor-AndroidDeviceProfileSelector.dll (API version 3944462).
LogModuleManager: Display: Found up-to-date module file ../../../Engine/Plugins/Runtime/AndroidPermission/Binaries/Win64/UE4Editor-AndroidPermission.dll (API version 3944462).
LogModuleManager: Display: Found up-to-date module file ../../../Engine/Plugins/Runtime/AppleARKit/Binaries/Win64/UE4Editor-AppleARKit.dll (API version 3944462).
LogModuleManager: Display: Found up-to-date module file ../../../Engine/Plugins/Runtime/ArchVisCharacter/Binaries/Win64/UE4Editor-ArchVisCharacter.dll (API version 3944462).
LogModuleManager: Display: Found up-to-date module file ../../../Engine/Plugins/Runtime/AudioCapture/Binaries/Win64/UE4Editor-AudioCapture.dll (API version 3944462).
LogModuleManager: Display: Found up-to-date module file ../../../Engine/Plugins/Runtime/AudioCapture/Binaries/Win64/UE4Editor-AudioCaptureEditor.dll (API version 3944462).
LogModuleManager: Display: Found up-to-date module file ../../../Engine/Plugins/Runtime/CableComponent/Binaries/Win64/UE4Editor-CableComponent.dll (API version 3944462).
LogModuleManager: Display: Found up-to-date module file ../../../Engine/Plugins/Runtime/CustomMeshComponent/Binaries/Win64/UE4Editor-CustomMeshComponent.dll (API version 3944462).
LogModuleManager: Display: Found up-to-date module file ../../../Engine/Plugins/Runtime/ExampleDeviceProfileSelector/Binaries/Win64/UE4Editor-ExampleDeviceProfileSelector.dll (API version 3944462).
LogModuleManager: Display: Found up-to-date module file ../../../Engine/Plugins/Runtime/ImmediatePhysics/Binaries/Win64/UE4Editor-ImmediatePhysics.dll (API version 3944462).
LogModuleManager: Display: Found up-to-date module file ../../../Engine/Plugins/Runtime/ImmediatePhysics/Binaries/Win64/UE4Editor-ImmediatePhysicsEditor.dll (API version 3944462).
LogModuleManager: Display: Found up-to-date module file ../../../Engine/Plugins/Runtime/LocationServicesBPLibrary/Binaries/Win64/UE4Editor-LocationServicesBPLibrary.dll (API version 3944462).
LogModuleManager: Display: Found up-to-date module file ../../../Engine/Plugins/Runtime/MobilePatchingUtils/Binaries/Win64/UE4Editor-MobilePatchingUtils.dll (API version 3944462).
LogModuleManager: Display: Found up-to-date module file ../../../Engine/Plugins/Runtime/Oculus/OculusVR/Binaries/Win64/UE4Editor-OculusHMD.dll (API version 3944462).
LogModuleManager: Display: Found up-to-date module file ../../../Engine/Plugins/Runtime/Oculus/OculusVR/Binaries/Win64/UE4Editor-OculusInput.dll (API version 3944462).
LogModuleManager: Display: Found up-to-date module file ../../../Engine/Plugins/Runtime/Oculus/OculusVR/Binaries/Win64/UE4Editor-OculusEditor.dll (API version 3944462).
LogModuleManager: Display: Found up-to-date module file ../../../Engine/Plugins/Runtime/PhysXVehicles/Binaries/Win64/UE4Editor-PhysXVehicles.dll (API version 3944462).
LogModuleManager: Display: Found up-to-date module file ../../../Engine/Plugins/Runtime/PhysXVehicles/Binaries/Win64/UE4Editor-PhysXVehiclesEditor.dll (API version 3944462).
LogModuleManager: Display: Found up-to-date module file ../../../Engine/Plugins/Runtime/ProceduralMeshComponent/Binaries/Win64/UE4Editor-ProceduralMeshComponent.dll (API version 3944462).
LogModuleManager: Display: Found up-to-date module file ../../../Engine/Plugins/Runtime/ProceduralMeshComponent/Binaries/Win64/UE4Editor-ProceduralMeshComponentEditor.dll (API version 3944462).
LogModuleManager: Display: Found up-to-date module file ../../../Engine/Plugins/Runtime/RuntimePhysXCooking/Binaries/Win64/UE4Editor-RuntimePhysXCooking.dll (API version 3944462).
LogModuleManager: Display: Found up-to-date module file ../../../Engine/Plugins/Runtime/Steam/SteamVR/Binaries/Win64/UE4Editor-SteamVR.dll (API version 3944462).
LogModuleManager: Display: Found up-to-date module file ../../../Engine/Plugins/Runtime/Steam/SteamVR/Binaries/Win64/UE4Editor-SteamVRController.dll (API version 3944462).
LogModuleManager: Display: Found up-to-date module file ../../../Engine/Plugins/Runtime/WindowsMoviePlayer/Binaries/Win64/UE4Editor-WindowsMoviePlayer.dll (API version 3944462).
LogInit: Using libcurl 7.47.1
LogInit:  - built for x86_64-pc-win32
LogInit:  - supports SSL with OpenSSL/1.0.2g
LogInit:  - supports HTTP deflate (compression) using libz 1.2.8
LogInit:  - other features:
LogInit:      CURL_VERSION_SSL
LogInit:      CURL_VERSION_LIBZ
LogInit:      CURL_VERSION_IPV6
LogInit:      CURL_VERSION_ASYNCHDNS
LogInit:      CURL_VERSION_LARGEFILE
LogInit:      CURL_VERSION_IDN
LogInit:  CurlRequestOptions (configurable via config and command line):
LogInit:  - bVerifyPeer = false  - Libcurl will NOT verify peer certificate
LogInit:  - bUseHttpProxy = false  - Libcurl will NOT use HTTP proxy
LogInit:  - bDontReuseConnections = false  - Libcurl will reuse connections
LogInit:  - CertBundlePath = nullptr  - Libcurl will use whatever was configured at build time.
LogInit:  - MaxHostConnections = 16  - Libcurl will limit the number of connections to a host
LogInit:  - LocalHostAddr = Default
LogInit: WinSock: version 1.1 (2.2), MaxSocks=32767, MaxUdp=65467
LogInit: WinSock: I am GAV-PC (192.168.0.3:0)
LogInit: Build: ++UE4+Release-4.19-CL-4033788
LogInit: Engine Version: 4.19.2-4033788+++UE4+Release-4.19
LogInit: Compatible Engine Version: 4.19.0-3944462+++UE4+Release-4.19
LogInit: Net CL: 3944462
LogDevObjectVersion: Number of dev versions registered: 18
LogDevObjectVersion:   Dev-Blueprints (B0D832E4-1F89-4F0D-ACCF-7EB736FD4AA2): 10
LogDevObjectVersion:   Dev-Build (E1C64328-A22C-4D53-A36C-8E866417BD8C): 0
LogDevObjectVersion:   Dev-Core (375EC13C-06E4-48FB-B500-84F0262A717E): 2
LogDevObjectVersion:   Dev-Editor (E4B068ED-F494-42E9-A231-DA0B2E46BB41): 23
LogDevObjectVersion:   Dev-Framework (CFFC743F-43B0-4480-9391-14DF171D2073): 33
LogDevObjectVersion:   Dev-Mobile (B02B49B5-BB20-44E9-A304-32B752E40360): 2
LogDevObjectVersion:   Dev-Networking (A4E4105C-59A1-49B5-A7C5-40C4547EDFEE): 0
LogDevObjectVersion:   Dev-Online (39C831C9-5AE6-47DC-9A44-9C173E1C8E7C): 0
LogDevObjectVersion:   Dev-Physics (78F01B33-EBEA-4F98-B9B4-84EACCB95AA2): 0
LogDevObjectVersion:   Dev-Platform (6631380F-2D4D-43E0-8009-CF276956A95A): 0
LogDevObjectVersion:   Dev-Rendering (12F88B9F-8875-4AFC-A67C-D90C383ABD29): 25
LogDevObjectVersion:   Dev-Sequencer (7B5AE74C-D270-4C10-A958-57980B212A5A): 6
LogDevObjectVersion:   Dev-VR (D7296918-1DD6-4BDD-9DE2-64A83CC13884): 1
LogDevObjectVersion:   Dev-LoadTimes (C2A15278-BFE7-4AFE-6C17-90FF531DF755): 1
LogDevObjectVersion:   Private-Geometry (6EACA3D4-40EC-4CC1-B786-8BED09428FC5): 2
LogDevObjectVersion:   Dev-AnimPhys (29E575DD-E0A3-4627-9D10-D276232CDCEA): 16
LogDevObjectVersion:   Dev-ReflectionCapture (6B266CEC-1EC7-4B8F-A30B-E4D90942FC07): 1
LogDevObjectVersion:   Dev-Automation (0DF73D61-A23F-47EA-B727-89E90C41499A): 1
LogInit: Compiled (64-bit): Apr 27 2018 02:06:57
LogInit: Compiled with Visual C++: 19.00.24215.01
LogInit: Build Configuration: Development
LogInit: Branch Name: ++UE4+Release-4.19
LogInit: Command Line:  
LogInit: Base Directory: C:/Program Files/Epic Games/UE_4.19/Engine/Binaries/Win64/
LogInit: Installed Engine Build: 1
LogStreaming: Display: Took  0.008s to delete old logs.
LogInit: Presizing for max 8388607 objects, including 0 objects not considered by GC, pre-allocating 0 bytes for permanent pool.
LogInit: Object subsystem initialized
[2019.03.09-19.53.48:521][  0]LogInit: Selected Device Profile: [Windows]
[2019.03.09-19.53.48:521][  0]LogInit: Applying CVar settings loaded from the selected device profile: [Windows]
[2019.03.09-19.53.48:538][  0]LogInit: Computer: GAV-PC
[2019.03.09-19.53.48:538][  0]LogInit: User: GavinGeorge
[2019.03.09-19.53.48:538][  0]LogInit: CPU Page size=4096, Cores=4
[2019.03.09-19.53.48:538][  0]LogInit: High frequency timer resolution =3.323582 MHz
[2019.03.09-19.53.48:538][  0]LogMemory: Memory total: Physical=16.0GB (16GB approx)
[2019.03.09-19.53.48:538][  0]LogMemory: Platform Memory Stats for Windows
[2019.03.09-19.53.48:538][  0]LogMemory: Process Physical Memory: 274.41 MB used, 274.41 MB peak
[2019.03.09-19.53.48:538][  0]LogMemory: Process Virtual Memory: 270.38 MB used, 270.38 MB peak
[2019.03.09-19.53.48:538][  0]LogMemory: Physical Memory: 6922.07 MB used,  9420.27 MB free, 16342.34 MB total
[2019.03.09-19.53.48:538][  0]LogMemory: Virtual Memory: 4790.24 MB used,  9420.27 MB free, 134217728.00 MB total
[2019.03.09-19.53.48:582][  0]LogInit: Using OS detected language (en-GB).
[2019.03.09-19.53.48:582][  0]LogInit: Using OS detected locale (en-GB).
[2019.03.09-19.53.48:586][  0]LogTextLocalizationManager: No specific localization for 'en-GB' exists, so the 'en' localization will be used.
[2019.03.09-19.53.49:024][  0]LogStreaming: Display: Took  0.442s to EndInitTextLocalization.
[2019.03.09-19.53.49:024][  0]LogInit: Setting process to per monitor DPI aware
[2019.03.09-19.53.49:067][  0]LogSlate: New Slate User Created.  User Index 0, Is Virtual User: 0
[2019.03.09-19.53.49:067][  0]LogSlate: Slate User Registered.  User Index 0, Is Virtual User: 0
[2019.03.09-19.53.49:327][  0]LogD3D11RHI: D3D11 adapters:
[2019.03.09-19.53.49:422][  0]LogD3D11RHI:    0. 'NVIDIA GeForce GTX 1060 6GB' (Feature Level 11_0)
[2019.03.09-19.53.49:422][  0]LogD3D11RHI:       6052/0/8171 MB DedicatedVideo/DedicatedSystem/SharedSystem, Outputs:1, VendorId:0x10de
[2019.03.09-19.53.49:425][  0]LogD3D11RHI:    1. 'Microsoft Basic Render Driver' (Feature Level 11_0)
[2019.03.09-19.53.49:425][  0]LogD3D11RHI:       0/0/8171 MB DedicatedVideo/DedicatedSystem/SharedSystem, Outputs:0, VendorId:0x1414
[2019.03.09-19.53.49:425][  0]LogD3D11RHI: Chosen D3D11 Adapter: 0
[2019.03.09-19.53.49:437][  0]LogD3D11RHI: Creating new Direct3DDevice
[2019.03.09-19.53.49:437][  0]LogD3D11RHI:     GPU DeviceId: 0x1c03 (for the marketing name, search the web for "GPU Device Id")
[2019.03.09-19.53.49:437][  0]LogWindows: EnumDisplayDevices:
[2019.03.09-19.53.49:438][  0]LogWindows:    0. 'NVIDIA GeForce GTX 1060 6GB' (P:1 D:1)
[2019.03.09-19.53.49:438][  0]LogWindows:    1. 'NVIDIA GeForce GTX 1060 6GB' (P:0 D:0)
[2019.03.09-19.53.49:438][  0]LogWindows:    2. 'NVIDIA GeForce GTX 1060 6GB' (P:0 D:0)
[2019.03.09-19.53.49:439][  0]LogWindows:    3. 'NVIDIA GeForce GTX 1060 6GB' (P:0 D:0)
[2019.03.09-19.53.49:439][  0]LogWindows: DebugString: GetVideoDriverDetailsInvalid PrimaryIsNotTheChoosenAdapter GetVideoDriverDetailsInvalid PrimaryIsNotTheChoosenAdapter GetVideoDriverDetailsInvalid PrimaryIsNotTheChoosenAdapter GetVideoDriverDetailsInvalid PrimaryIsNotTheChoosenAdapter FoundDriverCount:0 
[2019.03.09-19.53.49:439][  0]LogD3D11RHI:     Adapter Name: NVIDIA GeForce GTX 1060 6GB
[2019.03.09-19.53.49:439][  0]LogD3D11RHI:   Driver Version: Unknown (internal:Unknown, unified:Unknown)
[2019.03.09-19.53.49:439][  0]LogD3D11RHI:      Driver Date: Unknown
[2019.03.09-19.53.49:439][  0]LogRHI: Texture pool is 4236 MB (70% of 6052 MB)
[2019.03.09-19.53.49:501][  0]LogD3D11RHI: [Aftermath] Aftermath enabled and primed
[2019.03.09-19.53.49:501][  0]LogD3D11RHI: [Aftermath] Aftermath enabled and primed
[2019.03.09-19.53.49:501][  0]LogD3D11RHI: Async texture creation enabled
[2019.03.09-19.53.49:518][  0]LogD3D11RHI: GPU Timing Frequency: 1000.000000 (Debug: 2 1)
[2019.03.09-19.53.49:568][  0]LogShaderCompilers: Guid format shader working directory is -51 characters bigger than the processId version (../../../../../../Uni_Stuff/Year3/S2/GameplayMechanics/_Coursework/CMP302_Coursework/CMP302_Coursework/Intermediate/Shaders/WorkingDirectory/5460/).
[2019.03.09-19.53.49:569][  0]LogShaderCompilers: Cleaned the shader compiler working directory 'C:/Users/Roy George/AppData/Local/Temp/UnrealShaderWorkingDir/71C8146C42CC94599CA924A7B982B91C/'.
[2019.03.09-19.53.49:873][  0]LogTemp: Display: Loaded TP AllDesktopTargetPlatform
[2019.03.09-19.53.49:894][  0]LogTemp: Display: Loaded TP MacClientTargetPlatform
[2019.03.09-19.53.49:916][  0]LogTemp: Display: Loaded TP MacNoEditorTargetPlatform
[2019.03.09-19.53.49:938][  0]LogTemp: Display: Loaded TP MacServerTargetPlatform
[2019.03.09-19.53.49:960][  0]LogTemp: Display: Loaded TP MacTargetPlatform
[2019.03.09-19.53.49:981][  0]LogTemp: Display: Loaded TP WindowsClientTargetPlatform
[2019.03.09-19.53.50:003][  0]LogTemp: Display: Loaded TP WindowsNoEditorTargetPlatform
[2019.03.09-19.53.50:025][  0]LogTemp: Display: Loaded TP WindowsServerTargetPlatform
[2019.03.09-19.53.50:039][  0]LogTemp: Display: Loaded TP WindowsTargetPlatform
[2019.03.09-19.53.50:057][  0]LogTemp: Display: Loaded TP Android_ASTCTargetPlatform
[2019.03.09-19.53.50:075][  0]LogTemp: Display: Loaded TP Android_ATCTargetPlatform
[2019.03.09-19.53.50:093][  0]LogTemp: Display: Loaded TP Android_DXTTargetPlatform
[2019.03.09-19.53.50:111][  0]LogTemp: Display: Loaded TP Android_ETC1aTargetPlatform
[2019.03.09-19.53.50:129][  0]LogTemp: Display: Loaded TP Android_ETC1TargetPlatform
[2019.03.09-19.53.50:148][  0]LogTemp: Display: Loaded TP Android_ETC2TargetPlatform
[2019.03.09-19.53.50:184][  0]LogTemp: Display: Loaded TP Android_MultiTargetPlatform
[2019.03.09-19.53.50:184][  0]LogTemp: Display: Loaded TP Android_PVRTCTargetPlatform
[2019.03.09-19.53.50:201][  0]LogTemp: Display: Loaded TP AndroidTargetPlatform
[2019.03.09-19.53.50:203][  0]LogTemp: Display: Loaded TP HTML5TargetPlatform
[2019.03.09-19.53.50:250][  0]LogTemp: Display: Loaded TP IOSTargetPlatform
[2019.03.09-19.53.50:265][  0]LogTemp: Display: Loaded TP TVOSTargetPlatform
[2019.03.09-19.53.50:282][  0]LogTemp: Display: Loaded TP LinuxClientTargetPlatform
[2019.03.09-19.53.50:298][  0]LogTemp: Display: Loaded TP LinuxNoEditorTargetPlatform
[2019.03.09-19.53.50:314][  0]LogTemp: Display: Loaded TP LinuxServerTargetPlatform
[2019.03.09-19.53.50:332][  0]LogTemp: Display: Loaded TP LinuxTargetPlatform
[2019.03.09-19.53.50:332][  0]LogTargetPlatformManager: Display: Building Assets For Windows
[2019.03.09-19.53.50:628][  0]LogXGEController: Cleaning working directory: C:/Users/Roy George/AppData/Local/Temp/UnrealXGEWorkingDir/
[2019.03.09-19.53.50:628][  0]LogXGEController: Cannot use XGE Controller as Incredibuild is not installed on this machine.
[2019.03.09-19.53.50:628][  0]LogShaderCompilers: Cannot use XGE Shader Compiler as Incredibuild is not installed on this machine.
[2019.03.09-19.53.50:628][  0]LogShaderCompilers: Display: Using Local Shader Compiler.
[2019.03.09-19.53.51:595][  0]LogDerivedDataCache: Display: Max Cache Size: 512 MB
[2019.03.09-19.53.51:697][  0]LogDerivedDataCache: Loaded boot cache 0.10s 74MB C:/Users/Roy George/AppData/Local/UnrealEngine/4.19/DerivedDataCache/Boot.ddc.
[2019.03.09-19.53.51:697][  0]LogDerivedDataCache: Display: Loaded Boot cache: C:/Users/Roy George/AppData/Local/UnrealEngine/4.19/DerivedDataCache/Boot.ddc
[2019.03.09-19.53.51:697][  0]LogDerivedDataCache: FDerivedDataBackendGraph:  Pak pak cache file ../../../../../../Uni_Stuff/Year3/S2/GameplayMechanics/_Coursework/CMP302_Coursework/CMP302_Coursework/DerivedDataCache/DDC.ddp not found, will not use a pak cache.
[2019.03.09-19.53.51:697][  0]LogDerivedDataCache: Unable to find inner node Pak for hierarchical cache Hierarchy.
[2019.03.09-19.53.51:697][  0]LogDerivedDataCache: FDerivedDataBackendGraph:  CompressedPak pak cache file ../../../../../../Uni_Stuff/Year3/S2/GameplayMechanics/_Coursework/CMP302_Coursework/CMP302_Coursework/DerivedDataCache/Compressed.ddp not found, will not use a pak cache.
[2019.03.09-19.53.51:697][  0]LogDerivedDataCache: Unable to find inner node CompressedPak for hierarchical cache Hierarchy.
[2019.03.09-19.53.51:714][  0]LogDerivedDataCache: Display: Pak cache opened for reading ../../../Engine/DerivedDataCache/Compressed.ddp.
[2019.03.09-19.53.51:727][  0]LogDerivedDataCache: Using Local data cache path C:/Users/Roy George/AppData/Local/UnrealEngine/Common/DerivedDataCache: Writable
[2019.03.09-19.53.51:727][  0]LogDerivedDataCache: Shared data cache path not found in *engine.ini, will not use an Shared cache.
[2019.03.09-19.53.51:727][  0]LogDerivedDataCache: Unable to find inner node Shared for hierarchical cache Hierarchy.
[2019.03.09-19.53.51:740][  0]LogMaterial: Verifying Global Shaders for PCD3D_SM5
[2019.03.09-19.53.51:741][  0]LogSlate: Using Freetype 2.6.0
[2019.03.09-19.53.51:741][  0]LogSlate: SlateFontCache - WITH_FREETYPE: 1, WITH_HARFBUZZ: 1
[2019.03.09-19.53.51:741][  0]LogSlate: SlateFontCache - WITH_FREETYPE: 1, WITH_HARFBUZZ: 1
[2019.03.09-19.53.51:942][  0]LogAssetRegistry: FAssetRegistry took 0.0278 seconds to start up
[2019.03.09-19.53.52:369][  0]LogInit: Selected Device Profile: [Windows]
[2019.03.09-19.53.52:597][  0]LogSimplygon: Simplygon DLL not present - disabling.
[2019.03.09-19.53.52:605][  0]LogMeshReduction: Using SimplygonSwarm for distributed automatic mesh merging
[2019.03.09-19.53.52:605][  0]LogMeshReduction: Using QuadricMeshReduction for automatic static mesh reduction
[2019.03.09-19.53.52:605][  0]LogMeshReduction: No automatic skeletal mesh reduction module available
[2019.03.09-19.53.52:605][  0]LogMeshReduction: No automatic mesh merging module available
[2019.03.09-19.53.52:605][  0]LogMeshMerging: No automatic mesh merging module available
[2019.03.09-19.53.52:665][  0]LogNetVersion: CMP302_Coursework , NetCL: 3944462, EngineNetVer: 2, GameNetVer: 0 (Checksum: 4167878247)
[2019.03.09-19.53.53:279][  0]LogPackageLocalizationCache: Processed 9 localized package path(s) for 2 prioritized culture(s) in 0.110210 seconds
[2019.03.09-19.53.53:286][  0]LogUObjectArray: 36728 objects as part of root set at end of initial load.
[2019.03.09-19.53.53:286][  0]LogUObjectAllocator: 7314312 out of 0 bytes used by permanent object pool.
[2019.03.09-19.53.53:286][  0]LogUObjectArray: CloseDisregardForGC: 0/0 objects in disregard for GC pool
[2019.03.09-19.53.55:910][  0]LogTcpMessaging: Initializing TcpMessaging bridge
[2019.03.09-19.53.55:970][  0]LogUdpMessaging: Initializing bridge on interface 0.0.0.0:0 to multicast group 230.0.0.1:6666.
[2019.03.09-19.53.56:825][  0]SourceControl: Source control is disabled
[2019.03.09-19.53.56:825][  0]SourceControl: Source control is disabled
[2019.03.09-19.53.56:873][  0]SourceControl: Source control is disabled
[2019.03.09-19.53.56:925][  0]SourceControl: Source control is disabled
[2019.03.09-19.53.58:037][  0]LogAndroidPermission: UAndroidPermissionCallbackProxy::GetInstance
[2019.03.09-19.53.58:464][  0]LogOcInput: OculusInput pre-init called
[2019.03.09-19.53.58:686][  0]LogEngine: Initializing Engine...
[2019.03.09-19.53.58:693][  0]LogHMD: Failed to initialize OpenVR with code 105
[2019.03.09-19.53.58:695][  0]LogStats: UGameplayTagsManager::ConstructGameplayTagTree: Construct from data asset -  0.000 s
[2019.03.09-19.53.58:695][  0]LogStats: UGameplayTagsManager::ConstructGameplayTagTree: GameplayTagTreeChangedEvent.Broadcast -  0.000 s
[2019.03.09-19.53.58:967][  0]LogAIModule: Creating AISystem for world Untitled
[2019.03.09-19.53.59:069][  0]LogInit: XAudio2 using 'Speakers (VIA HD Audio)' : 2 channels at 48 kHz using 32 bits per sample (channel mask 0x3)
[2019.03.09-19.53.59:082][  0]LogInit: FAudioDevice initialized.
[2019.03.09-19.53.59:146][  0]LogDerivedDataCache: Saved boot cache 0.06s 74MB C:/Users/Roy George/AppData/Local/UnrealEngine/4.19/DerivedDataCache/Boot.ddc.
[2019.03.09-19.53.59:173][  0]LogInit: Texture streaming: Enabled
[2019.03.09-19.53.59:214][  0]LogEngineSessionManager: EngineSessionManager initialized
[2019.03.09-19.53.59:300][  0]LogInit: Transaction tracking system initialized
[2019.03.09-19.53.59:369][  0]BlueprintLog: New page: Editor Load
[2019.03.09-19.53.59:584][  0]LocalizationService: Localization service is disabled
[2019.03.09-19.53.59:811][  0]LogConsoleResponse: Display: 
[2019.03.09-19.54.00:046][  0]LogCook: Display: Max memory allowance for cook 16384mb min free memory 0mb
[2019.03.09-19.54.00:046][  0]LogCook: Display: Mobile HDR setting 1
[2019.03.09-19.54.00:046][  0]LogGameplayTags: Display: UGameplayTagsManager::DoneAddingNativeTags. DelegateIsBound: 0
[2019.03.09-19.54.00:046][  0]LogStats: UGameplayTagsManager::ConstructGameplayTagTree: Construct from data asset -  0.000 s
[2019.03.09-19.54.00:046][  0]LogStats: UGameplayTagsManager::ConstructGameplayTagTree: GameplayTagTreeChangedEvent.Broadcast -  0.000 s
[2019.03.09-19.54.00:893][  0]LogFileCache: Scanning file cache for directory 'C:/Uni_Stuff/Year3/S2/GameplayMechanics/_Coursework/CMP302_Coursework/CMP302_Coursework/Content/' took 0.03s
[2019.03.09-19.54.01:078][  0]SourceControl: Source control is disabled
[2019.03.09-19.54.01:078][  0]Cmd: MAP LOAD FILE="../../../../../../Uni_Stuff/Year3/S2/GameplayMechanics/_Coursework/CMP302_Coursework/CMP302_Coursework/Content/_Level/CMP302_Demo.umap" TEMPLATE=0 SHOWPROGRESS=1 FEATURELEVEL=3
[2019.03.09-19.54.01:079][  0]LightingResults: New page: Lighting Build
[2019.03.09-19.54.01:086][  0]MapCheck: New page: Map Check
[2019.03.09-19.54.01:086][  0]LightingResults: New page: Lighting Build
[2019.03.09-19.54.01:257][  0]LogAIModule: Creating AISystem for world CMP302_Demo
[2019.03.09-19.54.01:304][  0]LogEditorServer: Finished looking for orphan Actors (0.000 secs)
[2019.03.09-19.54.01:351][  0]Cmd: MAP CHECKDEP NOCLEARLOG
[2019.03.09-19.54.01:448][  0]MapCheck: Map check complete: 0 Error(s), 0 Warning(s), took 97.051ms to complete.
[2019.03.09-19.54.01:448][  0]LogFileHelpers: Loading map 'CMP302_Demo' took 0.370
[2019.03.09-19.54.01:613][  0]LogCollectionManager: Loaded 0 collections in 0.006473 seconds
[2019.03.09-19.54.01:662][  0]LogFileCache: Scanning file cache for directory 'C:/Uni_Stuff/Year3/S2/GameplayMechanics/_Coursework/CMP302_Coursework/CMP302_Coursework/Saved/Collections/' took 0.01s
[2019.03.09-19.54.01:662][  0]LogFileCache: Scanning file cache for directory 'C:/Uni_Stuff/Year3/S2/GameplayMechanics/_Coursework/CMP302_Coursework/CMP302_Coursework/Content/Developers/GavinGeorge/Collections/' took 0.01s
[2019.03.09-19.54.01:662][  0]LogFileCache: Scanning file cache for directory 'C:/Uni_Stuff/Year3/S2/GameplayMechanics/_Coursework/CMP302_Coursework/CMP302_Coursework/Content/Collections/' took 0.01s
[2019.03.09-19.54.01:662][  0]LogCollectionManager: Rebuilt the GUID cache for 0 collections in 0.000001 seconds
[2019.03.09-19.54.01:673][  0]LogContentBrowser: Native class hierarchy populated in 0.0103 seconds. Added 2453 classes and 560 folders.
[2019.03.09-19.54.01:690][  0]LogContentBrowser: Native class hierarchy updated for 'WidgetCarousel' in 0.0003 seconds. Added 0 classes and 0 folders.
[2019.03.09-19.54.01:785][  0]LogContentBrowser: Native class hierarchy updated for 'AddContentDialog' in 0.0003 seconds. Added 0 classes and 0 folders.
[2019.03.09-19.54.01:795][  0]LogContentBrowser: Native class hierarchy updated for 'SceneOutliner' in 0.0003 seconds. Added 1 classes and 2 folders.
[2019.03.09-19.54.01:924][  0]LogContentBrowser: Native class hierarchy updated for 'HierarchicalLODOutliner' in 0.0003 seconds. Added 0 classes and 0 folders.
[2019.03.09-19.54.01:924][  0]LogLoad: (Engine Initialization) Total time: 19.90 seconds
[2019.03.09-19.54.01:924][  0]LogLoad: (Engine Initialization) Total Blueprint compile time: 0.00 seconds
[2019.03.09-19.54.02:285][  0]LogContentStreaming: Texture pool size now 1000 MB
[2019.03.09-19.54.02:287][  0]LogSlate: Took 0.000379 seconds to synchronously load lazily loaded font '../../../Engine/Content/Slate/Fonts/Roboto-Regular.ttf' (155K)
[2019.03.09-19.54.02:289][  0]LogSlate: Took 0.000212 seconds to synchronously load lazily loaded font '../../../Engine/Content/Slate/Fonts/Roboto-Bold.ttf' (160K)
[2019.03.09-19.54.02:295][  0]LogSlate: Took 0.000233 seconds to synchronously load lazily loaded font '../../../Engine/Content/Editor/Slate/Fonts/FontAwesome.ttf' (139K)
[2019.03.09-19.54.02:386][  0]LogSlate: Took 0.000263 seconds to synchronously load lazily loaded font '../../../Engine/Content/Slate/Fonts/Roboto-Light.ttf' (167K)
[2019.03.09-19.54.02:608][  1]LogRenderer: Reallocating scene render targets to support 628x360 Format 10 NumSamples 1 (Frame:1).
[2019.03.09-19.54.02:608][  1]LogAssetRegistry: Asset discovery search completed in 10.6885 seconds
[2019.03.09-19.54.02:610][  1]LogCollectionManager: Rebuilt the object cache for 0 collections in 0.000000 seconds (found 0 objects)
[2019.03.09-19.54.02:610][  1]LogCollectionManager: Fixed up redirectors for 0 collections in 0.000060 seconds (updated 0 objects)
[2019.03.09-19.54.04:322][  6]LogRenderer: Reallocating scene render targets to support 944x576 Format 10 NumSamples 1 (Frame:2).
[2019.03.09-19.54.05:976][175]LogSlate: FSceneViewport::OnFocusLost() reason 2
[2019.03.09-19.54.06:199][198]LogSlate: FSceneViewport::OnFocusLost() reason 2
[2019.03.09-19.54.06:806][266]LogSlate: FSceneViewport::OnFocusLost() reason 2
[2019.03.09-19.54.07:174][308]LogSlate: FSceneViewport::OnFocusLost() reason 2
[2019.03.09-19.54.07:973][397]LogSlate: FSceneViewport::OnFocusLost() reason 2
[2019.03.09-19.54.09:088][397]LogSlate: Only BGRA pngs, bmps or icos are supported in by External Image Picker
[2019.03.09-19.54.09:240][397]LogTemp: Executing iPhonePackager certificates Engine -bundlename com.YourCompany.CMP302Coursework
[2019.03.09-19.54.09:240][397]LogTemp: CWD: C:\Program Files\Epic Games\UE_4.19\Engine\Binaries\DotNET\IOS
[2019.03.09-19.54.09:240][397]LogTemp: Initial Dir: C:\Program Files\Epic Games\UE_4.19
[2019.03.09-19.54.09:241][397]LogTemp: Env CWD: C:\Program Files\Epic Games\UE_4.19\Engine\Binaries\DotNET\IOS
[2019.03.09-19.54.09:241][397]LogTemp: BranchPath = GAV-PC/C/Program Files/Epic Games/UE_4.19/Engine/Binaries --- GameBranchPath = GAV-PC/C/Program Files/Epic Games/UE_4.19/Engine/Binaries
[2019.03.09-19.54.09:241][397]LogTemp: IPP ERROR: Could not find provision directory 'C:\Users\Roy George\AppData\Local/Apple Computer/MobileDevice/Provisioning Profiles/'.
[2019.03.09-19.54.12:428][681]LogUObjectGlobals: Created PersistentFrame Addr=0x000001c24a69cf00, Size=1760, Default__RTS_CameraController_C Function /Game/_Blueprints/Player/RTS_CameraController.RTS_CameraController_C:ExecuteUbergraph_RTS_CameraController
[2019.03.09-19.54.12:450][681]LogUObjectGlobals: Created PersistentFrame Addr=0x000001c24a711080, Size=304, Default__GhostBuilding_C Function /Game/_Blueprints/Construction/GhostBuilding.GhostBuilding_C:ExecuteUbergraph_GhostBuilding
[2019.03.09-19.54.12:471][681]LogUObjectGlobals: Created PersistentFrame Addr=0x000001c200a6d408, Size=56, Default__RTS_UI_C Function /Game/_Blueprints/System/RTS_UI.RTS_UI_C:ExecuteUbergraph_RTS_UI
[2019.03.09-19.54.12:535][681]LogUObjectGlobals: Destroyed PersistentFrame Addr=0x000001c24a711080, Size=304
[2019.03.09-19.54.12:535][681]LogUObjectGlobals: Created PersistentFrame Addr=0x000001c22105e5c0, Size=304, Default__GhostBuilding_C Function /Engine/Transient.REINST_GhostBuilding_C_11:ExecuteUbergraph_GhostBuilding
[2019.03.09-19.54.12:536][681]LogUObjectGlobals: Destroyed PersistentFrame Addr=0x000001c24a69cf00, Size=1760
[2019.03.09-19.54.12:537][681]LogUObjectGlobals: Created PersistentFrame Addr=0x000001c24a489d00, Size=1760, Default__RTS_CameraController_C Function /Engine/Transient.REINST_RTS_CameraController_C_14:ExecuteUbergraph_RTS_CameraController
[2019.03.09-19.54.12:537][681]LogUObjectGlobals: Destroyed PersistentFrame Addr=0x000001c200a6d408, Size=56
[2019.03.09-19.54.12:537][681]LogUObjectGlobals: Created PersistentFrame Addr=0x000001c200a6d408, Size=56, Default__RTS_UI_C Function /Engine/Transient.REINST_RTS_UI_C_0:ExecuteUbergraph_RTS_UI
[2019.03.09-19.54.12:571][681]LogUObjectGlobals: Created PersistentFrame Addr=0x000001c24a512d40, Size=304, Default__GhostBuilding_C Function /Game/_Blueprints/Construction/GhostBuilding.GhostBuilding_C:ExecuteUbergraph_GhostBuilding
[2019.03.09-19.54.12:578][681]LogUObjectGlobals: Created PersistentFrame Addr=0x000001c2548d6400, Size=1760, Default__RTS_CameraController_C Function /Game/_Blueprints/Player/RTS_CameraController.RTS_CameraController_C:ExecuteUbergraph_RTS_CameraController
[2019.03.09-19.54.12:581][681]LogUObjectGlobals: Created PersistentFrame Addr=0x000001c26f7799b8, Size=56, Default__RTS_UI_C Function /Game/_Blueprints/System/RTS_UI.RTS_UI_C:ExecuteUbergraph_RTS_UI
[2019.03.09-19.54.14:729][855]LogSlate: Took 0.000273 seconds to synchronously load lazily loaded font '../../../Engine/Content/Slate/Fonts/Roboto-Light.ttf' (167K)
[2019.03.09-19.54.25:161][815]LogSlate: FSceneViewport::OnFocusLost() reason 2
[2019.03.09-19.54.28:274][121]LogSlate: Window 'Project Settings' being destroyed
[2019.03.09-19.54.28:286][121]LogSlate: Window 'Project Settings' being destroyed
[2019.03.09-19.54.30:200][339]LogSlate: FSceneViewport::OnFocusLost() reason 0
[2019.03.09-19.54.36:608][ 68]LogTemp: Repeating last play command: Selected Viewport
[2019.03.09-19.54.36:641][ 68]LogPlayLevel: PlayLevel: No blueprints needed recompiling
[2019.03.09-19.54.36:642][ 68]PIE: New page: PIE session: CMP302_Demo (9 Mar 2019 19:54:36)
[2019.03.09-19.54.36:642][ 68]LogPlayLevel: Creating play world package: /Game/_Level/UEDPIE_0_CMP302_Demo
[2019.03.09-19.54.36:655][ 68]LogPlayLevel: PIE: StaticDuplicateObject took: (0.013550s)
[2019.03.09-19.54.36:656][ 68]LogAIModule: Creating AISystem for world CMP302_Demo
[2019.03.09-19.54.36:656][ 68]LogPlayLevel: PIE: World Init took: (0.000792s)
[2019.03.09-19.54.36:656][ 68]LogPlayLevel: PIE: Created PIE world by copying editor world from /Game/_Level/CMP302_Demo.CMP302_Demo to /Game/_Level/UEDPIE_0_CMP302_Demo.CMP302_Demo (0.014507s)
[2019.03.09-19.54.36:668][ 68]LogUObjectGlobals: Destroyed PersistentFrame Addr=0x000001c24a489d00, Size=1760
[2019.03.09-19.54.36:668][ 68]LogUObjectGlobals: Destroyed PersistentFrame Addr=0x000001c22105e5c0, Size=304
[2019.03.09-19.54.36:668][ 68]LogUObjectGlobals: Destroyed PersistentFrame Addr=0x000001c200a6d408, Size=56
[2019.03.09-19.54.36:698][ 68]LogInit: XAudio2 using 'Speakers (VIA HD Audio)' : 2 channels at 48 kHz using 32 bits per sample (channel mask 0x3)
[2019.03.09-19.54.36:705][ 68]LogInit: FAudioDevice initialized.
[2019.03.09-19.54.36:750][ 68]LogLoad: Game class is 'RTS_Gamemode_C'
[2019.03.09-19.54.36:754][ 68]LogWorld: Bringing World /Game/_Level/UEDPIE_0_CMP302_Demo.CMP302_Demo up for play (max tick rate 0) at 2019.03.09-19.54.36
[2019.03.09-19.54.36:755][ 68]LogWorld: Bringing up level for play took: 0.003142
[2019.03.09-19.54.36:764][ 68]LogContentBrowser: Native class hierarchy updated for 'MovieSceneCapture' in 0.0003 seconds. Added 11 classes and 0 folders.
[2019.03.09-19.54.36:767][ 68]PIE: Play in editor start time for /Game/_Level/UEDPIE_0_CMP302_Demo -0.375
[2019.03.09-19.55.00:254][813]LogSlate: FSceneViewport::OnFocusLost() reason 0
[2019.03.09-19.55.24:846][598]LogSlate: FSceneViewport::OnFocusLost() reason 0
[2019.03.09-19.55.31:317][285]LogContentBrowser: Native class hierarchy updated for 'BlueprintGraph' in 0.0007 seconds. Added 116 classes and 0 folders.
[2019.03.09-19.55.31:701][285]LogUObjectGlobals: Created PersistentFrame Addr=0x000001c221746800, Size=4, Default__SKEL_PROTO_BP_AnimBlueprint_0_C Function /Engine/Transient.SKEL_PROTO_BP_AnimBlueprint_0_C:ExecuteUbergraph_PROTO_BP_AnimBlueprint_0
[2019.03.09-19.55.31:703][285]LogUObjectGlobals: Created PersistentFrame Addr=0x000001c2217467f8, Size=4, Default__PROTO_BP_AnimBlueprint_0_C Function /Engine/Transient.PROTO_BP_AnimBlueprint_0_C:ExecuteUbergraph_PROTO_BP_AnimBlueprint_0
[2019.03.09-19.55.32:311][285]LogSlate: Took 0.000282 seconds to synchronously load lazily loaded font '../../../Engine/Content/Slate/Fonts/Roboto-BoldCondensed.ttf' (158K)
[2019.03.09-19.55.32:722][286]LogSlate: Took 0.002537 seconds to synchronously load lazily loaded font '../../../Engine/Content/Slate/Fonts/Roboto-Italic.ttf' (157K)
[2019.03.09-19.59.17:613][626]LogTemp: Repeating last play command: Selected Viewport
[2019.03.09-19.59.17:638][626]LogPlayLevel: PlayLevel: No blueprints needed recompiling
[2019.03.09-19.59.17:639][626]PIE: New page: PIE session: CMP302_Demo (9 Mar 2019 19:59:17)
[2019.03.09-19.59.17:639][626]LogPlayLevel: Creating play world package: /Game/_Level/UEDPIE_0_CMP302_Demo
[2019.03.09-19.59.17:650][626]LogPlayLevel: PIE: StaticDuplicateObject took: (0.011427s)
[2019.03.09-19.59.17:651][626]LogAIModule: Creating AISystem for world CMP302_Demo
[2019.03.09-19.59.17:651][626]LogPlayLevel: PIE: World Init took: (0.001269s)
[2019.03.09-19.59.17:651][626]LogPlayLevel: PIE: Created PIE world by copying editor world from /Game/_Level/CMP302_Demo.CMP302_Demo to /Game/_Level/UEDPIE_0_CMP302_Demo.CMP302_Demo (0.012861s)
[2019.03.09-19.59.17:709][626]LogInit: XAudio2 using 'Speakers (VIA HD Audio)' : 2 channels at 48 kHz using 32 bits per sample (channel mask 0x3)
[2019.03.09-19.59.17:716][626]LogInit: FAudioDevice initialized.
[2019.03.09-19.59.17:751][626]LogLoad: Game class is 'RTS_Gamemode_C'
[2019.03.09-19.59.17:755][626]LogWorld: Bringing World /Game/_Level/UEDPIE_0_CMP302_Demo.CMP302_Demo up for play (max tick rate 0) at 2019.03.09-19.59.17
[2019.03.09-19.59.17:755][626]LogWorld: Bringing up level for play took: 0.003360
[2019.03.09-19.59.17:758][626]PIE: Play in editor start time for /Game/_Level/UEDPIE_0_CMP302_Demo 0.616
[2019.03.09-19.59.21:229][ 19]LogSlate: FSceneViewport::OnFocusLost() reason 0
[2019.03.09-19.59.23:343][235]LogUObjectGlobals: Created PersistentFrame Addr=0x000001c27ee19ca8, Size=4, Default__SKEL_RTS_CameraController_C Function /Game/_Blueprints/Player/RTS_CameraController.SKEL_RTS_CameraController_C:ExecuteUbergraph_RTS_CameraController
[2019.03.09-20.01.03:919][140]LogSavePackage: Save=161.93ms
[2019.03.09-20.01.03:919][140]LogSavePackage: Moving '../../../../../../Uni_Stuff/Year3/S2/GameplayMechanics/_Coursework/CMP302_Coursework/CMP302_Coursework/Saved/RTS_CameraController91EC83B042409DE3E520CFA4FC2F5C79.tmp' to '../../../../../../Uni_Stuff/Year3/S2/GameplayMechanics/_Coursework/CMP302_Coursework/CMP302_Coursework/Content/_Blueprints/Player/RTS_CameraController.uasset'
[2019.03.09-20.01.03:924][140]LogSavePackage: Display: Finished SavePackage ../../../../../../Uni_Stuff/Year3/S2/GameplayMechanics/_Coursework/CMP302_Coursework/CMP302_Coursework/Content/_Blueprints/Player/RTS_CameraController.uasset
[2019.03.09-20.01.05:077][238]LogSlate: Window 'CMP302_Coursework - Unreal Editor' being destroyed
[2019.03.09-20.01.05:286][239]Cmd: QUIT_EDITOR
[2019.03.09-20.01.05:712][239]LogWindowsTextInputMethodSystem: Display: IME system now deactivated.
[2019.03.09-20.01.05:727][239]LogSlate: Slate User Destroyed.  User Index 0, Is Virtual User: 0
[2019.03.09-20.01.05:727][239]LogExit: Preparing to exit.
[2019.03.09-20.01.06:294][239]LogDirectoryWatcher: A directory notification for 'C:/Uni_Stuff/Year3/S2/GameplayMechanics/_Coursework/CMP302_Coursework/CMP302_Coursework/Content/' was aborted.
[2019.03.09-20.01.06:332][239]LogExit: Editor shut down
[2019.03.09-20.01.06:335][239]LogExit: Transaction tracking system shut down
[2019.03.09-20.01.06:343][239]LogUObjectGlobals: Destroyed PersistentFrame Addr=0x000001c24a512d40, Size=304
[2019.03.09-20.01.06:343][239]LogUObjectGlobals: Destroyed PersistentFrame Addr=0x000001c2548d6400, Size=1760
[2019.03.09-20.01.06:343][239]LogUObjectGlobals: Destroyed PersistentFrame Addr=0x000001c26f7799b8, Size=56
[2019.03.09-20.01.06:344][239]LogUObjectGlobals: Destroyed PersistentFrame Addr=0x000001c27ee19ca8, Size=4
[2019.03.09-20.01.06:345][239]LogUObjectGlobals: Destroyed PersistentFrame Addr=0x000001c221746800, Size=4
[2019.03.09-20.01.06:345][239]LogUObjectGlobals: Destroyed PersistentFrame Addr=0x000001c2217467f8, Size=4
[2019.03.09-20.01.06:512][239]LogDirectoryWatcher: A directory notification for '../../../Engine/Content/' was aborted.
[2019.03.09-20.01.06:512][239]LogDirectoryWatcher: A directory notification for '../../../../../../Uni_Stuff/Year3/S2/GameplayMechanics/_Coursework/CMP302_Coursework/CMP302_Coursework/Content/' was aborted.
[2019.03.09-20.01.06:512][239]LogDirectoryWatcher: A directory notification for '../../Plugins/2D/Paper2D/Content/' was aborted.
[2019.03.09-20.01.06:512][239]LogDirectoryWatcher: A directory notification for '../../Plugins/Enterprise/DatasmithContent/Content/' was aborted.
[2019.03.09-20.01.06:512][239]LogDirectoryWatcher: A directory notification for '../../Plugins/Media/MediaCompositing/Content/' was aborted.
[2019.03.09-20.01.06:512][239]LogDirectoryWatcher: A directory notification for '../../Plugins/Runtime/AppleARKit/Content/' was aborted.
[2019.03.09-20.01.06:512][239]LogDirectoryWatcher: A directory notification for '../../Plugins/Runtime/Oculus/OculusVR/Content/' was aborted.
[2019.03.09-20.01.06:512][239]LogDirectoryWatcher: A directory notification for '../../Plugins/Runtime/Steam/SteamVR/Content/' was aborted.
[2019.03.09-20.01.06:623][239]LogExit: Object subsystem successfully closed.
[2019.03.09-20.01.06:643][239]LogShaderCompilers: Display: Shaders left to compile 0
[2019.03.09-20.01.06:646][239]LogD3D11RHI: Shutdown
[2019.03.09-20.01.06:646][239]LogD3D11RHI: CleanupD3DDevice
[2019.03.09-20.01.06:649][239]LogD3D11RHI: ~FD3D11DynamicRHI
[2019.03.09-20.01.06:695][239]LogModuleManager: Shutting down and abandoning module BlueprintGraph (582)
[2019.03.09-20.01.06:695][239]LogModuleManager: Shutting down and abandoning module MovieSceneCapture (580)
[2019.03.09-20.01.06:696][239]LogModuleManager: Shutting down and abandoning module ExternalImagePicker (578)
[2019.03.09-20.01.06:696][239]LogModuleManager: Shutting down and abandoning module HierarchicalLODOutliner (576)
[2019.03.09-20.01.06:696][239]LogModuleManager: Shutting down and abandoning module SceneOutliner (574)
[2019.03.09-20.01.06:696][239]LogModuleManager: Shutting down and abandoning module AddContentDialog (572)
[2019.03.09-20.01.06:696][239]LogDirectoryWatcher: A directory notification for 'C:/Program Files/Epic Games/UE_4.19/FeaturePacks/' was aborted.
[2019.03.09-20.01.06:699][239]LogModuleManager: Shutting down and abandoning module WidgetCarousel (571)
[2019.03.09-20.01.06:699][239]LogModuleManager: Shutting down and abandoning module EditorWidgets (568)
[2019.03.09-20.01.06:699][239]LogModuleManager: Shutting down and abandoning module CollectionManager (566)
[2019.03.09-20.01.06:699][239]LogDirectoryWatcher: A directory notification for 'C:/Uni_Stuff/Year3/S2/GameplayMechanics/_Coursework/CMP302_Coursework/CMP302_Coursework/Content/Collections/' was aborted.
[2019.03.09-20.01.06:699][239]LogDirectoryWatcher: A directory notification for 'C:/Uni_Stuff/Year3/S2/GameplayMechanics/_Coursework/CMP302_Coursework/CMP302_Coursework/Content/Developers/GavinGeorge/Collections/' was aborted.
[2019.03.09-20.01.06:700][239]LogDirectoryWatcher: A directory notification for 'C:/Uni_Stuff/Year3/S2/GameplayMechanics/_Coursework/CMP302_Coursework/CMP302_Coursework/Saved/Collections/' was aborted.
[2019.03.09-20.01.06:700][239]LogModuleManager: Shutting down and abandoning module StatsViewer (564)
[2019.03.09-20.01.06:700][239]LogModuleManager: Shutting down and abandoning module FoliageEdit (562)
[2019.03.09-20.01.06:700][239]LogModuleManager: Shutting down and abandoning module LandscapeEditor (560)
[2019.03.09-20.01.06:700][239]LogModuleManager: Shutting down and abandoning module MeshPaintMode (558)
[2019.03.09-20.01.06:700][239]LogModuleManager: Shutting down and abandoning module SceneDepthPickerMode (556)
[2019.03.09-20.01.06:700][239]LogModuleManager: Shutting down and abandoning module ActorPickerMode (554)
[2019.03.09-20.01.06:700][239]LogModuleManager: Shutting down and abandoning module GeometryMode (552)
[2019.03.09-20.01.06:700][239]LogModuleManager: Shutting down and abandoning module TextureAlignMode (550)
[2019.03.09-20.01.06:700][239]LogModuleManager: Shutting down and abandoning module BspMode (548)
[2019.03.09-20.01.06:700][239]LogModuleManager: Shutting down and abandoning module PIEPreviewDeviceProfileSelector (546)
[2019.03.09-20.01.06:700][239]LogModuleManager: Shutting down and abandoning module HardwareSurvey (544)
[2019.03.09-20.01.06:700][239]LogModuleManager: Shutting down and abandoning module SequenceRecorderSections (542)
[2019.03.09-20.01.06:700][239]LogModuleManager: Shutting down and abandoning module AutomationWorker (540)
[2019.03.09-20.01.06:700][239]LogModuleManager: Shutting down and abandoning module AudioCaptureEditor (538)
[2019.03.09-20.01.06:700][239]LogModuleManager: Shutting down and abandoning module SequenceRecorder (537)
[2019.03.09-20.01.06:700][239]LogModuleManager: Shutting down and abandoning module MatineeToLevelSequence (534)
[2019.03.09-20.01.06:700][239]LogModuleManager: Shutting down and abandoning module LevelSequenceEditor (532)
[2019.03.09-20.01.06:701][239]LogModuleManager: Shutting down and abandoning module PlacementMode (531)
[2019.03.09-20.01.06:701][239]LogModuleManager: Shutting down and abandoning module MaterialEditor (530)
[2019.03.09-20.01.06:701][239]LogModuleManager: Shutting down and abandoning module WmfMediaFactory (526)
[2019.03.09-20.01.06:701][239]LogModuleManager: Shutting down and abandoning module WmfMediaEditor (524)
[2019.03.09-20.01.06:701][239]LogModuleManager: Shutting down and abandoning module MediaPlayerEditor (522)
[2019.03.09-20.01.06:701][239]LogModuleManager: Shutting down and abandoning module OpenExrWrapper (520)
[2019.03.09-20.01.06:701][239]LogModuleManager: Shutting down and abandoning module ImgMediaFactory (518)
[2019.03.09-20.01.06:701][239]LogModuleManager: Shutting down and abandoning module ImgMediaEditor (516)
[2019.03.09-20.01.06:701][239]LogModuleManager: Shutting down and abandoning module AvfMediaFactory (514)
[2019.03.09-20.01.06:701][239]LogModuleManager: Shutting down and abandoning module AvfMediaEditor (512)
[2019.03.09-20.01.06:701][239]LogModuleManager: Shutting down and abandoning module AndroidMediaFactory (510)
[2019.03.09-20.01.06:701][239]LogModuleManager: Shutting down and abandoning module AndroidMediaEditor (508)
[2019.03.09-20.01.06:701][239]LogModuleManager: Shutting down and abandoning module CharacterAI (506)
[2019.03.09-20.01.06:701][239]LogModuleManager: Shutting down and abandoning module SmartSnapping (504)
[2019.03.09-20.01.06:701][239]LogModuleManager: Shutting down and abandoning module SessionServices (502)
[2019.03.09-20.01.06:701][239]LogModuleManager: Shutting down and abandoning module ViewportSnapping (500)
[2019.03.09-20.01.06:701][239]LogModuleManager: Shutting down and abandoning module ViewportInteraction (498)
[2019.03.09-20.01.06:701][239]LogModuleManager: Shutting down and abandoning module ClothPainter (496)
[2019.03.09-20.01.06:701][239]LogModuleManager: Shutting down and abandoning module SkeletalMeshEditor (495)
[2019.03.09-20.01.06:701][239]LogModuleManager: Shutting down and abandoning module LogVisualizer (492)
[2019.03.09-20.01.06:701][239]LogModuleManager: Shutting down and abandoning module IntroTutorials (490)
[2019.03.09-20.01.06:702][239]LogModuleManager: Shutting down and abandoning module GameProjectGeneration (489)
[2019.03.09-20.01.06:702][239]LogModuleManager: Shutting down and abandoning module IOSPlatformEditor (486)
[2019.03.09-20.01.06:702][239]LogModuleManager: Shutting down and abandoning module HTML5PlatformEditor (484)
[2019.03.09-20.01.06:702][239]LogModuleManager: Shutting down and abandoning module AndroidPlatformEditor (482)
[2019.03.09-20.01.06:702][239]LogModuleManager: Shutting down and abandoning module AndroidDeviceDetection (481)
[2019.03.09-20.01.07:034][239]LogModuleManager: Shutting down and abandoning module WindowsPlatformEditor (478)
[2019.03.09-20.01.07:034][239]LogModuleManager: Shutting down and abandoning module IOSRuntimeSettings (476)
[2019.03.09-20.01.07:034][239]LogModuleManager: Shutting down and abandoning module AndroidRuntimeSettings (474)
[2019.03.09-20.01.07:034][239]LogModuleManager: Shutting down and abandoning module InputBindingEditor (472)
[2019.03.09-20.01.07:034][239]LogModuleManager: Shutting down and abandoning module MergeActors (470)
[2019.03.09-20.01.07:034][239]LogModuleManager: Shutting down and abandoning module LocalizationDashboard (468)
[2019.03.09-20.01.07:035][239]LogModuleManager: Shutting down and abandoning module LocalizationService (467)
[2019.03.09-20.01.07:035][239]LogModuleManager: Shutting down and abandoning module HardwareTargeting (464)
[2019.03.09-20.01.07:035][239]LogModuleManager: Shutting down and abandoning module DeviceProfileEditor (462)
[2019.03.09-20.01.07:035][239]LogModuleManager: Shutting down and abandoning module UndoHistory (460)
[2019.03.09-20.01.07:035][239]LogModuleManager: Shutting down and abandoning module XmlParser (458)
[2019.03.09-20.01.07:035][239]LogModuleManager: Shutting down and abandoning module Blutility (456)
[2019.03.09-20.01.07:035][239]LogModuleManager: Shutting down and abandoning module ProjectSettingsViewer (454)
[2019.03.09-20.01.07:035][239]LogModuleManager: Shutting down and abandoning module ProjectTargetPlatformEditor (453)
[2019.03.09-20.01.07:035][239]LogModuleManager: Shutting down and abandoning module EditorSettingsViewer (450)
[2019.03.09-20.01.07:035][239]LogModuleManager: Shutting down and abandoning module SettingsEditor (448)
[2019.03.09-20.01.07:035][239]LogModuleManager: Shutting down and abandoning module ProjectLauncher (446)
[2019.03.09-20.01.07:035][239]LogModuleManager: Shutting down and abandoning module SessionFrontend (444)
[2019.03.09-20.01.07:035][239]LogModuleManager: Shutting down and abandoning module ProfilerClient (442)
[2019.03.09-20.01.07:035][239]LogModuleManager: Shutting down and abandoning module DeviceManager (440)
[2019.03.09-20.01.07:035][239]LogModuleManager: Shutting down and abandoning module TargetDeviceServices (439)
[2019.03.09-20.01.07:090][239]LogModuleManager: Shutting down and abandoning module AutomationController (436)
[2019.03.09-20.01.07:090][239]LogModuleManager: Shutting down and abandoning module AutomationWindow (434)
[2019.03.09-20.01.07:090][239]LogModuleManager: Shutting down and abandoning module Layers (432)
[2019.03.09-20.01.07:090][239]LogModuleManager: Shutting down and abandoning module ComponentVisualizers (430)
[2019.03.09-20.01.07:090][239]LogModuleManager: Shutting down and abandoning module DetailCustomizations (428)
[2019.03.09-20.01.07:090][239]LogModuleManager: Shutting down and abandoning module PackagesDialog (426)
[2019.03.09-20.01.07:090][239]LogModuleManager: Shutting down and abandoning module Persona (424)
[2019.03.09-20.01.07:090][239]LogModuleManager: Shutting down and abandoning module AdvancedPreviewScene (423)
[2019.03.09-20.01.07:090][239]LogModuleManager: Shutting down and abandoning module AnimGraph (421)
[2019.03.09-20.01.07:090][239]LogModuleManager: Shutting down and abandoning module Kismet (418)
[2019.03.09-20.01.07:094][239]LogModuleManager: Shutting down and abandoning module GraphEditor (416)
[2019.03.09-20.01.07:094][239]LogModuleManager: Shutting down and abandoning module ClassViewer (414)
[2019.03.09-20.01.07:096][239]LogModuleManager: Shutting down and abandoning module Toolbox (412)
[2019.03.09-20.01.07:096][239]LogModuleManager: Shutting down and abandoning module ModuleUI (410)
[2019.03.09-20.01.07:096][239]LogModuleManager: Shutting down and abandoning module MovieSceneTools (408)
[2019.03.09-20.01.07:096][239]LogModuleManager: Shutting down and abandoning module OutputLog (406)
[2019.03.09-20.01.07:096][239]LogModuleManager: Shutting down and abandoning module GammaUI (404)
[2019.03.09-20.01.07:096][239]LogModuleManager: Shutting down and abandoning module Documentation (402)
[2019.03.09-20.01.07:096][239]LogModuleManager: Shutting down and abandoning module MovieSceneTracks (400)
[2019.03.09-20.01.07:096][239]LogModuleManager: Shutting down and abandoning module MovieScene (398)
[2019.03.09-20.01.07:096][239]LogModuleManager: Shutting down and abandoning module StreamingPauseRendering (396)
[2019.03.09-20.01.07:096][239]LogModuleManager: Shutting down and abandoning module LauncherPlatform (394)
[2019.03.09-20.01.07:096][239]LogModuleManager: Shutting down and abandoning module AnalyticsET (392)
[2019.03.09-20.01.07:096][239]LogModuleManager: Shutting down and abandoning module PortalServices (390)
[2019.03.09-20.01.07:096][239]LogModuleManager: Shutting down and abandoning module PortalRpc (388)
[2019.03.09-20.01.07:096][239]LogModuleManager: Shutting down and abandoning module MessagingRpc (386)
[2019.03.09-20.01.07:096][239]LogModuleManager: Shutting down and abandoning module AIModule (384)
[2019.03.09-20.01.07:096][239]LogModuleManager: Shutting down and abandoning module GameplayDebugger (383)
[2019.03.09-20.01.07:096][239]LogModuleManager: Shutting down and abandoning module AITestSuite (381)
[2019.03.09-20.01.07:096][239]LogModuleManager: Shutting down and abandoning module DesktopPlatform (378)
[2019.03.09-20.01.07:096][239]LogModuleManager: Shutting down and abandoning module ProfilerService (376)
[2019.03.09-20.01.07:137][239]LogModuleManager: Shutting down and abandoning module TaskGraph (374)
[2019.03.09-20.01.07:137][239]LogModuleManager: Shutting down and abandoning module SteamVRController (372)
[2019.03.09-20.01.07:137][239]LogModuleManager: Shutting down and abandoning module ProceduralMeshComponentEditor (370)
[2019.03.09-20.01.07:137][239]LogModuleManager: Shutting down and abandoning module ProceduralMeshComponent (368)
[2019.03.09-20.01.07:137][239]LogModuleManager: Shutting down and abandoning module OculusInput (366)
[2019.03.09-20.01.07:137][239]LogModuleManager: Shutting down and abandoning module MobilePatchingUtils (364)
[2019.03.09-20.01.07:137][239]LogModuleManager: Shutting down and abandoning module CustomMeshComponent (362)
[2019.03.09-20.01.07:137][239]LogModuleManager: Shutting down and abandoning module CableComponent (360)
[2019.03.09-20.01.07:137][239]LogModuleManager: Shutting down and abandoning module AudioCapture (358)
[2019.03.09-20.01.07:137][239]LogModuleManager: Shutting down and abandoning module ArchVisCharacter (356)
[2019.03.09-20.01.07:137][239]LogModuleManager: Shutting down and abandoning module AndroidPermission (354)
[2019.03.09-20.01.07:137][239]LogModuleManager: Shutting down and abandoning module NUTUnrealEngine4 (350)
[2019.03.09-20.01.07:138][239]LogModuleManager: Shutting down and abandoning module NetcodeUnitTest (348)
[2019.03.09-20.01.07:138][239]LogModuleManager: Shutting down and abandoning module MediaCompositingEditor (346)
[2019.03.09-20.01.07:138][239]LogModuleManager: Shutting down and abandoning module MediaCompositing (344)
[2019.03.09-20.01.07:138][239]LogModuleManager: Shutting down and abandoning module LinearTimecode (342)
[2019.03.09-20.01.07:138][239]LogModuleManager: Shutting down and abandoning module ImgMedia (340)
[2019.03.09-20.01.07:143][239]LogModuleManager: Shutting down and abandoning module HTML5Networking (338)
[2019.03.09-20.01.07:143][239]LogModuleManager: Shutting down and abandoning module AlembicImporter (336)
[2019.03.09-20.01.07:143][239]LogModuleManager: Shutting down and abandoning module AlembicLibrary (335)
[2019.03.09-20.01.07:143][239]LogModuleManager: Shutting down and abandoning module GeometryCache (334)
[2019.03.09-20.01.07:143][239]LogModuleManager: Shutting down and abandoning module GeometryCacheEd (333)
[2019.03.09-20.01.07:143][239]LogModuleManager: Shutting down and abandoning module DatasmithContent (328)
[2019.03.09-20.01.07:143][239]LogModuleManager: Shutting down and abandoning module SpeedTreeImporter (326)
[2019.03.09-20.01.07:143][239]LogModuleManager: Shutting down and abandoning module PluginBrowser (324)
[2019.03.09-20.01.07:143][239]LogModuleManager: Shutting down and abandoning module MobileLauncherProfileWizard (322)
[2019.03.09-20.01.07:143][239]LogModuleManager: Shutting down and abandoning module CryptoKeysOpenSSL (320)
[2019.03.09-20.01.07:143][239]LogModuleManager: Shutting down and abandoning module CryptoKeys (318)
[2019.03.09-20.01.07:143][239]LogModuleManager: Shutting down and abandoning module VisualStudioSourceCodeAccess (316)
[2019.03.09-20.01.07:143][239]LogModuleManager: Shutting down and abandoning module VisualStudioCodeSourceCodeAccess (314)
[2019.03.09-20.01.07:143][239]LogModuleManager: Shutting down and abandoning module UObjectPlugin (312)
[2019.03.09-20.01.07:143][239]LogModuleManager: Shutting down and abandoning module SubversionSourceControl (310)
[2019.03.09-20.01.07:143][239]LogModuleManager: Shutting down and abandoning module PerforceSourceControl (308)
[2019.03.09-20.01.07:143][239]LogModuleManager: Shutting down and abandoning module GitSourceControl (306)
[2019.03.09-20.01.07:143][239]LogModuleManager: Shutting down and abandoning module SourceControl (305)
[2019.03.09-20.01.07:143][239]LogModuleManager: Shutting down and abandoning module CLionSourceCodeAccess (302)
[2019.03.09-20.01.07:143][239]LogModuleManager: Shutting down and abandoning module LightPropagationVolumeEditor (300)
[2019.03.09-20.01.07:143][239]LogModuleManager: Shutting down and abandoning module PaperTiledImporter (298)
[2019.03.09-20.01.07:143][239]LogModuleManager: Shutting down and abandoning module PaperSpriteSheetImporter (296)
[2019.03.09-20.01.07:143][239]LogModuleManager: Shutting down and abandoning module Paper2DEditor (294)
[2019.03.09-20.01.07:143][239]LogModuleManager: Shutting down and abandoning module MeshPaint (293)
[2019.03.09-20.01.07:143][239]LogModuleManager: Shutting down and abandoning module CMP302_Coursework (290)
[2019.03.09-20.01.07:143][239]LogModuleManager: Shutting down and abandoning module RuntimePhysXCooking (288)
[2019.03.09-20.01.07:143][239]LogModuleManager: Shutting down and abandoning module PhysXVehiclesEditor (286)
[2019.03.09-20.01.07:144][239]LogModuleManager: Shutting down and abandoning module PhysXVehicles (284)
[2019.03.09-20.01.07:144][239]LogModuleManager: Shutting down and abandoning module OculusEditor (282)
[2019.03.09-20.01.07:144][239]LogModuleManager: Shutting down and abandoning module LocationServicesBPLibrary (280)
[2019.03.09-20.01.07:144][239]LogModuleManager: Shutting down and abandoning module ImmediatePhysicsEditor (278)
[2019.03.09-20.01.07:144][239]LogModuleManager: Shutting down and abandoning module ImmediatePhysics (276)
[2019.03.09-20.01.07:144][239]LogModuleManager: Shutting down and abandoning module ActorSequence (274)
[2019.03.09-20.01.07:144][239]LogModuleManager: Shutting down and abandoning module UdpMessaging (272)
[2019.03.09-20.01.07:245][239]LogModuleManager: Shutting down and abandoning module TcpMessaging (270)
[2019.03.09-20.01.07:346][239]LogModuleManager: Shutting down and abandoning module GameplayTagsEditor (268)
[2019.03.09-20.01.07:346][239]LogModuleManager: Shutting down and abandoning module FacialAnimationEditor (266)
[2019.03.09-20.01.07:346][239]LogModuleManager: Shutting down and abandoning module FacialAnimation (264)
[2019.03.09-20.01.07:346][239]LogModuleManager: Shutting down and abandoning module DataValidation (262)
[2019.03.09-20.01.07:346][239]LogModuleManager: Shutting down and abandoning module AssetManagerEditor (260)
[2019.03.09-20.01.07:346][239]LogModuleManager: Shutting down and abandoning module LevelEditor (259)
[2019.03.09-20.01.07:347][239]LogModuleManager: Shutting down and abandoning module PixelInspectorModule (258)
[2019.03.09-20.01.07:347][239]LogModuleManager: Shutting down and abandoning module CommonMenuExtensions (256)
[2019.03.09-20.01.07:347][239]LogModuleManager: Shutting down and abandoning module MainFrame (254)
[2019.03.09-20.01.07:347][239]LogModuleManager: Shutting down and abandoning module HotReload (253)
[2019.03.09-20.01.07:347][239]LogDirectoryWatcher: A directory notification for 'C:/Uni_Stuff/Year3/S2/GameplayMechanics/_Coursework/CMP302_Coursework/CMP302_Coursework/Binaries/Win64' was aborted.
[2019.03.09-20.01.07:348][239]LogModuleManager: Shutting down and abandoning module ContentBrowser (249)
[2019.03.09-20.01.07:349][239]LogModuleManager: Shutting down and abandoning module TreeMap (247)
[2019.03.09-20.01.07:350][239]LogModuleManager: Shutting down and abandoning module LightPropagationVolumeRuntime (244)
[2019.03.09-20.01.07:350][239]LogModuleManager: Shutting down and abandoning module LiveLinkEditor (242)
[2019.03.09-20.01.07:350][239]LogModuleManager: Shutting down and abandoning module LiveLink (240)
[2019.03.09-20.01.07:586][239]LogModuleManager: Shutting down and abandoning module Paper2D (238)
[2019.03.09-20.01.07:586][239]LogModuleManager: Shutting down and abandoning module WindowsMoviePlayer (236)
[2019.03.09-20.01.07:586][239]LogModuleManager: Shutting down and abandoning module WmfMedia (234)
[2019.03.09-20.01.07:587][239]LogModuleManager: Shutting down and abandoning module Media (233)
[2019.03.09-20.01.07:593][239]LogModuleManager: Shutting down and abandoning module PacketHandler (230)
[2019.03.09-20.01.07:593][239]LogModuleManager: Shutting down and abandoning module ClothingSystemEditor (228)
[2019.03.09-20.01.07:593][239]LogModuleManager: Shutting down and abandoning module ClothingSystemRuntime (226)
[2019.03.09-20.01.07:593][239]LogModuleManager: Shutting down and abandoning module MediaAssets (224)
[2019.03.09-20.01.07:593][239]LogModuleManager: Shutting down and abandoning module Overlay (222)
[2019.03.09-20.01.07:593][239]LogModuleManager: Shutting down and abandoning module OverlayEditor (221)
[2019.03.09-20.01.07:593][239]LogModuleManager: Shutting down and abandoning module VREditor (218)
[2019.03.09-20.01.07:593][239]LogModuleManager: Shutting down and abandoning module StringTableEditor (216)
[2019.03.09-20.01.07:593][239]LogModuleManager: Shutting down and abandoning module GameplayTasksEditor (214)
[2019.03.09-20.01.07:594][239]LogModuleManager: Shutting down and abandoning module BehaviorTreeEditor (212)
[2019.03.09-20.01.07:594][239]LogModuleManager: Shutting down and abandoning module FunctionalTesting (210)
[2019.03.09-20.01.07:594][239]LogModuleManager: Shutting down and abandoning module CollisionAnalyzer (208)
[2019.03.09-20.01.07:594][239]LogModuleManager: Shutting down and abandoning module WorkspaceMenuStructure (207)
[2019.03.09-20.01.07:594][239]LogModuleManager: Shutting down and abandoning module UMG (204)
[2019.03.09-20.01.07:594][239]LogModuleManager: Shutting down and abandoning module UMGEditor (203)
[2019.03.09-20.01.07:594][239]LogModuleManager: Shutting down and abandoning module Sequencer (202)
[2019.03.09-20.01.07:594][239]LogModuleManager: Shutting down and abandoning module MessageLog (199)
[2019.03.09-20.01.07:594][239]LogModuleManager: Shutting down and abandoning module SlateReflector (194)
[2019.03.09-20.01.07:594][239]LogModuleManager: Shutting down and abandoning module Slate (192)
[2019.03.09-20.01.07:594][239]LogModuleManager: Shutting down and abandoning module EditorStyle (190)
[2019.03.09-20.01.07:596][239]LogModuleManager: Shutting down and abandoning module MRMesh (188)
[2019.03.09-20.01.07:596][239]LogModuleManager: Shutting down and abandoning module SourceCodeAccess (186)
[2019.03.09-20.01.07:596][239]LogModuleManager: Shutting down and abandoning module HeadMountedDisplay (184)
[2019.03.09-20.01.07:596][239]LogModuleManager: Shutting down and abandoning module XAudio2 (182)
[2019.03.09-20.01.07:596][239]LogModuleManager: Shutting down and abandoning module Networking (180)
[2019.03.09-20.01.07:596][239]LogModuleManager: Shutting down and abandoning module Core (178)
[2019.03.09-20.01.07:596][239]LogModuleManager: Shutting down and abandoning module LevelSequence (176)
[2019.03.09-20.01.07:596][239]LogModuleManager: Shutting down and abandoning module KismetCompiler (174)
[2019.03.09-20.01.07:596][239]LogModuleManager: Shutting down and abandoning module MeshUtilities (172)
[2019.03.09-20.01.07:596][239]LogModuleManager: Shutting down and abandoning module MeshMergeUtilities (171)
[2019.03.09-20.01.07:596][239]LogModuleManager: Shutting down and abandoning module MeshReductionInterface (170)
[2019.03.09-20.01.07:596][239]LogModuleManager: Shutting down and abandoning module SimplygonSwarm (169)
[2019.03.09-20.01.07:596][239]LogModuleManager: Shutting down and abandoning module SimplygonMeshReduction (167)
[2019.03.09-20.01.07:596][239]LogModuleManager: Shutting down and abandoning module QuadricMeshReduction (165)
[2019.03.09-20.01.07:596][239]LogModuleManager: Shutting down and abandoning module MaterialBaking (161)
[2019.03.09-20.01.07:596][239]LogModuleManager: Shutting down and abandoning module DirectoryWatcher (157)
[2019.03.09-20.01.07:598][239]LogModuleManager: Shutting down and abandoning module DerivedDataCache (154)
[2019.03.09-20.01.07:682][239]LogDerivedDataCache: Shutdown
[2019.03.09-20.01.07:683][239]LogModuleManager: Shutting down and abandoning module XGEController (152)
[2019.03.09-20.01.07:683][239]LogXGEController: Cleaning working directory: C:/Users/Roy George/AppData/Local/Temp/UnrealXGEWorkingDir/
[2019.03.09-20.01.07:683][239]LogModuleManager: Shutting down and abandoning module TargetPlatform (150)
[2019.03.09-20.01.07:683][239]LogModuleManager: Shutting down and abandoning module VulkanShaderFormat (149)
[2019.03.09-20.01.07:683][239]LogModuleManager: Shutting down and abandoning module ShaderFormatVectorVM (147)
[2019.03.09-20.01.07:683][239]LogModuleManager: Shutting down and abandoning module ShaderFormatOpenGL (145)
[2019.03.09-20.01.07:683][239]LogModuleManager: Shutting down and abandoning module ShaderFormatD3D (143)
[2019.03.09-20.01.07:683][239]LogModuleManager: Shutting down and abandoning module MetalShaderFormat (141)
[2019.03.09-20.01.07:683][239]LogModuleManager: Shutting down and abandoning module TextureFormatUncompressed (139)
[2019.03.09-20.01.07:683][239]LogModuleManager: Shutting down and abandoning module TextureFormatPVR (137)
[2019.03.09-20.01.07:683][239]LogModuleManager: Shutting down and abandoning module TextureFormatDXT (135)
[2019.03.09-20.01.07:683][239]LogModuleManager: Shutting down and abandoning module TextureFormatIntelISPCTexComp (133)
[2019.03.09-20.01.07:683][239]LogModuleManager: Shutting down and abandoning module TextureFormatASTC (131)
[2019.03.09-20.01.07:683][239]LogModuleManager: Shutting down and abandoning module ImageWrapper (130)
[2019.03.09-20.01.07:683][239]LogModuleManager: Shutting down and abandoning module TextureFormatAndroid (127)
[2019.03.09-20.01.07:683][239]LogModuleManager: Shutting down and abandoning module AudioFormatOpus (125)
[2019.03.09-20.01.07:683][239]LogModuleManager: Shutting down and abandoning module AudioFormatOgg (123)
[2019.03.09-20.01.07:683][239]LogModuleManager: Shutting down and abandoning module AudioFormatADPCM (121)
[2019.03.09-20.01.07:683][239]LogModuleManager: Shutting down and abandoning module LinuxTargetPlatform (119)
[2019.03.09-20.01.07:683][239]LogModuleManager: Shutting down and abandoning module LinuxServerTargetPlatform (117)
[2019.03.09-20.01.07:683][239]LogModuleManager: Shutting down and abandoning module LinuxNoEditorTargetPlatform (115)
[2019.03.09-20.01.07:683][239]LogModuleManager: Shutting down and abandoning module LinuxClientTargetPlatform (113)
[2019.03.09-20.01.07:684][239]LogModuleManager: Shutting down and abandoning module TVOSTargetPlatform (111)
[2019.03.09-20.01.07:684][239]LogModuleManager: Shutting down and abandoning module Messaging (109)
[2019.03.09-20.01.07:684][239]LogModuleManager: Shutting down and abandoning module IOSTargetPlatform (107)
[2019.03.09-20.01.07:684][239]LogModuleManager: Shutting down and abandoning module HTML5TargetPlatform (105)
[2019.03.09-20.01.07:684][239]LogModuleManager: Shutting down and abandoning module AndroidTargetPlatform (103)
[2019.03.09-20.01.07:684][239]LogModuleManager: Shutting down and abandoning module Android_PVRTCTargetPlatform (101)
[2019.03.09-20.01.07:684][239]LogModuleManager: Shutting down and abandoning module Android_MultiTargetPlatform (99)
[2019.03.09-20.01.07:684][239]LogModuleManager: Shutting down and abandoning module Android_ETC2TargetPlatform (97)
[2019.03.09-20.01.07:684][239]LogModuleManager: Shutting down and abandoning module Android_ETC1TargetPlatform (95)
[2019.03.09-20.01.07:684][239]LogModuleManager: Shutting down and abandoning module Android_ETC1aTargetPlatform (93)
[2019.03.09-20.01.07:684][239]LogModuleManager: Shutting down and abandoning module Android_DXTTargetPlatform (91)
[2019.03.09-20.01.07:684][239]LogModuleManager: Shutting down and abandoning module Android_ATCTargetPlatform (89)
[2019.03.09-20.01.07:684][239]LogModuleManager: Shutting down and abandoning module Android_ASTCTargetPlatform (87)
[2019.03.09-20.01.07:684][239]LogModuleManager: Shutting down and abandoning module WindowsTargetPlatform (85)
[2019.03.09-20.01.07:684][239]LogModuleManager: Shutting down and abandoning module WindowsServerTargetPlatform (83)
[2019.03.09-20.01.07:684][239]LogModuleManager: Shutting down and abandoning module WindowsNoEditorTargetPlatform (81)
[2019.03.09-20.01.07:684][239]LogModuleManager: Shutting down and abandoning module WindowsClientTargetPlatform (79)
[2019.03.09-20.01.07:684][239]LogModuleManager: Shutting down and abandoning module MacTargetPlatform (77)
[2019.03.09-20.01.07:684][239]LogModuleManager: Shutting down and abandoning module MacServerTargetPlatform (75)
[2019.03.09-20.01.07:684][239]LogModuleManager: Shutting down and abandoning module MacNoEditorTargetPlatform (73)
[2019.03.09-20.01.07:684][239]LogModuleManager: Shutting down and abandoning module MacClientTargetPlatform (71)
[2019.03.09-20.01.07:684][239]LogModuleManager: Shutting down and abandoning module AllDesktopTargetPlatform (69)
[2019.03.09-20.01.07:684][239]LogModuleManager: Shutting down and abandoning module InputCore (66)
[2019.03.09-20.01.07:684][239]LogModuleManager: Shutting down and abandoning module Settings (64)
[2019.03.09-20.01.07:684][239]LogModuleManager: Shutting down and abandoning module PhysXCooking (62)
[2019.03.09-20.01.07:684][239]LogModuleManager: Shutting down and abandoning module SteamVR (60)
[2019.03.09-20.01.07:684][239]LogModuleManager: Shutting down and abandoning module OculusHMD (58)
[2019.03.09-20.01.07:684][239]LogModuleManager: Shutting down and abandoning module ExampleDeviceProfileSelector (56)
[2019.03.09-20.01.07:684][239]LogModuleManager: Shutting down and abandoning module AppleARKit (54)
[2019.03.09-20.01.07:684][239]LogModuleManager: Shutting down and abandoning module AugmentedReality (51)
[2019.03.09-20.01.07:684][239]LogModuleManager: Shutting down and abandoning module OnlineBlueprintSupport (48)
[2019.03.09-20.01.07:684][239]LogModuleManager: Shutting down and abandoning module OnlineSubsystem (44)
[2019.03.09-20.01.07:684][239]LogModuleManager: Shutting down and abandoning module XMPP (43)
[2019.03.09-20.01.07:684][239]LogModuleManager: Shutting down and abandoning module HTTP (41)
[2019.03.09-20.01.07:685][239]LogHttp: Display: Http module shutting down, but needs to wait on 1 outstanding Http requests:
[2019.03.09-20.01.07:685][239]LogHttp: Display: 	verb=[POST] url=[https://datarouter.ol.epicgames.com/datarouter/api/v1/public/data?SessionID=%7B9D687979-4A08-D488-E379-6080D62D31D8%7D&AppID=UEEditor.Rocket.Release&AppVersion=4.19.2-4033788%2B%2B%2BUE4%2BRelease-4.19&UserID=e694a1c54d3866293e18a9929618bc80%7C9246de1311d945dbb853968dcdaa98ea%7C71e33caa-2bd3-4ae8-aea8-f375e8e28373&AppEnvironment=datacollector-binary&UploadType=eteventstream] status=Processing
[2019.03.09-20.01.07:704][239]LogModuleManager: Shutting down and abandoning module SSL (40)
[2019.03.09-20.01.07:705][239]LogModuleManager: Shutting down and abandoning module AnimationModifiers (36)
[2019.03.09-20.01.07:705][239]LogModuleManager: Shutting down and abandoning module PropertyEditor (35)
[2019.03.09-20.01.07:705][239]LogModuleManager: Shutting down and abandoning module AudioEditor (32)
[2019.03.09-20.01.07:705][239]LogModuleManager: Shutting down and abandoning module TextureCompressor (30)
[2019.03.09-20.01.07:705][239]LogModuleManager: Shutting down and abandoning module ShaderCore (28)
[2019.03.09-20.01.07:705][239]LogModuleManager: Shutting down and abandoning module Landscape (26)
[2019.03.09-20.01.07:705][239]LogModuleManager: Shutting down and abandoning module SlateRHIRenderer (24)
[2019.03.09-20.01.07:706][239]LogModuleManager: Shutting down and abandoning module OpenGLDrv (22)
[2019.03.09-20.01.07:706][239]LogModuleManager: Shutting down and abandoning module D3D11RHI (20)
[2019.03.09-20.01.07:706][239]LogModuleManager: Shutting down and abandoning module AnimGraphRuntime (18)
[2019.03.09-20.01.07:706][239]LogModuleManager: Shutting down and abandoning module Renderer (16)
[2019.03.09-20.01.07:706][239]LogModuleManager: Shutting down and abandoning module Engine (14)
[2019.03.09-20.01.07:706][239]LogModuleManager: Shutting down and abandoning module CoreUObject (12)
[2019.03.09-20.01.07:706][239]LogModuleManager: Shutting down and abandoning module NetworkFile (10)
[2019.03.09-20.01.07:706][239]LogModuleManager: Shutting down and abandoning module CookedIterativeFile (8)
[2019.03.09-20.01.07:706][239]LogModuleManager: Shutting down and abandoning module StreamingFile (6)
[2019.03.09-20.01.07:707][239]LogModuleManager: Shutting down and abandoning module SandboxFile (4)
[2019.03.09-20.01.07:707][239]LogModuleManager: Shutting down and abandoning module PakFile (2)
[2019.03.09-20.01.07:710][239]LogExit: Exiting.
[2019.03.09-20.01.07:728][239]Log file closed, 03/09/19 20:01:07
