Log file open, 01/29/19 21:53:00
LogWindows: Failed to load 'aqProf.dll' (GetLastError=126)
LogWindows: File 'aqProf.dll' does not exist
LogWindows: Failed to load 'VtuneApi.dll' (GetLastError=126)
LogWindows: File 'VtuneApi.dll' does not exist
LogWindows: Failed to load 'VtuneApi32e.dll' (GetLastError=126)
LogWindows: File 'VtuneApi32e.dll' does not exist
LogInit: Display: Running engine for game: CMP302_Coursework
LogPlatformFile: Not using cached read wrapper
LogInit: Display: RandInit(-1798256968) SRandInit(-1798256968).
LogInit: Read version file with build ID '3944462'
LogInit: Overriding engine version to CL 4033788, compatible CL 3944462
LogInit: Registered custom module enumerator with build ID '3944462'
LogTaskGraph: Started task graph with 5 named threads and 14 total threads with 3 sets of task threads.
LogStats: Stats thread started at 0.237647
LogD3D11RHI: Aftermath initialized
LogICUInternationalization: Display: ICU TimeZone Detection - Raw Offset: +0:00, Platform Override: ''
LogModuleManager: Display: Found up-to-date module file ../../../Engine/Plugins/2D/Paper2D/Binaries/Win64/UE4Editor-Paper2D.dll (API version 3944462).
LogModuleManager: Display: Found up-to-date module file ../../../Engine/Plugins/2D/Paper2D/Binaries/Win64/UE4Editor-Paper2DEditor.dll (API version 3944462).
LogModuleManager: Display: Found up-to-date module file ../../../Engine/Plugins/2D/Paper2D/Binaries/Win64/UE4Editor-PaperSpriteSheetImporter.dll (API version 3944462).
LogModuleManager: Display: Found up-to-date module file ../../../Engine/Plugins/2D/Paper2D/Binaries/Win64/UE4Editor-PaperTiledImporter.dll (API version 3944462).
LogModuleManager: Display: Found up-to-date module file ../../../Engine/Plugins/2D/Paper2D/Binaries/Win64/UE4Editor-SmartSnapping.dll (API version 3944462).
LogModuleManager: Display: Found up-to-date module file ../../../Engine/Plugins/Blendables/LightPropagationVolume/Binaries/Win64/UE4Editor-LightPropagationVolumeRuntime.dll (API version 3944462).
LogModuleManager: Display: Found up-to-date module file ../../../Engine/Plugins/Blendables/LightPropagationVolume/Binaries/Win64/UE4Editor-LightPropagationVolumeEditor.dll (API version 3944462).
LogModuleManager: Display: Found up-to-date module file ../../../Engine/Plugins/Developer/CLionSourceCodeAccess/Binaries/Win64/UE4Editor-CLionSourceCodeAccess.dll (API version 3944462).
LogModuleManager: Display: Found up-to-date module file ../../../Engine/Plugins/Developer/GitSourceControl/Binaries/Win64/UE4Editor-GitSourceControl.dll (API version 3944462).
LogModuleManager: Display: Found up-to-date module file ../../../Engine/Plugins/Developer/PerforceSourceControl/Binaries/Win64/UE4Editor-PerforceSourceControl.dll (API version 3944462).
LogModuleManager: Display: Found up-to-date module file ../../../Engine/Plugins/Developer/SubversionSourceControl/Binaries/Win64/UE4Editor-SubversionSourceControl.dll (API version 3944462).
LogModuleManager: Display: Found up-to-date module file ../../../Engine/Plugins/Developer/UObjectPlugin/Binaries/Win64/UE4Editor-UObjectPlugin.dll (API version 3944462).
LogModuleManager: Display: Found up-to-date module file ../../../Engine/Plugins/Developer/VisualStudioCodeSourceCodeAccess/Binaries/Win64/UE4Editor-VisualStudioCodeSourceCodeAccess.dll (API version 3944462).
LogModuleManager: Display: Found up-to-date module file ../../../Engine/Plugins/Developer/VisualStudioSourceCodeAccess/Binaries/Win64/UE4Editor-VisualStudioSourceCodeAccess.dll (API version 3944462).
LogModuleManager: Display: Found up-to-date module file ../../../Engine/Plugins/Editor/AssetManagerEditor/Binaries/Win64/UE4Editor-AssetManagerEditor.dll (API version 3944462).
LogModuleManager: Display: Found up-to-date module file ../../../Engine/Plugins/Editor/CryptoKeys/Binaries/Win64/UE4Editor-CryptoKeys.dll (API version 3944462).
LogModuleManager: Display: Found up-to-date module file ../../../Engine/Plugins/Editor/CryptoKeys/Binaries/Win64/UE4Editor-CryptoKeysOpenSSL.dll (API version 3944462).
LogModuleManager: Display: Found up-to-date module file ../../../Engine/Plugins/Editor/DataValidation/Binaries/Win64/UE4Editor-DataValidation.dll (API version 3944462).
LogModuleManager: Display: Found up-to-date module file ../../../Engine/Plugins/Editor/FacialAnimation/Binaries/Win64/UE4Editor-FacialAnimation.dll (API version 3944462).
LogModuleManager: Display: Found up-to-date module file ../../../Engine/Plugins/Editor/FacialAnimation/Binaries/Win64/UE4Editor-FacialAnimationEditor.dll (API version 3944462).
LogModuleManager: Display: Found up-to-date module file ../../../Engine/Plugins/Editor/GameplayTagsEditor/Binaries/Win64/UE4Editor-GameplayTagsEditor.dll (API version 3944462).
LogModuleManager: Display: Found up-to-date module file ../../../Engine/Plugins/Editor/MobileLauncherProfileWizard/Binaries/Win64/UE4Editor-MobileLauncherProfileWizard.dll (API version 3944462).
LogModuleManager: Display: Found up-to-date module file ../../../Engine/Plugins/Editor/PluginBrowser/Binaries/Win64/UE4Editor-PluginBrowser.dll (API version 3944462).
LogModuleManager: Display: Found up-to-date module file ../../../Engine/Plugins/Editor/SpeedTreeImporter/Binaries/Win64/UE4Editor-SpeedTreeImporter.dll (API version 3944462).
LogModuleManager: Display: Found up-to-date module file ../../../Engine/Plugins/Enterprise/DatasmithContent/Binaries/Win64/UE4Editor-DatasmithContent.dll (API version 3944462).
LogModuleManager: Display: Found up-to-date module file ../../../Engine/Plugins/Experimental/AlembicImporter/Binaries/Win64/UE4Editor-AlembicImporter.dll (API version 3944462).
LogModuleManager: Display: Found up-to-date module file ../../../Engine/Plugins/Experimental/AlembicImporter/Binaries/Win64/UE4Editor-AlembicLibrary.dll (API version 3944462).
LogModuleManager: Display: Found up-to-date module file ../../../Engine/Plugins/Experimental/CharacterAI/Binaries/Win64/UE4Editor-CharacterAI.dll (API version 3944462).
LogModuleManager: Display: Found up-to-date module file ../../../Engine/Plugins/Experimental/HTML5Networking/Binaries/Win64/UE4Editor-HTML5Networking.dll (API version 3944462).
LogModuleManager: Display: Found up-to-date module file ../../../Engine/Plugins/Media/AndroidMedia/Binaries/Win64/UE4Editor-AndroidMediaEditor.dll (API version 3944462).
LogModuleManager: Display: Found up-to-date module file ../../../Engine/Plugins/Media/AndroidMedia/Binaries/Win64/UE4Editor-AndroidMediaFactory.dll (API version 3944462).
LogModuleManager: Display: Found up-to-date module file ../../../Engine/Plugins/Media/AvfMedia/Binaries/Win64/UE4Editor-AvfMediaEditor.dll (API version 3944462).
LogModuleManager: Display: Found up-to-date module file ../../../Engine/Plugins/Media/AvfMedia/Binaries/Win64/UE4Editor-AvfMediaFactory.dll (API version 3944462).
LogModuleManager: Display: Found up-to-date module file ../../../Engine/Plugins/Media/AvfMedia/Binaries/Win64/UE4Editor-AvfMediaFactory.dll (API version 3944462).
LogModuleManager: Display: Found up-to-date module file ../../../Engine/Plugins/Media/ImgMedia/Binaries/Win64/UE4Editor-ImgMedia.dll (API version 3944462).
LogModuleManager: Display: Found up-to-date module file ../../../Engine/Plugins/Media/ImgMedia/Binaries/Win64/UE4Editor-ImgMediaEditor.dll (API version 3944462).
LogModuleManager: Display: Found up-to-date module file ../../../Engine/Plugins/Media/ImgMedia/Binaries/Win64/UE4Editor-ImgMediaFactory.dll (API version 3944462).
LogModuleManager: Display: Found up-to-date module file ../../../Engine/Plugins/Media/ImgMedia/Binaries/Win64/UE4Editor-ImgMediaFactory.dll (API version 3944462).
LogModuleManager: Display: Found up-to-date module file ../../../Engine/Plugins/Media/ImgMedia/Binaries/Win64/UE4Editor-OpenExrWrapper.dll (API version 3944462).
LogModuleManager: Display: Found up-to-date module file ../../../Engine/Plugins/Media/LinearTimecode/Binaries/Win64/UE4Editor-LinearTimecode.dll (API version 3944462).
LogModuleManager: Display: Found up-to-date module file ../../../Engine/Plugins/Media/MediaCompositing/Binaries/Win64/UE4Editor-MediaCompositing.dll (API version 3944462).
LogModuleManager: Display: Found up-to-date module file ../../../Engine/Plugins/Media/MediaCompositing/Binaries/Win64/UE4Editor-MediaCompositingEditor.dll (API version 3944462).
LogModuleManager: Display: Found up-to-date module file ../../../Engine/Plugins/Media/MediaPlayerEditor/Binaries/Win64/UE4Editor-MediaPlayerEditor.dll (API version 3944462).
LogModuleManager: Display: Found up-to-date module file ../../../Engine/Plugins/Media/WmfMedia/Binaries/Win64/UE4Editor-WmfMedia.dll (API version 3944462).
LogModuleManager: Display: Found up-to-date module file ../../../Engine/Plugins/Media/WmfMedia/Binaries/Win64/UE4Editor-WmfMediaEditor.dll (API version 3944462).
LogModuleManager: Display: Found up-to-date module file ../../../Engine/Plugins/Media/WmfMedia/Binaries/Win64/UE4Editor-WmfMediaFactory.dll (API version 3944462).
LogModuleManager: Display: Found up-to-date module file ../../../Engine/Plugins/Media/WmfMedia/Binaries/Win64/UE4Editor-WmfMediaFactory.dll (API version 3944462).
LogModuleManager: Display: Found up-to-date module file ../../../Engine/Plugins/Messaging/TcpMessaging/Binaries/Win64/UE4Editor-TcpMessaging.dll (API version 3944462).
LogModuleManager: Display: Found up-to-date module file ../../../Engine/Plugins/Messaging/UdpMessaging/Binaries/Win64/UE4Editor-UdpMessaging.dll (API version 3944462).
LogModuleManager: Display: Found up-to-date module file ../../../Engine/Plugins/MovieScene/ActorSequence/Binaries/Win64/UE4Editor-ActorSequence.dll (API version 3944462).
LogModuleManager: Display: Found up-to-date module file ../../../Engine/Plugins/MovieScene/LevelSequenceEditor/Binaries/Win64/UE4Editor-LevelSequenceEditor.dll (API version 3944462).
LogModuleManager: Display: Found up-to-date module file ../../../Engine/Plugins/MovieScene/MatineeToLevelSequence/Binaries/Win64/UE4Editor-MatineeToLevelSequence.dll (API version 3944462).
LogModuleManager: Display: Found up-to-date module file ../../../Engine/Plugins/NetcodeUnitTest/NetcodeUnitTest/Binaries/Win64/UE4Editor-NetcodeUnitTest.dll (API version 3944462).
LogModuleManager: Display: Found up-to-date module file ../../../Engine/Plugins/NetcodeUnitTest/NUTUnrealEngine4/Binaries/Win64/UE4Editor-NUTUnrealEngine4.dll (API version 3944462).
LogModuleManager: Display: Found up-to-date module file ../../../Engine/Plugins/Online/OnlineSubsystem/Binaries/Win64/UE4Editor-OnlineSubsystem.dll (API version 3944462).
LogModuleManager: Display: Found up-to-date module file ../../../Engine/Plugins/Runtime/AndroidPermission/Binaries/Win64/UE4Editor-AndroidPermission.dll (API version 3944462).
LogModuleManager: Display: Found up-to-date module file ../../../Engine/Plugins/Online/OnlineSubsystemNull/Binaries/Win64/UE4Editor-OnlineSubsystemNull.dll (API version 3944462).
LogModuleManager: Display: Found up-to-date module file ../../../Engine/Plugins/Online/OnlineSubsystemUtils/Binaries/Win64/UE4Editor-OnlineSubsystemUtils.dll (API version 3944462).
LogModuleManager: Display: Found up-to-date module file ../../../Engine/Plugins/Online/OnlineSubsystemUtils/Binaries/Win64/UE4Editor-OnlineBlueprintSupport.dll (API version 3944462).
LogModuleManager: Display: Found up-to-date module file ../../../Engine/Plugins/Runtime/AndroidDeviceProfileSelector/Binaries/Win64/UE4Editor-AndroidDeviceProfileSelector.dll (API version 3944462).
LogModuleManager: Display: Found up-to-date module file ../../../Engine/Plugins/Runtime/AppleARKit/Binaries/Win64/UE4Editor-AppleARKit.dll (API version 3944462).
LogModuleManager: Display: Found up-to-date module file ../../../Engine/Plugins/Runtime/ProceduralMeshComponent/Binaries/Win64/UE4Editor-ProceduralMeshComponent.dll (API version 3944462).
LogModuleManager: Display: Found up-to-date module file ../../../Engine/Plugins/Runtime/ProceduralMeshComponent/Binaries/Win64/UE4Editor-ProceduralMeshComponentEditor.dll (API version 3944462).
LogModuleManager: Display: Found up-to-date module file ../../../Engine/Plugins/Animation/LiveLink/Binaries/Win64/UE4Editor-LiveLink.dll (API version 3944462).
LogModuleManager: Display: Found up-to-date module file ../../../Engine/Plugins/Animation/LiveLink/Binaries/Win64/UE4Editor-LiveLinkEditor.dll (API version 3944462).
LogModuleManager: Display: Found up-to-date module file ../../../Engine/Plugins/Runtime/ArchVisCharacter/Binaries/Win64/UE4Editor-ArchVisCharacter.dll (API version 3944462).
LogModuleManager: Display: Found up-to-date module file ../../../Engine/Plugins/Runtime/AudioCapture/Binaries/Win64/UE4Editor-AudioCapture.dll (API version 3944462).
LogModuleManager: Display: Found up-to-date module file ../../../Engine/Plugins/Runtime/AudioCapture/Binaries/Win64/UE4Editor-AudioCaptureEditor.dll (API version 3944462).
LogModuleManager: Display: Found up-to-date module file ../../../Engine/Plugins/Runtime/CableComponent/Binaries/Win64/UE4Editor-CableComponent.dll (API version 3944462).
LogModuleManager: Display: Found up-to-date module file ../../../Engine/Plugins/Runtime/CustomMeshComponent/Binaries/Win64/UE4Editor-CustomMeshComponent.dll (API version 3944462).
LogModuleManager: Display: Found up-to-date module file ../../../Engine/Plugins/Runtime/ExampleDeviceProfileSelector/Binaries/Win64/UE4Editor-ExampleDeviceProfileSelector.dll (API version 3944462).
LogModuleManager: Display: Found up-to-date module file ../../../Engine/Plugins/Runtime/ImmediatePhysics/Binaries/Win64/UE4Editor-ImmediatePhysics.dll (API version 3944462).
LogModuleManager: Display: Found up-to-date module file ../../../Engine/Plugins/Runtime/ImmediatePhysics/Binaries/Win64/UE4Editor-ImmediatePhysicsEditor.dll (API version 3944462).
LogModuleManager: Display: Found up-to-date module file ../../../Engine/Plugins/Runtime/LocationServicesBPLibrary/Binaries/Win64/UE4Editor-LocationServicesBPLibrary.dll (API version 3944462).
LogModuleManager: Display: Found up-to-date module file ../../../Engine/Plugins/Runtime/MobilePatchingUtils/Binaries/Win64/UE4Editor-MobilePatchingUtils.dll (API version 3944462).
LogModuleManager: Display: Found up-to-date module file ../../../Engine/Plugins/Runtime/Oculus/OculusVR/Binaries/Win64/UE4Editor-OculusHMD.dll (API version 3944462).
LogModuleManager: Display: Found up-to-date module file ../../../Engine/Plugins/Runtime/Oculus/OculusVR/Binaries/Win64/UE4Editor-OculusInput.dll (API version 3944462).
LogModuleManager: Display: Found up-to-date module file ../../../Engine/Plugins/Runtime/Oculus/OculusVR/Binaries/Win64/UE4Editor-OculusEditor.dll (API version 3944462).
LogModuleManager: Display: Found up-to-date module file ../../../Engine/Plugins/Runtime/PhysXVehicles/Binaries/Win64/UE4Editor-PhysXVehicles.dll (API version 3944462).
LogModuleManager: Display: Found up-to-date module file ../../../Engine/Plugins/Runtime/PhysXVehicles/Binaries/Win64/UE4Editor-PhysXVehiclesEditor.dll (API version 3944462).
LogModuleManager: Display: Found up-to-date module file ../../../Engine/Plugins/Runtime/RuntimePhysXCooking/Binaries/Win64/UE4Editor-RuntimePhysXCooking.dll (API version 3944462).
LogModuleManager: Display: Found up-to-date module file ../../../Engine/Plugins/Runtime/Steam/SteamVR/Binaries/Win64/UE4Editor-SteamVR.dll (API version 3944462).
LogModuleManager: Display: Found up-to-date module file ../../../Engine/Plugins/Runtime/Steam/SteamVR/Binaries/Win64/UE4Editor-SteamVRController.dll (API version 3944462).
LogModuleManager: Display: Found up-to-date module file ../../../Engine/Plugins/Runtime/WindowsMoviePlayer/Binaries/Win64/UE4Editor-WindowsMoviePlayer.dll (API version 3944462).
LogPluginManager: Mounting plugin Paper2D
LogPluginManager: Mounting plugin LiveLink
LogPluginManager: Mounting plugin LightPropagationVolume
LogPluginManager: Mounting plugin CLionSourceCodeAccess
LogPluginManager: Mounting plugin CodeLiteSourceCodeAccess
LogPluginManager: Mounting plugin GitSourceControl
LogPluginManager: Mounting plugin KDevelopSourceCodeAccess
LogPluginManager: Mounting plugin NullSourceCodeAccess
LogPluginManager: Mounting plugin PerforceSourceControl
LogPluginManager: Mounting plugin SubversionSourceControl
LogPluginManager: Mounting plugin UObjectPlugin
LogPluginManager: Mounting plugin VisualStudioCodeSourceCodeAccess
LogPluginManager: Mounting plugin VisualStudioSourceCodeAccess
LogPluginManager: Mounting plugin XCodeSourceCodeAccess
LogPluginManager: Mounting plugin AssetManagerEditor
LogPluginManager: Mounting plugin CryptoKeys
LogPluginManager: Mounting plugin DataValidation
LogPluginManager: Mounting plugin FacialAnimation
LogPluginManager: Mounting plugin GameplayTagsEditor
LogPluginManager: Mounting plugin MobileLauncherProfileWizard
LogPluginManager: Mounting plugin PluginBrowser
LogPluginManager: Mounting plugin SpeedTreeImporter
LogPluginManager: Mounting plugin DatasmithContent
LogPluginManager: Mounting plugin AlembicImporter
LogPluginManager: Mounting plugin CharacterAI
LogPluginManager: Mounting plugin HTML5Networking
LogPluginManager: Mounting plugin AndroidMedia
LogPluginManager: Mounting plugin AvfMedia
LogPluginManager: Mounting plugin ImgMedia
LogPluginManager: Mounting plugin LinearTimecode
LogPluginManager: Mounting plugin MediaCompositing
LogPluginManager: Mounting plugin MediaPlayerEditor
LogPluginManager: Mounting plugin WmfMedia
LogPluginManager: Mounting plugin TcpMessaging
LogPluginManager: Mounting plugin UdpMessaging
LogPluginManager: Mounting plugin ActorSequence
LogPluginManager: Mounting plugin LevelSequenceEditor
LogPluginManager: Mounting plugin MatineeToLevelSequence
LogPluginManager: Mounting plugin NetcodeUnitTest
LogPluginManager: Mounting plugin NUTUnrealEngine4
LogPluginManager: Mounting plugin OnlineSubsystemGooglePlay
LogPluginManager: Mounting plugin OnlineSubsystemIOS
LogPluginManager: Mounting plugin OnlineSubsystem
LogPluginManager: Mounting plugin OnlineSubsystemNull
LogPluginManager: Mounting plugin OnlineSubsystemUtils
LogPluginManager: Mounting plugin AndroidDeviceProfileSelector
LogPluginManager: Mounting plugin AndroidMoviePlayer
LogPluginManager: Mounting plugin AndroidPermission
LogPluginManager: Mounting plugin AppleARKit
LogPluginManager: Mounting plugin AppleMoviePlayer
LogPluginManager: Mounting plugin ArchVisCharacter
LogPluginManager: Mounting plugin AudioCapture
LogPluginManager: Mounting plugin CableComponent
LogPluginManager: Mounting plugin CustomMeshComponent
LogPluginManager: Mounting plugin ExampleDeviceProfileSelector
LogPluginManager: Mounting plugin GoogleCloudMessaging
LogPluginManager: Mounting plugin ImmediatePhysics
LogPluginManager: Mounting plugin IOSDeviceProfileSelector
LogPluginManager: Mounting plugin LinuxDeviceProfileSelector
LogPluginManager: Mounting plugin LocationServicesBPLibrary
LogPluginManager: Mounting plugin MobilePatchingUtils
LogPluginManager: Mounting plugin OculusVR
LogPluginManager: Plugin shader directory ../../../Engine/Plugins/Runtime/Oculus/OculusVR/Shaders found
LogPluginManager: Mapping shader source directory ../../../Engine/Plugins/Runtime/Oculus/OculusVR/Shaders to virtual directory /Plugin/OculusVR
LogPluginManager: Mounting plugin PhysXVehicles
LogPluginManager: Mounting plugin ProceduralMeshComponent
LogPluginManager: Mounting plugin RuntimePhysXCooking
LogPluginManager: Mounting plugin SteamVR
LogPluginManager: Mounting plugin WindowsMoviePlayer
LogStreaming: Display: Took  2.966s to configure plugins.
LogInit: Using libcurl 7.47.1
LogInit:  - built for x86_64-pc-win32
LogInit:  - supports SSL with OpenSSL/1.0.2g
LogInit:  - supports HTTP deflate (compression) using libz 1.2.8
LogInit:  - other features:
LogInit:      CURL_VERSION_SSL
LogInit:      CURL_VERSION_LIBZ
LogInit:      CURL_VERSION_IPV6
LogInit:      CURL_VERSION_ASYNCHDNS
LogInit:      CURL_VERSION_LARGEFILE
LogInit:      CURL_VERSION_IDN
LogInit:  CurlRequestOptions (configurable via config and command line):
LogInit:  - bVerifyPeer = false  - Libcurl will NOT verify peer certificate
LogInit:  - bUseHttpProxy = false  - Libcurl will NOT use HTTP proxy
LogInit:  - bDontReuseConnections = false  - Libcurl will reuse connections
LogInit:  - CertBundlePath = nullptr  - Libcurl will use whatever was configured at build time.
LogInit:  - MaxHostConnections = 16  - Libcurl will limit the number of connections to a host
LogInit:  - LocalHostAddr = Default
LogInit: WinSock: version 1.1 (2.2), MaxSocks=32767, MaxUdp=65467
LogInit: WinSock: I am GAV-PC (192.168.0.3:0)
LogInit: Build: ++UE4+Release-4.19-CL-4033788
LogInit: Engine Version: 4.19.2-4033788+++UE4+Release-4.19
LogInit: Compatible Engine Version: 4.19.0-3944462+++UE4+Release-4.19
LogInit: Net CL: 3944462
LogDevObjectVersion: Number of dev versions registered: 18
LogDevObjectVersion:   Dev-Blueprints (B0D832E4-1F89-4F0D-ACCF-7EB736FD4AA2): 10
LogDevObjectVersion:   Dev-Build (E1C64328-A22C-4D53-A36C-8E866417BD8C): 0
LogDevObjectVersion:   Dev-Core (375EC13C-06E4-48FB-B500-84F0262A717E): 2
LogDevObjectVersion:   Dev-Editor (E4B068ED-F494-42E9-A231-DA0B2E46BB41): 23
LogDevObjectVersion:   Dev-Framework (CFFC743F-43B0-4480-9391-14DF171D2073): 33
LogDevObjectVersion:   Dev-Mobile (B02B49B5-BB20-44E9-A304-32B752E40360): 2
LogDevObjectVersion:   Dev-Networking (A4E4105C-59A1-49B5-A7C5-40C4547EDFEE): 0
LogDevObjectVersion:   Dev-Online (39C831C9-5AE6-47DC-9A44-9C173E1C8E7C): 0
LogDevObjectVersion:   Dev-Physics (78F01B33-EBEA-4F98-B9B4-84EACCB95AA2): 0
LogDevObjectVersion:   Dev-Platform (6631380F-2D4D-43E0-8009-CF276956A95A): 0
LogDevObjectVersion:   Dev-Rendering (12F88B9F-8875-4AFC-A67C-D90C383ABD29): 25
LogDevObjectVersion:   Dev-Sequencer (7B5AE74C-D270-4C10-A958-57980B212A5A): 6
LogDevObjectVersion:   Dev-VR (D7296918-1DD6-4BDD-9DE2-64A83CC13884): 1
LogDevObjectVersion:   Dev-LoadTimes (C2A15278-BFE7-4AFE-6C17-90FF531DF755): 1
LogDevObjectVersion:   Private-Geometry (6EACA3D4-40EC-4CC1-B786-8BED09428FC5): 2
LogDevObjectVersion:   Dev-AnimPhys (29E575DD-E0A3-4627-9D10-D276232CDCEA): 16
LogDevObjectVersion:   Dev-ReflectionCapture (6B266CEC-1EC7-4B8F-A30B-E4D90942FC07): 1
LogDevObjectVersion:   Dev-Automation (0DF73D61-A23F-47EA-B727-89E90C41499A): 1
LogInit: Compiled (64-bit): Apr 27 2018 02:06:57
LogInit: Compiled with Visual C++: 19.00.24215.01
LogInit: Build Configuration: Development
LogInit: Branch Name: ++UE4+Release-4.19
LogInit: Command Line: 
LogInit: Base Directory: C:/Program Files/Epic Games/UE_4.19/Engine/Binaries/Win64/
LogInit: Installed Engine Build: 1
LogStreaming: Display: Took  0.000s to delete old logs.
LogInit: Presizing for max 8388607 objects, including 0 objects not considered by GC, pre-allocating 0 bytes for permanent pool.
LogInit: Object subsystem initialized
[2019.01.29-21.53.04:383][  0]LogInit: Selected Device Profile: [Windows]
[2019.01.29-21.53.04:383][  0]LogInit: Applying CVar settings loaded from the selected device profile: [Windows]
[2019.01.29-21.53.04:399][  0]LogInit: Computer: GAV-PC
[2019.01.29-21.53.04:399][  0]LogInit: User: GavinGeorge
[2019.01.29-21.53.04:399][  0]LogInit: CPU Page size=4096, Cores=4
[2019.01.29-21.53.04:399][  0]LogInit: High frequency timer resolution =3.323587 MHz
[2019.01.29-21.53.04:399][  0]LogMemory: Memory total: Physical=16.0GB (16GB approx)
[2019.01.29-21.53.04:399][  0]LogMemory: Platform Memory Stats for Windows
[2019.01.29-21.53.04:400][  0]LogMemory: Process Physical Memory: 273.07 MB used, 273.07 MB peak
[2019.01.29-21.53.04:400][  0]LogMemory: Process Virtual Memory: 261.98 MB used, 261.98 MB peak
[2019.01.29-21.53.04:400][  0]LogMemory: Physical Memory: 9142.06 MB used,  7200.28 MB free, 16342.34 MB total
[2019.01.29-21.53.04:400][  0]LogMemory: Virtual Memory: 4782.29 MB used,  7200.28 MB free, 134217728.00 MB total
[2019.01.29-21.53.04:433][  0]LogInit: Using OS detected language (en-GB).
[2019.01.29-21.53.04:433][  0]LogInit: Using OS detected locale (en-GB).
[2019.01.29-21.53.04:437][  0]LogTextLocalizationManager: No specific localization for 'en-GB' exists, so the 'en' localization will be used.
[2019.01.29-21.53.04:880][  0]LogStreaming: Display: Took  0.447s to EndInitTextLocalization.
[2019.01.29-21.53.04:880][  0]LogInit: Setting process to per monitor DPI aware
[2019.01.29-21.53.04:927][  0]LogSlate: New Slate User Created.  User Index 0, Is Virtual User: 0
[2019.01.29-21.53.04:927][  0]LogSlate: Slate User Registered.  User Index 0, Is Virtual User: 0
[2019.01.29-21.53.05:187][  0]LogD3D11RHI: D3D11 adapters:
[2019.01.29-21.53.05:276][  0]LogD3D11RHI:    0. 'NVIDIA GeForce GTX 1060 6GB' (Feature Level 11_0)
[2019.01.29-21.53.05:276][  0]LogD3D11RHI:       6052/0/8171 MB DedicatedVideo/DedicatedSystem/SharedSystem, Outputs:1, VendorId:0x10de
[2019.01.29-21.53.05:280][  0]LogD3D11RHI:    1. 'Microsoft Basic Render Driver' (Feature Level 11_0)
[2019.01.29-21.53.05:280][  0]LogD3D11RHI:       0/0/8171 MB DedicatedVideo/DedicatedSystem/SharedSystem, Outputs:0, VendorId:0x1414
[2019.01.29-21.53.05:280][  0]LogD3D11RHI: Chosen D3D11 Adapter: 0
[2019.01.29-21.53.05:288][  0]LogD3D11RHI: Creating new Direct3DDevice
[2019.01.29-21.53.05:288][  0]LogD3D11RHI:     GPU DeviceId: 0x1c03 (for the marketing name, search the web for "GPU Device Id")
[2019.01.29-21.53.05:288][  0]LogWindows: EnumDisplayDevices:
[2019.01.29-21.53.05:288][  0]LogWindows:    0. 'NVIDIA GeForce GTX 1060 6GB' (P:1 D:1)
[2019.01.29-21.53.05:289][  0]LogWindows:    1. 'NVIDIA GeForce GTX 1060 6GB' (P:0 D:0)
[2019.01.29-21.53.05:289][  0]LogWindows:    2. 'NVIDIA GeForce GTX 1060 6GB' (P:0 D:0)
[2019.01.29-21.53.05:289][  0]LogWindows:    3. 'NVIDIA GeForce GTX 1060 6GB' (P:0 D:0)
[2019.01.29-21.53.05:289][  0]LogWindows: DebugString: GetVideoDriverDetailsInvalid PrimaryIsNotTheChoosenAdapter GetVideoDriverDetailsInvalid PrimaryIsNotTheChoosenAdapter GetVideoDriverDetailsInvalid PrimaryIsNotTheChoosenAdapter GetVideoDriverDetailsInvalid PrimaryIsNotTheChoosenAdapter FoundDriverCount:0 
[2019.01.29-21.53.05:289][  0]LogD3D11RHI:     Adapter Name: NVIDIA GeForce GTX 1060 6GB
[2019.01.29-21.53.05:289][  0]LogD3D11RHI:   Driver Version: Unknown (internal:Unknown, unified:Unknown)
[2019.01.29-21.53.05:289][  0]LogD3D11RHI:      Driver Date: Unknown
[2019.01.29-21.53.05:289][  0]LogRHI: Texture pool is 4236 MB (70% of 6052 MB)
[2019.01.29-21.53.05:374][  0]LogD3D11RHI: [Aftermath] Aftermath enabled and primed
[2019.01.29-21.53.05:374][  0]LogD3D11RHI: [Aftermath] Aftermath enabled and primed
[2019.01.29-21.53.05:374][  0]LogD3D11RHI: Async texture creation enabled
[2019.01.29-21.53.05:395][  0]LogD3D11RHI: GPU Timing Frequency: 1000.000000 (Debug: 2 2)
[2019.01.29-21.53.05:445][  0]LogShaderCompilers: Guid format shader working directory is -52 characters bigger than the processId version (../../../../../../Uni_Stuff/Year3/S2/GameplayMechanics/_Coursework/CMP302_Coursework/CMP302_Coursework/Intermediate/Shaders/WorkingDirectory/12736/).
[2019.01.29-21.53.05:445][  0]LogShaderCompilers: Cleaned the shader compiler working directory 'C:/Users/Roy George/AppData/Local/Temp/UnrealShaderWorkingDir/1F05652149B39D86A7CDB9ACC0CAD0B5/'.
[2019.01.29-21.53.05:755][  0]LogTemp: Display: Loaded TP AllDesktopTargetPlatform
[2019.01.29-21.53.05:777][  0]LogTemp: Display: Loaded TP MacClientTargetPlatform
[2019.01.29-21.53.05:798][  0]LogTemp: Display: Loaded TP MacNoEditorTargetPlatform
[2019.01.29-21.53.05:820][  0]LogTemp: Display: Loaded TP MacServerTargetPlatform
[2019.01.29-21.53.05:841][  0]LogTemp: Display: Loaded TP MacTargetPlatform
[2019.01.29-21.53.05:862][  0]LogTemp: Display: Loaded TP WindowsClientTargetPlatform
[2019.01.29-21.53.05:882][  0]LogTemp: Display: Loaded TP WindowsNoEditorTargetPlatform
[2019.01.29-21.53.05:903][  0]LogTemp: Display: Loaded TP WindowsServerTargetPlatform
[2019.01.29-21.53.05:918][  0]LogTemp: Display: Loaded TP WindowsTargetPlatform
[2019.01.29-21.53.05:937][  0]LogTemp: Display: Loaded TP Android_ASTCTargetPlatform
[2019.01.29-21.53.05:954][  0]LogTemp: Display: Loaded TP Android_ATCTargetPlatform
[2019.01.29-21.53.05:971][  0]LogTemp: Display: Loaded TP Android_DXTTargetPlatform
[2019.01.29-21.53.05:989][  0]LogTemp: Display: Loaded TP Android_ETC1aTargetPlatform
[2019.01.29-21.53.06:006][  0]LogTemp: Display: Loaded TP Android_ETC1TargetPlatform
[2019.01.29-21.53.06:023][  0]LogTemp: Display: Loaded TP Android_ETC2TargetPlatform
[2019.01.29-21.53.06:059][  0]LogTemp: Display: Loaded TP Android_MultiTargetPlatform
[2019.01.29-21.53.06:059][  0]LogTemp: Display: Loaded TP Android_PVRTCTargetPlatform
[2019.01.29-21.53.06:077][  0]LogTemp: Display: Loaded TP AndroidTargetPlatform
[2019.01.29-21.53.06:079][  0]LogTemp: Display: Loaded TP HTML5TargetPlatform
[2019.01.29-21.53.06:125][  0]LogTemp: Display: Loaded TP IOSTargetPlatform
[2019.01.29-21.53.06:144][  0]LogTemp: Display: Loaded TP TVOSTargetPlatform
[2019.01.29-21.53.06:159][  0]LogTemp: Display: Loaded TP LinuxClientTargetPlatform
[2019.01.29-21.53.06:173][  0]LogTemp: Display: Loaded TP LinuxNoEditorTargetPlatform
[2019.01.29-21.53.06:188][  0]LogTemp: Display: Loaded TP LinuxServerTargetPlatform
[2019.01.29-21.53.06:203][  0]LogTemp: Display: Loaded TP LinuxTargetPlatform
[2019.01.29-21.53.06:203][  0]LogTargetPlatformManager: Display: Building Assets For Windows
[2019.01.29-21.53.06:495][  0]LogXGEController: Cannot use XGE Controller as Incredibuild is not installed on this machine.
[2019.01.29-21.53.06:495][  0]LogShaderCompilers: Cannot use XGE Shader Compiler as Incredibuild is not installed on this machine.
[2019.01.29-21.53.06:495][  0]LogShaderCompilers: Display: Using Local Shader Compiler.
[2019.01.29-21.53.07:464][  0]LogDerivedDataCache: Display: Max Cache Size: 512 MB
[2019.01.29-21.53.07:563][  0]LogDerivedDataCache: Loaded boot cache 0.10s 74MB C:/Users/Roy George/AppData/Local/UnrealEngine/4.19/DerivedDataCache/Boot.ddc.
[2019.01.29-21.53.07:563][  0]LogDerivedDataCache: Display: Loaded Boot cache: C:/Users/Roy George/AppData/Local/UnrealEngine/4.19/DerivedDataCache/Boot.ddc
[2019.01.29-21.53.07:563][  0]LogDerivedDataCache: FDerivedDataBackendGraph:  Pak pak cache file ../../../../../../Uni_Stuff/Year3/S2/GameplayMechanics/_Coursework/CMP302_Coursework/CMP302_Coursework/DerivedDataCache/DDC.ddp not found, will not use a pak cache.
[2019.01.29-21.53.07:563][  0]LogDerivedDataCache: Unable to find inner node Pak for hierarchical cache Hierarchy.
[2019.01.29-21.53.07:564][  0]LogDerivedDataCache: FDerivedDataBackendGraph:  CompressedPak pak cache file ../../../../../../Uni_Stuff/Year3/S2/GameplayMechanics/_Coursework/CMP302_Coursework/CMP302_Coursework/DerivedDataCache/Compressed.ddp not found, will not use a pak cache.
[2019.01.29-21.53.07:564][  0]LogDerivedDataCache: Unable to find inner node CompressedPak for hierarchical cache Hierarchy.
[2019.01.29-21.53.07:580][  0]LogDerivedDataCache: Display: Pak cache opened for reading ../../../Engine/DerivedDataCache/Compressed.ddp.
[2019.01.29-21.53.07:593][  0]LogDerivedDataCache: Using Local data cache path C:/Users/Roy George/AppData/Local/UnrealEngine/Common/DerivedDataCache: Writable
[2019.01.29-21.53.07:593][  0]LogDerivedDataCache: Shared data cache path not found in *engine.ini, will not use an Shared cache.
[2019.01.29-21.53.07:593][  0]LogDerivedDataCache: Unable to find inner node Shared for hierarchical cache Hierarchy.
[2019.01.29-21.53.07:606][  0]LogMaterial: Verifying Global Shaders for PCD3D_SM5
[2019.01.29-21.53.07:606][  0]LogSlate: Using Freetype 2.6.0
[2019.01.29-21.53.07:607][  0]LogSlate: SlateFontCache - WITH_FREETYPE: 1, WITH_HARFBUZZ: 1
[2019.01.29-21.53.07:607][  0]LogSlate: SlateFontCache - WITH_FREETYPE: 1, WITH_HARFBUZZ: 1
[2019.01.29-21.53.07:805][  0]LogAssetRegistry: FAssetRegistry took 0.0268 seconds to start up
[2019.01.29-21.53.08:234][  0]LogInit: Selected Device Profile: [Windows]
[2019.01.29-21.53.08:474][  0]LogSimplygon: Simplygon DLL not present - disabling.
[2019.01.29-21.53.08:486][  0]LogMeshReduction: Using SimplygonSwarm for distributed automatic mesh merging
[2019.01.29-21.53.08:486][  0]LogMeshReduction: Using QuadricMeshReduction for automatic static mesh reduction
[2019.01.29-21.53.08:486][  0]LogMeshReduction: No automatic skeletal mesh reduction module available
[2019.01.29-21.53.08:486][  0]LogMeshReduction: No automatic mesh merging module available
[2019.01.29-21.53.08:486][  0]LogMeshMerging: No automatic mesh merging module available
[2019.01.29-21.53.08:550][  0]LogNetVersion: CMP302_Coursework , NetCL: 3944462, EngineNetVer: 2, GameNetVer: 0 (Checksum: 4167878247)
[2019.01.29-21.53.09:221][  0]LogPackageLocalizationCache: Processed 9 localized package path(s) for 2 prioritized culture(s) in 0.106872 seconds
[2019.01.29-21.53.09:227][  0]LogUObjectArray: 36728 objects as part of root set at end of initial load.
[2019.01.29-21.53.09:227][  0]LogUObjectAllocator: 7314304 out of 0 bytes used by permanent object pool.
[2019.01.29-21.53.09:227][  0]LogUObjectArray: CloseDisregardForGC: 0/0 objects in disregard for GC pool
[2019.01.29-21.53.11:622][  0]LogTcpMessaging: Initializing TcpMessaging bridge
[2019.01.29-21.53.11:681][  0]LogUdpMessaging: Initializing bridge on interface 0.0.0.0:0 to multicast group 230.0.0.1:6666.
[2019.01.29-21.53.12:473][  0]SourceControl: Source control is disabled
[2019.01.29-21.53.12:473][  0]SourceControl: Source control is disabled
[2019.01.29-21.53.12:521][  0]SourceControl: Source control is disabled
[2019.01.29-21.53.12:572][  0]SourceControl: Source control is disabled
[2019.01.29-21.53.13:710][  0]LogAndroidPermission: UAndroidPermissionCallbackProxy::GetInstance
[2019.01.29-21.53.14:114][  0]LogOcInput: OculusInput pre-init called
[2019.01.29-21.53.14:332][  0]LogEngine: Initializing Engine...
[2019.01.29-21.53.14:339][  0]LogHMD: Failed to initialize OpenVR with code 105
[2019.01.29-21.53.14:340][  0]LogStats: UGameplayTagsManager::ConstructGameplayTagTree: Construct from data asset -  0.000 s
[2019.01.29-21.53.14:340][  0]LogStats: UGameplayTagsManager::ConstructGameplayTagTree: GameplayTagTreeChangedEvent.Broadcast -  0.000 s
[2019.01.29-21.53.14:698][  0]LogAIModule: Creating AISystem for world Untitled
[2019.01.29-21.53.14:732][  0]LogInit: XAudio2 using 'Speakers (VIA HD Audio)' : 2 channels at 48 kHz using 32 bits per sample (channel mask 0x3)
[2019.01.29-21.53.14:745][  0]LogInit: FAudioDevice initialized.
[2019.01.29-21.53.14:807][  0]LogDerivedDataCache: Saved boot cache 0.06s 74MB C:/Users/Roy George/AppData/Local/UnrealEngine/4.19/DerivedDataCache/Boot.ddc.
[2019.01.29-21.53.14:831][  0]LogInit: Texture streaming: Enabled
[2019.01.29-21.53.14:880][  0]LogEngineSessionManager: EngineSessionManager initialized
[2019.01.29-21.53.14:911][  0]LogInit: Transaction tracking system initialized
[2019.01.29-21.53.14:981][  0]BlueprintLog: New page: Editor Load
[2019.01.29-21.53.15:187][  0]LocalizationService: Localization service is disabled
[2019.01.29-21.53.15:415][  0]LogConsoleResponse: Display: 
[2019.01.29-21.53.15:589][  0]LogCook: Display: Max memory allowance for cook 16384mb min free memory 0mb
[2019.01.29-21.53.15:589][  0]LogCook: Display: Mobile HDR setting 1
[2019.01.29-21.53.15:589][  0]LogGameplayTags: Display: UGameplayTagsManager::DoneAddingNativeTags. DelegateIsBound: 0
[2019.01.29-21.53.15:589][  0]LogStats: UGameplayTagsManager::ConstructGameplayTagTree: Construct from data asset -  0.000 s
[2019.01.29-21.53.15:589][  0]LogStats: UGameplayTagsManager::ConstructGameplayTagTree: GameplayTagTreeChangedEvent.Broadcast -  0.000 s
[2019.01.29-21.53.15:758][  0]LogFileCache: Scanning file cache for directory 'C:/Uni_Stuff/Year3/S2/GameplayMechanics/_Coursework/CMP302_Coursework/CMP302_Coursework/Content/' took 0.01s
[2019.01.29-21.53.16:509][  0]SourceControl: Source control is disabled
[2019.01.29-21.53.16:509][  0]Cmd: MAP LOAD FILE="../../../Engine/Content/Maps/Templates/Template_Default.umap" TEMPLATE=1 SHOWPROGRESS=1 FEATURELEVEL=3
[2019.01.29-21.53.16:510][  0]LightingResults: New page: Lighting Build
[2019.01.29-21.53.16:518][  0]MapCheck: New page: Map Check
[2019.01.29-21.53.16:518][  0]LightingResults: New page: Lighting Build
[2019.01.29-21.53.16:757][  0]LogAIModule: Creating AISystem for world Untitled_1
[2019.01.29-21.53.16:767][  0]LogEditorServer: Finished looking for orphan Actors (0.000 secs)
[2019.01.29-21.53.16:779][  0]Cmd: MAP CHECKDEP NOCLEARLOG
[2019.01.29-21.53.16:871][  0]MapCheck: Map check complete: 0 Error(s), 0 Warning(s), took 92.358ms to complete.
[2019.01.29-21.53.16:871][  0]LogFileHelpers: Loading map 'Template_Default' took 0.362
[2019.01.29-21.53.17:032][  0]LogCollectionManager: Loaded 0 collections in 0.007157 seconds
[2019.01.29-21.53.17:115][  0]LogFileCache: Scanning file cache for directory 'C:/Uni_Stuff/Year3/S2/GameplayMechanics/_Coursework/CMP302_Coursework/CMP302_Coursework/Saved/Collections/' took 0.01s
[2019.01.29-21.53.17:115][  0]LogFileCache: Scanning file cache for directory 'C:/Uni_Stuff/Year3/S2/GameplayMechanics/_Coursework/CMP302_Coursework/CMP302_Coursework/Content/Developers/GavinGeorge/Collections/' took 0.01s
[2019.01.29-21.53.17:115][  0]LogFileCache: Scanning file cache for directory 'C:/Uni_Stuff/Year3/S2/GameplayMechanics/_Coursework/CMP302_Coursework/CMP302_Coursework/Content/Collections/' took 0.01s
[2019.01.29-21.53.17:115][  0]LogCollectionManager: Rebuilt the GUID cache for 0 collections in 0.000000 seconds
[2019.01.29-21.53.17:126][  0]LogContentBrowser: Native class hierarchy populated in 0.0110 seconds. Added 2452 classes and 558 folders.
[2019.01.29-21.53.17:148][  0]LogContentBrowser: Native class hierarchy updated for 'WidgetCarousel' in 0.0003 seconds. Added 0 classes and 0 folders.
[2019.01.29-21.53.17:407][  0]LogContentBrowser: Native class hierarchy updated for 'AddContentDialog' in 0.0003 seconds. Added 0 classes and 0 folders.
[2019.01.29-21.53.17:426][  0]LogContentBrowser: Native class hierarchy updated for 'SceneOutliner' in 0.0003 seconds. Added 1 classes and 2 folders.
[2019.01.29-21.53.17:457][  0]LogSlate: Took 0.000270 seconds to synchronously load lazily loaded font '../../../Engine/Content/Slate/Fonts/Roboto-Regular.ttf' (155K)
[2019.01.29-21.53.17:462][  0]LogSlate: Took 0.000438 seconds to synchronously load lazily loaded font '../../../Engine/Content/Slate/Fonts/Roboto-Bold.ttf' (160K)
[2019.01.29-21.53.17:472][  0]LogSlate: Took 0.002267 seconds to synchronously load lazily loaded font '../../../Engine/Content/Editor/Slate/Fonts/FontAwesome.ttf' (139K)
[2019.01.29-21.53.17:612][  0]LogRenderer: Reallocating scene render targets to support 916x576 Format 10 NumSamples 1 (Frame:1).
[2019.01.29-21.53.17:804][  0]LogContentBrowser: Native class hierarchy updated for 'HierarchicalLODOutliner' in 0.0003 seconds. Added 0 classes and 0 folders.
[2019.01.29-21.53.17:804][  0]LogLoad: (Engine Initialization) Total time: 18.78 seconds
[2019.01.29-21.53.17:804][  0]LogLoad: (Engine Initialization) Total Blueprint compile time: 0.00 seconds
[2019.01.29-21.53.17:813][  0]LogWindowsTextInputMethodSystem: Display: IME system now deactivated.
[2019.01.29-21.53.17:833][  0]LogContentStreaming: Texture pool size now 1000 MB
[2019.01.29-21.53.17:863][  0]LogSlate: Took 0.001988 seconds to synchronously load lazily loaded font '../../../Engine/Content/Slate/Fonts/Roboto-Light.ttf' (167K)
[2019.01.29-21.53.17:877][  1]LogAssetRegistry: Asset discovery search completed in 10.0945 seconds
[2019.01.29-21.53.17:879][  1]LogCollectionManager: Rebuilt the object cache for 0 collections in 0.000000 seconds (found 0 objects)
[2019.01.29-21.53.17:879][  1]LogCollectionManager: Fixed up redirectors for 0 collections in 0.000060 seconds (updated 0 objects)
[2019.01.29-21.53.21:011][341]LogSlate: FSceneViewport::OnFocusLost() reason 0
[2019.01.29-21.53.24:624][757]LogSlate: Took 0.000257 seconds to synchronously load lazily loaded font '../../../Engine/Content/Slate/Fonts/Roboto-Light.ttf' (167K)
[2019.01.29-21.53.24:635][757]LogAIModule: Creating AISystem for world CMP302_GM
[2019.01.29-21.53.24:650][757]Cmd: MAP LOAD FILE="../../../../../../Uni_Stuff/Year3/S2/GameplayMechanics/_Coursework/CMP302_Coursework/CMP302_Coursework/Content/Level/CMP302_GM.umap" TEMPLATE=0 SHOWPROGRESS=1 FEATURELEVEL=3
[2019.01.29-21.53.24:650][757]LightingResults: New page: Lighting Build
[2019.01.29-21.53.24:651][757]LoadErrors: New page: Loading map: CMP302_GM.umap
[2019.01.29-21.53.24:651][757]MapCheck: New page: Map Check
[2019.01.29-21.53.24:652][757]LightingResults: New page: Lighting Build
[2019.01.29-21.53.24:664][757]LogEditorServer: Finished looking for orphan Actors (0.000 secs)
[2019.01.29-21.53.24:702][757]Cmd: MAP CHECKDEP NOCLEARLOG
[2019.01.29-21.53.24:794][757]MapCheck: Map check complete: 0 Error(s), 0 Warning(s), took 92.267ms to complete.
[2019.01.29-21.53.24:794][757]LogFileHelpers: Loading map 'CMP302_GM' took 0.145
[2019.01.29-21.53.44:223][949]Cmd: MAP LOAD FILE="../../../../../../Uni_Stuff/Year3/S2/GameplayMechanics/_Coursework/CMP302_Coursework/CMP302_Coursework/Content/Level/CMP302_GM.umap" TEMPLATE=0 SHOWPROGRESS=1 FEATURELEVEL=3
[2019.01.29-21.53.44:223][949]LightingResults: New page: Lighting Build
[2019.01.29-21.53.44:224][949]LoadErrors: New page: Loading map: CMP302_GM.umap
[2019.01.29-21.53.44:224][949]MapCheck: New page: Map Check
[2019.01.29-21.53.44:224][949]LightingResults: New page: Lighting Build
[2019.01.29-21.53.44:239][949]LogAIModule: Creating AISystem for world CMP302_GM
[2019.01.29-21.53.44:240][949]LogEditorServer: Finished looking for orphan Actors (0.000 secs)
[2019.01.29-21.53.44:281][949]Cmd: MAP CHECKDEP NOCLEARLOG
[2019.01.29-21.53.44:375][949]MapCheck: Map check complete: 0 Error(s), 0 Warning(s), took 93.876ms to complete.
[2019.01.29-21.53.44:375][949]LogFileHelpers: Loading map 'CMP302_GM' took 0.154
[2019.01.29-21.53.55:730][134]LogSlate: Only BGRA pngs, bmps or icos are supported in by External Image Picker
[2019.01.29-21.53.55:888][135]LogTemp: Executing iPhonePackager certificates Engine -bundlename com.YourCompany.CMP302Coursework
[2019.01.29-21.53.55:888][135]LogTemp: CWD: C:\Program Files\Epic Games\UE_4.19\Engine\Binaries\DotNET\IOS
[2019.01.29-21.53.55:888][135]LogTemp: Initial Dir: C:\Program Files\Epic Games\UE_4.19
[2019.01.29-21.53.55:888][135]LogTemp: Env CWD: C:\Program Files\Epic Games\UE_4.19\Engine\Binaries\DotNET\IOS
[2019.01.29-21.53.55:888][135]LogTemp: BranchPath = GAV-PC/C/Program Files/Epic Games/UE_4.19/Engine/Binaries --- GameBranchPath = GAV-PC/C/Program Files/Epic Games/UE_4.19/Engine/Binaries
[2019.01.29-21.53.55:888][135]LogTemp: IPP ERROR: Could not find provision directory 'C:\Users\Roy George\AppData\Local/Apple Computer/MobileDevice/Provisioning Profiles/'.
[2019.01.29-21.55.41:433][850]LogSlate: Window 'Project Settings' being destroyed
[2019.01.29-21.55.41:436][850]LogSlate: Window 'Project Settings' being destroyed
[2019.01.29-21.55.42:864][985]LogSavePackage: Save=9.81ms
[2019.01.29-21.55.42:864][985]LogSavePackage: Moving '../../../../../../Uni_Stuff/Year3/S2/GameplayMechanics/_Coursework/CMP302_Coursework/CMP302_Coursework/Saved/CMP302_GM933B4B9C486374CB8BA02286909EEB29.tmp' to '../../../../../../Uni_Stuff/Year3/S2/GameplayMechanics/_Coursework/CMP302_Coursework/CMP302_Coursework/Content/Level/CMP302_GM.umap'
[2019.01.29-21.55.42:867][985]LogSavePackage: Display: Finished SavePackage ../../../../../../Uni_Stuff/Year3/S2/GameplayMechanics/_Coursework/CMP302_Coursework/CMP302_Coursework/Content/Level/CMP302_GM.umap
[2019.01.29-21.55.42:899][985]LogFileHelpers: Saving map 'CMP302_GM' took 0.157
[2019.01.29-21.56.13:829][560]LogSlate: FSceneViewport::OnFocusLost() reason 0
[2019.01.29-21.56.27:150][ 68]LogSlate: FSceneViewport::OnFocusLost() reason 0
[2019.01.29-21.56.36:970][169]LogSlate: FSceneViewport::OnFocusLost() reason 0
[2019.01.29-21.56.38:183][299]LogSlate: Took 0.002010 seconds to synchronously load lazily loaded font '../../../Engine/Content/Slate/Fonts/Roboto-Italic.ttf' (157K)
[2019.01.29-21.56.39:351][431]LogSlate: FSceneViewport::OnFocusLost() reason 0
[2019.01.29-21.56.50:243][667]LogSlate: FSceneViewport::OnFocusLost() reason 0
[2019.01.29-21.56.55:368][255]LogEditorViewport: Clicking Background
[2019.01.29-21.56.58:206][580]LogSlate: FSceneViewport::OnFocusLost() reason 0
[2019.01.29-21.57.11:829][120]LogSlate: FSceneViewport::OnFocusLost() reason 0
[2019.01.29-21.57.34:100][570]LogSlate: FSceneViewport::OnFocusLost() reason 0
[2019.01.29-21.57.44:453][728]LogSlate: FSceneViewport::OnFocusLost() reason 0
[2019.01.29-21.57.56:183][ 24]LogSlate: FSceneViewport::OnFocusLost() reason 0
[2019.01.29-21.58.04:989][ 23]LogSlate: FSceneViewport::OnFocusLost() reason 0
[2019.01.29-21.58.12:329][858]LogSlate: FSceneViewport::OnFocusLost() reason 0
[2019.01.29-21.58.17:932][500]LogSlate: FSceneViewport::OnFocusLost() reason 0
[2019.01.29-21.58.23:450][134]LogEditorViewport: Clicking Background
[2019.01.29-21.58.25:306][348]LogEditorViewport: Clicking on Actor (LMB): CameraActor (CameraActor)
[2019.01.29-21.58.27:262][556]LogSlate: FSceneViewport::OnFocusLost() reason 2
[2019.01.29-21.58.27:310][556]LogSavePackage: Save=14.88ms
[2019.01.29-21.58.27:311][556]LogSavePackage: Moving '../../../../../../Uni_Stuff/Year3/S2/GameplayMechanics/_Coursework/CMP302_Coursework/CMP302_Coursework/Saved/CMP302_GMD6BD39344467DA08FFFF5FBC4E9AE9BD.tmp' to '../../../../../../Uni_Stuff/Year3/S2/GameplayMechanics/_Coursework/CMP302_Coursework/CMP302_Coursework/Content/Level/CMP302_GM.umap'
[2019.01.29-21.58.27:318][556]LogSavePackage: Display: Finished SavePackage ../../../../../../Uni_Stuff/Year3/S2/GameplayMechanics/_Coursework/CMP302_Coursework/CMP302_Coursework/Content/Level/CMP302_GM.umap
[2019.01.29-21.58.38:538][845]Cmd: BRUSH ADD SELECTNEWBRUSH
[2019.01.29-21.58.40:174][ 26]LogSlate: FSceneViewport::OnFocusLost() reason 0
[2019.01.29-21.59.07:557][ 75]LogSlate: FSceneViewport::OnFocusLost() reason 0
[2019.01.29-21.59.23:384][764]LogEditorViewport: Clicking on Actor (LMB): CameraActor (CameraActor)
[2019.01.29-21.59.24:857][911]LogSlate: FSceneViewport::OnFocusLost() reason 0
[2019.01.29-21.59.32:695][745]LogSlate: FSceneViewport::OnFocusLost() reason 0
[2019.01.29-21.59.39:800][509]LogSlate: FSceneViewport::OnFocusLost() reason 0
[2019.01.29-21.59.51:765][882]LogSlate: FSceneViewport::OnFocusLost() reason 0
[2019.01.29-21.59.55:952][358]LogEditorViewport: Clicking Background
[2019.01.29-21.59.59:006][709]Cmd: EDCALLBACK SURFPROPS
[2019.01.29-22.00.00:058][828]LogSlate: FSceneViewport::OnFocusLost() reason 0
[2019.01.29-22.00.46:750][574]LogSavePackage: Save=23.63ms
[2019.01.29-22.00.46:750][574]LogSavePackage: Moving '../../../../../../Uni_Stuff/Year3/S2/GameplayMechanics/_Coursework/CMP302_Coursework/CMP302_Coursework/Saved/CMP302_GM5BDAC3E34498F49CABA7E18DAD1C34F7.tmp' to '../../../../../../Uni_Stuff/Year3/S2/GameplayMechanics/_Coursework/CMP302_Coursework/CMP302_Coursework/Content/Level/CMP302_GM.umap'
[2019.01.29-22.00.46:754][574]LogSavePackage: Display: Finished SavePackage ../../../../../../Uni_Stuff/Year3/S2/GameplayMechanics/_Coursework/CMP302_Coursework/CMP302_Coursework/Content/Level/CMP302_GM.umap
[2019.01.29-22.15.55:326][135]LogEditorViewport: Clicking on Actor (LMB): CameraActor (CameraActor)
[2019.01.29-22.15.56:836][285]LogSlate: FSceneViewport::OnFocusLost() reason 0
[2019.01.29-22.16.32:879][199]LogSlate: Window 'Select Path' being destroyed
[2019.01.29-22.16.33:474][199]LogContentBrowser: Native class hierarchy updated for 'BlueprintGraph' in 0.0007 seconds. Added 116 classes and 0 folders.
[2019.01.29-22.16.33:884][199]LogUObjectGlobals: Created PersistentFrame Addr=0x000002393306c828, Size=4, Default__SKEL_PROTO_BP_AnimBlueprint_0_C Function /Engine/Transient.SKEL_PROTO_BP_AnimBlueprint_0_C:ExecuteUbergraph_PROTO_BP_AnimBlueprint_0
[2019.01.29-22.16.33:885][199]LogUObjectGlobals: Created PersistentFrame Addr=0x000002393306c820, Size=4, Default__PROTO_BP_AnimBlueprint_0_C Function /Engine/Transient.PROTO_BP_AnimBlueprint_0_C:ExecuteUbergraph_PROTO_BP_AnimBlueprint_0
[2019.01.29-22.16.37:519][316]LogRenderer: Reallocating scene render targets to support 1144x900 Format 10 NumSamples 1 (Frame:102).
[2019.01.29-22.16.37:742][341]LogSlate: Window 'RTS_Camera_Blueprint*' being destroyed
[2019.01.29-22.16.49:910][743]LogSlate: FSceneViewport::OnFocusLost() reason 0
[2019.01.29-22.16.49:914][743]LogSlate: Took 0.002339 seconds to synchronously load lazily loaded font '../../../Engine/Content/Slate/Fonts/Roboto-BoldCondensed.ttf' (158K)
[2019.01.29-22.18.09:179][774]LogSavePackage: Save=19.54ms
[2019.01.29-22.18.09:179][774]LogSavePackage: Moving '../../../../../../Uni_Stuff/Year3/S2/GameplayMechanics/_Coursework/CMP302_Coursework/CMP302_Coursework/Saved/CMP302_GM_Auto18AB5F6CB46C9FF318B518CA654332C01.tmp' to '../../../../../../Uni_Stuff/Year3/S2/GameplayMechanics/_Coursework/CMP302_Coursework/CMP302_Coursework/Saved/Autosaves/Game/Level/CMP302_GM_Auto1.umap'
[2019.01.29-22.18.09:181][774]LogSavePackage: Display: Finished SavePackage ../../../../../../Uni_Stuff/Year3/S2/GameplayMechanics/_Coursework/CMP302_Coursework/CMP302_Coursework/Saved/Autosaves/Game/Level/CMP302_GM_Auto1.umap
[2019.01.29-22.18.09:184][774]LogFileHelpers: Editor autosave (incl. sublevels) for '/Game/Level/CMP302_GM' took 0.070
[2019.01.29-22.18.09:184][774]LogFileHelpers: Editor autosave (incl. sublevels) for all levels took 0.070
[2019.01.29-22.18.09:187][774]OBJ SavePackage: Generating thumbnails for [0] asset(s) in package [/Game/Blueprints/RTS_Camera_Blueprint] ([1] browsable assets)...
[2019.01.29-22.18.09:187][774]OBJ SavePackage: Finished generating thumbnails for package [/Game/Blueprints/RTS_Camera_Blueprint]
[2019.01.29-22.18.09:204][774]LogSavePackage: Save=14.98ms
[2019.01.29-22.18.09:204][774]LogSavePackage: Moving '../../../../../../Uni_Stuff/Year3/S2/GameplayMechanics/_Coursework/CMP302_Coursework/CMP302_Coursework/Saved/RTS_Camera_Blueprint_Auto1D0B9ECF44D6196AB2D788FBE13D0B415.tmp' to '../../../../../../Uni_Stuff/Year3/S2/GameplayMechanics/_Coursework/CMP302_Coursework/CMP302_Coursework/Saved/Autosaves/Game/Blueprints/RTS_Camera_Blueprint_Auto1.uasset'
[2019.01.29-22.18.09:206][774]LogSavePackage: Display: Finished SavePackage ../../../../../../Uni_Stuff/Year3/S2/GameplayMechanics/_Coursework/CMP302_Coursework/CMP302_Coursework/Saved/Autosaves/Game/Blueprints/RTS_Camera_Blueprint_Auto1.uasset
[2019.01.29-22.18.09:206][774]LogFileHelpers: Auto-saving content packages took 0.021
[2019.01.29-22.18.54:602][630]LogUObjectGlobals: Created PersistentFrame Addr=0x000002398d1a0d18, Size=4, Default__SKEL_CMP302_GM_C Function /Game/Level/CMP302_GM.SKEL_CMP302_GM_C:ExecuteUbergraph_CMP302_GM
[2019.01.29-22.19.41:929][927]LogTemp: Repeating last play command: Selected Viewport
[2019.01.29-22.19.42:026][927]LogBlueprintUserMessages: Early PlayInEditor Detection: Level '/Game/Level/CMP302_GM.CMP302_GM:PersistentLevel' has LevelScriptBlueprint '/Game/Level/CMP302_GM.CMP302_GM:PersistentLevel.CMP302_GM' with GeneratedClass '/Game/Level/CMP302_GM.CMP302_GM_C' with ClassGeneratedBy '/Game/Level/CMP302_GM.CMP302_GM:PersistentLevel.CMP302_GM'
[2019.01.29-22.19.42:029][927]BlueprintLog: New page: Pre-Play auto-recompile
[2019.01.29-22.19.42:031][927]LogUObjectGlobals: Destroyed PersistentFrame Addr=0x000002398d1a0d18, Size=4
[2019.01.29-22.19.42:031][927]LogUObjectGlobals: Created PersistentFrame Addr=0x0000023998ca00b8, Size=4, Default__SKEL_CMP302_GM_C Function /Engine/Transient.REINST_SKEL_CMP302_GM_C_37:ExecuteUbergraph_CMP302_GM
[2019.01.29-22.19.42:031][927]LogPlayLevel: [PlayLevel] Compiling CMP302_GM before play...
[2019.01.29-22.19.42:039][927]LogBlueprint: Error: [Compiler PersistentLevel.CMP302_GM] This blueprint (self) is not a PlayerController, therefore ' Target ' must have a connection.
[2019.01.29-22.19.42:040][927]LogUObjectGlobals: Created PersistentFrame Addr=0x000002394e134ea0, Size=4, Default__CMP302_GM_C Function /Game/Level/CMP302_GM.CMP302_GM_C:ExecuteUbergraph_CMP302_GM
[2019.01.29-22.19.42:040][927]LogBlueprint: Warning: [Compiler PersistentLevel.CMP302_GM] [1603.02] Compile of PersistentLevel.CMP302_GM failed. 1 Fatal Issue(s) 0 Warning(s) [in 9 ms] (/Game/Level/CMP302_GM.CMP302_GM:PersistentLevel.CMP302_GM)
[2019.01.29-22.19.42:069][927]LogUObjectGlobals: Destroyed PersistentFrame Addr=0x0000023998ca00b8, Size=4
[2019.01.29-22.19.42:070][927]LogPlayLevel: PlayLevel: Blueprint regeneration took 41 ms (1 blueprints)
[2019.01.29-22.19.42:070][927]BlueprintLog: Blueprint CMP302_GM failed to compile
[2019.01.29-22.19.44:642][927]LogSlate: Window 'Message' being destroyed
[2019.01.29-22.20.29:460][ 10]LogSlate: FSceneViewport::OnFocusLost() reason 0
[2019.01.29-22.20.32:138][309]LogEditorViewport: Clicking Background
[2019.01.29-22.20.35:802][729]LogSlate: FSceneViewport::OnFocusLost() reason 0
[2019.01.29-22.22.02:478][819]LogSlate: Window 'Select Path' being destroyed
[2019.01.29-22.22.08:840][510]LogSlate: FSceneViewport::OnFocusLost() reason 2
[2019.01.29-22.22.12:031][873]LogSlate: FSceneViewport::OnFocusLost() reason 2
[2019.01.29-22.22.15:196][222]LogSlate: FSceneViewport::OnFocusLost() reason 2
[2019.01.29-22.22.49:069][945]LogSlate: Window 'Message' being destroyed
[2019.01.29-22.22.49:073][945]LogEditorActor: Deleted Actor: RTS_Camera_Blueprint_C
[2019.01.29-22.22.49:095][945]LogEditorActor: Deleted 1 Actors (1.242 secs)
[2019.01.29-22.22.55:336][221]LogSlate: Window 'Delete Assets' being destroyed
[2019.01.29-22.23.06:264][ 77]LogSlate: Window 'Delete Assets' being destroyed
[2019.01.29-22.23.25:997][355]LogSlate: Window 'Delete Assets' being destroyed
[2019.01.29-22.23.29:163][706]LogUObjectGlobals: Destroyed PersistentFrame Addr=0x000002394e134ea0, Size=4
[2019.01.29-22.23.29:163][706]LogUObjectGlobals: Created PersistentFrame Addr=0x0000023972cd5620, Size=4, Default__CMP302_GM_C Function /Engine/Transient.REINST_CMP302_GM_C_51:ExecuteUbergraph_CMP302_GM
[2019.01.29-22.23.29:164][706]LogBlueprint: Error: [Compiler PersistentLevel.CMP302_GM] This blueprint (self) is not a PlayerController, therefore ' Target ' must have a connection.
[2019.01.29-22.23.29:165][706]LogBlueprint: Warning: [Compiler PersistentLevel.CMP302_GM] Node  Unknown  is not referencing a valid level actor
[2019.01.29-22.23.29:165][706]LogUObjectGlobals: Created PersistentFrame Addr=0x0000023972cd5688, Size=4, Default__CMP302_GM_C Function /Game/Level/CMP302_GM.CMP302_GM_C:ExecuteUbergraph_CMP302_GM
[2019.01.29-22.23.29:165][706]LogBlueprint: Warning: [Compiler PersistentLevel.CMP302_GM] [1830.14] Compile of PersistentLevel.CMP302_GM failed. 1 Fatal Issue(s) 1 Warning(s) [in 3 ms] (/Game/Level/CMP302_GM.CMP302_GM:PersistentLevel.CMP302_GM)
[2019.01.29-22.23.29:301][706]LogSavePackage: Save=141.51ms
[2019.01.29-22.23.29:301][706]LogSavePackage: Moving '../../../../../../Uni_Stuff/Year3/S2/GameplayMechanics/_Coursework/CMP302_Coursework/CMP302_Coursework/Saved/CMP302_GMA78A25494268FC509151DFAE5C9B6B64.tmp' to '../../../../../../Uni_Stuff/Year3/S2/GameplayMechanics/_Coursework/CMP302_Coursework/CMP302_Coursework/Content/Level/CMP302_GM.umap'
[2019.01.29-22.23.29:309][706]LogSavePackage: Display: Finished SavePackage ../../../../../../Uni_Stuff/Year3/S2/GameplayMechanics/_Coursework/CMP302_Coursework/CMP302_Coursework/Content/Level/CMP302_GM.umap
[2019.01.29-22.23.36:080][481]LogSlate: FSceneViewport::OnFocusLost() reason 0
[2019.01.29-22.23.47:915][816]LogUObjectGlobals: Created PersistentFrame Addr=0x00000239716a8fb8, Size=4, Default__SKEL_CMP302_GM_C Function /Game/Level/CMP302_GM.SKEL_CMP302_GM_C:ExecuteUbergraph_CMP302_GM
[2019.01.29-22.23.52:680][343]LogUObjectGlobals: Destroyed PersistentFrame Addr=0x0000023972cd5620, Size=4
[2019.01.29-22.23.58:795][343]LogSlate: Window 'Delete Assets' being destroyed
[2019.01.29-22.24.06:951][273]LogUObjectGlobals: Destroyed PersistentFrame Addr=0x00000239716a8fb8, Size=4
[2019.01.29-22.24.06:951][273]LogUObjectGlobals: Created PersistentFrame Addr=0x0000023971a07c68, Size=4, Default__SKEL_CMP302_GM_C Function /Engine/Transient.REINST_SKEL_CMP302_GM_C_55:ExecuteUbergraph_CMP302_GM
[2019.01.29-22.24.06:952][273]LogUObjectGlobals: Destroyed PersistentFrame Addr=0x0000023972cd5688, Size=4
[2019.01.29-22.24.06:952][273]LogUObjectGlobals: Created PersistentFrame Addr=0x0000023971a07c80, Size=4, Default__CMP302_GM_C Function /Engine/Transient.REINST_CMP302_GM_C_57:ExecuteUbergraph_CMP302_GM
[2019.01.29-22.24.06:953][273]LogUObjectGlobals: Created PersistentFrame Addr=0x0000023971a07cb0, Size=4, Default__CMP302_GM_C Function /Game/Level/CMP302_GM.CMP302_GM_C:ExecuteUbergraph_CMP302_GM
[2019.01.29-22.24.07:062][273]LogSavePackage: Save=112.11ms
[2019.01.29-22.24.07:062][273]LogSavePackage: Moving '../../../../../../Uni_Stuff/Year3/S2/GameplayMechanics/_Coursework/CMP302_Coursework/CMP302_Coursework/Saved/CMP302_GM74FEB94E448E1E9B945B5CA03703F403.tmp' to '../../../../../../Uni_Stuff/Year3/S2/GameplayMechanics/_Coursework/CMP302_Coursework/CMP302_Coursework/Content/Level/CMP302_GM.umap'
[2019.01.29-22.24.07:067][273]LogSavePackage: Display: Finished SavePackage ../../../../../../Uni_Stuff/Year3/S2/GameplayMechanics/_Coursework/CMP302_Coursework/CMP302_Coursework/Content/Level/CMP302_GM.umap
[2019.01.29-22.24.07:097][273]LogFileHelpers: Saving map 'CMP302_GM' took 0.282
[2019.01.29-22.24.11:460][750]LogUObjectGlobals: Destroyed PersistentFrame Addr=0x0000023971a07c68, Size=4
[2019.01.29-22.24.11:460][750]LogUObjectGlobals: Destroyed PersistentFrame Addr=0x0000023971a07c80, Size=4
[2019.01.29-22.24.14:299][750]LogSlate: Window 'Delete Assets' being destroyed
[2019.01.29-22.24.15:744][897]LogUObjectGlobals: Destroyed PersistentFrame Addr=0x0000023971a07cb0, Size=4
[2019.01.29-22.24.15:744][897]LogUObjectGlobals: Created PersistentFrame Addr=0x0000023971d2bef0, Size=4, Default__CMP302_GM_C Function /Engine/Transient.REINST_CMP302_GM_C_61:ExecuteUbergraph_CMP302_GM
[2019.01.29-22.24.15:744][897]LogUObjectGlobals: Created PersistentFrame Addr=0x0000023971d2bf50, Size=4, Default__CMP302_GM_C Function /Game/Level/CMP302_GM.CMP302_GM_C:ExecuteUbergraph_CMP302_GM
[2019.01.29-22.24.15:851][897]LogSavePackage: Save=109.37ms
[2019.01.29-22.24.15:851][897]LogSavePackage: Moving '../../../../../../Uni_Stuff/Year3/S2/GameplayMechanics/_Coursework/CMP302_Coursework/CMP302_Coursework/Saved/CMP302_GM95E3FAEA44577038CD5FF5A9839C9A55.tmp' to '../../../../../../Uni_Stuff/Year3/S2/GameplayMechanics/_Coursework/CMP302_Coursework/CMP302_Coursework/Content/Level/CMP302_GM.umap'
[2019.01.29-22.24.15:859][897]LogSavePackage: Display: Finished SavePackage ../../../../../../Uni_Stuff/Year3/S2/GameplayMechanics/_Coursework/CMP302_Coursework/CMP302_Coursework/Content/Level/CMP302_GM.umap
[2019.01.29-22.24.54:188][214]LogSlate: FSceneViewport::OnFocusLost() reason 0
[2019.01.29-22.25.00:260][890]LogSlate: FSceneViewport::OnFocusLost() reason 0
[2019.01.29-22.25.05:221][452]LogUObjectGlobals: Destroyed PersistentFrame Addr=0x0000023971d2bef0, Size=4
[2019.01.29-22.25.05:225][452]LogUObjectGlobals: Destroyed PersistentFrame Addr=0x0000023971d2bf50, Size=4
[2019.01.29-22.25.05:225][452]LogUObjectGlobals: Created PersistentFrame Addr=0x00000239705c83e0, Size=4, Default__CMP302_GM_C Function /Engine/Transient.REINST_CMP302_GM_C_65:ExecuteUbergraph_CMP302_GM
[2019.01.29-22.25.05:226][452]LogUObjectGlobals: Created PersistentFrame Addr=0x00000239705c92f8, Size=4, Default__CMP302_GM_C Function /Game/Level/CMP302_GM.CMP302_GM_C:ExecuteUbergraph_CMP302_GM
[2019.01.29-22.25.05:334][452]LogSavePackage: Save=110.13ms
[2019.01.29-22.25.05:334][452]LogSavePackage: Moving '../../../../../../Uni_Stuff/Year3/S2/GameplayMechanics/_Coursework/CMP302_Coursework/CMP302_Coursework/Saved/CMP302_GMD281852F431013EDF822A7962F23C9D7.tmp' to '../../../../../../Uni_Stuff/Year3/S2/GameplayMechanics/_Coursework/CMP302_Coursework/CMP302_Coursework/Content/Level/CMP302_GM.umap'
[2019.01.29-22.25.05:339][452]LogSavePackage: Display: Finished SavePackage ../../../../../../Uni_Stuff/Year3/S2/GameplayMechanics/_Coursework/CMP302_Coursework/CMP302_Coursework/Content/Level/CMP302_GM.umap
[2019.01.29-22.25.12:573][239]LogEditorViewport: Clicking Background
[2019.01.29-22.25.14:438][449]LogSlate: FSceneViewport::OnFocusLost() reason 2
[2019.01.29-22.25.14:467][449]LogUObjectGlobals: Destroyed PersistentFrame Addr=0x00000239705c83e0, Size=4
[2019.01.29-22.25.14:471][449]LogUObjectGlobals: Destroyed PersistentFrame Addr=0x00000239705c92f8, Size=4
[2019.01.29-22.25.14:471][449]LogUObjectGlobals: Created PersistentFrame Addr=0x00000239705c92f8, Size=4, Default__CMP302_GM_C Function /Engine/Transient.REINST_CMP302_GM_C_69:ExecuteUbergraph_CMP302_GM
[2019.01.29-22.25.14:472][449]LogUObjectGlobals: Created PersistentFrame Addr=0x00000239705cbc48, Size=4, Default__CMP302_GM_C Function /Game/Level/CMP302_GM.CMP302_GM_C:ExecuteUbergraph_CMP302_GM
[2019.01.29-22.25.14:576][449]LogSavePackage: Save=106.96ms
[2019.01.29-22.25.14:576][449]LogSavePackage: Moving '../../../../../../Uni_Stuff/Year3/S2/GameplayMechanics/_Coursework/CMP302_Coursework/CMP302_Coursework/Saved/CMP302_GM711533B3493AC50C56E7B2BE016D5B77.tmp' to '../../../../../../Uni_Stuff/Year3/S2/GameplayMechanics/_Coursework/CMP302_Coursework/CMP302_Coursework/Content/Level/CMP302_GM.umap'
[2019.01.29-22.25.14:581][449]LogSavePackage: Display: Finished SavePackage ../../../../../../Uni_Stuff/Year3/S2/GameplayMechanics/_Coursework/CMP302_Coursework/CMP302_Coursework/Content/Level/CMP302_GM.umap
[2019.01.29-22.25.17:143][738]LogSavePackage: Save=14.91ms
[2019.01.29-22.25.17:143][738]LogSavePackage: Moving '../../../../../../Uni_Stuff/Year3/S2/GameplayMechanics/_Coursework/CMP302_Coursework/CMP302_Coursework/Saved/PlayerCam_Blueprint4813404C469156FE273AF6A8A04E5CE0.tmp' to '../../../../../../Uni_Stuff/Year3/S2/GameplayMechanics/_Coursework/CMP302_Coursework/CMP302_Coursework/Content/Blueprints/PlayerCam_Blueprint.uasset'
[2019.01.29-22.25.17:147][738]LogSavePackage: Display: Finished SavePackage ../../../../../../Uni_Stuff/Year3/S2/GameplayMechanics/_Coursework/CMP302_Coursework/CMP302_Coursework/Content/Blueprints/PlayerCam_Blueprint.uasset
[2019.01.29-22.25.21:190][ 19]LogUObjectGlobals: Destroyed PersistentFrame Addr=0x00000239705c92f8, Size=4
[2019.01.29-22.25.21:392][ 19]LogActorComponent: UnregisterComponent: (/Engine/Transient.EditorFloorComp) Not registered. Aborting.
[2019.01.29-22.25.21:459][ 19]LogSlate: Window 'CMP302_Coursework - Unreal Editor' being destroyed
[2019.01.29-22.25.21:757][ 20]Cmd: QUIT_EDITOR
[2019.01.29-22.25.21:820][ 20]LogWindowsTextInputMethodSystem: Display: IME system now deactivated.
[2019.01.29-22.25.21:837][ 20]LogSlate: Slate User Destroyed.  User Index 0, Is Virtual User: 0
[2019.01.29-22.25.21:838][ 20]LogExit: Preparing to exit.
[2019.01.29-22.25.22:194][ 20]LogDirectoryWatcher: A directory notification for 'C:/Uni_Stuff/Year3/S2/GameplayMechanics/_Coursework/CMP302_Coursework/CMP302_Coursework/Content/' was aborted.
[2019.01.29-22.25.22:255][ 20]LogExit: Editor shut down
[2019.01.29-22.25.22:304][ 20]LogExit: Transaction tracking system shut down
[2019.01.29-22.25.22:308][ 20]LogUObjectGlobals: Destroyed PersistentFrame Addr=0x00000239705cbc48, Size=4
[2019.01.29-22.25.22:310][ 20]LogUObjectGlobals: Destroyed PersistentFrame Addr=0x000002393306c828, Size=4
[2019.01.29-22.25.22:310][ 20]LogUObjectGlobals: Destroyed PersistentFrame Addr=0x000002393306c820, Size=4
[2019.01.29-22.25.22:457][ 20]LogDirectoryWatcher: A directory notification for '../../../Engine/Content/' was aborted.
[2019.01.29-22.25.22:457][ 20]LogDirectoryWatcher: A directory notification for '../../../../../../Uni_Stuff/Year3/S2/GameplayMechanics/_Coursework/CMP302_Coursework/CMP302_Coursework/Content/' was aborted.
[2019.01.29-22.25.22:457][ 20]LogDirectoryWatcher: A directory notification for '../../Plugins/2D/Paper2D/Content/' was aborted.
[2019.01.29-22.25.22:457][ 20]LogDirectoryWatcher: A directory notification for '../../Plugins/Enterprise/DatasmithContent/Content/' was aborted.
[2019.01.29-22.25.22:457][ 20]LogDirectoryWatcher: A directory notification for '../../Plugins/Media/MediaCompositing/Content/' was aborted.
[2019.01.29-22.25.22:458][ 20]LogDirectoryWatcher: A directory notification for '../../Plugins/Runtime/AppleARKit/Content/' was aborted.
[2019.01.29-22.25.22:458][ 20]LogDirectoryWatcher: A directory notification for '../../Plugins/Runtime/Oculus/OculusVR/Content/' was aborted.
[2019.01.29-22.25.22:458][ 20]LogDirectoryWatcher: A directory notification for '../../Plugins/Runtime/Steam/SteamVR/Content/' was aborted.
[2019.01.29-22.25.22:627][ 20]LogExit: Object subsystem successfully closed.
[2019.01.29-22.25.22:668][ 20]LogShaderCompilers: Display: Shaders left to compile 0
[2019.01.29-22.25.22:673][ 20]LogD3D11RHI: Shutdown
[2019.01.29-22.25.22:673][ 20]LogD3D11RHI: CleanupD3DDevice
[2019.01.29-22.25.22:680][ 20]LogD3D11RHI: ~FD3D11DynamicRHI
[2019.01.29-22.25.22:759][ 20]LogModuleManager: Shutting down and abandoning module BlueprintGraph (580)
[2019.01.29-22.25.22:759][ 20]LogModuleManager: Shutting down and abandoning module ExternalImagePicker (578)
[2019.01.29-22.25.22:759][ 20]LogModuleManager: Shutting down and abandoning module HierarchicalLODOutliner (576)
[2019.01.29-22.25.22:759][ 20]LogModuleManager: Shutting down and abandoning module SceneOutliner (574)
[2019.01.29-22.25.22:759][ 20]LogModuleManager: Shutting down and abandoning module AddContentDialog (572)
[2019.01.29-22.25.22:760][ 20]LogDirectoryWatcher: A directory notification for 'C:/Program Files/Epic Games/UE_4.19/FeaturePacks/' was aborted.
[2019.01.29-22.25.22:771][ 20]LogModuleManager: Shutting down and abandoning module WidgetCarousel (571)
[2019.01.29-22.25.22:772][ 20]LogModuleManager: Shutting down and abandoning module EditorWidgets (568)
[2019.01.29-22.25.22:772][ 20]LogModuleManager: Shutting down and abandoning module CollectionManager (566)
[2019.01.29-22.25.22:772][ 20]LogDirectoryWatcher: A directory notification for 'C:/Uni_Stuff/Year3/S2/GameplayMechanics/_Coursework/CMP302_Coursework/CMP302_Coursework/Content/Collections/' was aborted.
[2019.01.29-22.25.22:772][ 20]LogDirectoryWatcher: A directory notification for 'C:/Uni_Stuff/Year3/S2/GameplayMechanics/_Coursework/CMP302_Coursework/CMP302_Coursework/Content/Developers/GavinGeorge/Collections/' was aborted.
[2019.01.29-22.25.22:772][ 20]LogDirectoryWatcher: A directory notification for 'C:/Uni_Stuff/Year3/S2/GameplayMechanics/_Coursework/CMP302_Coursework/CMP302_Coursework/Saved/Collections/' was aborted.
[2019.01.29-22.25.22:772][ 20]LogModuleManager: Shutting down and abandoning module HierarchicalLODUtilities (564)
[2019.01.29-22.25.22:773][ 20]LogModuleManager: Shutting down and abandoning module StatsViewer (562)
[2019.01.29-22.25.22:773][ 20]LogModuleManager: Shutting down and abandoning module FoliageEdit (560)
[2019.01.29-22.25.22:773][ 20]LogModuleManager: Shutting down and abandoning module LandscapeEditor (558)
[2019.01.29-22.25.22:773][ 20]LogModuleManager: Shutting down and abandoning module MeshPaintMode (556)
[2019.01.29-22.25.22:774][ 20]LogModuleManager: Shutting down and abandoning module SceneDepthPickerMode (554)
[2019.01.29-22.25.22:774][ 20]LogModuleManager: Shutting down and abandoning module ActorPickerMode (552)
[2019.01.29-22.25.22:774][ 20]LogModuleManager: Shutting down and abandoning module GeometryMode (550)
[2019.01.29-22.25.22:774][ 20]LogModuleManager: Shutting down and abandoning module TextureAlignMode (548)
[2019.01.29-22.25.22:774][ 20]LogModuleManager: Shutting down and abandoning module BspMode (546)
[2019.01.29-22.25.22:774][ 20]LogModuleManager: Shutting down and abandoning module PIEPreviewDeviceProfileSelector (544)
[2019.01.29-22.25.22:774][ 20]LogModuleManager: Shutting down and abandoning module HardwareSurvey (542)
[2019.01.29-22.25.22:774][ 20]LogModuleManager: Shutting down and abandoning module SequenceRecorderSections (540)
[2019.01.29-22.25.22:774][ 20]LogModuleManager: Shutting down and abandoning module AutomationWorker (538)
[2019.01.29-22.25.22:774][ 20]LogModuleManager: Shutting down and abandoning module AudioCaptureEditor (536)
[2019.01.29-22.25.22:774][ 20]LogModuleManager: Shutting down and abandoning module SequenceRecorder (535)
[2019.01.29-22.25.22:775][ 20]LogModuleManager: Shutting down and abandoning module MatineeToLevelSequence (532)
[2019.01.29-22.25.22:775][ 20]LogModuleManager: Shutting down and abandoning module LevelSequenceEditor (530)
[2019.01.29-22.25.22:777][ 20]LogModuleManager: Shutting down and abandoning module PlacementMode (529)
[2019.01.29-22.25.22:778][ 20]LogModuleManager: Shutting down and abandoning module MaterialEditor (528)
[2019.01.29-22.25.22:780][ 20]LogModuleManager: Shutting down and abandoning module WmfMediaFactory (524)
[2019.01.29-22.25.22:780][ 20]LogModuleManager: Shutting down and abandoning module WmfMediaEditor (522)
[2019.01.29-22.25.22:780][ 20]LogModuleManager: Shutting down and abandoning module MediaPlayerEditor (520)
[2019.01.29-22.25.22:782][ 20]LogModuleManager: Shutting down and abandoning module OpenExrWrapper (518)
[2019.01.29-22.25.22:782][ 20]LogModuleManager: Shutting down and abandoning module ImgMediaFactory (516)
[2019.01.29-22.25.22:782][ 20]LogModuleManager: Shutting down and abandoning module ImgMediaEditor (514)
[2019.01.29-22.25.22:782][ 20]LogModuleManager: Shutting down and abandoning module AvfMediaFactory (512)
[2019.01.29-22.25.22:782][ 20]LogModuleManager: Shutting down and abandoning module AvfMediaEditor (510)
[2019.01.29-22.25.22:782][ 20]LogModuleManager: Shutting down and abandoning module AndroidMediaFactory (508)
[2019.01.29-22.25.22:782][ 20]LogModuleManager: Shutting down and abandoning module AndroidMediaEditor (506)
[2019.01.29-22.25.22:782][ 20]LogModuleManager: Shutting down and abandoning module CharacterAI (504)
[2019.01.29-22.25.22:782][ 20]LogModuleManager: Shutting down and abandoning module SmartSnapping (502)
[2019.01.29-22.25.22:782][ 20]LogModuleManager: Shutting down and abandoning module SessionServices (500)
[2019.01.29-22.25.22:782][ 20]LogModuleManager: Shutting down and abandoning module ViewportSnapping (498)
[2019.01.29-22.25.22:782][ 20]LogModuleManager: Shutting down and abandoning module ViewportInteraction (496)
[2019.01.29-22.25.22:782][ 20]LogModuleManager: Shutting down and abandoning module ClothPainter (494)
[2019.01.29-22.25.22:783][ 20]LogModuleManager: Shutting down and abandoning module SkeletalMeshEditor (493)
[2019.01.29-22.25.22:785][ 20]LogModuleManager: Shutting down and abandoning module LogVisualizer (490)
[2019.01.29-22.25.22:786][ 20]LogModuleManager: Shutting down and abandoning module IntroTutorials (488)
[2019.01.29-22.25.22:787][ 20]LogModuleManager: Shutting down and abandoning module GameProjectGeneration (487)
[2019.01.29-22.25.22:789][ 20]LogModuleManager: Shutting down and abandoning module IOSPlatformEditor (484)
[2019.01.29-22.25.22:789][ 20]LogModuleManager: Shutting down and abandoning module HTML5PlatformEditor (482)
[2019.01.29-22.25.22:789][ 20]LogModuleManager: Shutting down and abandoning module AndroidPlatformEditor (480)
[2019.01.29-22.25.22:789][ 20]LogModuleManager: Shutting down and abandoning module AndroidDeviceDetection (479)
[2019.01.29-22.25.22:808][ 20]LogModuleManager: Shutting down and abandoning module WindowsPlatformEditor (476)
[2019.01.29-22.25.22:808][ 20]LogModuleManager: Shutting down and abandoning module IOSRuntimeSettings (474)
[2019.01.29-22.25.22:808][ 20]LogModuleManager: Shutting down and abandoning module AndroidRuntimeSettings (472)
[2019.01.29-22.25.22:808][ 20]LogModuleManager: Shutting down and abandoning module InputBindingEditor (470)
[2019.01.29-22.25.22:809][ 20]LogModuleManager: Shutting down and abandoning module MergeActors (468)
[2019.01.29-22.25.22:809][ 20]LogModuleManager: Shutting down and abandoning module LocalizationDashboard (466)
[2019.01.29-22.25.22:810][ 20]LogModuleManager: Shutting down and abandoning module LocalizationService (465)
[2019.01.29-22.25.22:810][ 20]LogModuleManager: Shutting down and abandoning module HardwareTargeting (462)
[2019.01.29-22.25.22:810][ 20]LogModuleManager: Shutting down and abandoning module DeviceProfileEditor (460)
[2019.01.29-22.25.22:811][ 20]LogModuleManager: Shutting down and abandoning module UndoHistory (458)
[2019.01.29-22.25.22:811][ 20]LogModuleManager: Shutting down and abandoning module XmlParser (456)
[2019.01.29-22.25.22:811][ 20]LogModuleManager: Shutting down and abandoning module Blutility (454)
[2019.01.29-22.25.22:811][ 20]LogModuleManager: Shutting down and abandoning module ProjectSettingsViewer (452)
[2019.01.29-22.25.22:811][ 20]LogModuleManager: Shutting down and abandoning module ProjectTargetPlatformEditor (451)
[2019.01.29-22.25.22:812][ 20]LogModuleManager: Shutting down and abandoning module EditorSettingsViewer (448)
[2019.01.29-22.25.22:812][ 20]LogModuleManager: Shutting down and abandoning module SettingsEditor (446)
[2019.01.29-22.25.22:812][ 20]LogModuleManager: Shutting down and abandoning module ProjectLauncher (444)
[2019.01.29-22.25.22:812][ 20]LogModuleManager: Shutting down and abandoning module SessionFrontend (442)
[2019.01.29-22.25.22:813][ 20]LogModuleManager: Shutting down and abandoning module ProfilerClient (440)
[2019.01.29-22.25.22:813][ 20]LogModuleManager: Shutting down and abandoning module DeviceManager (438)
[2019.01.29-22.25.22:813][ 20]LogModuleManager: Shutting down and abandoning module TargetDeviceServices (437)
[2019.01.29-22.25.22:868][ 20]LogModuleManager: Shutting down and abandoning module AutomationController (434)
[2019.01.29-22.25.22:869][ 20]LogModuleManager: Shutting down and abandoning module AutomationWindow (432)
[2019.01.29-22.25.22:870][ 20]LogModuleManager: Shutting down and abandoning module Layers (430)
[2019.01.29-22.25.22:872][ 20]LogModuleManager: Shutting down and abandoning module ComponentVisualizers (428)
[2019.01.29-22.25.22:872][ 20]LogModuleManager: Shutting down and abandoning module DetailCustomizations (426)
[2019.01.29-22.25.22:872][ 20]LogModuleManager: Shutting down and abandoning module PackagesDialog (424)
[2019.01.29-22.25.22:872][ 20]LogModuleManager: Shutting down and abandoning module Persona (422)
[2019.01.29-22.25.22:873][ 20]LogModuleManager: Shutting down and abandoning module AdvancedPreviewScene (421)
[2019.01.29-22.25.22:873][ 20]LogModuleManager: Shutting down and abandoning module AnimGraph (419)
[2019.01.29-22.25.22:873][ 20]LogModuleManager: Shutting down and abandoning module Kismet (416)
[2019.01.29-22.25.22:878][ 20]LogModuleManager: Shutting down and abandoning module GraphEditor (414)
[2019.01.29-22.25.22:878][ 20]LogModuleManager: Shutting down and abandoning module ClassViewer (412)
[2019.01.29-22.25.22:878][ 20]LogModuleManager: Shutting down and abandoning module Toolbox (410)
[2019.01.29-22.25.22:878][ 20]LogModuleManager: Shutting down and abandoning module ModuleUI (408)
[2019.01.29-22.25.22:878][ 20]LogModuleManager: Shutting down and abandoning module MovieSceneTools (406)
[2019.01.29-22.25.22:879][ 20]LogModuleManager: Shutting down and abandoning module OutputLog (404)
[2019.01.29-22.25.22:880][ 20]LogModuleManager: Shutting down and abandoning module GammaUI (402)
[2019.01.29-22.25.22:880][ 20]LogModuleManager: Shutting down and abandoning module Documentation (400)
[2019.01.29-22.25.22:880][ 20]LogModuleManager: Shutting down and abandoning module MovieSceneTracks (398)
[2019.01.29-22.25.22:880][ 20]LogModuleManager: Shutting down and abandoning module MovieScene (396)
[2019.01.29-22.25.22:880][ 20]LogModuleManager: Shutting down and abandoning module StreamingPauseRendering (394)
[2019.01.29-22.25.22:880][ 20]LogModuleManager: Shutting down and abandoning module LauncherPlatform (392)
[2019.01.29-22.25.22:880][ 20]LogModuleManager: Shutting down and abandoning module AnalyticsET (390)
[2019.01.29-22.25.22:880][ 20]LogModuleManager: Shutting down and abandoning module PortalServices (388)
[2019.01.29-22.25.22:880][ 20]LogModuleManager: Shutting down and abandoning module PortalRpc (386)
[2019.01.29-22.25.22:880][ 20]LogModuleManager: Shutting down and abandoning module MessagingRpc (384)
[2019.01.29-22.25.22:880][ 20]LogModuleManager: Shutting down and abandoning module AIModule (382)
[2019.01.29-22.25.22:880][ 20]LogModuleManager: Shutting down and abandoning module GameplayDebugger (381)
[2019.01.29-22.25.22:881][ 20]LogModuleManager: Shutting down and abandoning module AITestSuite (379)
[2019.01.29-22.25.22:881][ 20]LogModuleManager: Shutting down and abandoning module DesktopPlatform (376)
[2019.01.29-22.25.22:881][ 20]LogModuleManager: Shutting down and abandoning module ProfilerService (374)
[2019.01.29-22.25.23:025][ 20]LogModuleManager: Shutting down and abandoning module TaskGraph (372)
[2019.01.29-22.25.23:026][ 20]LogModuleManager: Shutting down and abandoning module SteamVRController (370)
[2019.01.29-22.25.23:026][ 20]LogModuleManager: Shutting down and abandoning module ProceduralMeshComponentEditor (368)
[2019.01.29-22.25.23:026][ 20]LogModuleManager: Shutting down and abandoning module ProceduralMeshComponent (366)
[2019.01.29-22.25.23:026][ 20]LogModuleManager: Shutting down and abandoning module OculusInput (364)
[2019.01.29-22.25.23:026][ 20]LogModuleManager: Shutting down and abandoning module MobilePatchingUtils (362)
[2019.01.29-22.25.23:026][ 20]LogModuleManager: Shutting down and abandoning module CustomMeshComponent (360)
[2019.01.29-22.25.23:026][ 20]LogModuleManager: Shutting down and abandoning module CableComponent (358)
[2019.01.29-22.25.23:027][ 20]LogModuleManager: Shutting down and abandoning module AudioCapture (356)
[2019.01.29-22.25.23:027][ 20]LogModuleManager: Shutting down and abandoning module ArchVisCharacter (354)
[2019.01.29-22.25.23:027][ 20]LogModuleManager: Shutting down and abandoning module AndroidPermission (352)
[2019.01.29-22.25.23:027][ 20]LogModuleManager: Shutting down and abandoning module NUTUnrealEngine4 (348)
[2019.01.29-22.25.23:027][ 20]LogModuleManager: Shutting down and abandoning module NetcodeUnitTest (346)
[2019.01.29-22.25.23:028][ 20]LogModuleManager: Shutting down and abandoning module MediaCompositingEditor (344)
[2019.01.29-22.25.23:028][ 20]LogModuleManager: Shutting down and abandoning module MediaCompositing (342)
[2019.01.29-22.25.23:028][ 20]LogModuleManager: Shutting down and abandoning module LinearTimecode (340)
[2019.01.29-22.25.23:028][ 20]LogModuleManager: Shutting down and abandoning module ImgMedia (338)
[2019.01.29-22.25.23:032][ 20]LogModuleManager: Shutting down and abandoning module HTML5Networking (336)
[2019.01.29-22.25.23:032][ 20]LogModuleManager: Shutting down and abandoning module AlembicImporter (334)
[2019.01.29-22.25.23:032][ 20]LogModuleManager: Shutting down and abandoning module AlembicLibrary (333)
[2019.01.29-22.25.23:032][ 20]LogModuleManager: Shutting down and abandoning module GeometryCache (332)
[2019.01.29-22.25.23:033][ 20]LogModuleManager: Shutting down and abandoning module GeometryCacheEd (331)
[2019.01.29-22.25.23:033][ 20]LogModuleManager: Shutting down and abandoning module DatasmithContent (326)
[2019.01.29-22.25.23:033][ 20]LogModuleManager: Shutting down and abandoning module SpeedTreeImporter (324)
[2019.01.29-22.25.23:033][ 20]LogModuleManager: Shutting down and abandoning module PluginBrowser (322)
[2019.01.29-22.25.23:034][ 20]LogModuleManager: Shutting down and abandoning module MobileLauncherProfileWizard (320)
[2019.01.29-22.25.23:035][ 20]LogModuleManager: Shutting down and abandoning module CryptoKeysOpenSSL (318)
[2019.01.29-22.25.23:035][ 20]LogModuleManager: Shutting down and abandoning module CryptoKeys (316)
[2019.01.29-22.25.23:035][ 20]LogModuleManager: Shutting down and abandoning module VisualStudioSourceCodeAccess (314)
[2019.01.29-22.25.23:035][ 20]LogModuleManager: Shutting down and abandoning module VisualStudioCodeSourceCodeAccess (312)
[2019.01.29-22.25.23:035][ 20]LogModuleManager: Shutting down and abandoning module UObjectPlugin (310)
[2019.01.29-22.25.23:035][ 20]LogModuleManager: Shutting down and abandoning module SubversionSourceControl (308)
[2019.01.29-22.25.23:036][ 20]LogModuleManager: Shutting down and abandoning module PerforceSourceControl (306)
[2019.01.29-22.25.23:037][ 20]LogModuleManager: Shutting down and abandoning module GitSourceControl (304)
[2019.01.29-22.25.23:038][ 20]LogModuleManager: Shutting down and abandoning module SourceControl (303)
[2019.01.29-22.25.23:038][ 20]LogModuleManager: Shutting down and abandoning module CLionSourceCodeAccess (300)
[2019.01.29-22.25.23:039][ 20]LogModuleManager: Shutting down and abandoning module LightPropagationVolumeEditor (298)
[2019.01.29-22.25.23:039][ 20]LogModuleManager: Shutting down and abandoning module PaperTiledImporter (296)
[2019.01.29-22.25.23:039][ 20]LogModuleManager: Shutting down and abandoning module PaperSpriteSheetImporter (294)
[2019.01.29-22.25.23:039][ 20]LogModuleManager: Shutting down and abandoning module Paper2DEditor (292)
[2019.01.29-22.25.23:039][ 20]LogModuleManager: Shutting down and abandoning module MeshPaint (291)
[2019.01.29-22.25.23:040][ 20]LogModuleManager: Shutting down and abandoning module RuntimePhysXCooking (288)
[2019.01.29-22.25.23:040][ 20]LogModuleManager: Shutting down and abandoning module PhysXVehiclesEditor (286)
[2019.01.29-22.25.23:040][ 20]LogModuleManager: Shutting down and abandoning module PhysXVehicles (284)
[2019.01.29-22.25.23:040][ 20]LogModuleManager: Shutting down and abandoning module OculusEditor (282)
[2019.01.29-22.25.23:040][ 20]LogModuleManager: Shutting down and abandoning module LocationServicesBPLibrary (280)
[2019.01.29-22.25.23:040][ 20]LogModuleManager: Shutting down and abandoning module ImmediatePhysicsEditor (278)
[2019.01.29-22.25.23:040][ 20]LogModuleManager: Shutting down and abandoning module ImmediatePhysics (276)
[2019.01.29-22.25.23:040][ 20]LogModuleManager: Shutting down and abandoning module ActorSequence (274)
[2019.01.29-22.25.23:040][ 20]LogModuleManager: Shutting down and abandoning module UdpMessaging (272)
[2019.01.29-22.25.23:141][ 20]LogModuleManager: Shutting down and abandoning module TcpMessaging (270)
[2019.01.29-22.25.23:242][ 20]LogModuleManager: Shutting down and abandoning module GameplayTagsEditor (268)
[2019.01.29-22.25.23:242][ 20]LogModuleManager: Shutting down and abandoning module FacialAnimationEditor (266)
[2019.01.29-22.25.23:242][ 20]LogModuleManager: Shutting down and abandoning module FacialAnimation (264)
[2019.01.29-22.25.23:242][ 20]LogModuleManager: Shutting down and abandoning module DataValidation (262)
[2019.01.29-22.25.23:242][ 20]LogModuleManager: Shutting down and abandoning module AssetManagerEditor (260)
[2019.01.29-22.25.23:243][ 20]LogModuleManager: Shutting down and abandoning module LevelEditor (259)
[2019.01.29-22.25.23:245][ 20]LogModuleManager: Shutting down and abandoning module PixelInspectorModule (258)
[2019.01.29-22.25.23:245][ 20]LogModuleManager: Shutting down and abandoning module CommonMenuExtensions (256)
[2019.01.29-22.25.23:245][ 20]LogModuleManager: Shutting down and abandoning module MainFrame (254)
[2019.01.29-22.25.23:245][ 20]LogModuleManager: Shutting down and abandoning module HotReload (253)
[2019.01.29-22.25.23:246][ 20]LogModuleManager: Shutting down and abandoning module ContentBrowser (249)
[2019.01.29-22.25.23:249][ 20]LogModuleManager: Shutting down and abandoning module TreeMap (247)
[2019.01.29-22.25.23:250][ 20]LogModuleManager: Shutting down and abandoning module LightPropagationVolumeRuntime (244)
[2019.01.29-22.25.23:250][ 20]LogModuleManager: Shutting down and abandoning module LiveLinkEditor (242)
[2019.01.29-22.25.23:251][ 20]LogModuleManager: Shutting down and abandoning module LiveLink (240)
[2019.01.29-22.25.23:476][ 20]LogModuleManager: Shutting down and abandoning module Paper2D (238)
[2019.01.29-22.25.23:477][ 20]LogModuleManager: Shutting down and abandoning module WindowsMoviePlayer (236)
[2019.01.29-22.25.23:477][ 20]LogModuleManager: Shutting down and abandoning module WmfMedia (234)
[2019.01.29-22.25.23:479][ 20]LogModuleManager: Shutting down and abandoning module Media (233)
[2019.01.29-22.25.23:485][ 20]LogModuleManager: Shutting down and abandoning module PacketHandler (230)
[2019.01.29-22.25.23:485][ 20]LogModuleManager: Shutting down and abandoning module ClothingSystemEditor (228)
[2019.01.29-22.25.23:485][ 20]LogModuleManager: Shutting down and abandoning module ClothingSystemRuntime (226)
[2019.01.29-22.25.23:486][ 20]LogModuleManager: Shutting down and abandoning module MediaAssets (224)
[2019.01.29-22.25.23:486][ 20]LogModuleManager: Shutting down and abandoning module Overlay (222)
[2019.01.29-22.25.23:486][ 20]LogModuleManager: Shutting down and abandoning module OverlayEditor (221)
[2019.01.29-22.25.23:486][ 20]LogModuleManager: Shutting down and abandoning module VREditor (218)
[2019.01.29-22.25.23:487][ 20]LogModuleManager: Shutting down and abandoning module StringTableEditor (216)
[2019.01.29-22.25.23:487][ 20]LogModuleManager: Shutting down and abandoning module GameplayTasksEditor (214)
[2019.01.29-22.25.23:487][ 20]LogModuleManager: Shutting down and abandoning module BehaviorTreeEditor (212)
[2019.01.29-22.25.23:489][ 20]LogModuleManager: Shutting down and abandoning module FunctionalTesting (210)
[2019.01.29-22.25.23:489][ 20]LogModuleManager: Shutting down and abandoning module CollisionAnalyzer (208)
[2019.01.29-22.25.23:490][ 20]LogModuleManager: Shutting down and abandoning module WorkspaceMenuStructure (207)
[2019.01.29-22.25.23:490][ 20]LogModuleManager: Shutting down and abandoning module UMG (204)
[2019.01.29-22.25.23:491][ 20]LogModuleManager: Shutting down and abandoning module UMGEditor (203)
[2019.01.29-22.25.23:492][ 20]LogModuleManager: Shutting down and abandoning module Sequencer (202)
[2019.01.29-22.25.23:493][ 20]LogModuleManager: Shutting down and abandoning module MessageLog (199)
[2019.01.29-22.25.23:493][ 20]LogModuleManager: Shutting down and abandoning module SlateReflector (194)
[2019.01.29-22.25.23:495][ 20]LogModuleManager: Shutting down and abandoning module Slate (192)
[2019.01.29-22.25.23:495][ 20]LogModuleManager: Shutting down and abandoning module EditorStyle (190)
[2019.01.29-22.25.23:498][ 20]LogModuleManager: Shutting down and abandoning module MRMesh (188)
[2019.01.29-22.25.23:498][ 20]LogModuleManager: Shutting down and abandoning module SourceCodeAccess (186)
[2019.01.29-22.25.23:498][ 20]LogModuleManager: Shutting down and abandoning module HeadMountedDisplay (184)
[2019.01.29-22.25.23:498][ 20]LogModuleManager: Shutting down and abandoning module XAudio2 (182)
[2019.01.29-22.25.23:498][ 20]LogModuleManager: Shutting down and abandoning module Networking (180)
[2019.01.29-22.25.23:498][ 20]LogModuleManager: Shutting down and abandoning module Core (178)
[2019.01.29-22.25.23:498][ 20]LogModuleManager: Shutting down and abandoning module LevelSequence (176)
[2019.01.29-22.25.23:498][ 20]LogModuleManager: Shutting down and abandoning module KismetCompiler (174)
[2019.01.29-22.25.23:498][ 20]LogModuleManager: Shutting down and abandoning module MeshUtilities (172)
[2019.01.29-22.25.23:499][ 20]LogModuleManager: Shutting down and abandoning module MeshMergeUtilities (171)
[2019.01.29-22.25.23:499][ 20]LogModuleManager: Shutting down and abandoning module MeshReductionInterface (170)
[2019.01.29-22.25.23:499][ 20]LogModuleManager: Shutting down and abandoning module SimplygonSwarm (169)
[2019.01.29-22.25.23:499][ 20]LogModuleManager: Shutting down and abandoning module SimplygonMeshReduction (167)
[2019.01.29-22.25.23:500][ 20]LogModuleManager: Shutting down and abandoning module QuadricMeshReduction (165)
[2019.01.29-22.25.23:500][ 20]LogModuleManager: Shutting down and abandoning module MaterialBaking (161)
[2019.01.29-22.25.23:500][ 20]LogModuleManager: Shutting down and abandoning module DirectoryWatcher (157)
[2019.01.29-22.25.23:511][ 20]LogModuleManager: Shutting down and abandoning module DerivedDataCache (154)
[2019.01.29-22.25.23:611][ 20]LogDerivedDataCache: Shutdown
[2019.01.29-22.25.23:611][ 20]LogModuleManager: Shutting down and abandoning module XGEController (152)
[2019.01.29-22.25.23:612][ 20]LogModuleManager: Shutting down and abandoning module TargetPlatform (150)
[2019.01.29-22.25.23:612][ 20]LogModuleManager: Shutting down and abandoning module VulkanShaderFormat (149)
[2019.01.29-22.25.23:613][ 20]LogModuleManager: Shutting down and abandoning module ShaderFormatVectorVM (147)
[2019.01.29-22.25.23:613][ 20]LogModuleManager: Shutting down and abandoning module ShaderFormatOpenGL (145)
[2019.01.29-22.25.23:613][ 20]LogModuleManager: Shutting down and abandoning module ShaderFormatD3D (143)
[2019.01.29-22.25.23:614][ 20]LogModuleManager: Shutting down and abandoning module MetalShaderFormat (141)
[2019.01.29-22.25.23:614][ 20]LogModuleManager: Shutting down and abandoning module TextureFormatUncompressed (139)
[2019.01.29-22.25.23:614][ 20]LogModuleManager: Shutting down and abandoning module TextureFormatPVR (137)
[2019.01.29-22.25.23:614][ 20]LogModuleManager: Shutting down and abandoning module TextureFormatDXT (135)
[2019.01.29-22.25.23:615][ 20]LogModuleManager: Shutting down and abandoning module TextureFormatIntelISPCTexComp (133)
[2019.01.29-22.25.23:615][ 20]LogModuleManager: Shutting down and abandoning module TextureFormatASTC (131)
[2019.01.29-22.25.23:615][ 20]LogModuleManager: Shutting down and abandoning module ImageWrapper (130)
[2019.01.29-22.25.23:615][ 20]LogModuleManager: Shutting down and abandoning module TextureFormatAndroid (127)
[2019.01.29-22.25.23:615][ 20]LogModuleManager: Shutting down and abandoning module AudioFormatOpus (125)
[2019.01.29-22.25.23:615][ 20]LogModuleManager: Shutting down and abandoning module AudioFormatOgg (123)
[2019.01.29-22.25.23:615][ 20]LogModuleManager: Shutting down and abandoning module AudioFormatADPCM (121)
[2019.01.29-22.25.23:615][ 20]LogModuleManager: Shutting down and abandoning module LinuxTargetPlatform (119)
[2019.01.29-22.25.23:615][ 20]LogModuleManager: Shutting down and abandoning module LinuxServerTargetPlatform (117)
[2019.01.29-22.25.23:615][ 20]LogModuleManager: Shutting down and abandoning module LinuxNoEditorTargetPlatform (115)
[2019.01.29-22.25.23:615][ 20]LogModuleManager: Shutting down and abandoning module LinuxClientTargetPlatform (113)
[2019.01.29-22.25.23:615][ 20]LogModuleManager: Shutting down and abandoning module TVOSTargetPlatform (111)
[2019.01.29-22.25.23:615][ 20]LogModuleManager: Shutting down and abandoning module Messaging (109)
[2019.01.29-22.25.23:615][ 20]LogModuleManager: Shutting down and abandoning module IOSTargetPlatform (107)
[2019.01.29-22.25.23:615][ 20]LogModuleManager: Shutting down and abandoning module HTML5TargetPlatform (105)
[2019.01.29-22.25.23:615][ 20]LogModuleManager: Shutting down and abandoning module AndroidTargetPlatform (103)
[2019.01.29-22.25.23:615][ 20]LogModuleManager: Shutting down and abandoning module Android_PVRTCTargetPlatform (101)
[2019.01.29-22.25.23:615][ 20]LogModuleManager: Shutting down and abandoning module Android_MultiTargetPlatform (99)
[2019.01.29-22.25.23:615][ 20]LogModuleManager: Shutting down and abandoning module Android_ETC2TargetPlatform (97)
[2019.01.29-22.25.23:615][ 20]LogModuleManager: Shutting down and abandoning module Android_ETC1TargetPlatform (95)
[2019.01.29-22.25.23:615][ 20]LogModuleManager: Shutting down and abandoning module Android_ETC1aTargetPlatform (93)
[2019.01.29-22.25.23:616][ 20]LogModuleManager: Shutting down and abandoning module Android_DXTTargetPlatform (91)
[2019.01.29-22.25.23:616][ 20]LogModuleManager: Shutting down and abandoning module Android_ATCTargetPlatform (89)
[2019.01.29-22.25.23:616][ 20]LogModuleManager: Shutting down and abandoning module Android_ASTCTargetPlatform (87)
[2019.01.29-22.25.23:616][ 20]LogModuleManager: Shutting down and abandoning module WindowsTargetPlatform (85)
[2019.01.29-22.25.23:616][ 20]LogModuleManager: Shutting down and abandoning module WindowsServerTargetPlatform (83)
[2019.01.29-22.25.23:616][ 20]LogModuleManager: Shutting down and abandoning module WindowsNoEditorTargetPlatform (81)
[2019.01.29-22.25.23:616][ 20]LogModuleManager: Shutting down and abandoning module WindowsClientTargetPlatform (79)
[2019.01.29-22.25.23:616][ 20]LogModuleManager: Shutting down and abandoning module MacTargetPlatform (77)
[2019.01.29-22.25.23:616][ 20]LogModuleManager: Shutting down and abandoning module MacServerTargetPlatform (75)
[2019.01.29-22.25.23:616][ 20]LogModuleManager: Shutting down and abandoning module MacNoEditorTargetPlatform (73)
[2019.01.29-22.25.23:616][ 20]LogModuleManager: Shutting down and abandoning module MacClientTargetPlatform (71)
[2019.01.29-22.25.23:616][ 20]LogModuleManager: Shutting down and abandoning module AllDesktopTargetPlatform (69)
[2019.01.29-22.25.23:616][ 20]LogModuleManager: Shutting down and abandoning module InputCore (66)
[2019.01.29-22.25.23:616][ 20]LogModuleManager: Shutting down and abandoning module Settings (64)
[2019.01.29-22.25.23:616][ 20]LogModuleManager: Shutting down and abandoning module PhysXCooking (62)
[2019.01.29-22.25.23:616][ 20]LogModuleManager: Shutting down and abandoning module SteamVR (60)
[2019.01.29-22.25.23:616][ 20]LogModuleManager: Shutting down and abandoning module OculusHMD (58)
[2019.01.29-22.25.23:616][ 20]LogModuleManager: Shutting down and abandoning module ExampleDeviceProfileSelector (56)
[2019.01.29-22.25.23:616][ 20]LogModuleManager: Shutting down and abandoning module AppleARKit (54)
[2019.01.29-22.25.23:616][ 20]LogModuleManager: Shutting down and abandoning module AugmentedReality (51)
[2019.01.29-22.25.23:616][ 20]LogModuleManager: Shutting down and abandoning module OnlineBlueprintSupport (48)
[2019.01.29-22.25.23:616][ 20]LogModuleManager: Shutting down and abandoning module OnlineSubsystem (44)
[2019.01.29-22.25.23:618][ 20]LogModuleManager: Shutting down and abandoning module XMPP (43)
[2019.01.29-22.25.23:619][ 20]LogModuleManager: Shutting down and abandoning module HTTP (41)
[2019.01.29-22.25.23:619][ 20]LogHttp: Display: Http module shutting down, but needs to wait on 1 outstanding Http requests:
[2019.01.29-22.25.23:619][ 20]LogHttp: Display: 	verb=[POST] url=[https://datarouter.ol.epicgames.com/datarouter/api/v1/public/data?SessionID=%7B23B3E1DE-4FB0-9FB7-6DEB-ECB3DFC0257F%7D&AppID=UEEditor.Rocket.Release&AppVersion=4.19.2-4033788%2B%2B%2BUE4%2BRelease-4.19&UserID=e694a1c54d3866293e18a9929618bc80%7C9246de1311d945dbb853968dcdaa98ea%7C71e33caa-2bd3-4ae8-aea8-f375e8e28373&AppEnvironment=datacollector-binary&UploadType=eteventstream] status=Processing
[2019.01.29-22.25.23:621][ 20]LogModuleManager: Shutting down and abandoning module SSL (40)
[2019.01.29-22.25.23:624][ 20]LogModuleManager: Shutting down and abandoning module AnimationModifiers (36)
[2019.01.29-22.25.23:625][ 20]LogModuleManager: Shutting down and abandoning module PropertyEditor (35)
[2019.01.29-22.25.23:625][ 20]LogModuleManager: Shutting down and abandoning module AudioEditor (32)
[2019.01.29-22.25.23:627][ 20]LogModuleManager: Shutting down and abandoning module TextureCompressor (30)
[2019.01.29-22.25.23:629][ 20]LogModuleManager: Shutting down and abandoning module ShaderCore (28)
[2019.01.29-22.25.23:629][ 20]LogModuleManager: Shutting down and abandoning module Landscape (26)
[2019.01.29-22.25.23:629][ 20]LogModuleManager: Shutting down and abandoning module SlateRHIRenderer (24)
[2019.01.29-22.25.23:633][ 20]LogModuleManager: Shutting down and abandoning module OpenGLDrv (22)
[2019.01.29-22.25.23:634][ 20]LogModuleManager: Shutting down and abandoning module D3D11RHI (20)
[2019.01.29-22.25.23:634][ 20]LogModuleManager: Shutting down and abandoning module AnimGraphRuntime (18)
[2019.01.29-22.25.23:634][ 20]LogModuleManager: Shutting down and abandoning module Renderer (16)
[2019.01.29-22.25.23:634][ 20]LogModuleManager: Shutting down and abandoning module Engine (14)
[2019.01.29-22.25.23:634][ 20]LogModuleManager: Shutting down and abandoning module CoreUObject (12)
[2019.01.29-22.25.23:634][ 20]LogModuleManager: Shutting down and abandoning module NetworkFile (10)
[2019.01.29-22.25.23:634][ 20]LogModuleManager: Shutting down and abandoning module CookedIterativeFile (8)
[2019.01.29-22.25.23:635][ 20]LogModuleManager: Shutting down and abandoning module StreamingFile (6)
[2019.01.29-22.25.23:635][ 20]LogModuleManager: Shutting down and abandoning module SandboxFile (4)
[2019.01.29-22.25.23:635][ 20]LogModuleManager: Shutting down and abandoning module PakFile (2)
[2019.01.29-22.25.23:639][ 20]LogExit: Exiting.
[2019.01.29-22.25.23:660][ 20]Log file closed, 01/29/19 22:25:23
